<?xml version="1.0" encoding="UTF-8"?>
<testsuite xmlns:xsi="http://www.w3.org/2001/XMLSchema-instance" xsi:noNamespaceSchemaLocation="https://maven.apache.org/surefire/maven-surefire-plugin/xsd/surefire-test-report-3.0.xsd" version="3.0" name="com.example.atenciones_medicas.AtencionesMedicasApplicationTests" time="10.775" tests="1" errors="0" skipped="0" failures="0">
  <properties>
    <property name="java.specification.version" value="21"/>
    <property name="sun.cpu.isalist" value="amd64"/>
    <property name="sun.jnu.encoding" value="Cp1252"/>
    <property name="java.class.path" value="C:\Users\JavierLopez\Desktop\DesarrolloDuocUC\atenciones_medicas\target\test-classes;C:\Users\JavierLopez\Desktop\DesarrolloDuocUC\atenciones_medicas\target\classes;C:\Users\JavierLopez\.m2\repository\org\springframework\boot\spring-boot-starter-data-jpa\3.2.5\spring-boot-starter-data-jpa-3.2.5.jar;C:\Users\JavierLopez\.m2\repository\org\springframework\boot\spring-boot-starter-aop\3.2.5\spring-boot-starter-aop-3.2.5.jar;C:\Users\JavierLopez\.m2\repository\org\springframework\spring-aop\6.1.6\spring-aop-6.1.6.jar;C:\Users\JavierLopez\.m2\repository\org\aspectj\aspectjweaver\1.9.22\aspectjweaver-1.9.22.jar;C:\Users\JavierLopez\.m2\repository\org\springframework\boot\spring-boot-starter-jdbc\3.2.5\spring-boot-starter-jdbc-3.2.5.jar;C:\Users\JavierLopez\.m2\repository\com\zaxxer\HikariCP\5.0.1\HikariCP-5.0.1.jar;C:\Users\JavierLopez\.m2\repository\org\springframework\spring-jdbc\6.1.6\spring-jdbc-6.1.6.jar;C:\Users\JavierLopez\.m2\repository\org\hibernate\orm\hibernate-core\6.4.4.Final\hibernate-core-6.4.4.Final.jar;C:\Users\JavierLopez\.m2\repository\jakarta\persistence\jakarta.persistence-api\3.1.0\jakarta.persistence-api-3.1.0.jar;C:\Users\JavierLopez\.m2\repository\jakarta\transaction\jakarta.transaction-api\2.0.1\jakarta.transaction-api-2.0.1.jar;C:\Users\JavierLopez\.m2\repository\org\jboss\logging\jboss-logging\3.5.3.Final\jboss-logging-3.5.3.Final.jar;C:\Users\JavierLopez\.m2\repository\org\hibernate\common\hibernate-commons-annotations\6.0.6.Final\hibernate-commons-annotations-6.0.6.Final.jar;C:\Users\JavierLopez\.m2\repository\io\smallrye\jandex\3.1.2\jandex-3.1.2.jar;C:\Users\JavierLopez\.m2\repository\com\fasterxml\classmate\1.6.0\classmate-1.6.0.jar;C:\Users\JavierLopez\.m2\repository\org\glassfish\jaxb\jaxb-runtime\4.0.5\jaxb-runtime-4.0.5.jar;C:\Users\JavierLopez\.m2\repository\org\glassfish\jaxb\jaxb-core\4.0.5\jaxb-core-4.0.5.jar;C:\Users\JavierLopez\.m2\repository\org\eclipse\angus\angus-activation\2.0.2\angus-activation-2.0.2.jar;C:\Users\JavierLopez\.m2\repository\org\glassfish\jaxb\txw2\4.0.5\txw2-4.0.5.jar;C:\Users\JavierLopez\.m2\repository\com\sun\istack\istack-commons-runtime\4.1.2\istack-commons-runtime-4.1.2.jar;C:\Users\JavierLopez\.m2\repository\jakarta\inject\jakarta.inject-api\2.0.1\jakarta.inject-api-2.0.1.jar;C:\Users\JavierLopez\.m2\repository\org\antlr\antlr4-runtime\4.13.0\antlr4-runtime-4.13.0.jar;C:\Users\JavierLopez\.m2\repository\org\springframework\data\spring-data-jpa\3.2.5\spring-data-jpa-3.2.5.jar;C:\Users\JavierLopez\.m2\repository\org\springframework\data\spring-data-commons\3.2.5\spring-data-commons-3.2.5.jar;C:\Users\JavierLopez\.m2\repository\org\springframework\spring-orm\6.1.6\spring-orm-6.1.6.jar;C:\Users\JavierLopez\.m2\repository\org\springframework\spring-context\6.1.6\spring-context-6.1.6.jar;C:\Users\JavierLopez\.m2\repository\org\springframework\spring-tx\6.1.6\spring-tx-6.1.6.jar;C:\Users\JavierLopez\.m2\repository\org\springframework\spring-beans\6.1.6\spring-beans-6.1.6.jar;C:\Users\JavierLopez\.m2\repository\jakarta\annotation\jakarta.annotation-api\2.1.1\jakarta.annotation-api-2.1.1.jar;C:\Users\JavierLopez\.m2\repository\org\slf4j\slf4j-api\2.0.13\slf4j-api-2.0.13.jar;C:\Users\JavierLopez\.m2\repository\org\springframework\spring-aspects\6.1.6\spring-aspects-6.1.6.jar;C:\Users\JavierLopez\.m2\repository\org\springframework\boot\spring-boot-starter-web\3.2.5\spring-boot-starter-web-3.2.5.jar;C:\Users\JavierLopez\.m2\repository\org\springframework\boot\spring-boot-starter\3.2.5\spring-boot-starter-3.2.5.jar;C:\Users\JavierLopez\.m2\repository\org\springframework\boot\spring-boot-starter-logging\3.2.5\spring-boot-starter-logging-3.2.5.jar;C:\Users\JavierLopez\.m2\repository\ch\qos\logback\logback-classic\1.4.14\logback-classic-1.4.14.jar;C:\Users\JavierLopez\.m2\repository\ch\qos\logback\logback-core\1.4.14\logback-core-1.4.14.jar;C:\Users\JavierLopez\.m2\repository\org\apache\logging\log4j\log4j-to-slf4j\2.21.1\log4j-to-slf4j-2.21.1.jar;C:\Users\JavierLopez\.m2\repository\org\apache\logging\log4j\log4j-api\2.21.1\log4j-api-2.21.1.jar;C:\Users\JavierLopez\.m2\repository\org\slf4j\jul-to-slf4j\2.0.13\jul-to-slf4j-2.0.13.jar;C:\Users\JavierLopez\.m2\repository\org\yaml\snakeyaml\2.2\snakeyaml-2.2.jar;C:\Users\JavierLopez\.m2\repository\org\springframework\boot\spring-boot-starter-json\3.2.5\spring-boot-starter-json-3.2.5.jar;C:\Users\JavierLopez\.m2\repository\com\fasterxml\jackson\core\jackson-databind\2.15.4\jackson-databind-2.15.4.jar;C:\Users\JavierLopez\.m2\repository\com\fasterxml\jackson\core\jackson-annotations\2.15.4\jackson-annotations-2.15.4.jar;C:\Users\JavierLopez\.m2\repository\com\fasterxml\jackson\core\jackson-core\2.15.4\jackson-core-2.15.4.jar;C:\Users\JavierLopez\.m2\repository\com\fasterxml\jackson\datatype\jackson-datatype-jdk8\2.15.4\jackson-datatype-jdk8-2.15.4.jar;C:\Users\JavierLopez\.m2\repository\com\fasterxml\jackson\datatype\jackson-datatype-jsr310\2.15.4\jackson-datatype-jsr310-2.15.4.jar;C:\Users\JavierLopez\.m2\repository\com\fasterxml\jackson\module\jackson-module-parameter-names\2.15.4\jackson-module-parameter-names-2.15.4.jar;C:\Users\JavierLopez\.m2\repository\org\springframework\boot\spring-boot-starter-tomcat\3.2.5\spring-boot-starter-tomcat-3.2.5.jar;C:\Users\JavierLopez\.m2\repository\org\apache\tomcat\embed\tomcat-embed-core\10.1.20\tomcat-embed-core-10.1.20.jar;C:\Users\JavierLopez\.m2\repository\org\apache\tomcat\embed\tomcat-embed-websocket\10.1.20\tomcat-embed-websocket-10.1.20.jar;C:\Users\JavierLopez\.m2\repository\org\springframework\spring-web\6.1.6\spring-web-6.1.6.jar;C:\Users\JavierLopez\.m2\repository\io\micrometer\micrometer-observation\1.12.5\micrometer-observation-1.12.5.jar;C:\Users\JavierLopez\.m2\repository\io\micrometer\micrometer-commons\1.12.5\micrometer-commons-1.12.5.jar;C:\Users\JavierLopez\.m2\repository\org\springframework\spring-webmvc\6.1.6\spring-webmvc-6.1.6.jar;C:\Users\JavierLopez\.m2\repository\org\springframework\spring-expression\6.1.6\spring-expression-6.1.6.jar;C:\Users\JavierLopez\.m2\repository\org\springframework\boot\spring-boot-devtools\3.2.5\spring-boot-devtools-3.2.5.jar;C:\Users\JavierLopez\.m2\repository\org\springframework\boot\spring-boot\3.2.5\spring-boot-3.2.5.jar;C:\Users\JavierLopez\.m2\repository\org\springframework\boot\spring-boot-autoconfigure\3.2.5\spring-boot-autoconfigure-3.2.5.jar;C:\Users\JavierLopez\.m2\repository\com\oracle\database\jdbc\ojdbc11\21.9.0.0\ojdbc11-21.9.0.0.jar;C:\Users\JavierLopez\.m2\repository\org\projectlombok\lombok\1.18.32\lombok-1.18.32.jar;C:\Users\JavierLopez\.m2\repository\org\springframework\boot\spring-boot-starter-test\3.2.5\spring-boot-starter-test-3.2.5.jar;C:\Users\JavierLopez\.m2\repository\org\springframework\boot\spring-boot-test\3.2.5\spring-boot-test-3.2.5.jar;C:\Users\JavierLopez\.m2\repository\org\springframework\boot\spring-boot-test-autoconfigure\3.2.5\spring-boot-test-autoconfigure-3.2.5.jar;C:\Users\JavierLopez\.m2\repository\com\jayway\jsonpath\json-path\2.9.0\json-path-2.9.0.jar;C:\Users\JavierLopez\.m2\repository\jakarta\xml\bind\jakarta.xml.bind-api\4.0.2\jakarta.xml.bind-api-4.0.2.jar;C:\Users\JavierLopez\.m2\repository\jakarta\activation\jakarta.activation-api\2.1.3\jakarta.activation-api-2.1.3.jar;C:\Users\JavierLopez\.m2\repository\net\minidev\json-smart\2.5.1\json-smart-2.5.1.jar;C:\Users\JavierLopez\.m2\repository\net\minidev\accessors-smart\2.5.1\accessors-smart-2.5.1.jar;C:\Users\JavierLopez\.m2\repository\org\ow2\asm\asm\9.6\asm-9.6.jar;C:\Users\JavierLopez\.m2\repository\org\assertj\assertj-core\3.24.2\assertj-core-3.24.2.jar;C:\Users\JavierLopez\.m2\repository\org\awaitility\awaitility\4.2.1\awaitility-4.2.1.jar;C:\Users\JavierLopez\.m2\repository\org\hamcrest\hamcrest\2.2\hamcrest-2.2.jar;C:\Users\JavierLopez\.m2\repository\org\junit\jupiter\junit-jupiter\5.10.2\junit-jupiter-5.10.2.jar;C:\Users\JavierLopez\.m2\repository\org\junit\jupiter\junit-jupiter-api\5.10.2\junit-jupiter-api-5.10.2.jar;C:\Users\JavierLopez\.m2\repository\org\opentest4j\opentest4j\1.3.0\opentest4j-1.3.0.jar;C:\Users\JavierLopez\.m2\repository\org\junit\platform\junit-platform-commons\1.10.2\junit-platform-commons-1.10.2.jar;C:\Users\JavierLopez\.m2\repository\org\apiguardian\apiguardian-api\1.1.2\apiguardian-api-1.1.2.jar;C:\Users\JavierLopez\.m2\repository\org\junit\jupiter\junit-jupiter-params\5.10.2\junit-jupiter-params-5.10.2.jar;C:\Users\JavierLopez\.m2\repository\org\junit\jupiter\junit-jupiter-engine\5.10.2\junit-jupiter-engine-5.10.2.jar;C:\Users\JavierLopez\.m2\repository\org\junit\platform\junit-platform-engine\1.10.2\junit-platform-engine-1.10.2.jar;C:\Users\JavierLopez\.m2\repository\org\mockito\mockito-junit-jupiter\5.7.0\mockito-junit-jupiter-5.7.0.jar;C:\Users\JavierLopez\.m2\repository\org\skyscreamer\jsonassert\1.5.1\jsonassert-1.5.1.jar;C:\Users\JavierLopez\.m2\repository\com\vaadin\external\google\android-json\0.0.20131108.vaadin1\android-json-0.0.20131108.vaadin1.jar;C:\Users\JavierLopez\.m2\repository\org\springframework\spring-core\6.1.6\spring-core-6.1.6.jar;C:\Users\JavierLopez\.m2\repository\org\springframework\spring-jcl\6.1.6\spring-jcl-6.1.6.jar;C:\Users\JavierLopez\.m2\repository\org\springframework\spring-test\6.1.6\spring-test-6.1.6.jar;C:\Users\JavierLopez\.m2\repository\org\xmlunit\xmlunit-core\2.9.1\xmlunit-core-2.9.1.jar;C:\Users\JavierLopez\.m2\repository\com\oracle\database\security\oraclepki\21.5.0.0\oraclepki-21.5.0.0.jar;C:\Users\JavierLopez\.m2\repository\com\oracle\database\security\osdt_cert\21.5.0.0\osdt_cert-21.5.0.0.jar;C:\Users\JavierLopez\.m2\repository\com\oracle\database\security\osdt_core\21.5.0.0\osdt_core-21.5.0.0.jar;C:\Users\JavierLopez\.m2\repository\junit\junit\4.12\junit-4.12.jar;C:\Users\JavierLopez\.m2\repository\org\hamcrest\hamcrest-core\2.2\hamcrest-core-2.2.jar;C:\Users\JavierLopez\.m2\repository\org\mockito\mockito-core\3.11.2\mockito-core-3.11.2.jar;C:\Users\JavierLopez\.m2\repository\net\bytebuddy\byte-buddy\1.14.13\byte-buddy-1.14.13.jar;C:\Users\JavierLopez\.m2\repository\net\bytebuddy\byte-buddy-agent\1.14.13\byte-buddy-agent-1.14.13.jar;C:\Users\JavierLopez\.m2\repository\org\objenesis\objenesis\3.2\objenesis-3.2.jar;C:\Users\JavierLopez\.m2\repository\org\springframework\boot\spring-boot-starter-validation\3.2.5\spring-boot-starter-validation-3.2.5.jar;C:\Users\JavierLopez\.m2\repository\org\apache\tomcat\embed\tomcat-embed-el\10.1.20\tomcat-embed-el-10.1.20.jar;C:\Users\JavierLopez\.m2\repository\org\hibernate\validator\hibernate-validator\8.0.1.Final\hibernate-validator-8.0.1.Final.jar;C:\Users\JavierLopez\.m2\repository\jakarta\validation\jakarta.validation-api\3.0.2\jakarta.validation-api-3.0.2.jar;C:\Users\JavierLopez\.m2\repository\org\springframework\boot\spring-boot-starter-hateoas\3.2.5\spring-boot-starter-hateoas-3.2.5.jar;C:\Users\JavierLopez\.m2\repository\org\springframework\hateoas\spring-hateoas\2.2.2\spring-hateoas-2.2.2.jar;C:\Users\JavierLopez\.m2\repository\org\springframework\plugin\spring-plugin-core\3.0.0\spring-plugin-core-3.0.0.jar;"/>
    <property name="java.vm.vendor" value="Oracle Corporation"/>
    <property name="sun.arch.data.model" value="64"/>
    <property name="user.variant" value=""/>
    <property name="java.vendor.url" value="https://java.oracle.com/"/>
    <property name="user.timezone" value="America/Santiago"/>
    <property name="org.jboss.logging.provider" value="slf4j"/>
    <property name="os.name" value="Windows 10"/>
    <property name="java.vm.specification.version" value="21"/>
    <property name="sun.java.launcher" value="SUN_STANDARD"/>
    <property name="user.country" value="CL"/>
    <property name="sun.boot.library.path" value="C:\Program Files\Java\jdk-21\bin"/>
    <property name="sun.java.command" value="C:\Users\JavierLopez\AppData\Local\Temp\surefire4838607786023604562\surefirebooter-20240429205122066_3.jar C:\Users\JavierLopez\AppData\Local\Temp\surefire4838607786023604562 2024-04-29T20-51-21_845-jvmRun1 surefire-20240429205122066_1tmp surefire_0-20240429205122066_2tmp"/>
    <property name="jdk.debug" value="release"/>
    <property name="surefire.test.class.path" value="C:\Users\JavierLopez\Desktop\DesarrolloDuocUC\atenciones_medicas\target\test-classes;C:\Users\JavierLopez\Desktop\DesarrolloDuocUC\atenciones_medicas\target\classes;C:\Users\JavierLopez\.m2\repository\org\springframework\boot\spring-boot-starter-data-jpa\3.2.5\spring-boot-starter-data-jpa-3.2.5.jar;C:\Users\JavierLopez\.m2\repository\org\springframework\boot\spring-boot-starter-aop\3.2.5\spring-boot-starter-aop-3.2.5.jar;C:\Users\JavierLopez\.m2\repository\org\springframework\spring-aop\6.1.6\spring-aop-6.1.6.jar;C:\Users\JavierLopez\.m2\repository\org\aspectj\aspectjweaver\1.9.22\aspectjweaver-1.9.22.jar;C:\Users\JavierLopez\.m2\repository\org\springframework\boot\spring-boot-starter-jdbc\3.2.5\spring-boot-starter-jdbc-3.2.5.jar;C:\Users\JavierLopez\.m2\repository\com\zaxxer\HikariCP\5.0.1\HikariCP-5.0.1.jar;C:\Users\JavierLopez\.m2\repository\org\springframework\spring-jdbc\6.1.6\spring-jdbc-6.1.6.jar;C:\Users\JavierLopez\.m2\repository\org\hibernate\orm\hibernate-core\6.4.4.Final\hibernate-core-6.4.4.Final.jar;C:\Users\JavierLopez\.m2\repository\jakarta\persistence\jakarta.persistence-api\3.1.0\jakarta.persistence-api-3.1.0.jar;C:\Users\JavierLopez\.m2\repository\jakarta\transaction\jakarta.transaction-api\2.0.1\jakarta.transaction-api-2.0.1.jar;C:\Users\JavierLopez\.m2\repository\org\jboss\logging\jboss-logging\3.5.3.Final\jboss-logging-3.5.3.Final.jar;C:\Users\JavierLopez\.m2\repository\org\hibernate\common\hibernate-commons-annotations\6.0.6.Final\hibernate-commons-annotations-6.0.6.Final.jar;C:\Users\JavierLopez\.m2\repository\io\smallrye\jandex\3.1.2\jandex-3.1.2.jar;C:\Users\JavierLopez\.m2\repository\com\fasterxml\classmate\1.6.0\classmate-1.6.0.jar;C:\Users\JavierLopez\.m2\repository\org\glassfish\jaxb\jaxb-runtime\4.0.5\jaxb-runtime-4.0.5.jar;C:\Users\JavierLopez\.m2\repository\org\glassfish\jaxb\jaxb-core\4.0.5\jaxb-core-4.0.5.jar;C:\Users\JavierLopez\.m2\repository\org\eclipse\angus\angus-activation\2.0.2\angus-activation-2.0.2.jar;C:\Users\JavierLopez\.m2\repository\org\glassfish\jaxb\txw2\4.0.5\txw2-4.0.5.jar;C:\Users\JavierLopez\.m2\repository\com\sun\istack\istack-commons-runtime\4.1.2\istack-commons-runtime-4.1.2.jar;C:\Users\JavierLopez\.m2\repository\jakarta\inject\jakarta.inject-api\2.0.1\jakarta.inject-api-2.0.1.jar;C:\Users\JavierLopez\.m2\repository\org\antlr\antlr4-runtime\4.13.0\antlr4-runtime-4.13.0.jar;C:\Users\JavierLopez\.m2\repository\org\springframework\data\spring-data-jpa\3.2.5\spring-data-jpa-3.2.5.jar;C:\Users\JavierLopez\.m2\repository\org\springframework\data\spring-data-commons\3.2.5\spring-data-commons-3.2.5.jar;C:\Users\JavierLopez\.m2\repository\org\springframework\spring-orm\6.1.6\spring-orm-6.1.6.jar;C:\Users\JavierLopez\.m2\repository\org\springframework\spring-context\6.1.6\spring-context-6.1.6.jar;C:\Users\JavierLopez\.m2\repository\org\springframework\spring-tx\6.1.6\spring-tx-6.1.6.jar;C:\Users\JavierLopez\.m2\repository\org\springframework\spring-beans\6.1.6\spring-beans-6.1.6.jar;C:\Users\JavierLopez\.m2\repository\jakarta\annotation\jakarta.annotation-api\2.1.1\jakarta.annotation-api-2.1.1.jar;C:\Users\JavierLopez\.m2\repository\org\slf4j\slf4j-api\2.0.13\slf4j-api-2.0.13.jar;C:\Users\JavierLopez\.m2\repository\org\springframework\spring-aspects\6.1.6\spring-aspects-6.1.6.jar;C:\Users\JavierLopez\.m2\repository\org\springframework\boot\spring-boot-starter-web\3.2.5\spring-boot-starter-web-3.2.5.jar;C:\Users\JavierLopez\.m2\repository\org\springframework\boot\spring-boot-starter\3.2.5\spring-boot-starter-3.2.5.jar;C:\Users\JavierLopez\.m2\repository\org\springframework\boot\spring-boot-starter-logging\3.2.5\spring-boot-starter-logging-3.2.5.jar;C:\Users\JavierLopez\.m2\repository\ch\qos\logback\logback-classic\1.4.14\logback-classic-1.4.14.jar;C:\Users\JavierLopez\.m2\repository\ch\qos\logback\logback-core\1.4.14\logback-core-1.4.14.jar;C:\Users\JavierLopez\.m2\repository\org\apache\logging\log4j\log4j-to-slf4j\2.21.1\log4j-to-slf4j-2.21.1.jar;C:\Users\JavierLopez\.m2\repository\org\apache\logging\log4j\log4j-api\2.21.1\log4j-api-2.21.1.jar;C:\Users\JavierLopez\.m2\repository\org\slf4j\jul-to-slf4j\2.0.13\jul-to-slf4j-2.0.13.jar;C:\Users\JavierLopez\.m2\repository\org\yaml\snakeyaml\2.2\snakeyaml-2.2.jar;C:\Users\JavierLopez\.m2\repository\org\springframework\boot\spring-boot-starter-json\3.2.5\spring-boot-starter-json-3.2.5.jar;C:\Users\JavierLopez\.m2\repository\com\fasterxml\jackson\core\jackson-databind\2.15.4\jackson-databind-2.15.4.jar;C:\Users\JavierLopez\.m2\repository\com\fasterxml\jackson\core\jackson-annotations\2.15.4\jackson-annotations-2.15.4.jar;C:\Users\JavierLopez\.m2\repository\com\fasterxml\jackson\core\jackson-core\2.15.4\jackson-core-2.15.4.jar;C:\Users\JavierLopez\.m2\repository\com\fasterxml\jackson\datatype\jackson-datatype-jdk8\2.15.4\jackson-datatype-jdk8-2.15.4.jar;C:\Users\JavierLopez\.m2\repository\com\fasterxml\jackson\datatype\jackson-datatype-jsr310\2.15.4\jackson-datatype-jsr310-2.15.4.jar;C:\Users\JavierLopez\.m2\repository\com\fasterxml\jackson\module\jackson-module-parameter-names\2.15.4\jackson-module-parameter-names-2.15.4.jar;C:\Users\JavierLopez\.m2\repository\org\springframework\boot\spring-boot-starter-tomcat\3.2.5\spring-boot-starter-tomcat-3.2.5.jar;C:\Users\JavierLopez\.m2\repository\org\apache\tomcat\embed\tomcat-embed-core\10.1.20\tomcat-embed-core-10.1.20.jar;C:\Users\JavierLopez\.m2\repository\org\apache\tomcat\embed\tomcat-embed-websocket\10.1.20\tomcat-embed-websocket-10.1.20.jar;C:\Users\JavierLopez\.m2\repository\org\springframework\spring-web\6.1.6\spring-web-6.1.6.jar;C:\Users\JavierLopez\.m2\repository\io\micrometer\micrometer-observation\1.12.5\micrometer-observation-1.12.5.jar;C:\Users\JavierLopez\.m2\repository\io\micrometer\micrometer-commons\1.12.5\micrometer-commons-1.12.5.jar;C:\Users\JavierLopez\.m2\repository\org\springframework\spring-webmvc\6.1.6\spring-webmvc-6.1.6.jar;C:\Users\JavierLopez\.m2\repository\org\springframework\spring-expression\6.1.6\spring-expression-6.1.6.jar;C:\Users\JavierLopez\.m2\repository\org\springframework\boot\spring-boot-devtools\3.2.5\spring-boot-devtools-3.2.5.jar;C:\Users\JavierLopez\.m2\repository\org\springframework\boot\spring-boot\3.2.5\spring-boot-3.2.5.jar;C:\Users\JavierLopez\.m2\repository\org\springframework\boot\spring-boot-autoconfigure\3.2.5\spring-boot-autoconfigure-3.2.5.jar;C:\Users\JavierLopez\.m2\repository\com\oracle\database\jdbc\ojdbc11\21.9.0.0\ojdbc11-21.9.0.0.jar;C:\Users\JavierLopez\.m2\repository\org\projectlombok\lombok\1.18.32\lombok-1.18.32.jar;C:\Users\JavierLopez\.m2\repository\org\springframework\boot\spring-boot-starter-test\3.2.5\spring-boot-starter-test-3.2.5.jar;C:\Users\JavierLopez\.m2\repository\org\springframework\boot\spring-boot-test\3.2.5\spring-boot-test-3.2.5.jar;C:\Users\JavierLopez\.m2\repository\org\springframework\boot\spring-boot-test-autoconfigure\3.2.5\spring-boot-test-autoconfigure-3.2.5.jar;C:\Users\JavierLopez\.m2\repository\com\jayway\jsonpath\json-path\2.9.0\json-path-2.9.0.jar;C:\Users\JavierLopez\.m2\repository\jakarta\xml\bind\jakarta.xml.bind-api\4.0.2\jakarta.xml.bind-api-4.0.2.jar;C:\Users\JavierLopez\.m2\repository\jakarta\activation\jakarta.activation-api\2.1.3\jakarta.activation-api-2.1.3.jar;C:\Users\JavierLopez\.m2\repository\net\minidev\json-smart\2.5.1\json-smart-2.5.1.jar;C:\Users\JavierLopez\.m2\repository\net\minidev\accessors-smart\2.5.1\accessors-smart-2.5.1.jar;C:\Users\JavierLopez\.m2\repository\org\ow2\asm\asm\9.6\asm-9.6.jar;C:\Users\JavierLopez\.m2\repository\org\assertj\assertj-core\3.24.2\assertj-core-3.24.2.jar;C:\Users\JavierLopez\.m2\repository\org\awaitility\awaitility\4.2.1\awaitility-4.2.1.jar;C:\Users\JavierLopez\.m2\repository\org\hamcrest\hamcrest\2.2\hamcrest-2.2.jar;C:\Users\JavierLopez\.m2\repository\org\junit\jupiter\junit-jupiter\5.10.2\junit-jupiter-5.10.2.jar;C:\Users\JavierLopez\.m2\repository\org\junit\jupiter\junit-jupiter-api\5.10.2\junit-jupiter-api-5.10.2.jar;C:\Users\JavierLopez\.m2\repository\org\opentest4j\opentest4j\1.3.0\opentest4j-1.3.0.jar;C:\Users\JavierLopez\.m2\repository\org\junit\platform\junit-platform-commons\1.10.2\junit-platform-commons-1.10.2.jar;C:\Users\JavierLopez\.m2\repository\org\apiguardian\apiguardian-api\1.1.2\apiguardian-api-1.1.2.jar;C:\Users\JavierLopez\.m2\repository\org\junit\jupiter\junit-jupiter-params\5.10.2\junit-jupiter-params-5.10.2.jar;C:\Users\JavierLopez\.m2\repository\org\junit\jupiter\junit-jupiter-engine\5.10.2\junit-jupiter-engine-5.10.2.jar;C:\Users\JavierLopez\.m2\repository\org\junit\platform\junit-platform-engine\1.10.2\junit-platform-engine-1.10.2.jar;C:\Users\JavierLopez\.m2\repository\org\mockito\mockito-junit-jupiter\5.7.0\mockito-junit-jupiter-5.7.0.jar;C:\Users\JavierLopez\.m2\repository\org\skyscreamer\jsonassert\1.5.1\jsonassert-1.5.1.jar;C:\Users\JavierLopez\.m2\repository\com\vaadin\external\google\android-json\0.0.20131108.vaadin1\android-json-0.0.20131108.vaadin1.jar;C:\Users\JavierLopez\.m2\repository\org\springframework\spring-core\6.1.6\spring-core-6.1.6.jar;C:\Users\JavierLopez\.m2\repository\org\springframework\spring-jcl\6.1.6\spring-jcl-6.1.6.jar;C:\Users\JavierLopez\.m2\repository\org\springframework\spring-test\6.1.6\spring-test-6.1.6.jar;C:\Users\JavierLopez\.m2\repository\org\xmlunit\xmlunit-core\2.9.1\xmlunit-core-2.9.1.jar;C:\Users\JavierLopez\.m2\repository\com\oracle\database\security\oraclepki\21.5.0.0\oraclepki-21.5.0.0.jar;C:\Users\JavierLopez\.m2\repository\com\oracle\database\security\osdt_cert\21.5.0.0\osdt_cert-21.5.0.0.jar;C:\Users\JavierLopez\.m2\repository\com\oracle\database\security\osdt_core\21.5.0.0\osdt_core-21.5.0.0.jar;C:\Users\JavierLopez\.m2\repository\junit\junit\4.12\junit-4.12.jar;C:\Users\JavierLopez\.m2\repository\org\hamcrest\hamcrest-core\2.2\hamcrest-core-2.2.jar;C:\Users\JavierLopez\.m2\repository\org\mockito\mockito-core\3.11.2\mockito-core-3.11.2.jar;C:\Users\JavierLopez\.m2\repository\net\bytebuddy\byte-buddy\1.14.13\byte-buddy-1.14.13.jar;C:\Users\JavierLopez\.m2\repository\net\bytebuddy\byte-buddy-agent\1.14.13\byte-buddy-agent-1.14.13.jar;C:\Users\JavierLopez\.m2\repository\org\objenesis\objenesis\3.2\objenesis-3.2.jar;C:\Users\JavierLopez\.m2\repository\org\springframework\boot\spring-boot-starter-validation\3.2.5\spring-boot-starter-validation-3.2.5.jar;C:\Users\JavierLopez\.m2\repository\org\apache\tomcat\embed\tomcat-embed-el\10.1.20\tomcat-embed-el-10.1.20.jar;C:\Users\JavierLopez\.m2\repository\org\hibernate\validator\hibernate-validator\8.0.1.Final\hibernate-validator-8.0.1.Final.jar;C:\Users\JavierLopez\.m2\repository\jakarta\validation\jakarta.validation-api\3.0.2\jakarta.validation-api-3.0.2.jar;C:\Users\JavierLopez\.m2\repository\org\springframework\boot\spring-boot-starter-hateoas\3.2.5\spring-boot-starter-hateoas-3.2.5.jar;C:\Users\JavierLopez\.m2\repository\org\springframework\hateoas\spring-hateoas\2.2.2\spring-hateoas-2.2.2.jar;C:\Users\JavierLopez\.m2\repository\org\springframework\plugin\spring-plugin-core\3.0.0\spring-plugin-core-3.0.0.jar;"/>
    <property name="sun.cpu.endian" value="little"/>
    <property name="user.home" value="C:\Users\JavierLopez"/>
    <property name="user.language" value="es"/>
    <property name="java.specification.vendor" value="Oracle Corporation"/>
    <property name="java.version.date" value="2024-01-16"/>
    <property name="java.home" value="C:\Program Files\Java\jdk-21"/>
    <property name="file.separator" value="\"/>
    <property name="basedir" value="C:\Users\JavierLopez\Desktop\DesarrolloDuocUC\atenciones_medicas"/>
    <property name="java.vm.compressedOopsMode" value="32-bit"/>
    <property name="line.separator" value="&#10;"/>
    <property name="java.vm.specification.vendor" value="Oracle Corporation"/>
    <property name="java.specification.name" value="Java Platform API Specification"/>
    <property name="FILE_LOG_CHARSET" value="UTF-8"/>
    <property name="java.awt.headless" value="true"/>
    <property name="surefire.real.class.path" value="C:\Users\JavierLopez\AppData\Local\Temp\surefire4838607786023604562\surefirebooter-20240429205122066_3.jar"/>
    <property name="user.script" value=""/>
    <property name="sun.management.compiler" value="HotSpot 64-Bit Tiered Compilers"/>
    <property name="java.runtime.version" value="21.0.2+13-LTS-58"/>
    <property name="user.name" value="JavierLopez"/>
    <property name="stdout.encoding" value="Cp1252"/>
    <property name="path.separator" value=";"/>
    <property name="os.version" value="10.0"/>
    <property name="java.runtime.name" value="Java(TM) SE Runtime Environment"/>
    <property name="file.encoding" value="UTF-8"/>
    <property name="java.vm.name" value="Java HotSpot(TM) 64-Bit Server VM"/>
    <property name="localRepository" value="C:\Users\JavierLopez\.m2\repository"/>
    <property name="java.vendor.url.bug" value="https://bugreport.java.com/bugreport/"/>
    <property name="java.io.tmpdir" value="C:\Users\JAVIER~1\AppData\Local\Temp\"/>
    <property name="com.zaxxer.hikari.pool_number" value="1"/>
    <property name="java.version" value="21.0.2"/>
    <property name="user.dir" value="C:\Users\JavierLopez\Desktop\DesarrolloDuocUC\atenciones_medicas"/>
    <property name="os.arch" value="amd64"/>
    <property name="java.vm.specification.name" value="Java Virtual Machine Specification"/>
    <property name="PID" value="12448"/>
    <property name="sun.os.patch.level" value=""/>
    <property name="CONSOLE_LOG_CHARSET" value="UTF-8"/>
    <property name="native.encoding" value="Cp1252"/>
    <property name="java.library.path" value="C:\Program Files\Java\jdk-21\bin;C:\WINDOWS\Sun\Java\bin;C:\WINDOWS\system32;C:\WINDOWS;C:\Python312\Scripts\;C:\Python312\;C:\Program Files\Common Files\Oracle\Java\javapath;C:\IBM\InformationServer/jdk32\jre\bin;C:\IBM\InformationServer/jdk32\jre\bin\j9vm;C:\IBM\InformationServer\ASBNode\lib\cpp;C:\IBM\InformationServer\ASBNode\apps\proxy\cpp\win32-all-x86;C:\WINDOWS\system32;C:\WINDOWS;C:\WINDOWS\System32\Wbem;C:\WINDOWS\System32\WindowsPowerShell\v1.0\;C:\WINDOWS\System32\OpenSSH\;C:\Program Files (x86)\IBM\FileNet\ContentEnginee\bin;C:\Program Files\nodejs\;C:\ProgramData\chocolatey\bin;C:\Program Files\Git\cmd;C:\Program Files\Java\jdk-21\bin;C:\Program Files\maven-3.9.6\bin;;C:\Program Files\Docker\Docker\resources\bin;C:\Users\JavierLopez\AppData\Local\Microsoft\WindowsApps;C:\Users\JavierLopez\AppData\Local\GitHubDesktop\bin;C:\Users\JavierLopez\AppData\Local\Programs\Microsoft VS Code\bin;C:\Users\JavierLopez\AppData\Roaming\npm;."/>
    <property name="java.vm.info" value="mixed mode, sharing"/>
    <property name="stderr.encoding" value="Cp1252"/>
    <property name="java.vendor" value="Oracle Corporation"/>
    <property name="java.vm.version" value="21.0.2+13-LTS-58"/>
    <property name="sun.io.unicode.encoding" value="UnicodeLittle"/>
    <property name="java.class.version" value="65.0"/>
    <property name="LOGGED_APPLICATION_NAME" value="[atenciones_medicas] "/>
  </properties>
  <testcase name="contextLoads" classname="com.example.atenciones_medicas.AtencionesMedicasApplicationTests" time="0.408">
    <system-out><![CDATA[20:51:24.462 [main] INFO org.springframework.test.context.support.AnnotationConfigContextLoaderUtils -- Could not detect default configuration classes for test class [com.example.atenciones_medicas.AtencionesMedicasApplicationTests]: AtencionesMedicasApplicationTests does not declare any static, non-private, non-final, nested classes annotated with @Configuration.
20:51:24.808 [main] INFO org.springframework.boot.test.context.SpringBootTestContextBootstrapper -- Found @SpringBootConfiguration com.example.atenciones_medicas.AtencionesMedicasApplication for test class com.example.atenciones_medicas.AtencionesMedicasApplicationTests
20:51:25.210 [main] INFO org.springframework.boot.devtools.restart.RestartApplicationListener -- Restart disabled due to context in which it is running

  .   ____          _            __ _ _
 /\\ / ___'_ __ _ _(_)_ __  __ _ \ \ \ \
( ( )\___ | '_ | '_| | '_ \/ _` | \ \ \ \
 \\/  ___)| |_)| | | | | || (_| |  ) ) ) )
  '  |____| .__|_| |_|_| |_\__, | / / / /
 =========|_|==============|___/=/_/_/_/
 :: Spring Boot ::                (v3.2.5)

2024-04-29T20:51:25.809-04:00 DEBUG 12448 --- [atenciones_medicas] [kground-preinit] o.h.v.i.xml.config.ValidationXmlParser   : Trying to load META-INF/validation.xml for XML based Validator configuration.
2024-04-29T20:51:25.812-04:00 DEBUG 12448 --- [atenciones_medicas] [kground-preinit] o.h.v.i.xml.config.ResourceLoaderHelper  : Trying to load META-INF/validation.xml via TCCL
2024-04-29T20:51:25.813-04:00 DEBUG 12448 --- [atenciones_medicas] [kground-preinit] o.h.v.i.xml.config.ResourceLoaderHelper  : Trying to load META-INF/validation.xml via Hibernate Validator's class loader
2024-04-29T20:51:25.814-04:00 DEBUG 12448 --- [atenciones_medicas] [kground-preinit] o.h.v.i.xml.config.ValidationXmlParser   : No META-INF/validation.xml found. Using annotation based configuration only.
2024-04-29T20:51:25.824-04:00 DEBUG 12448 --- [atenciones_medicas] [kground-preinit] o.h.v.i.e.resolver.TraversableResolvers  : Found jakarta.persistence.Persistence on classpath containing 'getPersistenceUtil'. Assuming JPA 2 environment. Trying to instantiate JPA aware TraversableResolver
2024-04-29T20:51:25.826-04:00 DEBUG 12448 --- [atenciones_medicas] [kground-preinit] o.h.v.i.e.resolver.TraversableResolvers  : Instantiated JPA aware TraversableResolver of type org.hibernate.validator.internal.engine.resolver.JPATraversableResolver.
2024-04-29T20:51:25.828-04:00  INFO 12448 --- [atenciones_medicas] [           main] c.e.a.AtencionesMedicasApplicationTests  : Starting AtencionesMedicasApplicationTests using Java 21.0.2 with PID 12448 (started by JavierLopez in C:\Users\JavierLopez\Desktop\DesarrolloDuocUC\atenciones_medicas)
2024-04-29T20:51:25.830-04:00  INFO 12448 --- [atenciones_medicas] [           main] c.e.a.AtencionesMedicasApplicationTests  : No active profile set, falling back to 1 default profile: "default"
2024-04-29T20:51:25.831-04:00 DEBUG 12448 --- [atenciones_medicas] [           main] o.s.boot.SpringApplication               : Loading source class com.example.atenciones_medicas.AtencionesMedicasApplication
2024-04-29T20:51:25.867-04:00 DEBUG 12448 --- [atenciones_medicas] [kground-preinit] .h.v.m.ResourceBundleMessageInterpolator : Loaded expression factory via original TCCL
2024-04-29T20:51:25.881-04:00 DEBUG 12448 --- [atenciones_medicas] [           main] o.s.w.c.s.GenericWebApplicationContext   : Refreshing org.springframework.web.context.support.GenericWebApplicationContext@1bc53649
2024-04-29T20:51:25.916-04:00 DEBUG 12448 --- [atenciones_medicas] [           main] o.s.b.f.s.DefaultListableBeanFactory     : Creating shared instance of singleton bean 'org.springframework.context.annotation.internalConfigurationAnnotationProcessor'
2024-04-29T20:51:25.950-04:00 DEBUG 12448 --- [atenciones_medicas] [           main] o.s.b.f.s.DefaultListableBeanFactory     : Creating shared instance of singleton bean 'org.springframework.boot.autoconfigure.internalCachingMetadataReaderFactory'
2024-04-29T20:51:26.090-04:00 DEBUG 12448 --- [atenciones_medicas] [kground-preinit] .i.e.ValidatorFactoryConfigurationHelper : HV000252: Using org.hibernate.validator.internal.engine.DefaultPropertyNodeNameProvider as property node name provider.
2024-04-29T20:51:26.095-04:00 DEBUG 12448 --- [atenciones_medicas] [           main] o.s.c.a.ClassPathBeanDefinitionScanner   : Identified candidate component class: file [C:\Users\JavierLopez\Desktop\DesarrolloDuocUC\atenciones_medicas\target\classes\com\example\atenciones_medicas\controller\AtencionMedicaController.class]
2024-04-29T20:51:26.102-04:00 DEBUG 12448 --- [atenciones_medicas] [           main] o.s.c.a.ClassPathBeanDefinitionScanner   : Identified candidate component class: file [C:\Users\JavierLopez\Desktop\DesarrolloDuocUC\atenciones_medicas\target\classes\com\example\atenciones_medicas\controller\PacienteController.class]
2024-04-29T20:51:26.102-04:00 DEBUG 12448 --- [atenciones_medicas] [kground-preinit] .i.e.ValidatorFactoryConfigurationHelper : HV000234: Using org.hibernate.validator.messageinterpolation.ResourceBundleMessageInterpolator as ValidatorFactory-scoped message interpolator.
2024-04-29T20:51:26.103-04:00 DEBUG 12448 --- [atenciones_medicas] [kground-preinit] .i.e.ValidatorFactoryConfigurationHelper : HV000234: Using org.hibernate.validator.internal.engine.resolver.JPATraversableResolver as ValidatorFactory-scoped traversable resolver.
2024-04-29T20:51:26.103-04:00 DEBUG 12448 --- [atenciones_medicas] [kground-preinit] .i.e.ValidatorFactoryConfigurationHelper : HV000234: Using org.hibernate.validator.internal.util.ExecutableParameterNameProvider as ValidatorFactory-scoped parameter name provider.
2024-04-29T20:51:26.103-04:00 DEBUG 12448 --- [atenciones_medicas] [kground-preinit] .i.e.ValidatorFactoryConfigurationHelper : HV000234: Using org.hibernate.validator.internal.engine.DefaultClockProvider as ValidatorFactory-scoped clock provider.
2024-04-29T20:51:26.103-04:00 DEBUG 12448 --- [atenciones_medicas] [kground-preinit] .i.e.ValidatorFactoryConfigurationHelper : HV000234: Using org.hibernate.validator.internal.engine.scripting.DefaultScriptEvaluatorFactory as ValidatorFactory-scoped script evaluator factory.
2024-04-29T20:51:26.120-04:00 DEBUG 12448 --- [atenciones_medicas] [           main] o.s.c.a.ClassPathBeanDefinitionScanner   : Identified candidate component class: file [C:\Users\JavierLopez\Desktop\DesarrolloDuocUC\atenciones_medicas\target\classes\com\example\atenciones_medicas\service\AtencionMedicaImpl.class]
2024-04-29T20:51:26.124-04:00 DEBUG 12448 --- [atenciones_medicas] [           main] o.s.c.a.ClassPathBeanDefinitionScanner   : Identified candidate component class: file [C:\Users\JavierLopez\Desktop\DesarrolloDuocUC\atenciones_medicas\target\classes\com\example\atenciones_medicas\service\PacienteServiceImpl.class]
2024-04-29T20:51:27.021-04:00  INFO 12448 --- [atenciones_medicas] [           main] .s.d.r.c.RepositoryConfigurationDelegate : Bootstrapping Spring Data JPA repositories in DEFAULT mode.
2024-04-29T20:51:27.032-04:00 DEBUG 12448 --- [atenciones_medicas] [           main] o.s.b.f.s.DefaultListableBeanFactory     : Creating shared instance of singleton bean 'org.springframework.boot.autoconfigure.AutoConfigurationPackages'
2024-04-29T20:51:27.042-04:00 DEBUG 12448 --- [atenciones_medicas] [           main] o.s.b.a.AutoConfigurationPackages        : @EnableAutoConfiguration was declared on a class in the package 'com.example.atenciones_medicas'. Automatic @Repository and @Entity scanning is enabled.
2024-04-29T20:51:27.044-04:00 DEBUG 12448 --- [atenciones_medicas] [           main] .s.d.r.c.RepositoryConfigurationDelegate : Scanning for JPA repositories in packages com.example.atenciones_medicas.
2024-04-29T20:51:27.056-04:00 DEBUG 12448 --- [atenciones_medicas] [           main] o.s.d.r.c.RepositoryComponentProvider    : Identified candidate component class: file [C:\Users\JavierLopez\Desktop\DesarrolloDuocUC\atenciones_medicas\target\classes\com\example\atenciones_medicas\repository\AtencionMedicaRepository.class]
2024-04-29T20:51:27.056-04:00 DEBUG 12448 --- [atenciones_medicas] [           main] o.s.d.r.c.RepositoryComponentProvider    : Identified candidate component class: file [C:\Users\JavierLopez\Desktop\DesarrolloDuocUC\atenciones_medicas\target\classes\com\example\atenciones_medicas\repository\PacienteRepository.class]
2024-04-29T20:51:27.090-04:00 DEBUG 12448 --- [atenciones_medicas] [           main] ssPathScanningCandidateComponentProvider : Identified candidate component class: file [C:\Users\JavierLopez\Desktop\DesarrolloDuocUC\atenciones_medicas\target\classes\com\example\atenciones_medicas\service\AtencionMedicaImpl.class]
2024-04-29T20:51:27.091-04:00 DEBUG 12448 --- [atenciones_medicas] [           main] ssPathScanningCandidateComponentProvider : Identified candidate component class: file [C:\Users\JavierLopez\Desktop\DesarrolloDuocUC\atenciones_medicas\target\classes\com\example\atenciones_medicas\service\PacienteServiceImpl.class]
2024-04-29T20:51:27.108-04:00  INFO 12448 --- [atenciones_medicas] [           main] .s.d.r.c.RepositoryConfigurationDelegate : Finished Spring Data repository scanning in 61 ms. Found 2 JPA repository interfaces.
2024-04-29T20:51:27.386-04:00 DEBUG 12448 --- [atenciones_medicas] [           main] o.s.b.f.s.DefaultListableBeanFactory     : Creating shared instance of singleton bean 'propertySourcesPlaceholderConfigurer'
2024-04-29T20:51:27.390-04:00 DEBUG 12448 --- [atenciones_medicas] [           main] o.s.b.f.s.DefaultListableBeanFactory     : Creating shared instance of singleton bean 'org.springframework.boot.test.mock.mockito.MockitoPostProcessor'
2024-04-29T20:51:27.392-04:00 DEBUG 12448 --- [atenciones_medicas] [           main] o.s.b.f.s.DefaultListableBeanFactory     : Creating shared instance of singleton bean 'emBeanDefinitionRegistrarPostProcessor'
2024-04-29T20:51:27.392-04:00 DEBUG 12448 --- [atenciones_medicas] [           main] o.s.b.f.s.DefaultListableBeanFactory     : Creating shared instance of singleton bean 'org.springframework.boot.sql.init.dependency.DatabaseInitializationDependencyConfigurer$DependsOnDatabaseInitializationPostProcessor'
2024-04-29T20:51:27.451-04:00 DEBUG 12448 --- [atenciones_medicas] [           main] o.s.b.f.s.DefaultListableBeanFactory     : Creating shared instance of singleton bean 'org.springframework.context.event.internalEventListenerProcessor'
2024-04-29T20:51:27.454-04:00 DEBUG 12448 --- [atenciones_medicas] [           main] o.s.b.f.s.DefaultListableBeanFactory     : Creating shared instance of singleton bean 'preserveErrorControllerTargetClassPostProcessor'
2024-04-29T20:51:27.455-04:00 DEBUG 12448 --- [atenciones_medicas] [           main] o.s.b.f.s.DefaultListableBeanFactory     : Creating shared instance of singleton bean 'org.springframework.context.event.internalEventListenerFactory'
2024-04-29T20:51:27.456-04:00 DEBUG 12448 --- [atenciones_medicas] [           main] o.s.b.f.s.DefaultListableBeanFactory     : Creating shared instance of singleton bean 'org.springframework.transaction.config.internalTransactionalEventListenerFactory'
2024-04-29T20:51:27.461-04:00 DEBUG 12448 --- [atenciones_medicas] [           main] o.s.b.f.s.DefaultListableBeanFactory     : Creating shared instance of singleton bean 'org.springframework.boot.test.mock.mockito.MockitoPostProcessor$SpyPostProcessor'
2024-04-29T20:51:27.462-04:00 DEBUG 12448 --- [atenciones_medicas] [           main] o.s.b.f.s.DefaultListableBeanFactory     : Creating shared instance of singleton bean 'org.springframework.context.annotation.internalAutowiredAnnotationProcessor'
2024-04-29T20:51:27.464-04:00 DEBUG 12448 --- [atenciones_medicas] [           main] o.s.b.f.s.DefaultListableBeanFactory     : Creating shared instance of singleton bean 'org.springframework.context.annotation.internalCommonAnnotationProcessor'
2024-04-29T20:51:27.468-04:00 DEBUG 12448 --- [atenciones_medicas] [           main] o.s.b.f.s.DefaultListableBeanFactory     : Creating shared instance of singleton bean 'org.springframework.context.annotation.internalPersistenceAnnotationProcessor'
2024-04-29T20:51:27.469-04:00 DEBUG 12448 --- [atenciones_medicas] [           main] o.s.b.f.s.DefaultListableBeanFactory     : Creating shared instance of singleton bean 'org.springframework.boot.context.properties.ConfigurationPropertiesBindingPostProcessor'
2024-04-29T20:51:27.470-04:00 DEBUG 12448 --- [atenciones_medicas] [           main] o.s.b.f.s.DefaultListableBeanFactory     : Creating shared instance of singleton bean 'org.springframework.boot.context.internalConfigurationPropertiesBinder'
2024-04-29T20:51:27.473-04:00 DEBUG 12448 --- [atenciones_medicas] [           main] o.s.b.f.s.DefaultListableBeanFactory     : Creating shared instance of singleton bean 'jdbcConnectionDetailsHikariBeanPostProcessor'
2024-04-29T20:51:27.477-04:00 DEBUG 12448 --- [atenciones_medicas] [           main] o.s.b.f.s.DefaultListableBeanFactory     : Creating shared instance of singleton bean 'methodValidationPostProcessor'
2024-04-29T20:51:27.500-04:00 DEBUG 12448 --- [atenciones_medicas] [           main] o.s.b.f.s.DefaultListableBeanFactory     : Autowiring by type from bean name 'methodValidationPostProcessor' via factory method to bean named 'environment'
2024-04-29T20:51:27.502-04:00 DEBUG 12448 --- [atenciones_medicas] [           main] o.s.b.f.s.DefaultListableBeanFactory     : Creating shared instance of singleton bean 'org.springframework.boot.context.properties.EnableConfigurationPropertiesRegistrar.methodValidationExcludeFilter'
2024-04-29T20:51:27.528-04:00 DEBUG 12448 --- [atenciones_medicas] [           main] o.s.b.f.s.DefaultListableBeanFactory     : Creating shared instance of singleton bean 'org.springframework.aop.config.internalAutoProxyCreator'
2024-04-29T20:51:27.586-04:00 DEBUG 12448 --- [atenciones_medicas] [           main] o.s.b.f.s.DefaultListableBeanFactory     : Creating shared instance of singleton bean 'persistenceExceptionTranslationPostProcessor'
2024-04-29T20:51:27.588-04:00 DEBUG 12448 --- [atenciones_medicas] [           main] o.s.b.f.s.DefaultListableBeanFactory     : Autowiring by type from bean name 'persistenceExceptionTranslationPostProcessor' via factory method to bean named 'environment'
2024-04-29T20:51:27.595-04:00 DEBUG 12448 --- [atenciones_medicas] [           main] o.s.b.f.s.DefaultListableBeanFactory     : Creating shared instance of singleton bean 'webServerFactoryCustomizerBeanPostProcessor'
2024-04-29T20:51:27.596-04:00 DEBUG 12448 --- [atenciones_medicas] [           main] o.s.b.f.s.DefaultListableBeanFactory     : Creating shared instance of singleton bean 'errorPageRegistrarBeanPostProcessor'
2024-04-29T20:51:27.598-04:00 DEBUG 12448 --- [atenciones_medicas] [           main] o.s.b.f.s.DefaultListableBeanFactory     : Creating shared instance of singleton bean 'projectingArgumentResolverBeanPostProcessor'
2024-04-29T20:51:27.600-04:00 DEBUG 12448 --- [atenciones_medicas] [           main] o.s.b.f.s.DefaultListableBeanFactory     : Creating shared instance of singleton bean 'org.springframework.transaction.config.internalTransactionAdvisor'
2024-04-29T20:51:27.601-04:00 DEBUG 12448 --- [atenciones_medicas] [           main] o.s.b.f.s.DefaultListableBeanFactory     : Creating shared instance of singleton bean 'org.springframework.transaction.annotation.ProxyTransactionManagementConfiguration'
2024-04-29T20:51:27.620-04:00 DEBUG 12448 --- [atenciones_medicas] [           main] o.s.b.f.s.DefaultListableBeanFactory     : Creating shared instance of singleton bean 'transactionAttributeSource'
2024-04-29T20:51:27.622-04:00 DEBUG 12448 --- [atenciones_medicas] [           main] o.s.b.f.s.DefaultListableBeanFactory     : Creating shared instance of singleton bean 'transactionInterceptor'
2024-04-29T20:51:27.623-04:00 DEBUG 12448 --- [atenciones_medicas] [           main] o.s.b.f.s.DefaultListableBeanFactory     : Autowiring by type from bean name 'transactionInterceptor' via factory method to bean named 'transactionAttributeSource'
2024-04-29T20:51:27.638-04:00 DEBUG 12448 --- [atenciones_medicas] [           main] o.s.b.f.s.DefaultListableBeanFactory     : Autowiring by type from bean name 'org.springframework.transaction.config.internalTransactionAdvisor' via factory method to bean named 'transactionAttributeSource'
2024-04-29T20:51:27.638-04:00 DEBUG 12448 --- [atenciones_medicas] [           main] o.s.b.f.s.DefaultListableBeanFactory     : Autowiring by type from bean name 'org.springframework.transaction.config.internalTransactionAdvisor' via factory method to bean named 'transactionInterceptor'
2024-04-29T20:51:27.672-04:00 DEBUG 12448 --- [atenciones_medicas] [           main] o.s.b.f.s.DefaultListableBeanFactory     : Creating shared instance of singleton bean 'hypermediaRepresentionModelProcessorConfigurator'
2024-04-29T20:51:27.676-04:00 DEBUG 12448 --- [atenciones_medicas] [           main] o.s.b.f.s.DefaultListableBeanFactory     : Creating shared instance of singleton bean 'hypermediaRestTemplateBeanPostProcessor'
2024-04-29T20:51:27.683-04:00 DEBUG 12448 --- [atenciones_medicas] [           main] o.s.u.c.s.UiApplicationContextUtils      : Unable to locate ThemeSource with name 'themeSource': using default [org.springframework.ui.context.support.ResourceBundleThemeSource@343e225a]
2024-04-29T20:51:27.684-04:00 DEBUG 12448 --- [atenciones_medicas] [           main] o.s.b.f.s.DefaultListableBeanFactory     : Creating shared instance of singleton bean 'dataSourceScriptDatabaseInitializer'
2024-04-29T20:51:27.685-04:00 DEBUG 12448 --- [atenciones_medicas] [           main] o.s.b.f.s.DefaultListableBeanFactory     : Creating shared instance of singleton bean 'org.springframework.boot.autoconfigure.sql.init.DataSourceInitializationConfiguration'
2024-04-29T20:51:27.687-04:00 DEBUG 12448 --- [atenciones_medicas] [           main] o.s.b.f.s.DefaultListableBeanFactory     : Creating shared instance of singleton bean 'dataSource'
2024-04-29T20:51:27.689-04:00 DEBUG 12448 --- [atenciones_medicas] [           main] o.s.b.f.s.DefaultListableBeanFactory     : Creating shared instance of singleton bean 'org.springframework.boot.autoconfigure.jdbc.DataSourceConfiguration$Hikari'
2024-04-29T20:51:27.691-04:00 DEBUG 12448 --- [atenciones_medicas] [           main] o.s.b.f.s.DefaultListableBeanFactory     : Creating shared instance of singleton bean 'spring.datasource-org.springframework.boot.autoconfigure.jdbc.DataSourceProperties'
2024-04-29T20:51:27.693-04:00 DEBUG 12448 --- [atenciones_medicas] [           main] o.s.b.f.s.DefaultListableBeanFactory     : Creating shared instance of singleton bean 'org.springframework.boot.context.properties.BoundConfigurationProperties'
2024-04-29T20:51:27.727-04:00 DEBUG 12448 --- [atenciones_medicas] [           main] o.s.b.f.s.DefaultListableBeanFactory     : Creating shared instance of singleton bean 'jdbcConnectionDetails'
2024-04-29T20:51:27.727-04:00 DEBUG 12448 --- [atenciones_medicas] [           main] o.s.b.f.s.DefaultListableBeanFactory     : Creating shared instance of singleton bean 'org.springframework.boot.autoconfigure.jdbc.DataSourceAutoConfiguration$PooledDataSourceConfiguration'
2024-04-29T20:51:27.729-04:00 DEBUG 12448 --- [atenciones_medicas] [           main] o.s.b.f.s.DefaultListableBeanFactory     : Autowiring by type from bean name 'jdbcConnectionDetails' via factory method to bean named 'spring.datasource-org.springframework.boot.autoconfigure.jdbc.DataSourceProperties'
2024-04-29T20:51:27.731-04:00 DEBUG 12448 --- [atenciones_medicas] [           main] o.s.b.f.s.DefaultListableBeanFactory     : Autowiring by type from bean name 'dataSource' via factory method to bean named 'spring.datasource-org.springframework.boot.autoconfigure.jdbc.DataSourceProperties'
2024-04-29T20:51:27.731-04:00 DEBUG 12448 --- [atenciones_medicas] [           main] o.s.b.f.s.DefaultListableBeanFactory     : Autowiring by type from bean name 'dataSource' via factory method to bean named 'jdbcConnectionDetails'
2024-04-29T20:51:27.969-04:00 DEBUG 12448 --- [atenciones_medicas] [           main] o.s.b.f.s.DefaultListableBeanFactory     : Creating shared instance of singleton bean 'spring.sql.init-org.springframework.boot.autoconfigure.sql.init.SqlInitializationProperties'
2024-04-29T20:51:27.973-04:00 DEBUG 12448 --- [atenciones_medicas] [           main] o.s.b.f.s.DefaultListableBeanFactory     : Autowiring by type from bean name 'dataSourceScriptDatabaseInitializer' via factory method to bean named 'dataSource'
2024-04-29T20:51:27.974-04:00 DEBUG 12448 --- [atenciones_medicas] [           main] o.s.b.f.s.DefaultListableBeanFactory     : Autowiring by type from bean name 'dataSourceScriptDatabaseInitializer' via factory method to bean named 'spring.sql.init-org.springframework.boot.autoconfigure.sql.init.SqlInitializationProperties'
2024-04-29T20:51:27.982-04:00 DEBUG 12448 --- [atenciones_medicas] [           main] o.s.b.f.s.DefaultListableBeanFactory     : Creating shared instance of singleton bean 'entityManagerFactory'
2024-04-29T20:51:27.983-04:00 DEBUG 12448 --- [atenciones_medicas] [           main] o.s.b.f.s.DefaultListableBeanFactory     : Creating shared instance of singleton bean 'org.springframework.boot.autoconfigure.orm.jpa.HibernateJpaConfiguration'
2024-04-29T20:51:27.985-04:00 DEBUG 12448 --- [atenciones_medicas] [           main] o.s.b.f.s.DefaultListableBeanFactory     : Creating shared instance of singleton bean 'spring.jpa-org.springframework.boot.autoconfigure.orm.jpa.JpaProperties'
2024-04-29T20:51:27.992-04:00 DEBUG 12448 --- [atenciones_medicas] [           main] o.s.b.f.s.DefaultListableBeanFactory     : Creating shared instance of singleton bean 'spring.jpa.hibernate-org.springframework.boot.autoconfigure.orm.jpa.HibernateProperties'
2024-04-29T20:51:27.995-04:00 DEBUG 12448 --- [atenciones_medicas] [           main] o.s.b.f.s.DefaultListableBeanFactory     : Autowiring by type from bean name 'org.springframework.boot.autoconfigure.orm.jpa.HibernateJpaConfiguration' via constructor to bean named 'dataSource'
2024-04-29T20:51:27.995-04:00 DEBUG 12448 --- [atenciones_medicas] [           main] o.s.b.f.s.DefaultListableBeanFactory     : Autowiring by type from bean name 'org.springframework.boot.autoconfigure.orm.jpa.HibernateJpaConfiguration' via constructor to bean named 'spring.jpa-org.springframework.boot.autoconfigure.orm.jpa.JpaProperties'
2024-04-29T20:51:27.995-04:00 DEBUG 12448 --- [atenciones_medicas] [           main] o.s.b.f.s.DefaultListableBeanFactory     : Autowiring by type from bean name 'org.springframework.boot.autoconfigure.orm.jpa.HibernateJpaConfiguration' via constructor to bean named 'org.springframework.beans.factory.support.DefaultListableBeanFactory@502f8b57'
2024-04-29T20:51:27.995-04:00 DEBUG 12448 --- [atenciones_medicas] [           main] o.s.b.f.s.DefaultListableBeanFactory     : Autowiring by type from bean name 'org.springframework.boot.autoconfigure.orm.jpa.HibernateJpaConfiguration' via constructor to bean named 'spring.jpa.hibernate-org.springframework.boot.autoconfigure.orm.jpa.HibernateProperties'
2024-04-29T20:51:27.999-04:00 DEBUG 12448 --- [atenciones_medicas] [           main] o.s.b.f.s.DefaultListableBeanFactory     : Creating shared instance of singleton bean 'hikariPoolDataSourceMetadataProvider'
2024-04-29T20:51:27.999-04:00 DEBUG 12448 --- [atenciones_medicas] [           main] o.s.b.f.s.DefaultListableBeanFactory     : Creating shared instance of singleton bean 'org.springframework.boot.autoconfigure.jdbc.metadata.DataSourcePoolMetadataProvidersConfiguration$HikariPoolDataSourceMetadataProviderConfiguration'
2024-04-29T20:51:28.007-04:00 DEBUG 12448 --- [atenciones_medicas] [           main] o.s.b.f.s.DefaultListableBeanFactory     : Creating shared instance of singleton bean 'entityManagerFactoryBuilder'
2024-04-29T20:51:28.008-04:00 DEBUG 12448 --- [atenciones_medicas] [           main] o.s.b.f.s.DefaultListableBeanFactory     : Creating shared instance of singleton bean 'jpaVendorAdapter'
2024-04-29T20:51:28.029-04:00 DEBUG 12448 --- [atenciones_medicas] [           main] o.s.b.f.s.DefaultListableBeanFactory     : Autowiring by type from bean name 'entityManagerFactoryBuilder' via factory method to bean named 'jpaVendorAdapter'
2024-04-29T20:51:28.034-04:00 DEBUG 12448 --- [atenciones_medicas] [           main] o.s.b.f.s.DefaultListableBeanFactory     : Creating shared instance of singleton bean 'persistenceManagedTypes'
2024-04-29T20:51:28.036-04:00 DEBUG 12448 --- [atenciones_medicas] [           main] o.s.b.f.s.DefaultListableBeanFactory     : Autowiring by type from bean name 'persistenceManagedTypes' via factory method to bean named 'org.springframework.beans.factory.support.DefaultListableBeanFactory@502f8b57'
2024-04-29T20:51:28.036-04:00 DEBUG 12448 --- [atenciones_medicas] [           main] o.s.b.f.s.DefaultListableBeanFactory     : Autowiring by type from bean name 'persistenceManagedTypes' via factory method to bean named 'org.springframework.web.context.support.GenericWebApplicationContext@1bc53649'
2024-04-29T20:51:28.052-04:00 DEBUG 12448 --- [atenciones_medicas] [           main] o.s.b.f.s.DefaultListableBeanFactory     : Autowiring by type from bean name 'entityManagerFactory' via factory method to bean named 'entityManagerFactoryBuilder'
2024-04-29T20:51:28.052-04:00 DEBUG 12448 --- [atenciones_medicas] [           main] o.s.b.f.s.DefaultListableBeanFactory     : Autowiring by type from bean name 'entityManagerFactory' via factory method to bean named 'persistenceManagedTypes'
2024-04-29T20:51:28.092-04:00 DEBUG 12448 --- [atenciones_medicas] [           main] j.LocalContainerEntityManagerFactoryBean : Building JPA container EntityManagerFactory for persistence unit 'default'
2024-04-29T20:51:28.127-04:00 DEBUG 12448 --- [atenciones_medicas] [           main] o.hibernate.jpa.internal.util.LogHelper  : PersistenceUnitInfo [
	name: default
	persistence provider classname: null
	classloader: jdk.internal.loader.ClassLoaders$AppClassLoader@70dea4e
	excludeUnlistedClasses: true
	JTA datasource: null
	Non JTA datasource: HikariDataSource (null)
	Transaction type: RESOURCE_LOCAL
	PU root URL: file:/C:/Users/JavierLopez/Desktop/DesarrolloDuocUC/atenciones_medicas/target/test-classes/
	Shared Cache Mode: UNSPECIFIED
	Validation Mode: AUTO
	Jar files URLs []
	Managed classes names [
		com.example.atenciones_medicas.model.AtencionMedica
		com.example.atenciones_medicas.model.Paciente]
	Mapping files names []
	Properties []
2024-04-29T20:51:28.158-04:00 DEBUG 12448 --- [atenciones_medicas] [           main] o.h.i.internal.IntegratorServiceImpl     : Adding Integrator [org.hibernate.boot.beanvalidation.BeanValidationIntegrator].
2024-04-29T20:51:28.163-04:00 DEBUG 12448 --- [atenciones_medicas] [           main] o.h.i.internal.IntegratorServiceImpl     : Adding Integrator [org.hibernate.cache.internal.CollectionCacheInvalidator].
2024-04-29T20:51:28.336-04:00  INFO 12448 --- [atenciones_medicas] [           main] org.hibernate.Version                    : HHH000412: Hibernate ORM core version 6.4.4.Final
2024-04-29T20:51:28.339-04:00 DEBUG 12448 --- [atenciones_medicas] [           main] org.hibernate.cfg.Environment            : HHH000206: 'hibernate.properties' not found
2024-04-29T20:51:28.390-04:00 DEBUG 12448 --- [atenciones_medicas] [           main] org.hibernate.orm.idgen.factory          : Registering IdentifierGenerator strategy [uuid2] -> [org.hibernate.id.UUIDGenerator]
2024-04-29T20:51:28.391-04:00 DEBUG 12448 --- [atenciones_medicas] [           main] org.hibernate.orm.idgen.factory          : Registering IdentifierGenerator strategy [guid] -> [org.hibernate.id.GUIDGenerator]
2024-04-29T20:51:28.392-04:00 DEBUG 12448 --- [atenciones_medicas] [           main] org.hibernate.orm.idgen.factory          : Registering IdentifierGenerator strategy [uuid] -> [org.hibernate.id.UUIDHexGenerator]
2024-04-29T20:51:28.393-04:00 DEBUG 12448 --- [atenciones_medicas] [           main] org.hibernate.orm.idgen.factory          : Registering IdentifierGenerator strategy [uuid.hex] -> [org.hibernate.id.UUIDHexGenerator]
2024-04-29T20:51:28.393-04:00 DEBUG 12448 --- [atenciones_medicas] [           main] org.hibernate.orm.idgen.factory          : Registering IdentifierGenerator strategy [assigned] -> [org.hibernate.id.Assigned]
2024-04-29T20:51:28.395-04:00 DEBUG 12448 --- [atenciones_medicas] [           main] org.hibernate.orm.idgen.factory          : Registering IdentifierGenerator strategy [identity] -> [org.hibernate.id.IdentityGenerator]
2024-04-29T20:51:28.395-04:00 DEBUG 12448 --- [atenciones_medicas] [           main] org.hibernate.orm.idgen.factory          : Registering IdentifierGenerator strategy [select] -> [org.hibernate.id.SelectGenerator]
2024-04-29T20:51:28.397-04:00 DEBUG 12448 --- [atenciones_medicas] [           main] org.hibernate.orm.idgen.factory          : Registering IdentifierGenerator strategy [sequence] -> [org.hibernate.id.enhanced.SequenceStyleGenerator]
2024-04-29T20:51:28.398-04:00 DEBUG 12448 --- [atenciones_medicas] [           main] org.hibernate.orm.idgen.factory          : Registering IdentifierGenerator strategy [increment] -> [org.hibernate.id.IncrementGenerator]
2024-04-29T20:51:28.399-04:00 DEBUG 12448 --- [atenciones_medicas] [           main] org.hibernate.orm.idgen.factory          : Registering IdentifierGenerator strategy [foreign] -> [org.hibernate.id.ForeignGenerator]
2024-04-29T20:51:28.399-04:00 DEBUG 12448 --- [atenciones_medicas] [           main] org.hibernate.orm.idgen.factory          : Registering IdentifierGenerator strategy [enhanced-sequence] -> [org.hibernate.id.enhanced.SequenceStyleGenerator]
2024-04-29T20:51:28.400-04:00 DEBUG 12448 --- [atenciones_medicas] [           main] org.hibernate.orm.idgen.factory          : Registering IdentifierGenerator strategy [enhanced-table] -> [org.hibernate.id.enhanced.TableGenerator]
2024-04-29T20:51:28.414-04:00 DEBUG 12448 --- [atenciones_medicas] [           main] o.h.c.internal.RegionFactoryInitiator    : Cannot default RegionFactory based on registered strategies as `[]` RegionFactory strategies were registered
2024-04-29T20:51:28.416-04:00  INFO 12448 --- [atenciones_medicas] [           main] o.h.c.internal.RegionFactoryInitiator    : HHH000026: Second-level cache disabled
2024-04-29T20:51:28.618-04:00 DEBUG 12448 --- [atenciones_medicas] [           main] org.hibernate.type.BasicTypeRegistry     : Adding type registration boolean -> org.hibernate.type.BasicTypeReference@7e3d2ebd
2024-04-29T20:51:28.618-04:00 DEBUG 12448 --- [atenciones_medicas] [           main] org.hibernate.type.BasicTypeRegistry     : Adding type registration boolean -> org.hibernate.type.BasicTypeReference@7e3d2ebd
2024-04-29T20:51:28.618-04:00 DEBUG 12448 --- [atenciones_medicas] [           main] org.hibernate.type.BasicTypeRegistry     : Adding type registration java.lang.Boolean -> org.hibernate.type.BasicTypeReference@7e3d2ebd
2024-04-29T20:51:28.618-04:00 DEBUG 12448 --- [atenciones_medicas] [           main] org.hibernate.type.BasicTypeRegistry     : Adding type registration numeric_boolean -> org.hibernate.type.BasicTypeReference@2b43f314
2024-04-29T20:51:28.618-04:00 DEBUG 12448 --- [atenciones_medicas] [           main] org.hibernate.type.BasicTypeRegistry     : Adding type registration org.hibernate.type.NumericBooleanConverter -> org.hibernate.type.BasicTypeReference@2b43f314
2024-04-29T20:51:28.618-04:00 DEBUG 12448 --- [atenciones_medicas] [           main] org.hibernate.type.BasicTypeRegistry     : Adding type registration true_false -> org.hibernate.type.BasicTypeReference@3a4a5f3c
2024-04-29T20:51:28.618-04:00 DEBUG 12448 --- [atenciones_medicas] [           main] org.hibernate.type.BasicTypeRegistry     : Adding type registration org.hibernate.type.TrueFalseConverter -> org.hibernate.type.BasicTypeReference@3a4a5f3c
2024-04-29T20:51:28.618-04:00 DEBUG 12448 --- [atenciones_medicas] [           main] org.hibernate.type.BasicTypeRegistry     : Adding type registration yes_no -> org.hibernate.type.BasicTypeReference@4f3356c0
2024-04-29T20:51:28.619-04:00 DEBUG 12448 --- [atenciones_medicas] [           main] org.hibernate.type.BasicTypeRegistry     : Adding type registration org.hibernate.type.YesNoConverter -> org.hibernate.type.BasicTypeReference@4f3356c0
2024-04-29T20:51:28.619-04:00 DEBUG 12448 --- [atenciones_medicas] [           main] org.hibernate.type.BasicTypeRegistry     : Adding type registration byte -> org.hibernate.type.BasicTypeReference@586cc15d
2024-04-29T20:51:28.619-04:00 DEBUG 12448 --- [atenciones_medicas] [           main] org.hibernate.type.BasicTypeRegistry     : Adding type registration byte -> org.hibernate.type.BasicTypeReference@586cc15d
2024-04-29T20:51:28.619-04:00 DEBUG 12448 --- [atenciones_medicas] [           main] org.hibernate.type.BasicTypeRegistry     : Adding type registration java.lang.Byte -> org.hibernate.type.BasicTypeReference@586cc15d
2024-04-29T20:51:28.619-04:00 DEBUG 12448 --- [atenciones_medicas] [           main] org.hibernate.type.BasicTypeRegistry     : Adding type registration binary -> org.hibernate.type.BasicTypeReference@6c835217
2024-04-29T20:51:28.619-04:00 DEBUG 12448 --- [atenciones_medicas] [           main] org.hibernate.type.BasicTypeRegistry     : Adding type registration byte[] -> org.hibernate.type.BasicTypeReference@6c835217
2024-04-29T20:51:28.619-04:00 DEBUG 12448 --- [atenciones_medicas] [           main] org.hibernate.type.BasicTypeRegistry     : Adding type registration [B -> org.hibernate.type.BasicTypeReference@6c835217
2024-04-29T20:51:28.619-04:00 DEBUG 12448 --- [atenciones_medicas] [           main] org.hibernate.type.BasicTypeRegistry     : Adding type registration binary_wrapper -> org.hibernate.type.BasicTypeReference@4584304
2024-04-29T20:51:28.619-04:00 DEBUG 12448 --- [atenciones_medicas] [           main] org.hibernate.type.BasicTypeRegistry     : Adding type registration wrapper-binary -> org.hibernate.type.BasicTypeReference@4584304
2024-04-29T20:51:28.619-04:00 DEBUG 12448 --- [atenciones_medicas] [           main] org.hibernate.type.BasicTypeRegistry     : Adding type registration image -> org.hibernate.type.BasicTypeReference@51888019
2024-04-29T20:51:28.619-04:00 DEBUG 12448 --- [atenciones_medicas] [           main] org.hibernate.type.BasicTypeRegistry     : Adding type registration blob -> org.hibernate.type.BasicTypeReference@6f50d55c
2024-04-29T20:51:28.619-04:00 DEBUG 12448 --- [atenciones_medicas] [           main] org.hibernate.type.BasicTypeRegistry     : Adding type registration java.sql.Blob -> org.hibernate.type.BasicTypeReference@6f50d55c
2024-04-29T20:51:28.619-04:00 DEBUG 12448 --- [atenciones_medicas] [           main] org.hibernate.type.BasicTypeRegistry     : Adding type registration materialized_blob -> org.hibernate.type.BasicTypeReference@19b5214b
2024-04-29T20:51:28.619-04:00 DEBUG 12448 --- [atenciones_medicas] [           main] org.hibernate.type.BasicTypeRegistry     : Adding type registration materialized_blob_wrapper -> org.hibernate.type.BasicTypeReference@5fb3111a
2024-04-29T20:51:28.619-04:00 DEBUG 12448 --- [atenciones_medicas] [           main] org.hibernate.type.BasicTypeRegistry     : Adding type registration short -> org.hibernate.type.BasicTypeReference@4aaecabd
2024-04-29T20:51:28.620-04:00 DEBUG 12448 --- [atenciones_medicas] [           main] org.hibernate.type.BasicTypeRegistry     : Adding type registration short -> org.hibernate.type.BasicTypeReference@4aaecabd
2024-04-29T20:51:28.620-04:00 DEBUG 12448 --- [atenciones_medicas] [           main] org.hibernate.type.BasicTypeRegistry     : Adding type registration java.lang.Short -> org.hibernate.type.BasicTypeReference@4aaecabd
2024-04-29T20:51:28.620-04:00 DEBUG 12448 --- [atenciones_medicas] [           main] org.hibernate.type.BasicTypeRegistry     : Adding type registration integer -> org.hibernate.type.BasicTypeReference@23bd0c81
2024-04-29T20:51:28.620-04:00 DEBUG 12448 --- [atenciones_medicas] [           main] org.hibernate.type.BasicTypeRegistry     : Adding type registration int -> org.hibernate.type.BasicTypeReference@23bd0c81
2024-04-29T20:51:28.620-04:00 DEBUG 12448 --- [atenciones_medicas] [           main] org.hibernate.type.BasicTypeRegistry     : Adding type registration java.lang.Integer -> org.hibernate.type.BasicTypeReference@23bd0c81
2024-04-29T20:51:28.620-04:00 DEBUG 12448 --- [atenciones_medicas] [           main] org.hibernate.type.BasicTypeRegistry     : Adding type registration long -> org.hibernate.type.BasicTypeReference@1332dec4
2024-04-29T20:51:28.620-04:00 DEBUG 12448 --- [atenciones_medicas] [           main] org.hibernate.type.BasicTypeRegistry     : Adding type registration long -> org.hibernate.type.BasicTypeReference@1332dec4
2024-04-29T20:51:28.620-04:00 DEBUG 12448 --- [atenciones_medicas] [           main] org.hibernate.type.BasicTypeRegistry     : Adding type registration java.lang.Long -> org.hibernate.type.BasicTypeReference@1332dec4
2024-04-29T20:51:28.620-04:00 DEBUG 12448 --- [atenciones_medicas] [           main] org.hibernate.type.BasicTypeRegistry     : Adding type registration float -> org.hibernate.type.BasicTypeReference@544e3679
2024-04-29T20:51:28.620-04:00 DEBUG 12448 --- [atenciones_medicas] [           main] org.hibernate.type.BasicTypeRegistry     : Adding type registration float -> org.hibernate.type.BasicTypeReference@544e3679
2024-04-29T20:51:28.620-04:00 DEBUG 12448 --- [atenciones_medicas] [           main] org.hibernate.type.BasicTypeRegistry     : Adding type registration java.lang.Float -> org.hibernate.type.BasicTypeReference@544e3679
2024-04-29T20:51:28.620-04:00 DEBUG 12448 --- [atenciones_medicas] [           main] org.hibernate.type.BasicTypeRegistry     : Adding type registration double -> org.hibernate.type.BasicTypeReference@6889f56f
2024-04-29T20:51:28.621-04:00 DEBUG 12448 --- [atenciones_medicas] [           main] org.hibernate.type.BasicTypeRegistry     : Adding type registration double -> org.hibernate.type.BasicTypeReference@6889f56f
2024-04-29T20:51:28.621-04:00 DEBUG 12448 --- [atenciones_medicas] [           main] org.hibernate.type.BasicTypeRegistry     : Adding type registration java.lang.Double -> org.hibernate.type.BasicTypeReference@6889f56f
2024-04-29T20:51:28.621-04:00 DEBUG 12448 --- [atenciones_medicas] [           main] org.hibernate.type.BasicTypeRegistry     : Adding type registration big_integer -> org.hibernate.type.BasicTypeReference@231b35fb
2024-04-29T20:51:28.621-04:00 DEBUG 12448 --- [atenciones_medicas] [           main] org.hibernate.type.BasicTypeRegistry     : Adding type registration java.math.BigInteger -> org.hibernate.type.BasicTypeReference@231b35fb
2024-04-29T20:51:28.621-04:00 DEBUG 12448 --- [atenciones_medicas] [           main] org.hibernate.type.BasicTypeRegistry     : Adding type registration big_decimal -> org.hibernate.type.BasicTypeReference@26da1ba2
2024-04-29T20:51:28.621-04:00 DEBUG 12448 --- [atenciones_medicas] [           main] org.hibernate.type.BasicTypeRegistry     : Adding type registration java.math.BigDecimal -> org.hibernate.type.BasicTypeReference@26da1ba2
2024-04-29T20:51:28.621-04:00 DEBUG 12448 --- [atenciones_medicas] [           main] org.hibernate.type.BasicTypeRegistry     : Adding type registration character -> org.hibernate.type.BasicTypeReference@3820cfe
2024-04-29T20:51:28.621-04:00 DEBUG 12448 --- [atenciones_medicas] [           main] org.hibernate.type.BasicTypeRegistry     : Adding type registration char -> org.hibernate.type.BasicTypeReference@3820cfe
2024-04-29T20:51:28.621-04:00 DEBUG 12448 --- [atenciones_medicas] [           main] org.hibernate.type.BasicTypeRegistry     : Adding type registration java.lang.Character -> org.hibernate.type.BasicTypeReference@3820cfe
2024-04-29T20:51:28.622-04:00 DEBUG 12448 --- [atenciones_medicas] [           main] org.hibernate.type.BasicTypeRegistry     : Adding type registration character_nchar -> org.hibernate.type.BasicTypeReference@2407a36c
2024-04-29T20:51:28.622-04:00 DEBUG 12448 --- [atenciones_medicas] [           main] org.hibernate.type.BasicTypeRegistry     : Adding type registration string -> org.hibernate.type.BasicTypeReference@5ec9eefa
2024-04-29T20:51:28.622-04:00 DEBUG 12448 --- [atenciones_medicas] [           main] org.hibernate.type.BasicTypeRegistry     : Adding type registration java.lang.String -> org.hibernate.type.BasicTypeReference@5ec9eefa
2024-04-29T20:51:28.622-04:00 DEBUG 12448 --- [atenciones_medicas] [           main] org.hibernate.type.BasicTypeRegistry     : Adding type registration nstring -> org.hibernate.type.BasicTypeReference@28b8f98a
2024-04-29T20:51:28.622-04:00 DEBUG 12448 --- [atenciones_medicas] [           main] org.hibernate.type.BasicTypeRegistry     : Adding type registration characters -> org.hibernate.type.BasicTypeReference@3b4ef59f
2024-04-29T20:51:28.622-04:00 DEBUG 12448 --- [atenciones_medicas] [           main] org.hibernate.type.BasicTypeRegistry     : Adding type registration char[] -> org.hibernate.type.BasicTypeReference@3b4ef59f
2024-04-29T20:51:28.622-04:00 DEBUG 12448 --- [atenciones_medicas] [           main] org.hibernate.type.BasicTypeRegistry     : Adding type registration [C -> org.hibernate.type.BasicTypeReference@3b4ef59f
2024-04-29T20:51:28.622-04:00 DEBUG 12448 --- [atenciones_medicas] [           main] org.hibernate.type.BasicTypeRegistry     : Adding type registration wrapper-characters -> org.hibernate.type.BasicTypeReference@22cb3d59
2024-04-29T20:51:28.622-04:00 DEBUG 12448 --- [atenciones_medicas] [           main] org.hibernate.type.BasicTypeRegistry     : Adding type registration text -> org.hibernate.type.BasicTypeReference@33e4b9c4
2024-04-29T20:51:28.622-04:00 DEBUG 12448 --- [atenciones_medicas] [           main] org.hibernate.type.BasicTypeRegistry     : Adding type registration ntext -> org.hibernate.type.BasicTypeReference@5cff729b
2024-04-29T20:51:28.623-04:00 DEBUG 12448 --- [atenciones_medicas] [           main] org.hibernate.type.BasicTypeRegistry     : Adding type registration clob -> org.hibernate.type.BasicTypeReference@10d18696
2024-04-29T20:51:28.623-04:00 DEBUG 12448 --- [atenciones_medicas] [           main] org.hibernate.type.BasicTypeRegistry     : Adding type registration java.sql.Clob -> org.hibernate.type.BasicTypeReference@10d18696
2024-04-29T20:51:28.623-04:00 DEBUG 12448 --- [atenciones_medicas] [           main] org.hibernate.type.BasicTypeRegistry     : Adding type registration nclob -> org.hibernate.type.BasicTypeReference@6b8b5020
2024-04-29T20:51:28.623-04:00 DEBUG 12448 --- [atenciones_medicas] [           main] org.hibernate.type.BasicTypeRegistry     : Adding type registration java.sql.NClob -> org.hibernate.type.BasicTypeReference@6b8b5020
2024-04-29T20:51:28.623-04:00 DEBUG 12448 --- [atenciones_medicas] [           main] org.hibernate.type.BasicTypeRegistry     : Adding type registration materialized_clob -> org.hibernate.type.BasicTypeReference@7d37ee0c
2024-04-29T20:51:28.623-04:00 DEBUG 12448 --- [atenciones_medicas] [           main] org.hibernate.type.BasicTypeRegistry     : Adding type registration materialized_clob_char_array -> org.hibernate.type.BasicTypeReference@5a7b309b
2024-04-29T20:51:28.623-04:00 DEBUG 12448 --- [atenciones_medicas] [           main] org.hibernate.type.BasicTypeRegistry     : Adding type registration materialized_clob_character_array -> org.hibernate.type.BasicTypeReference@4602f874
2024-04-29T20:51:28.623-04:00 DEBUG 12448 --- [atenciones_medicas] [           main] org.hibernate.type.BasicTypeRegistry     : Adding type registration materialized_nclob -> org.hibernate.type.BasicTypeReference@7739aac4
2024-04-29T20:51:28.623-04:00 DEBUG 12448 --- [atenciones_medicas] [           main] org.hibernate.type.BasicTypeRegistry     : Adding type registration materialized_nclob_character_array -> org.hibernate.type.BasicTypeReference@353c6da1
2024-04-29T20:51:28.623-04:00 DEBUG 12448 --- [atenciones_medicas] [           main] org.hibernate.type.BasicTypeRegistry     : Adding type registration materialized_nclob_char_array -> org.hibernate.type.BasicTypeReference@36c07c75
2024-04-29T20:51:28.623-04:00 DEBUG 12448 --- [atenciones_medicas] [           main] org.hibernate.type.BasicTypeRegistry     : Adding type registration Duration -> org.hibernate.type.BasicTypeReference@6750e381
2024-04-29T20:51:28.624-04:00 DEBUG 12448 --- [atenciones_medicas] [           main] org.hibernate.type.BasicTypeRegistry     : Adding type registration java.time.Duration -> org.hibernate.type.BasicTypeReference@6750e381
2024-04-29T20:51:28.624-04:00 DEBUG 12448 --- [atenciones_medicas] [           main] org.hibernate.type.BasicTypeRegistry     : Adding type registration LocalDateTime -> org.hibernate.type.BasicTypeReference@5d850a25
2024-04-29T20:51:28.624-04:00 DEBUG 12448 --- [atenciones_medicas] [           main] org.hibernate.type.BasicTypeRegistry     : Adding type registration java.time.LocalDateTime -> org.hibernate.type.BasicTypeReference@5d850a25
2024-04-29T20:51:28.624-04:00 DEBUG 12448 --- [atenciones_medicas] [           main] org.hibernate.type.BasicTypeRegistry     : Adding type registration LocalDate -> org.hibernate.type.BasicTypeReference@b022551
2024-04-29T20:51:28.624-04:00 DEBUG 12448 --- [atenciones_medicas] [           main] org.hibernate.type.BasicTypeRegistry     : Adding type registration java.time.LocalDate -> org.hibernate.type.BasicTypeReference@b022551
2024-04-29T20:51:28.624-04:00 DEBUG 12448 --- [atenciones_medicas] [           main] org.hibernate.type.BasicTypeRegistry     : Adding type registration LocalTime -> org.hibernate.type.BasicTypeReference@3e14d390
2024-04-29T20:51:28.624-04:00 DEBUG 12448 --- [atenciones_medicas] [           main] org.hibernate.type.BasicTypeRegistry     : Adding type registration java.time.LocalTime -> org.hibernate.type.BasicTypeReference@3e14d390
2024-04-29T20:51:28.624-04:00 DEBUG 12448 --- [atenciones_medicas] [           main] org.hibernate.type.BasicTypeRegistry     : Adding type registration OffsetDateTime -> org.hibernate.type.BasicTypeReference@5eb87338
2024-04-29T20:51:28.624-04:00 DEBUG 12448 --- [atenciones_medicas] [           main] org.hibernate.type.BasicTypeRegistry     : Adding type registration java.time.OffsetDateTime -> org.hibernate.type.BasicTypeReference@5eb87338
2024-04-29T20:51:28.624-04:00 DEBUG 12448 --- [atenciones_medicas] [           main] org.hibernate.type.BasicTypeRegistry     : Adding type registration OffsetDateTimeWithTimezone -> org.hibernate.type.BasicTypeReference@2b999ee8
2024-04-29T20:51:28.624-04:00 DEBUG 12448 --- [atenciones_medicas] [           main] org.hibernate.type.BasicTypeRegistry     : Adding type registration OffsetDateTimeWithoutTimezone -> org.hibernate.type.BasicTypeReference@31ab1e67
2024-04-29T20:51:28.625-04:00 DEBUG 12448 --- [atenciones_medicas] [           main] org.hibernate.type.BasicTypeRegistry     : Adding type registration OffsetTime -> org.hibernate.type.BasicTypeReference@29bbc391
2024-04-29T20:51:28.625-04:00 DEBUG 12448 --- [atenciones_medicas] [           main] org.hibernate.type.BasicTypeRegistry     : Adding type registration java.time.OffsetTime -> org.hibernate.type.BasicTypeReference@29bbc391
2024-04-29T20:51:28.625-04:00 DEBUG 12448 --- [atenciones_medicas] [           main] org.hibernate.type.BasicTypeRegistry     : Adding type registration OffsetTimeUtc -> org.hibernate.type.BasicTypeReference@3487442d
2024-04-29T20:51:28.625-04:00 DEBUG 12448 --- [atenciones_medicas] [           main] org.hibernate.type.BasicTypeRegistry     : Adding type registration OffsetTimeWithTimezone -> org.hibernate.type.BasicTypeReference@530ee28b
2024-04-29T20:51:28.625-04:00 DEBUG 12448 --- [atenciones_medicas] [           main] org.hibernate.type.BasicTypeRegistry     : Adding type registration OffsetTimeWithoutTimezone -> org.hibernate.type.BasicTypeReference@3a3f96ab
2024-04-29T20:51:28.625-04:00 DEBUG 12448 --- [atenciones_medicas] [           main] org.hibernate.type.BasicTypeRegistry     : Adding type registration ZonedDateTime -> org.hibernate.type.BasicTypeReference@4def7d36
2024-04-29T20:51:28.625-04:00 DEBUG 12448 --- [atenciones_medicas] [           main] org.hibernate.type.BasicTypeRegistry     : Adding type registration java.time.ZonedDateTime -> org.hibernate.type.BasicTypeReference@4def7d36
2024-04-29T20:51:28.625-04:00 DEBUG 12448 --- [atenciones_medicas] [           main] org.hibernate.type.BasicTypeRegistry     : Adding type registration ZonedDateTimeWithTimezone -> org.hibernate.type.BasicTypeReference@43c7fe8a
2024-04-29T20:51:28.625-04:00 DEBUG 12448 --- [atenciones_medicas] [           main] org.hibernate.type.BasicTypeRegistry     : Adding type registration ZonedDateTimeWithoutTimezone -> org.hibernate.type.BasicTypeReference@67f946c3
2024-04-29T20:51:28.625-04:00 DEBUG 12448 --- [atenciones_medicas] [           main] org.hibernate.type.BasicTypeRegistry     : Adding type registration date -> org.hibernate.type.BasicTypeReference@21b51e59
2024-04-29T20:51:28.625-04:00 DEBUG 12448 --- [atenciones_medicas] [           main] org.hibernate.type.BasicTypeRegistry     : Adding type registration java.sql.Date -> org.hibernate.type.BasicTypeReference@21b51e59
2024-04-29T20:51:28.626-04:00 DEBUG 12448 --- [atenciones_medicas] [           main] org.hibernate.type.BasicTypeRegistry     : Adding type registration time -> org.hibernate.type.BasicTypeReference@1785d194
2024-04-29T20:51:28.626-04:00 DEBUG 12448 --- [atenciones_medicas] [           main] org.hibernate.type.BasicTypeRegistry     : Adding type registration java.sql.Time -> org.hibernate.type.BasicTypeReference@1785d194
2024-04-29T20:51:28.626-04:00 DEBUG 12448 --- [atenciones_medicas] [           main] org.hibernate.type.BasicTypeRegistry     : Adding type registration timestamp -> org.hibernate.type.BasicTypeReference@6b4a4e40
2024-04-29T20:51:28.626-04:00 DEBUG 12448 --- [atenciones_medicas] [           main] org.hibernate.type.BasicTypeRegistry     : Adding type registration java.sql.Timestamp -> org.hibernate.type.BasicTypeReference@6b4a4e40
2024-04-29T20:51:28.626-04:00 DEBUG 12448 --- [atenciones_medicas] [           main] org.hibernate.type.BasicTypeRegistry     : Adding type registration java.util.Date -> org.hibernate.type.BasicTypeReference@6b4a4e40
2024-04-29T20:51:28.626-04:00 DEBUG 12448 --- [atenciones_medicas] [           main] org.hibernate.type.BasicTypeRegistry     : Adding type registration calendar -> org.hibernate.type.BasicTypeReference@46a8c2b4
2024-04-29T20:51:28.626-04:00 DEBUG 12448 --- [atenciones_medicas] [           main] org.hibernate.type.BasicTypeRegistry     : Adding type registration java.util.Calendar -> org.hibernate.type.BasicTypeReference@46a8c2b4
2024-04-29T20:51:28.626-04:00 DEBUG 12448 --- [atenciones_medicas] [           main] org.hibernate.type.BasicTypeRegistry     : Adding type registration java.util.GregorianCalendar -> org.hibernate.type.BasicTypeReference@46a8c2b4
2024-04-29T20:51:28.627-04:00 DEBUG 12448 --- [atenciones_medicas] [           main] org.hibernate.type.BasicTypeRegistry     : Adding type registration calendar_date -> org.hibernate.type.BasicTypeReference@4f664bee
2024-04-29T20:51:28.627-04:00 DEBUG 12448 --- [atenciones_medicas] [           main] org.hibernate.type.BasicTypeRegistry     : Adding type registration calendar_time -> org.hibernate.type.BasicTypeReference@4fd74223
2024-04-29T20:51:28.627-04:00 DEBUG 12448 --- [atenciones_medicas] [           main] org.hibernate.type.BasicTypeRegistry     : Adding type registration instant -> org.hibernate.type.BasicTypeReference@4fea840f
2024-04-29T20:51:28.628-04:00 DEBUG 12448 --- [atenciones_medicas] [           main] org.hibernate.type.BasicTypeRegistry     : Adding type registration java.time.Instant -> org.hibernate.type.BasicTypeReference@4fea840f
2024-04-29T20:51:28.628-04:00 DEBUG 12448 --- [atenciones_medicas] [           main] org.hibernate.type.BasicTypeRegistry     : Adding type registration uuid -> org.hibernate.type.BasicTypeReference@32ae8f27
2024-04-29T20:51:28.628-04:00 DEBUG 12448 --- [atenciones_medicas] [           main] org.hibernate.type.BasicTypeRegistry     : Adding type registration java.util.UUID -> org.hibernate.type.BasicTypeReference@32ae8f27
2024-04-29T20:51:28.628-04:00 DEBUG 12448 --- [atenciones_medicas] [           main] org.hibernate.type.BasicTypeRegistry     : Adding type registration pg-uuid -> org.hibernate.type.BasicTypeReference@32ae8f27
2024-04-29T20:51:28.628-04:00 DEBUG 12448 --- [atenciones_medicas] [           main] org.hibernate.type.BasicTypeRegistry     : Adding type registration uuid-binary -> org.hibernate.type.BasicTypeReference@75e80a97
2024-04-29T20:51:28.628-04:00 DEBUG 12448 --- [atenciones_medicas] [           main] org.hibernate.type.BasicTypeRegistry     : Adding type registration uuid-char -> org.hibernate.type.BasicTypeReference@5b8853
2024-04-29T20:51:28.628-04:00 DEBUG 12448 --- [atenciones_medicas] [           main] org.hibernate.type.BasicTypeRegistry     : Adding type registration class -> org.hibernate.type.BasicTypeReference@1b8aaeab
2024-04-29T20:51:28.628-04:00 DEBUG 12448 --- [atenciones_medicas] [           main] org.hibernate.type.BasicTypeRegistry     : Adding type registration java.lang.Class -> org.hibernate.type.BasicTypeReference@1b8aaeab
2024-04-29T20:51:28.628-04:00 DEBUG 12448 --- [atenciones_medicas] [           main] org.hibernate.type.BasicTypeRegistry     : Adding type registration currency -> org.hibernate.type.BasicTypeReference@5d1bdd4a
2024-04-29T20:51:28.628-04:00 DEBUG 12448 --- [atenciones_medicas] [           main] org.hibernate.type.BasicTypeRegistry     : Adding type registration Currency -> org.hibernate.type.BasicTypeReference@5d1bdd4a
2024-04-29T20:51:28.628-04:00 DEBUG 12448 --- [atenciones_medicas] [           main] org.hibernate.type.BasicTypeRegistry     : Adding type registration java.util.Currency -> org.hibernate.type.BasicTypeReference@5d1bdd4a
2024-04-29T20:51:28.629-04:00 DEBUG 12448 --- [atenciones_medicas] [           main] org.hibernate.type.BasicTypeRegistry     : Adding type registration locale -> org.hibernate.type.BasicTypeReference@6812c8cc
2024-04-29T20:51:28.629-04:00 DEBUG 12448 --- [atenciones_medicas] [           main] org.hibernate.type.BasicTypeRegistry     : Adding type registration java.util.Locale -> org.hibernate.type.BasicTypeReference@6812c8cc
2024-04-29T20:51:28.629-04:00 DEBUG 12448 --- [atenciones_medicas] [           main] org.hibernate.type.BasicTypeRegistry     : Adding type registration serializable -> org.hibernate.type.BasicTypeReference@3457cc8d
2024-04-29T20:51:28.629-04:00 DEBUG 12448 --- [atenciones_medicas] [           main] org.hibernate.type.BasicTypeRegistry     : Adding type registration java.io.Serializable -> org.hibernate.type.BasicTypeReference@3457cc8d
2024-04-29T20:51:28.629-04:00 DEBUG 12448 --- [atenciones_medicas] [           main] org.hibernate.type.BasicTypeRegistry     : Adding type registration timezone -> org.hibernate.type.BasicTypeReference@7a66c35a
2024-04-29T20:51:28.629-04:00 DEBUG 12448 --- [atenciones_medicas] [           main] org.hibernate.type.BasicTypeRegistry     : Adding type registration java.util.TimeZone -> org.hibernate.type.BasicTypeReference@7a66c35a
2024-04-29T20:51:28.629-04:00 DEBUG 12448 --- [atenciones_medicas] [           main] org.hibernate.type.BasicTypeRegistry     : Adding type registration ZoneOffset -> org.hibernate.type.BasicTypeReference@7994a0d1
2024-04-29T20:51:28.629-04:00 DEBUG 12448 --- [atenciones_medicas] [           main] org.hibernate.type.BasicTypeRegistry     : Adding type registration java.time.ZoneOffset -> org.hibernate.type.BasicTypeReference@7994a0d1
2024-04-29T20:51:28.629-04:00 DEBUG 12448 --- [atenciones_medicas] [           main] org.hibernate.type.BasicTypeRegistry     : Adding type registration url -> org.hibernate.type.BasicTypeReference@73e4387
2024-04-29T20:51:28.629-04:00 DEBUG 12448 --- [atenciones_medicas] [           main] org.hibernate.type.BasicTypeRegistry     : Adding type registration java.net.URL -> org.hibernate.type.BasicTypeReference@73e4387
2024-04-29T20:51:28.629-04:00 DEBUG 12448 --- [atenciones_medicas] [           main] org.hibernate.type.BasicTypeRegistry     : Adding type registration vector -> org.hibernate.type.BasicTypeReference@d87d449
2024-04-29T20:51:28.629-04:00 DEBUG 12448 --- [atenciones_medicas] [           main] org.hibernate.type.BasicTypeRegistry     : Adding type registration row_version -> org.hibernate.type.BasicTypeReference@4137aab0
2024-04-29T20:51:28.637-04:00 DEBUG 12448 --- [atenciones_medicas] [           main] org.hibernate.type.BasicTypeRegistry     : Adding type registration object -> org.hibernate.type.JavaObjectType@4cc12db2
2024-04-29T20:51:28.637-04:00 DEBUG 12448 --- [atenciones_medicas] [           main] org.hibernate.type.BasicTypeRegistry     : Adding type registration java.lang.Object -> org.hibernate.type.JavaObjectType@4cc12db2
2024-04-29T20:51:28.638-04:00 DEBUG 12448 --- [atenciones_medicas] [           main] org.hibernate.type.BasicTypeRegistry     : Adding type registration null -> org.hibernate.type.NullType@2cccf134
2024-04-29T20:51:28.639-04:00 DEBUG 12448 --- [atenciones_medicas] [           main] org.hibernate.type.BasicTypeRegistry     : Adding type registration imm_date -> org.hibernate.type.BasicTypeReference@3c18942
2024-04-29T20:51:28.639-04:00 DEBUG 12448 --- [atenciones_medicas] [           main] org.hibernate.type.BasicTypeRegistry     : Adding type registration imm_time -> org.hibernate.type.BasicTypeReference@743c3520
2024-04-29T20:51:28.639-04:00 DEBUG 12448 --- [atenciones_medicas] [           main] org.hibernate.type.BasicTypeRegistry     : Adding type registration imm_timestamp -> org.hibernate.type.BasicTypeReference@6842c101
2024-04-29T20:51:28.639-04:00 DEBUG 12448 --- [atenciones_medicas] [           main] org.hibernate.type.BasicTypeRegistry     : Adding type registration imm_calendar -> org.hibernate.type.BasicTypeReference@234cd86c
2024-04-29T20:51:28.639-04:00 DEBUG 12448 --- [atenciones_medicas] [           main] org.hibernate.type.BasicTypeRegistry     : Adding type registration imm_calendar_date -> org.hibernate.type.BasicTypeReference@2c48cede
2024-04-29T20:51:28.639-04:00 DEBUG 12448 --- [atenciones_medicas] [           main] org.hibernate.type.BasicTypeRegistry     : Adding type registration imm_calendar_time -> org.hibernate.type.BasicTypeReference@39c87b42
2024-04-29T20:51:28.639-04:00 DEBUG 12448 --- [atenciones_medicas] [           main] org.hibernate.type.BasicTypeRegistry     : Adding type registration imm_binary -> org.hibernate.type.BasicTypeReference@47fcefb3
2024-04-29T20:51:28.639-04:00 DEBUG 12448 --- [atenciones_medicas] [           main] org.hibernate.type.BasicTypeRegistry     : Adding type registration imm_serializable -> org.hibernate.type.BasicTypeReference@236c098
2024-04-29T20:51:28.646-04:00 DEBUG 12448 --- [atenciones_medicas] [           main] o.h.boot.internal.BootstrapContextImpl   : Injecting JPA temp ClassLoader [org.springframework.instrument.classloading.SimpleThrowawayClassLoader@64279ab] into BootstrapContext; was [null]
2024-04-29T20:51:28.647-04:00 DEBUG 12448 --- [atenciones_medicas] [           main] o.h.boot.internal.ClassLoaderAccessImpl  : ClassLoaderAccessImpl#injectTempClassLoader(org.springframework.instrument.classloading.SimpleThrowawayClassLoader@64279ab) [was null]
2024-04-29T20:51:28.649-04:00 DEBUG 12448 --- [atenciones_medicas] [           main] o.h.boot.internal.BootstrapContextImpl   : Injecting ScanEnvironment [org.hibernate.jpa.boot.internal.StandardJpaScanEnvironmentImpl@2484dbb7] into BootstrapContext; was [null]
2024-04-29T20:51:28.649-04:00 DEBUG 12448 --- [atenciones_medicas] [           main] o.h.boot.internal.BootstrapContextImpl   : Injecting ScanOptions [org.hibernate.boot.archive.scan.internal.StandardScanOptions@111cba40] into BootstrapContext; was [org.hibernate.boot.archive.scan.internal.StandardScanOptions@48e41b5d]
2024-04-29T20:51:28.971-04:00  INFO 12448 --- [atenciones_medicas] [           main] o.s.o.j.p.SpringPersistenceUnitInfo      : No LoadTimeWeaver setup: ignoring JPA class transformer
2024-04-29T20:51:28.971-04:00 DEBUG 12448 --- [atenciones_medicas] [           main] o.h.boot.internal.BootstrapContextImpl   : Injecting JPA temp ClassLoader [null] into BootstrapContext; was [org.springframework.instrument.classloading.SimpleThrowawayClassLoader@64279ab]
2024-04-29T20:51:28.971-04:00 DEBUG 12448 --- [atenciones_medicas] [           main] o.h.boot.internal.ClassLoaderAccessImpl  : ClassLoaderAccessImpl#injectTempClassLoader(null) [was org.springframework.instrument.classloading.SimpleThrowawayClassLoader@64279ab]
2024-04-29T20:51:29.026-04:00  INFO 12448 --- [atenciones_medicas] [           main] com.zaxxer.hikari.HikariDataSource       : HikariPool-1 - Starting...
2024-04-29T20:51:29.033-04:00  WARN 12448 --- [atenciones_medicas] [           main] c.zaxxer.hikari.util.DriverDataSource    : Registered driver with driverClassName=oracle.jdbc.driver.OracleDriver was not found, trying direct instantiation.
2024-04-29T20:51:30.299-04:00  INFO 12448 --- [atenciones_medicas] [           main] com.zaxxer.hikari.pool.HikariPool        : HikariPool-1 - Added connection oracle.jdbc.driver.T4CConnection@79ad1774
2024-04-29T20:51:30.302-04:00  INFO 12448 --- [atenciones_medicas] [           main] com.zaxxer.hikari.HikariDataSource       : HikariPool-1 - Start completed.
2024-04-29T20:51:30.307-04:00 DEBUG 12448 --- [atenciones_medicas] [           main] o.h.e.j.e.i.JdbcEnvironmentInitiator     : Database ->
       name : Oracle
    version : Oracle Database 19c Enterprise Edition Release 19.0.0.0.0 - Production
Version 19.23.0.1.0
      major : 19
      minor : 0
2024-04-29T20:51:30.308-04:00 DEBUG 12448 --- [atenciones_medicas] [           main] o.h.e.j.e.i.JdbcEnvironmentInitiator     : Driver ->
       name : Oracle JDBC driver
    version : 21.9.0.0.0
      major : 21
      minor : 9
2024-04-29T20:51:30.308-04:00 DEBUG 12448 --- [atenciones_medicas] [           main] o.h.e.j.e.i.JdbcEnvironmentInitiator     : JDBC version : 4.3
2024-04-29T20:51:30.546-04:00  WARN 12448 --- [atenciones_medicas] [           main] org.hibernate.orm.deprecation            : HHH90000025: OracleDialect does not need to be specified explicitly using 'hibernate.dialect' (remove the property setting and it will be selected by default)
2024-04-29T20:51:30.548-04:00 DEBUG 12448 --- [atenciones_medicas] [           main] org.hibernate.orm.dialect                : HHH035001: Using dialect: org.hibernate.dialect.OracleDialect, version: 19.0
2024-04-29T20:51:30.631-04:00 DEBUG 12448 --- [atenciones_medicas] [           main] o.h.t.d.jdbc.spi.JdbcTypeRegistry        : addDescriptor(NCharTypeDescriptor) replaced previous registration(CharTypeDescriptor)
2024-04-29T20:51:30.632-04:00 DEBUG 12448 --- [atenciones_medicas] [           main] o.h.t.d.jdbc.spi.JdbcTypeRegistry        : addDescriptor(NVarcharTypeDescriptor) replaced previous registration(VarcharTypeDescriptor)
2024-04-29T20:51:30.632-04:00 DEBUG 12448 --- [atenciones_medicas] [           main] o.h.t.d.jdbc.spi.JdbcTypeRegistry        : addDescriptor(LongNVarcharTypeDescriptor) replaced previous registration(LongVarcharTypeDescriptor)
2024-04-29T20:51:30.635-04:00 DEBUG 12448 --- [atenciones_medicas] [           main] o.h.t.d.jdbc.spi.JdbcTypeRegistry        : addDescriptor(NClobTypeDescriptor(DEFAULT)) replaced previous registration(ClobTypeDescriptor(DEFAULT))
2024-04-29T20:51:30.635-04:00 DEBUG 12448 --- [atenciones_medicas] [           main] o.h.t.d.jdbc.spi.JdbcTypeRegistry        : addDescriptor(2005, ClobTypeDescriptor(STREAM_BINDING)) replaced previous registration(ClobTypeDescriptor(DEFAULT))
2024-04-29T20:51:30.636-04:00 DEBUG 12448 --- [atenciones_medicas] [           main] o.h.t.d.jdbc.spi.JdbcTypeRegistry        : addDescriptor(BooleanTypeDescriptor) replaced previous registration(BooleanTypeDescriptor)
2024-04-29T20:51:30.649-04:00 DEBUG 12448 --- [atenciones_medicas] [           main] org.hibernate.type.BasicTypeRegistry     : Adding type registration null -> org.hibernate.type.NullType@24dc150c
2024-04-29T20:51:30.650-04:00 DEBUG 12448 --- [atenciones_medicas] [           main] org.hibernate.type.BasicTypeRegistry     : Type registration key [null] overrode previous entry : `org.hibernate.type.NullType@2cccf134`
2024-04-29T20:51:30.650-04:00 DEBUG 12448 --- [atenciones_medicas] [           main] org.hibernate.type.BasicTypeRegistry     : Adding type registration JAVA_OBJECT -> org.hibernate.type.JavaObjectType@361f26b4
2024-04-29T20:51:30.651-04:00 DEBUG 12448 --- [atenciones_medicas] [           main] org.hibernate.type.BasicTypeRegistry     : Adding type registration java.lang.Object -> org.hibernate.type.JavaObjectType@361f26b4
2024-04-29T20:51:30.651-04:00 DEBUG 12448 --- [atenciones_medicas] [           main] org.hibernate.type.BasicTypeRegistry     : Type registration key [java.lang.Object] overrode previous entry : `org.hibernate.type.JavaObjectType@4cc12db2`
2024-04-29T20:51:30.655-04:00 DEBUG 12448 --- [atenciones_medicas] [           main] org.hibernate.type.BasicTypeRegistry     : Adding type registration org.hibernate.type.DurationType -> basicType@1(java.time.Duration,3015)
2024-04-29T20:51:30.655-04:00 DEBUG 12448 --- [atenciones_medicas] [           main] org.hibernate.type.BasicTypeRegistry     : Adding type registration Duration -> basicType@1(java.time.Duration,3015)
2024-04-29T20:51:30.655-04:00 DEBUG 12448 --- [atenciones_medicas] [           main] org.hibernate.type.BasicTypeRegistry     : Adding type registration java.time.Duration -> basicType@1(java.time.Duration,3015)
2024-04-29T20:51:30.660-04:00 DEBUG 12448 --- [atenciones_medicas] [           main] o.h.type.spi.TypeConfiguration$Scope     : Scoping TypeConfiguration [org.hibernate.type.spi.TypeConfiguration@5814b4fb] to MetadataBuildingContext [org.hibernate.boot.internal.MetadataBuildingContextRootImpl@3aca2579]
2024-04-29T20:51:30.723-04:00 DEBUG 12448 --- [atenciones_medicas] [           main] o.h.boot.model.relational.Namespace      : Created database namespace [logicalName=Name{catalog=null, schema=null}, physicalName=Name{catalog=null, schema=null}]
2024-04-29T20:51:30.786-04:00 DEBUG 12448 --- [atenciones_medicas] [           main] o.h.boot.model.internal.EntityBinder     : Binding entity from annotated class: com.example.atenciones_medicas.model.AtencionMedica
2024-04-29T20:51:30.804-04:00 DEBUG 12448 --- [atenciones_medicas] [           main] o.h.boot.model.internal.EntityBinder     : Import with entity name AtencionMedica
2024-04-29T20:51:30.821-04:00 DEBUG 12448 --- [atenciones_medicas] [           main] o.h.boot.model.internal.EntityBinder     : Bind entity com.example.atenciones_medicas.model.AtencionMedica on table atencion_medica
2024-04-29T20:51:30.837-04:00 DEBUG 12448 --- [atenciones_medicas] [           main] o.h.boot.model.internal.AnnotatedColumn  : Binding column: AnnotatedDiscriminatorColumn(column='DTYPE')
2024-04-29T20:51:30.861-04:00 DEBUG 12448 --- [atenciones_medicas] [           main] o.h.boot.model.internal.AnnotatedColumn  : Binding column: AnnotatedColumn(column='idam')
2024-04-29T20:51:30.862-04:00 DEBUG 12448 --- [atenciones_medicas] [           main] o.h.boot.internal.ClassLoaderAccessImpl  : Not known whether passed class name [com.example.atenciones_medicas.model.AtencionMedica] is safe
2024-04-29T20:51:30.863-04:00 DEBUG 12448 --- [atenciones_medicas] [           main] o.h.boot.internal.ClassLoaderAccessImpl  : No temp ClassLoader provided; using live ClassLoader for loading potentially unsafe class : com.example.atenciones_medicas.model.AtencionMedica
2024-04-29T20:51:30.868-04:00 DEBUG 12448 --- [atenciones_medicas] [           main] o.h.boot.model.internal.PropertyBinder   : MetadataSourceProcessor property idam with lazy=false
2024-04-29T20:51:30.877-04:00 DEBUG 12448 --- [atenciones_medicas] [           main] o.h.b.m.internal.AbstractPropertyHolder  : Attempting to locate auto-apply AttributeConverter for property [com.example.atenciones_medicas.model.AtencionMedica:idam]
2024-04-29T20:51:30.884-04:00 DEBUG 12448 --- [atenciones_medicas] [           main] o.h.b.model.internal.BasicValueBinder    : building BasicValue for idam
2024-04-29T20:51:30.889-04:00 DEBUG 12448 --- [atenciones_medicas] [           main] org.hibernate.mapping.BasicValue         : Skipping column re-registration: atencion_medica.idam
2024-04-29T20:51:30.892-04:00 DEBUG 12448 --- [atenciones_medicas] [           main] o.h.boot.model.internal.PropertyBinder   : Building property idam
2024-04-29T20:51:30.898-04:00 DEBUG 12448 --- [atenciones_medicas] [           main] o.h.boot.model.internal.BinderHelper     : #makeIdGenerator(BasicValue([Column(idam)]), idam, identity, , ...)
2024-04-29T20:51:30.900-04:00 DEBUG 12448 --- [atenciones_medicas] [           main] o.h.boot.model.internal.AnnotatedColumn  : Binding column: AnnotatedColumn(column='diasnostcoam')
2024-04-29T20:51:30.900-04:00 DEBUG 12448 --- [atenciones_medicas] [           main] o.h.boot.model.internal.PropertyBinder   : MetadataSourceProcessor property diasnostcoam with lazy=false
2024-04-29T20:51:30.900-04:00 DEBUG 12448 --- [atenciones_medicas] [           main] o.h.b.m.internal.AbstractPropertyHolder  : Attempting to locate auto-apply AttributeConverter for property [com.example.atenciones_medicas.model.AtencionMedica:diasnostcoam]
2024-04-29T20:51:30.900-04:00 DEBUG 12448 --- [atenciones_medicas] [           main] o.h.b.model.internal.BasicValueBinder    : building BasicValue for diasnostcoam
2024-04-29T20:51:30.900-04:00 DEBUG 12448 --- [atenciones_medicas] [           main] org.hibernate.mapping.BasicValue         : Skipping column re-registration: atencion_medica.diasnostcoam
2024-04-29T20:51:30.900-04:00 DEBUG 12448 --- [atenciones_medicas] [           main] o.h.boot.model.internal.PropertyBinder   : Building property diasnostcoam
2024-04-29T20:51:30.901-04:00 DEBUG 12448 --- [atenciones_medicas] [           main] o.h.boot.model.internal.AnnotatedColumn  : Binding column: AnnotatedColumn(column='diasreposoam')
2024-04-29T20:51:30.902-04:00 DEBUG 12448 --- [atenciones_medicas] [           main] o.h.boot.model.internal.PropertyBinder   : MetadataSourceProcessor property diasreposoam with lazy=false
2024-04-29T20:51:30.902-04:00 DEBUG 12448 --- [atenciones_medicas] [           main] o.h.b.m.internal.AbstractPropertyHolder  : Attempting to locate auto-apply AttributeConverter for property [com.example.atenciones_medicas.model.AtencionMedica:diasreposoam]
2024-04-29T20:51:30.902-04:00 DEBUG 12448 --- [atenciones_medicas] [           main] o.h.b.model.internal.BasicValueBinder    : building BasicValue for diasreposoam
2024-04-29T20:51:30.902-04:00 DEBUG 12448 --- [atenciones_medicas] [           main] org.hibernate.mapping.BasicValue         : Skipping column re-registration: atencion_medica.diasreposoam
2024-04-29T20:51:30.902-04:00 DEBUG 12448 --- [atenciones_medicas] [           main] o.h.boot.model.internal.PropertyBinder   : Building property diasreposoam
2024-04-29T20:51:30.903-04:00 DEBUG 12448 --- [atenciones_medicas] [           main] o.h.boot.model.internal.AnnotatedColumn  : Binding column: AnnotatedColumn(column='fechaatencionam')
2024-04-29T20:51:30.903-04:00 DEBUG 12448 --- [atenciones_medicas] [           main] o.h.boot.model.internal.PropertyBinder   : MetadataSourceProcessor property fechaAtencionam with lazy=false
2024-04-29T20:51:30.903-04:00 DEBUG 12448 --- [atenciones_medicas] [           main] o.h.b.m.internal.AbstractPropertyHolder  : Attempting to locate auto-apply AttributeConverter for property [com.example.atenciones_medicas.model.AtencionMedica:fechaAtencionam]
2024-04-29T20:51:30.903-04:00 DEBUG 12448 --- [atenciones_medicas] [           main] o.h.b.model.internal.BasicValueBinder    : building BasicValue for fechaAtencionam
2024-04-29T20:51:30.903-04:00 DEBUG 12448 --- [atenciones_medicas] [           main] org.hibernate.mapping.BasicValue         : Skipping column re-registration: atencion_medica.fechaatencionam
2024-04-29T20:51:30.903-04:00 DEBUG 12448 --- [atenciones_medicas] [           main] o.h.boot.model.internal.PropertyBinder   : Building property fechaAtencionam
2024-04-29T20:51:30.904-04:00 DEBUG 12448 --- [atenciones_medicas] [           main] o.h.boot.model.internal.AnnotatedColumn  : Binding column: AnnotatedColumn(column='idpa')
2024-04-29T20:51:30.904-04:00 DEBUG 12448 --- [atenciones_medicas] [           main] o.h.boot.model.internal.PropertyBinder   : MetadataSourceProcessor property idpa with lazy=false
2024-04-29T20:51:30.904-04:00 DEBUG 12448 --- [atenciones_medicas] [           main] o.h.b.m.internal.AbstractPropertyHolder  : Attempting to locate auto-apply AttributeConverter for property [com.example.atenciones_medicas.model.AtencionMedica:idpa]
2024-04-29T20:51:30.905-04:00 DEBUG 12448 --- [atenciones_medicas] [           main] o.h.b.model.internal.BasicValueBinder    : building BasicValue for idpa
2024-04-29T20:51:30.905-04:00 DEBUG 12448 --- [atenciones_medicas] [           main] org.hibernate.mapping.BasicValue         : Skipping column re-registration: atencion_medica.idpa
2024-04-29T20:51:30.905-04:00 DEBUG 12448 --- [atenciones_medicas] [           main] o.h.boot.model.internal.PropertyBinder   : Building property idpa
2024-04-29T20:51:30.908-04:00 DEBUG 12448 --- [atenciones_medicas] [           main] o.h.boot.model.internal.AnnotatedColumn  : Binding column: AnnotatedColumn(column='reposoam')
2024-04-29T20:51:30.910-04:00 DEBUG 12448 --- [atenciones_medicas] [           main] o.h.boot.model.internal.PropertyBinder   : MetadataSourceProcessor property reposoam with lazy=false
2024-04-29T20:51:30.910-04:00 DEBUG 12448 --- [atenciones_medicas] [           main] o.h.b.m.internal.AbstractPropertyHolder  : Attempting to locate auto-apply AttributeConverter for property [com.example.atenciones_medicas.model.AtencionMedica:reposoam]
2024-04-29T20:51:30.910-04:00 DEBUG 12448 --- [atenciones_medicas] [           main] o.h.b.model.internal.BasicValueBinder    : building BasicValue for reposoam
2024-04-29T20:51:30.910-04:00 DEBUG 12448 --- [atenciones_medicas] [           main] org.hibernate.mapping.BasicValue         : Skipping column re-registration: atencion_medica.reposoam
2024-04-29T20:51:30.910-04:00 DEBUG 12448 --- [atenciones_medicas] [           main] o.h.boot.model.internal.PropertyBinder   : Building property reposoam
2024-04-29T20:51:30.916-04:00 DEBUG 12448 --- [atenciones_medicas] [           main] o.h.b.r.c.i.ClassLoaderServiceImpl       : HHH000194: Package not found or wo package-info.java: com.example.atenciones_medicas.model
2024-04-29T20:51:30.928-04:00 DEBUG 12448 --- [atenciones_medicas] [           main] o.h.boot.model.internal.EntityBinder     : Binding entity from annotated class: com.example.atenciones_medicas.model.Paciente
2024-04-29T20:51:30.928-04:00 DEBUG 12448 --- [atenciones_medicas] [           main] o.h.boot.model.internal.EntityBinder     : Import with entity name Paciente
2024-04-29T20:51:30.929-04:00 DEBUG 12448 --- [atenciones_medicas] [           main] o.h.boot.model.internal.EntityBinder     : Bind entity com.example.atenciones_medicas.model.Paciente on table paciente
2024-04-29T20:51:30.929-04:00 DEBUG 12448 --- [atenciones_medicas] [           main] o.h.boot.model.internal.AnnotatedColumn  : Binding column: AnnotatedDiscriminatorColumn(column='DTYPE')
2024-04-29T20:51:30.931-04:00 DEBUG 12448 --- [atenciones_medicas] [           main] o.h.boot.model.internal.AnnotatedColumn  : Binding column: AnnotatedColumn(column='idpa')
2024-04-29T20:51:30.931-04:00 DEBUG 12448 --- [atenciones_medicas] [           main] o.h.boot.internal.ClassLoaderAccessImpl  : Not known whether passed class name [com.example.atenciones_medicas.model.Paciente] is safe
2024-04-29T20:51:30.931-04:00 DEBUG 12448 --- [atenciones_medicas] [           main] o.h.boot.internal.ClassLoaderAccessImpl  : No temp ClassLoader provided; using live ClassLoader for loading potentially unsafe class : com.example.atenciones_medicas.model.Paciente
2024-04-29T20:51:30.931-04:00 DEBUG 12448 --- [atenciones_medicas] [           main] o.h.boot.model.internal.PropertyBinder   : MetadataSourceProcessor property idpa with lazy=false
2024-04-29T20:51:30.931-04:00 DEBUG 12448 --- [atenciones_medicas] [           main] o.h.b.m.internal.AbstractPropertyHolder  : Attempting to locate auto-apply AttributeConverter for property [com.example.atenciones_medicas.model.Paciente:idpa]
2024-04-29T20:51:30.931-04:00 DEBUG 12448 --- [atenciones_medicas] [           main] o.h.b.model.internal.BasicValueBinder    : building BasicValue for idpa
2024-04-29T20:51:30.931-04:00 DEBUG 12448 --- [atenciones_medicas] [           main] org.hibernate.mapping.BasicValue         : Skipping column re-registration: paciente.idpa
2024-04-29T20:51:30.931-04:00 DEBUG 12448 --- [atenciones_medicas] [           main] o.h.boot.model.internal.PropertyBinder   : Building property idpa
2024-04-29T20:51:30.931-04:00 DEBUG 12448 --- [atenciones_medicas] [           main] o.h.boot.model.internal.BinderHelper     : #makeIdGenerator(BasicValue([Column(idpa)]), idpa, identity, , ...)
2024-04-29T20:51:30.932-04:00 DEBUG 12448 --- [atenciones_medicas] [           main] o.h.boot.model.internal.AnnotatedColumn  : Binding column: AnnotatedColumn(column='apellidospa')
2024-04-29T20:51:30.932-04:00 DEBUG 12448 --- [atenciones_medicas] [           main] o.h.boot.model.internal.PropertyBinder   : MetadataSourceProcessor property apellidospa with lazy=false
2024-04-29T20:51:30.932-04:00 DEBUG 12448 --- [atenciones_medicas] [           main] o.h.b.m.internal.AbstractPropertyHolder  : Attempting to locate auto-apply AttributeConverter for property [com.example.atenciones_medicas.model.Paciente:apellidospa]
2024-04-29T20:51:30.932-04:00 DEBUG 12448 --- [atenciones_medicas] [           main] o.h.b.model.internal.BasicValueBinder    : building BasicValue for apellidospa
2024-04-29T20:51:30.932-04:00 DEBUG 12448 --- [atenciones_medicas] [           main] org.hibernate.mapping.BasicValue         : Skipping column re-registration: paciente.apellidospa
2024-04-29T20:51:30.933-04:00 DEBUG 12448 --- [atenciones_medicas] [           main] o.h.boot.model.internal.PropertyBinder   : Building property apellidospa
2024-04-29T20:51:30.933-04:00 DEBUG 12448 --- [atenciones_medicas] [           main] o.h.boot.model.internal.AnnotatedColumn  : Binding column: AnnotatedColumn(column='ciudadpa')
2024-04-29T20:51:30.933-04:00 DEBUG 12448 --- [atenciones_medicas] [           main] o.h.boot.model.internal.PropertyBinder   : MetadataSourceProcessor property ciudadpa with lazy=false
2024-04-29T20:51:30.933-04:00 DEBUG 12448 --- [atenciones_medicas] [           main] o.h.b.m.internal.AbstractPropertyHolder  : Attempting to locate auto-apply AttributeConverter for property [com.example.atenciones_medicas.model.Paciente:ciudadpa]
2024-04-29T20:51:30.934-04:00 DEBUG 12448 --- [atenciones_medicas] [           main] o.h.b.model.internal.BasicValueBinder    : building BasicValue for ciudadpa
2024-04-29T20:51:30.934-04:00 DEBUG 12448 --- [atenciones_medicas] [           main] org.hibernate.mapping.BasicValue         : Skipping column re-registration: paciente.ciudadpa
2024-04-29T20:51:30.934-04:00 DEBUG 12448 --- [atenciones_medicas] [           main] o.h.boot.model.internal.PropertyBinder   : Building property ciudadpa
2024-04-29T20:51:30.934-04:00 DEBUG 12448 --- [atenciones_medicas] [           main] o.h.boot.model.internal.AnnotatedColumn  : Binding column: AnnotatedColumn(column='comunapa')
2024-04-29T20:51:30.935-04:00 DEBUG 12448 --- [atenciones_medicas] [           main] o.h.boot.model.internal.PropertyBinder   : MetadataSourceProcessor property comunapa with lazy=false
2024-04-29T20:51:30.935-04:00 DEBUG 12448 --- [atenciones_medicas] [           main] o.h.b.m.internal.AbstractPropertyHolder  : Attempting to locate auto-apply AttributeConverter for property [com.example.atenciones_medicas.model.Paciente:comunapa]
2024-04-29T20:51:30.935-04:00 DEBUG 12448 --- [atenciones_medicas] [           main] o.h.b.model.internal.BasicValueBinder    : building BasicValue for comunapa
2024-04-29T20:51:30.935-04:00 DEBUG 12448 --- [atenciones_medicas] [           main] org.hibernate.mapping.BasicValue         : Skipping column re-registration: paciente.comunapa
2024-04-29T20:51:30.935-04:00 DEBUG 12448 --- [atenciones_medicas] [           main] o.h.boot.model.internal.PropertyBinder   : Building property comunapa
2024-04-29T20:51:30.935-04:00 DEBUG 12448 --- [atenciones_medicas] [           main] o.h.boot.model.internal.AnnotatedColumn  : Binding column: AnnotatedColumn(column='correopa')
2024-04-29T20:51:30.935-04:00 DEBUG 12448 --- [atenciones_medicas] [           main] o.h.boot.model.internal.PropertyBinder   : MetadataSourceProcessor property correopa with lazy=false
2024-04-29T20:51:30.936-04:00 DEBUG 12448 --- [atenciones_medicas] [           main] o.h.b.m.internal.AbstractPropertyHolder  : Attempting to locate auto-apply AttributeConverter for property [com.example.atenciones_medicas.model.Paciente:correopa]
2024-04-29T20:51:30.936-04:00 DEBUG 12448 --- [atenciones_medicas] [           main] o.h.b.model.internal.BasicValueBinder    : building BasicValue for correopa
2024-04-29T20:51:30.936-04:00 DEBUG 12448 --- [atenciones_medicas] [           main] org.hibernate.mapping.BasicValue         : Skipping column re-registration: paciente.correopa
2024-04-29T20:51:30.936-04:00 DEBUG 12448 --- [atenciones_medicas] [           main] o.h.boot.model.internal.PropertyBinder   : Building property correopa
2024-04-29T20:51:30.937-04:00 DEBUG 12448 --- [atenciones_medicas] [           main] o.h.boot.model.internal.AnnotatedColumn  : Binding column: AnnotatedColumn(column='direccionpa')
2024-04-29T20:51:30.937-04:00 DEBUG 12448 --- [atenciones_medicas] [           main] o.h.boot.model.internal.PropertyBinder   : MetadataSourceProcessor property direccionpa with lazy=false
2024-04-29T20:51:30.937-04:00 DEBUG 12448 --- [atenciones_medicas] [           main] o.h.b.m.internal.AbstractPropertyHolder  : Attempting to locate auto-apply AttributeConverter for property [com.example.atenciones_medicas.model.Paciente:direccionpa]
2024-04-29T20:51:30.937-04:00 DEBUG 12448 --- [atenciones_medicas] [           main] o.h.b.model.internal.BasicValueBinder    : building BasicValue for direccionpa
2024-04-29T20:51:30.937-04:00 DEBUG 12448 --- [atenciones_medicas] [           main] org.hibernate.mapping.BasicValue         : Skipping column re-registration: paciente.direccionpa
2024-04-29T20:51:30.937-04:00 DEBUG 12448 --- [atenciones_medicas] [           main] o.h.boot.model.internal.PropertyBinder   : Building property direccionpa
2024-04-29T20:51:30.938-04:00 DEBUG 12448 --- [atenciones_medicas] [           main] o.h.boot.model.internal.AnnotatedColumn  : Binding column: AnnotatedColumn(column='fechanacimientopa')
2024-04-29T20:51:30.938-04:00 DEBUG 12448 --- [atenciones_medicas] [           main] o.h.boot.model.internal.PropertyBinder   : MetadataSourceProcessor property fechaNacimientopa with lazy=false
2024-04-29T20:51:30.938-04:00 DEBUG 12448 --- [atenciones_medicas] [           main] o.h.b.m.internal.AbstractPropertyHolder  : Attempting to locate auto-apply AttributeConverter for property [com.example.atenciones_medicas.model.Paciente:fechaNacimientopa]
2024-04-29T20:51:30.938-04:00 DEBUG 12448 --- [atenciones_medicas] [           main] o.h.b.model.internal.BasicValueBinder    : building BasicValue for fechaNacimientopa
2024-04-29T20:51:30.938-04:00 DEBUG 12448 --- [atenciones_medicas] [           main] org.hibernate.mapping.BasicValue         : Skipping column re-registration: paciente.fechanacimientopa
2024-04-29T20:51:30.938-04:00 DEBUG 12448 --- [atenciones_medicas] [           main] o.h.boot.model.internal.PropertyBinder   : Building property fechaNacimientopa
2024-04-29T20:51:30.939-04:00 DEBUG 12448 --- [atenciones_medicas] [           main] o.h.boot.model.internal.AnnotatedColumn  : Binding column: AnnotatedColumn(column='nombrespa')
2024-04-29T20:51:30.939-04:00 DEBUG 12448 --- [atenciones_medicas] [           main] o.h.boot.model.internal.PropertyBinder   : MetadataSourceProcessor property nombrespa with lazy=false
2024-04-29T20:51:30.939-04:00 DEBUG 12448 --- [atenciones_medicas] [           main] o.h.b.m.internal.AbstractPropertyHolder  : Attempting to locate auto-apply AttributeConverter for property [com.example.atenciones_medicas.model.Paciente:nombrespa]
2024-04-29T20:51:30.940-04:00 DEBUG 12448 --- [atenciones_medicas] [           main] o.h.b.model.internal.BasicValueBinder    : building BasicValue for nombrespa
2024-04-29T20:51:30.940-04:00 DEBUG 12448 --- [atenciones_medicas] [           main] org.hibernate.mapping.BasicValue         : Skipping column re-registration: paciente.nombrespa
2024-04-29T20:51:30.940-04:00 DEBUG 12448 --- [atenciones_medicas] [           main] o.h.boot.model.internal.PropertyBinder   : Building property nombrespa
2024-04-29T20:51:30.940-04:00 DEBUG 12448 --- [atenciones_medicas] [           main] o.h.boot.model.internal.AnnotatedColumn  : Binding column: AnnotatedColumn(column='rutpa')
2024-04-29T20:51:30.941-04:00 DEBUG 12448 --- [atenciones_medicas] [           main] o.h.boot.model.internal.PropertyBinder   : MetadataSourceProcessor property rutpa with lazy=false
2024-04-29T20:51:30.941-04:00 DEBUG 12448 --- [atenciones_medicas] [           main] o.h.b.m.internal.AbstractPropertyHolder  : Attempting to locate auto-apply AttributeConverter for property [com.example.atenciones_medicas.model.Paciente:rutpa]
2024-04-29T20:51:30.941-04:00 DEBUG 12448 --- [atenciones_medicas] [           main] o.h.b.model.internal.BasicValueBinder    : building BasicValue for rutpa
2024-04-29T20:51:30.941-04:00 DEBUG 12448 --- [atenciones_medicas] [           main] org.hibernate.mapping.BasicValue         : Skipping column re-registration: paciente.rutpa
2024-04-29T20:51:30.941-04:00 DEBUG 12448 --- [atenciones_medicas] [           main] o.h.boot.model.internal.PropertyBinder   : Building property rutpa
2024-04-29T20:51:30.942-04:00 DEBUG 12448 --- [atenciones_medicas] [           main] o.h.boot.model.internal.AnnotatedColumn  : Binding column: AnnotatedColumn(column='telpa')
2024-04-29T20:51:30.942-04:00 DEBUG 12448 --- [atenciones_medicas] [           main] o.h.boot.model.internal.PropertyBinder   : MetadataSourceProcessor property telpa with lazy=false
2024-04-29T20:51:30.942-04:00 DEBUG 12448 --- [atenciones_medicas] [           main] o.h.b.m.internal.AbstractPropertyHolder  : Attempting to locate auto-apply AttributeConverter for property [com.example.atenciones_medicas.model.Paciente:telpa]
2024-04-29T20:51:30.942-04:00 DEBUG 12448 --- [atenciones_medicas] [           main] o.h.b.model.internal.BasicValueBinder    : building BasicValue for telpa
2024-04-29T20:51:30.942-04:00 DEBUG 12448 --- [atenciones_medicas] [           main] org.hibernate.mapping.BasicValue         : Skipping column re-registration: paciente.telpa
2024-04-29T20:51:30.942-04:00 DEBUG 12448 --- [atenciones_medicas] [           main] o.h.boot.model.internal.PropertyBinder   : Building property telpa
2024-04-29T20:51:30.943-04:00 DEBUG 12448 --- [atenciones_medicas] [           main] o.h.b.r.c.i.ClassLoaderServiceImpl       : HHH000194: Package not found or wo package-info.java: com.example.atenciones_medicas.model
2024-04-29T20:51:30.946-04:00 DEBUG 12448 --- [atenciones_medicas] [           main] o.h.b.model.internal.BasicValueBinder    : Starting `BasicValueBinder#fillSimpleValue` for idam
2024-04-29T20:51:30.947-04:00 DEBUG 12448 --- [atenciones_medicas] [           main] o.h.b.model.internal.BasicValueBinder    : Starting `BasicValueBinder#fillSimpleValue` for diasnostcoam
2024-04-29T20:51:30.950-04:00 DEBUG 12448 --- [atenciones_medicas] [           main] o.h.b.model.internal.BasicValueBinder    : Starting `BasicValueBinder#fillSimpleValue` for diasreposoam
2024-04-29T20:51:30.951-04:00 DEBUG 12448 --- [atenciones_medicas] [           main] o.h.b.model.internal.BasicValueBinder    : Starting `BasicValueBinder#fillSimpleValue` for fechaAtencionam
2024-04-29T20:51:30.951-04:00 DEBUG 12448 --- [atenciones_medicas] [           main] o.h.b.model.internal.BasicValueBinder    : Starting `BasicValueBinder#fillSimpleValue` for idpa
2024-04-29T20:51:30.951-04:00 DEBUG 12448 --- [atenciones_medicas] [           main] o.h.b.model.internal.BasicValueBinder    : Starting `BasicValueBinder#fillSimpleValue` for reposoam
2024-04-29T20:51:30.951-04:00 DEBUG 12448 --- [atenciones_medicas] [           main] o.h.b.model.internal.BasicValueBinder    : Starting `BasicValueBinder#fillSimpleValue` for idpa
2024-04-29T20:51:30.951-04:00 DEBUG 12448 --- [atenciones_medicas] [           main] o.h.b.model.internal.BasicValueBinder    : Starting `BasicValueBinder#fillSimpleValue` for apellidospa
2024-04-29T20:51:30.951-04:00 DEBUG 12448 --- [atenciones_medicas] [           main] o.h.b.model.internal.BasicValueBinder    : Starting `BasicValueBinder#fillSimpleValue` for ciudadpa
2024-04-29T20:51:30.951-04:00 DEBUG 12448 --- [atenciones_medicas] [           main] o.h.b.model.internal.BasicValueBinder    : Starting `BasicValueBinder#fillSimpleValue` for comunapa
2024-04-29T20:51:30.951-04:00 DEBUG 12448 --- [atenciones_medicas] [           main] o.h.b.model.internal.BasicValueBinder    : Starting `BasicValueBinder#fillSimpleValue` for correopa
2024-04-29T20:51:30.951-04:00 DEBUG 12448 --- [atenciones_medicas] [           main] o.h.b.model.internal.BasicValueBinder    : Starting `BasicValueBinder#fillSimpleValue` for direccionpa
2024-04-29T20:51:30.951-04:00 DEBUG 12448 --- [atenciones_medicas] [           main] o.h.b.model.internal.BasicValueBinder    : Starting `BasicValueBinder#fillSimpleValue` for fechaNacimientopa
2024-04-29T20:51:30.951-04:00 DEBUG 12448 --- [atenciones_medicas] [           main] o.h.b.model.internal.BasicValueBinder    : Starting `BasicValueBinder#fillSimpleValue` for nombrespa
2024-04-29T20:51:30.952-04:00 DEBUG 12448 --- [atenciones_medicas] [           main] o.h.b.model.internal.BasicValueBinder    : Starting `BasicValueBinder#fillSimpleValue` for rutpa
2024-04-29T20:51:30.952-04:00 DEBUG 12448 --- [atenciones_medicas] [           main] o.h.b.model.internal.BasicValueBinder    : Starting `BasicValueBinder#fillSimpleValue` for telpa
2024-04-29T20:51:30.956-04:00 DEBUG 12448 --- [atenciones_medicas] [           main] org.hibernate.mapping.PrimaryKey         : Forcing column [idam] to be non-null as it is part of the primary key for table [atencion_medica]
2024-04-29T20:51:30.956-04:00 DEBUG 12448 --- [atenciones_medicas] [           main] org.hibernate.mapping.PrimaryKey         : Forcing column [idpa] to be non-null as it is part of the primary key for table [paciente]
2024-04-29T20:51:31.068-04:00 DEBUG 12448 --- [atenciones_medicas] [           main] o.hibernate.internal.SessionFactoryImpl  : Building session factory
2024-04-29T20:51:31.151-04:00 DEBUG 12448 --- [atenciones_medicas] [           main] .h.s.i.SessionFactoryServiceRegistryImpl : EventListenerRegistry access via ServiceRegistry is deprecated.  Use `sessionFactory.getEventEngine().getListenerRegistry()` instead
2024-04-29T20:51:31.152-04:00 DEBUG 12448 --- [atenciones_medicas] [           main] o.hibernate.internal.SessionFactoryImpl  : Instantiating SessionFactory with settings: {java.specification.version=21, sun.cpu.isalist=amd64, hibernate.resource.beans.container=org.springframework.orm.hibernate5.SpringBeanContainer@644e6a8e, hibernate.connection.handling_mode=DELAYED_ACQUISITION_AND_HOLD, sun.jnu.encoding=Cp1252, hibernate.dialect=org.hibernate.dialect.OracleDialect, hibernate.implicit_naming_strategy=org.springframework.boot.orm.jpa.hibernate.SpringImplicitNamingStrategy, java.class.path=C:\Users\JavierLopez\Desktop\DesarrolloDuocUC\atenciones_medicas\target\test-classes;C:\Users\JavierLopez\Desktop\DesarrolloDuocUC\atenciones_medicas\target\classes;C:\Users\JavierLopez\.m2\repository\org\springframework\boot\spring-boot-starter-data-jpa\3.2.5\spring-boot-starter-data-jpa-3.2.5.jar;C:\Users\JavierLopez\.m2\repository\org\springframework\boot\spring-boot-starter-aop\3.2.5\spring-boot-starter-aop-3.2.5.jar;C:\Users\JavierLopez\.m2\repository\org\springframework\spring-aop\6.1.6\spring-aop-6.1.6.jar;C:\Users\JavierLopez\.m2\repository\org\aspectj\aspectjweaver\1.9.22\aspectjweaver-1.9.22.jar;C:\Users\JavierLopez\.m2\repository\org\springframework\boot\spring-boot-starter-jdbc\3.2.5\spring-boot-starter-jdbc-3.2.5.jar;C:\Users\JavierLopez\.m2\repository\com\zaxxer\HikariCP\5.0.1\HikariCP-5.0.1.jar;C:\Users\JavierLopez\.m2\repository\org\springframework\spring-jdbc\6.1.6\spring-jdbc-6.1.6.jar;C:\Users\JavierLopez\.m2\repository\org\hibernate\orm\hibernate-core\6.4.4.Final\hibernate-core-6.4.4.Final.jar;C:\Users\JavierLopez\.m2\repository\jakarta\persistence\jakarta.persistence-api\3.1.0\jakarta.persistence-api-3.1.0.jar;C:\Users\JavierLopez\.m2\repository\jakarta\transaction\jakarta.transaction-api\2.0.1\jakarta.transaction-api-2.0.1.jar;C:\Users\JavierLopez\.m2\repository\org\jboss\logging\jboss-logging\3.5.3.Final\jboss-logging-3.5.3.Final.jar;C:\Users\JavierLopez\.m2\repository\org\hibernate\common\hibernate-commons-annotations\6.0.6.Final\hibernate-commons-annotations-6.0.6.Final.jar;C:\Users\JavierLopez\.m2\repository\io\smallrye\jandex\3.1.2\jandex-3.1.2.jar;C:\Users\JavierLopez\.m2\repository\com\fasterxml\classmate\1.6.0\classmate-1.6.0.jar;C:\Users\JavierLopez\.m2\repository\org\glassfish\jaxb\jaxb-runtime\4.0.5\jaxb-runtime-4.0.5.jar;C:\Users\JavierLopez\.m2\repository\org\glassfish\jaxb\jaxb-core\4.0.5\jaxb-core-4.0.5.jar;C:\Users\JavierLopez\.m2\repository\org\eclipse\angus\angus-activation\2.0.2\angus-activation-2.0.2.jar;C:\Users\JavierLopez\.m2\repository\org\glassfish\jaxb\txw2\4.0.5\txw2-4.0.5.jar;C:\Users\JavierLopez\.m2\repository\com\sun\istack\istack-commons-runtime\4.1.2\istack-commons-runtime-4.1.2.jar;C:\Users\JavierLopez\.m2\repository\jakarta\inject\jakarta.inject-api\2.0.1\jakarta.inject-api-2.0.1.jar;C:\Users\JavierLopez\.m2\repository\org\antlr\antlr4-runtime\4.13.0\antlr4-runtime-4.13.0.jar;C:\Users\JavierLopez\.m2\repository\org\springframework\data\spring-data-jpa\3.2.5\spring-data-jpa-3.2.5.jar;C:\Users\JavierLopez\.m2\repository\org\springframework\data\spring-data-commons\3.2.5\spring-data-commons-3.2.5.jar;C:\Users\JavierLopez\.m2\repository\org\springframework\spring-orm\6.1.6\spring-orm-6.1.6.jar;C:\Users\JavierLopez\.m2\repository\org\springframework\spring-context\6.1.6\spring-context-6.1.6.jar;C:\Users\JavierLopez\.m2\repository\org\springframework\spring-tx\6.1.6\spring-tx-6.1.6.jar;C:\Users\JavierLopez\.m2\repository\org\springframework\spring-beans\6.1.6\spring-beans-6.1.6.jar;C:\Users\JavierLopez\.m2\repository\jakarta\annotation\jakarta.annotation-api\2.1.1\jakarta.annotation-api-2.1.1.jar;C:\Users\JavierLopez\.m2\repository\org\slf4j\slf4j-api\2.0.13\slf4j-api-2.0.13.jar;C:\Users\JavierLopez\.m2\repository\org\springframework\spring-aspects\6.1.6\spring-aspects-6.1.6.jar;C:\Users\JavierLopez\.m2\repository\org\springframework\boot\spring-boot-starter-web\3.2.5\spring-boot-starter-web-3.2.5.jar;C:\Users\JavierLopez\.m2\repository\org\springframework\boot\spring-boot-starter\3.2.5\spring-boot-starter-3.2.5.jar;C:\Users\JavierLopez\.m2\repository\org\springframework\boot\spring-boot-starter-logging\3.2.5\spring-boot-starter-logging-3.2.5.jar;C:\Users\JavierLopez\.m2\repository\ch\qos\logback\logback-classic\1.4.14\logback-classic-1.4.14.jar;C:\Users\JavierLopez\.m2\repository\ch\qos\logback\logback-core\1.4.14\logback-core-1.4.14.jar;C:\Users\JavierLopez\.m2\repository\org\apache\logging\log4j\log4j-to-slf4j\2.21.1\log4j-to-slf4j-2.21.1.jar;C:\Users\JavierLopez\.m2\repository\org\apache\logging\log4j\log4j-api\2.21.1\log4j-api-2.21.1.jar;C:\Users\JavierLopez\.m2\repository\org\slf4j\jul-to-slf4j\2.0.13\jul-to-slf4j-2.0.13.jar;C:\Users\JavierLopez\.m2\repository\org\yaml\snakeyaml\2.2\snakeyaml-2.2.jar;C:\Users\JavierLopez\.m2\repository\org\springframework\boot\spring-boot-starter-json\3.2.5\spring-boot-starter-json-3.2.5.jar;C:\Users\JavierLopez\.m2\repository\com\fasterxml\jackson\core\jackson-databind\2.15.4\jackson-databind-2.15.4.jar;C:\Users\JavierLopez\.m2\repository\com\fasterxml\jackson\core\jackson-annotations\2.15.4\jackson-annotations-2.15.4.jar;C:\Users\JavierLopez\.m2\repository\com\fasterxml\jackson\core\jackson-core\2.15.4\jackson-core-2.15.4.jar;C:\Users\JavierLopez\.m2\repository\com\fasterxml\jackson\datatype\jackson-datatype-jdk8\2.15.4\jackson-datatype-jdk8-2.15.4.jar;C:\Users\JavierLopez\.m2\repository\com\fasterxml\jackson\datatype\jackson-datatype-jsr310\2.15.4\jackson-datatype-jsr310-2.15.4.jar;C:\Users\JavierLopez\.m2\repository\com\fasterxml\jackson\module\jackson-module-parameter-names\2.15.4\jackson-module-parameter-names-2.15.4.jar;C:\Users\JavierLopez\.m2\repository\org\springframework\boot\spring-boot-starter-tomcat\3.2.5\spring-boot-starter-tomcat-3.2.5.jar;C:\Users\JavierLopez\.m2\repository\org\apache\tomcat\embed\tomcat-embed-core\10.1.20\tomcat-embed-core-10.1.20.jar;C:\Users\JavierLopez\.m2\repository\org\apache\tomcat\embed\tomcat-embed-websocket\10.1.20\tomcat-embed-websocket-10.1.20.jar;C:\Users\JavierLopez\.m2\repository\org\springframework\spring-web\6.1.6\spring-web-6.1.6.jar;C:\Users\JavierLopez\.m2\repository\io\micrometer\micrometer-observation\1.12.5\micrometer-observation-1.12.5.jar;C:\Users\JavierLopez\.m2\repository\io\micrometer\micrometer-commons\1.12.5\micrometer-commons-1.12.5.jar;C:\Users\JavierLopez\.m2\repository\org\springframework\spring-webmvc\6.1.6\spring-webmvc-6.1.6.jar;C:\Users\JavierLopez\.m2\repository\org\springframework\spring-expression\6.1.6\spring-expression-6.1.6.jar;C:\Users\JavierLopez\.m2\repository\org\springframework\boot\spring-boot-devtools\3.2.5\spring-boot-devtools-3.2.5.jar;C:\Users\JavierLopez\.m2\repository\org\springframework\boot\spring-boot\3.2.5\spring-boot-3.2.5.jar;C:\Users\JavierLopez\.m2\repository\org\springframework\boot\spring-boot-autoconfigure\3.2.5\spring-boot-autoconfigure-3.2.5.jar;C:\Users\JavierLopez\.m2\repository\com\oracle\database\jdbc\ojdbc11\21.9.0.0\ojdbc11-21.9.0.0.jar;C:\Users\JavierLopez\.m2\repository\org\projectlombok\lombok\1.18.32\lombok-1.18.32.jar;C:\Users\JavierLopez\.m2\repository\org\springframework\boot\spring-boot-starter-test\3.2.5\spring-boot-starter-test-3.2.5.jar;C:\Users\JavierLopez\.m2\repository\org\springframework\boot\spring-boot-test\3.2.5\spring-boot-test-3.2.5.jar;C:\Users\JavierLopez\.m2\repository\org\springframework\boot\spring-boot-test-autoconfigure\3.2.5\spring-boot-test-autoconfigure-3.2.5.jar;C:\Users\JavierLopez\.m2\repository\com\jayway\jsonpath\json-path\2.9.0\json-path-2.9.0.jar;C:\Users\JavierLopez\.m2\repository\jakarta\xml\bind\jakarta.xml.bind-api\4.0.2\jakarta.xml.bind-api-4.0.2.jar;C:\Users\JavierLopez\.m2\repository\jakarta\activation\jakarta.activation-api\2.1.3\jakarta.activation-api-2.1.3.jar;C:\Users\JavierLopez\.m2\repository\net\minidev\json-smart\2.5.1\json-smart-2.5.1.jar;C:\Users\JavierLopez\.m2\repository\net\minidev\accessors-smart\2.5.1\accessors-smart-2.5.1.jar;C:\Users\JavierLopez\.m2\repository\org\ow2\asm\asm\9.6\asm-9.6.jar;C:\Users\JavierLopez\.m2\repository\org\assertj\assertj-core\3.24.2\assertj-core-3.24.2.jar;C:\Users\JavierLopez\.m2\repository\org\awaitility\awaitility\4.2.1\awaitility-4.2.1.jar;C:\Users\JavierLopez\.m2\repository\org\hamcrest\hamcrest\2.2\hamcrest-2.2.jar;C:\Users\JavierLopez\.m2\repository\org\junit\jupiter\junit-jupiter\5.10.2\junit-jupiter-5.10.2.jar;C:\Users\JavierLopez\.m2\repository\org\junit\jupiter\junit-jupiter-api\5.10.2\junit-jupiter-api-5.10.2.jar;C:\Users\JavierLopez\.m2\repository\org\opentest4j\opentest4j\1.3.0\opentest4j-1.3.0.jar;C:\Users\JavierLopez\.m2\repository\org\junit\platform\junit-platform-commons\1.10.2\junit-platform-commons-1.10.2.jar;C:\Users\JavierLopez\.m2\repository\org\apiguardian\apiguardian-api\1.1.2\apiguardian-api-1.1.2.jar;C:\Users\JavierLopez\.m2\repository\org\junit\jupiter\junit-jupiter-params\5.10.2\junit-jupiter-params-5.10.2.jar;C:\Users\JavierLopez\.m2\repository\org\junit\jupiter\junit-jupiter-engine\5.10.2\junit-jupiter-engine-5.10.2.jar;C:\Users\JavierLopez\.m2\repository\org\junit\platform\junit-platform-engine\1.10.2\junit-platform-engine-1.10.2.jar;C:\Users\JavierLopez\.m2\repository\org\mockito\mockito-junit-jupiter\5.7.0\mockito-junit-jupiter-5.7.0.jar;C:\Users\JavierLopez\.m2\repository\org\skyscreamer\jsonassert\1.5.1\jsonassert-1.5.1.jar;C:\Users\JavierLopez\.m2\repository\com\vaadin\external\google\android-json\0.0.20131108.vaadin1\android-json-0.0.20131108.vaadin1.jar;C:\Users\JavierLopez\.m2\repository\org\springframework\spring-core\6.1.6\spring-core-6.1.6.jar;C:\Users\JavierLopez\.m2\repository\org\springframework\spring-jcl\6.1.6\spring-jcl-6.1.6.jar;C:\Users\JavierLopez\.m2\repository\org\springframework\spring-test\6.1.6\spring-test-6.1.6.jar;C:\Users\JavierLopez\.m2\repository\org\xmlunit\xmlunit-core\2.9.1\xmlunit-core-2.9.1.jar;C:\Users\JavierLopez\.m2\repository\com\oracle\database\security\oraclepki\21.5.0.0\oraclepki-21.5.0.0.jar;C:\Users\JavierLopez\.m2\repository\com\oracle\database\security\osdt_cert\21.5.0.0\osdt_cert-21.5.0.0.jar;C:\Users\JavierLopez\.m2\repository\com\oracle\database\security\osdt_core\21.5.0.0\osdt_core-21.5.0.0.jar;C:\Users\JavierLopez\.m2\repository\junit\junit\4.12\junit-4.12.jar;C:\Users\JavierLopez\.m2\repository\org\hamcrest\hamcrest-core\2.2\hamcrest-core-2.2.jar;C:\Users\JavierLopez\.m2\repository\org\mockito\mockito-core\3.11.2\mockito-core-3.11.2.jar;C:\Users\JavierLopez\.m2\repository\net\bytebuddy\byte-buddy\1.14.13\byte-buddy-1.14.13.jar;C:\Users\JavierLopez\.m2\repository\net\bytebuddy\byte-buddy-agent\1.14.13\byte-buddy-agent-1.14.13.jar;C:\Users\JavierLopez\.m2\repository\org\objenesis\objenesis\3.2\objenesis-3.2.jar;C:\Users\JavierLopez\.m2\repository\org\springframework\boot\spring-boot-starter-validation\3.2.5\spring-boot-starter-validation-3.2.5.jar;C:\Users\JavierLopez\.m2\repository\org\apache\tomcat\embed\tomcat-embed-el\10.1.20\tomcat-embed-el-10.1.20.jar;C:\Users\JavierLopez\.m2\repository\org\hibernate\validator\hibernate-validator\8.0.1.Final\hibernate-validator-8.0.1.Final.jar;C:\Users\JavierLopez\.m2\repository\jakarta\validation\jakarta.validation-api\3.0.2\jakarta.validation-api-3.0.2.jar;C:\Users\JavierLopez\.m2\repository\org\springframework\boot\spring-boot-starter-hateoas\3.2.5\spring-boot-starter-hateoas-3.2.5.jar;C:\Users\JavierLopez\.m2\repository\org\springframework\hateoas\spring-hateoas\2.2.2\spring-hateoas-2.2.2.jar;C:\Users\JavierLopez\.m2\repository\org\springframework\plugin\spring-plugin-core\3.0.0\spring-plugin-core-3.0.0.jar;, java.vm.vendor=Oracle Corporation, sun.arch.data.model=64, user.variant=, java.vendor.url=https://java.oracle.com/, user.timezone=America/Santiago, jakarta.persistence.sharedCache.mode=UNSPECIFIED, org.jboss.logging.provider=slf4j, java.vm.specification.version=21, os.name=Windows 10, jakarta.persistence.nonJtaDataSource=HikariDataSource (HikariPool-1), sun.java.launcher=SUN_STANDARD, user.country=CL, sun.boot.library.path=C:\Program Files\Java\jdk-21\bin, sun.java.command=C:\Users\JavierLopez\AppData\Local\Temp\surefire4838607786023604562\surefirebooter-20240429205122066_3.jar C:\Users\JavierLopez\AppData\Local\Temp\surefire4838607786023604562 2024-04-29T20-51-21_845-jvmRun1 surefire-20240429205122066_1tmp surefire_0-20240429205122066_2tmp, javax.persistence.nonJtaDataSource=HikariDataSource (HikariPool-1), hibernate.transaction.jta.platform=org.hibernate.engine.transaction.jta.platform.internal.NoJtaPlatform@2ccecae2, jdk.debug=release, surefire.test.class.path=C:\Users\JavierLopez\Desktop\DesarrolloDuocUC\atenciones_medicas\target\test-classes;C:\Users\JavierLopez\Desktop\DesarrolloDuocUC\atenciones_medicas\target\classes;C:\Users\JavierLopez\.m2\repository\org\springframework\boot\spring-boot-starter-data-jpa\3.2.5\spring-boot-starter-data-jpa-3.2.5.jar;C:\Users\JavierLopez\.m2\repository\org\springframework\boot\spring-boot-starter-aop\3.2.5\spring-boot-starter-aop-3.2.5.jar;C:\Users\JavierLopez\.m2\repository\org\springframework\spring-aop\6.1.6\spring-aop-6.1.6.jar;C:\Users\JavierLopez\.m2\repository\org\aspectj\aspectjweaver\1.9.22\aspectjweaver-1.9.22.jar;C:\Users\JavierLopez\.m2\repository\org\springframework\boot\spring-boot-starter-jdbc\3.2.5\spring-boot-starter-jdbc-3.2.5.jar;C:\Users\JavierLopez\.m2\repository\com\zaxxer\HikariCP\5.0.1\HikariCP-5.0.1.jar;C:\Users\JavierLopez\.m2\repository\org\springframework\spring-jdbc\6.1.6\spring-jdbc-6.1.6.jar;C:\Users\JavierLopez\.m2\repository\org\hibernate\orm\hibernate-core\6.4.4.Final\hibernate-core-6.4.4.Final.jar;C:\Users\JavierLopez\.m2\repository\jakarta\persistence\jakarta.persistence-api\3.1.0\jakarta.persistence-api-3.1.0.jar;C:\Users\JavierLopez\.m2\repository\jakarta\transaction\jakarta.transaction-api\2.0.1\jakarta.transaction-api-2.0.1.jar;C:\Users\JavierLopez\.m2\repository\org\jboss\logging\jboss-logging\3.5.3.Final\jboss-logging-3.5.3.Final.jar;C:\Users\JavierLopez\.m2\repository\org\hibernate\common\hibernate-commons-annotations\6.0.6.Final\hibernate-commons-annotations-6.0.6.Final.jar;C:\Users\JavierLopez\.m2\repository\io\smallrye\jandex\3.1.2\jandex-3.1.2.jar;C:\Users\JavierLopez\.m2\repository\com\fasterxml\classmate\1.6.0\classmate-1.6.0.jar;C:\Users\JavierLopez\.m2\repository\org\glassfish\jaxb\jaxb-runtime\4.0.5\jaxb-runtime-4.0.5.jar;C:\Users\JavierLopez\.m2\repository\org\glassfish\jaxb\jaxb-core\4.0.5\jaxb-core-4.0.5.jar;C:\Users\JavierLopez\.m2\repository\org\eclipse\angus\angus-activation\2.0.2\angus-activation-2.0.2.jar;C:\Users\JavierLopez\.m2\repository\org\glassfish\jaxb\txw2\4.0.5\txw2-4.0.5.jar;C:\Users\JavierLopez\.m2\repository\com\sun\istack\istack-commons-runtime\4.1.2\istack-commons-runtime-4.1.2.jar;C:\Users\JavierLopez\.m2\repository\jakarta\inject\jakarta.inject-api\2.0.1\jakarta.inject-api-2.0.1.jar;C:\Users\JavierLopez\.m2\repository\org\antlr\antlr4-runtime\4.13.0\antlr4-runtime-4.13.0.jar;C:\Users\JavierLopez\.m2\repository\org\springframework\data\spring-data-jpa\3.2.5\spring-data-jpa-3.2.5.jar;C:\Users\JavierLopez\.m2\repository\org\springframework\data\spring-data-commons\3.2.5\spring-data-commons-3.2.5.jar;C:\Users\JavierLopez\.m2\repository\org\springframework\spring-orm\6.1.6\spring-orm-6.1.6.jar;C:\Users\JavierLopez\.m2\repository\org\springframework\spring-context\6.1.6\spring-context-6.1.6.jar;C:\Users\JavierLopez\.m2\repository\org\springframework\spring-tx\6.1.6\spring-tx-6.1.6.jar;C:\Users\JavierLopez\.m2\repository\org\springframework\spring-beans\6.1.6\spring-beans-6.1.6.jar;C:\Users\JavierLopez\.m2\repository\jakarta\annotation\jakarta.annotation-api\2.1.1\jakarta.annotation-api-2.1.1.jar;C:\Users\JavierLopez\.m2\repository\org\slf4j\slf4j-api\2.0.13\slf4j-api-2.0.13.jar;C:\Users\JavierLopez\.m2\repository\org\springframework\spring-aspects\6.1.6\spring-aspects-6.1.6.jar;C:\Users\JavierLopez\.m2\repository\org\springframework\boot\spring-boot-starter-web\3.2.5\spring-boot-starter-web-3.2.5.jar;C:\Users\JavierLopez\.m2\repository\org\springframework\boot\spring-boot-starter\3.2.5\spring-boot-starter-3.2.5.jar;C:\Users\JavierLopez\.m2\repository\org\springframework\boot\spring-boot-starter-logging\3.2.5\spring-boot-starter-logging-3.2.5.jar;C:\Users\JavierLopez\.m2\repository\ch\qos\logback\logback-classic\1.4.14\logback-classic-1.4.14.jar;C:\Users\JavierLopez\.m2\repository\ch\qos\logback\logback-core\1.4.14\logback-core-1.4.14.jar;C:\Users\JavierLopez\.m2\repository\org\apache\logging\log4j\log4j-to-slf4j\2.21.1\log4j-to-slf4j-2.21.1.jar;C:\Users\JavierLopez\.m2\repository\org\apache\logging\log4j\log4j-api\2.21.1\log4j-api-2.21.1.jar;C:\Users\JavierLopez\.m2\repository\org\slf4j\jul-to-slf4j\2.0.13\jul-to-slf4j-2.0.13.jar;C:\Users\JavierLopez\.m2\repository\org\yaml\snakeyaml\2.2\snakeyaml-2.2.jar;C:\Users\JavierLopez\.m2\repository\org\springframework\boot\spring-boot-starter-json\3.2.5\spring-boot-starter-json-3.2.5.jar;C:\Users\JavierLopez\.m2\repository\com\fasterxml\jackson\core\jackson-databind\2.15.4\jackson-databind-2.15.4.jar;C:\Users\JavierLopez\.m2\repository\com\fasterxml\jackson\core\jackson-annotations\2.15.4\jackson-annotations-2.15.4.jar;C:\Users\JavierLopez\.m2\repository\com\fasterxml\jackson\core\jackson-core\2.15.4\jackson-core-2.15.4.jar;C:\Users\JavierLopez\.m2\repository\com\fasterxml\jackson\datatype\jackson-datatype-jdk8\2.15.4\jackson-datatype-jdk8-2.15.4.jar;C:\Users\JavierLopez\.m2\repository\com\fasterxml\jackson\datatype\jackson-datatype-jsr310\2.15.4\jackson-datatype-jsr310-2.15.4.jar;C:\Users\JavierLopez\.m2\repository\com\fasterxml\jackson\module\jackson-module-parameter-names\2.15.4\jackson-module-parameter-names-2.15.4.jar;C:\Users\JavierLopez\.m2\repository\org\springframework\boot\spring-boot-starter-tomcat\3.2.5\spring-boot-starter-tomcat-3.2.5.jar;C:\Users\JavierLopez\.m2\repository\org\apache\tomcat\embed\tomcat-embed-core\10.1.20\tomcat-embed-core-10.1.20.jar;C:\Users\JavierLopez\.m2\repository\org\apache\tomcat\embed\tomcat-embed-websocket\10.1.20\tomcat-embed-websocket-10.1.20.jar;C:\Users\JavierLopez\.m2\repository\org\springframework\spring-web\6.1.6\spring-web-6.1.6.jar;C:\Users\JavierLopez\.m2\repository\io\micrometer\micrometer-observation\1.12.5\micrometer-observation-1.12.5.jar;C:\Users\JavierLopez\.m2\repository\io\micrometer\micrometer-commons\1.12.5\micrometer-commons-1.12.5.jar;C:\Users\JavierLopez\.m2\repository\org\springframework\spring-webmvc\6.1.6\spring-webmvc-6.1.6.jar;C:\Users\JavierLopez\.m2\repository\org\springframework\spring-expression\6.1.6\spring-expression-6.1.6.jar;C:\Users\JavierLopez\.m2\repository\org\springframework\boot\spring-boot-devtools\3.2.5\spring-boot-devtools-3.2.5.jar;C:\Users\JavierLopez\.m2\repository\org\springframework\boot\spring-boot\3.2.5\spring-boot-3.2.5.jar;C:\Users\JavierLopez\.m2\repository\org\springframework\boot\spring-boot-autoconfigure\3.2.5\spring-boot-autoconfigure-3.2.5.jar;C:\Users\JavierLopez\.m2\repository\com\oracle\database\jdbc\ojdbc11\21.9.0.0\ojdbc11-21.9.0.0.jar;C:\Users\JavierLopez\.m2\repository\org\projectlombok\lombok\1.18.32\lombok-1.18.32.jar;C:\Users\JavierLopez\.m2\repository\org\springframework\boot\spring-boot-starter-test\3.2.5\spring-boot-starter-test-3.2.5.jar;C:\Users\JavierLopez\.m2\repository\org\springframework\boot\spring-boot-test\3.2.5\spring-boot-test-3.2.5.jar;C:\Users\JavierLopez\.m2\repository\org\springframework\boot\spring-boot-test-autoconfigure\3.2.5\spring-boot-test-autoconfigure-3.2.5.jar;C:\Users\JavierLopez\.m2\repository\com\jayway\jsonpath\json-path\2.9.0\json-path-2.9.0.jar;C:\Users\JavierLopez\.m2\repository\jakarta\xml\bind\jakarta.xml.bind-api\4.0.2\jakarta.xml.bind-api-4.0.2.jar;C:\Users\JavierLopez\.m2\repository\jakarta\activation\jakarta.activation-api\2.1.3\jakarta.activation-api-2.1.3.jar;C:\Users\JavierLopez\.m2\repository\net\minidev\json-smart\2.5.1\json-smart-2.5.1.jar;C:\Users\JavierLopez\.m2\repository\net\minidev\accessors-smart\2.5.1\accessors-smart-2.5.1.jar;C:\Users\JavierLopez\.m2\repository\org\ow2\asm\asm\9.6\asm-9.6.jar;C:\Users\JavierLopez\.m2\repository\org\assertj\assertj-core\3.24.2\assertj-core-3.24.2.jar;C:\Users\JavierLopez\.m2\repository\org\awaitility\awaitility\4.2.1\awaitility-4.2.1.jar;C:\Users\JavierLopez\.m2\repository\org\hamcrest\hamcrest\2.2\hamcrest-2.2.jar;C:\Users\JavierLopez\.m2\repository\org\junit\jupiter\junit-jupiter\5.10.2\junit-jupiter-5.10.2.jar;C:\Users\JavierLopez\.m2\repository\org\junit\jupiter\junit-jupiter-api\5.10.2\junit-jupiter-api-5.10.2.jar;C:\Users\JavierLopez\.m2\repository\org\opentest4j\opentest4j\1.3.0\opentest4j-1.3.0.jar;C:\Users\JavierLopez\.m2\repository\org\junit\platform\junit-platform-commons\1.10.2\junit-platform-commons-1.10.2.jar;C:\Users\JavierLopez\.m2\repository\org\apiguardian\apiguardian-api\1.1.2\apiguardian-api-1.1.2.jar;C:\Users\JavierLopez\.m2\repository\org\junit\jupiter\junit-jupiter-params\5.10.2\junit-jupiter-params-5.10.2.jar;C:\Users\JavierLopez\.m2\repository\org\junit\jupiter\junit-jupiter-engine\5.10.2\junit-jupiter-engine-5.10.2.jar;C:\Users\JavierLopez\.m2\repository\org\junit\platform\junit-platform-engine\1.10.2\junit-platform-engine-1.10.2.jar;C:\Users\JavierLopez\.m2\repository\org\mockito\mockito-junit-jupiter\5.7.0\mockito-junit-jupiter-5.7.0.jar;C:\Users\JavierLopez\.m2\repository\org\skyscreamer\jsonassert\1.5.1\jsonassert-1.5.1.jar;C:\Users\JavierLopez\.m2\repository\com\vaadin\external\google\android-json\0.0.20131108.vaadin1\android-json-0.0.20131108.vaadin1.jar;C:\Users\JavierLopez\.m2\repository\org\springframework\spring-core\6.1.6\spring-core-6.1.6.jar;C:\Users\JavierLopez\.m2\repository\org\springframework\spring-jcl\6.1.6\spring-jcl-6.1.6.jar;C:\Users\JavierLopez\.m2\repository\org\springframework\spring-test\6.1.6\spring-test-6.1.6.jar;C:\Users\JavierLopez\.m2\repository\org\xmlunit\xmlunit-core\2.9.1\xmlunit-core-2.9.1.jar;C:\Users\JavierLopez\.m2\repository\com\oracle\database\security\oraclepki\21.5.0.0\oraclepki-21.5.0.0.jar;C:\Users\JavierLopez\.m2\repository\com\oracle\database\security\osdt_cert\21.5.0.0\osdt_cert-21.5.0.0.jar;C:\Users\JavierLopez\.m2\repository\com\oracle\database\security\osdt_core\21.5.0.0\osdt_core-21.5.0.0.jar;C:\Users\JavierLopez\.m2\repository\junit\junit\4.12\junit-4.12.jar;C:\Users\JavierLopez\.m2\repository\org\hamcrest\hamcrest-core\2.2\hamcrest-core-2.2.jar;C:\Users\JavierLopez\.m2\repository\org\mockito\mockito-core\3.11.2\mockito-core-3.11.2.jar;C:\Users\JavierLopez\.m2\repository\net\bytebuddy\byte-buddy\1.14.13\byte-buddy-1.14.13.jar;C:\Users\JavierLopez\.m2\repository\net\bytebuddy\byte-buddy-agent\1.14.13\byte-buddy-agent-1.14.13.jar;C:\Users\JavierLopez\.m2\repository\org\objenesis\objenesis\3.2\objenesis-3.2.jar;C:\Users\JavierLopez\.m2\repository\org\springframework\boot\spring-boot-starter-validation\3.2.5\spring-boot-starter-validation-3.2.5.jar;C:\Users\JavierLopez\.m2\repository\org\apache\tomcat\embed\tomcat-embed-el\10.1.20\tomcat-embed-el-10.1.20.jar;C:\Users\JavierLopez\.m2\repository\org\hibernate\validator\hibernate-validator\8.0.1.Final\hibernate-validator-8.0.1.Final.jar;C:\Users\JavierLopez\.m2\repository\jakarta\validation\jakarta.validation-api\3.0.2\jakarta.validation-api-3.0.2.jar;C:\Users\JavierLopez\.m2\repository\org\springframework\boot\spring-boot-starter-hateoas\3.2.5\spring-boot-starter-hateoas-3.2.5.jar;C:\Users\JavierLopez\.m2\repository\org\springframework\hateoas\spring-hateoas\2.2.2\spring-hateoas-2.2.2.jar;C:\Users\JavierLopez\.m2\repository\org\springframework\plugin\spring-plugin-core\3.0.0\spring-plugin-core-3.0.0.jar;, sun.cpu.endian=little, hibernate.cdi.extensions=true, user.home=C:\Users\JavierLopez, user.language=es, java.specification.vendor=Oracle Corporation, java.version.date=2024-01-16, java.home=C:\Program Files\Java\jdk-21, file.separator=\, basedir=C:\Users\JavierLopez\Desktop\DesarrolloDuocUC\atenciones_medicas, java.vm.compressedOopsMode=32-bit, line.separator=
, hibernate.persistenceUnitName=default, java.vm.specification.vendor=Oracle Corporation, java.specification.name=Java Platform API Specification, FILE_LOG_CHARSET=UTF-8, hibernate.transaction.coordinator_class=class org.hibernate.resource.transaction.backend.jdbc.internal.JdbcResourceLocalTransactionCoordinatorBuilderImpl, java.awt.headless=true, surefire.real.class.path=C:\Users\JavierLopez\AppData\Local\Temp\surefire4838607786023604562\surefirebooter-20240429205122066_3.jar, jakarta.persistence.validation.mode=AUTO, user.script=, sun.management.compiler=HotSpot 64-Bit Tiered Compilers, java.runtime.version=21.0.2+13-LTS-58, user.name=JavierLopez, stdout.encoding=Cp1252, path.separator=;, os.version=10.0, java.runtime.name=Java(TM) SE Runtime Environment, file.encoding=UTF-8, java.vm.name=Java HotSpot(TM) 64-Bit Server VM, localRepository=C:\Users\JavierLopez\.m2\repository, java.vendor.url.bug=https://bugreport.java.com/bugreport/, java.io.tmpdir=C:\Users\JAVIER~1\AppData\Local\Temp\, java.version=21.0.2, hibernate.physical_naming_strategy=org.hibernate.boot.model.naming.CamelCaseToUnderscoresNamingStrategy, user.dir=C:\Users\JavierLopez\Desktop\DesarrolloDuocUC\atenciones_medicas, os.arch=amd64, java.vm.specification.name=Java Virtual Machine Specification, PID=12448, sun.os.patch.level=, CONSOLE_LOG_CHARSET=UTF-8, hibernate.boot.CfgXmlAccessService.key=org.hibernate.boot.registry.StandardServiceRegistryBuilder$1@37ade216, native.encoding=Cp1252, java.library.path=C:\Program Files\Java\jdk-21\bin;C:\WINDOWS\Sun\Java\bin;C:\WINDOWS\system32;C:\WINDOWS;C:\Python312\Scripts\;C:\Python312\;C:\Program Files\Common Files\Oracle\Java\javapath;C:\IBM\InformationServer/jdk32\jre\bin;C:\IBM\InformationServer/jdk32\jre\bin\j9vm;C:\IBM\InformationServer\ASBNode\lib\cpp;C:\IBM\InformationServer\ASBNode\apps\proxy\cpp\win32-all-x86;C:\WINDOWS\system32;C:\WINDOWS;C:\WINDOWS\System32\Wbem;C:\WINDOWS\System32\WindowsPowerShell\v1.0\;C:\WINDOWS\System32\OpenSSH\;C:\Program Files (x86)\IBM\FileNet\ContentEnginee\bin;C:\Program Files\nodejs\;C:\ProgramData\chocolatey\bin;C:\Program Files\Git\cmd;C:\Program Files\Java\jdk-21\bin;C:\Program Files\maven-3.9.6\bin;;C:\Program Files\Docker\Docker\resources\bin;C:\Users\JavierLopez\AppData\Local\Microsoft\WindowsApps;C:\Users\JavierLopez\AppData\Local\GitHubDesktop\bin;C:\Users\JavierLopez\AppData\Local\Programs\Microsoft VS Code\bin;C:\Users\JavierLopez\AppData\Roaming\npm;., stderr.encoding=Cp1252, java.vendor=Oracle Corporation, java.vm.info=mixed mode, sharing, java.vm.version=21.0.2+13-LTS-58, sun.io.unicode.encoding=UnicodeLittle, hibernate.archive.scanner=org.hibernate.boot.archive.scan.internal.DisabledScanner, hibernate.connection.datasource=HikariDataSource (HikariPool-1), java.class.version=65.0, LOGGED_APPLICATION_NAME=[atenciones_medicas] }
2024-04-29T20:51:31.163-04:00 DEBUG 12448 --- [atenciones_medicas] [           main] o.hibernate.internal.SessionFactoryImpl  : Session factory constructed with filter configurations : {}
2024-04-29T20:51:31.170-04:00 DEBUG 12448 --- [atenciones_medicas] [           main] o.h.v.i.xml.config.ValidationXmlParser   : Trying to load META-INF/validation.xml for XML based Validator configuration.
2024-04-29T20:51:31.170-04:00 DEBUG 12448 --- [atenciones_medicas] [           main] o.h.v.i.xml.config.ResourceLoaderHelper  : Trying to load META-INF/validation.xml via TCCL
2024-04-29T20:51:31.171-04:00 DEBUG 12448 --- [atenciones_medicas] [           main] o.h.v.i.xml.config.ResourceLoaderHelper  : Trying to load META-INF/validation.xml via Hibernate Validator's class loader
2024-04-29T20:51:31.171-04:00 DEBUG 12448 --- [atenciones_medicas] [           main] o.h.v.i.xml.config.ValidationXmlParser   : No META-INF/validation.xml found. Using annotation based configuration only.
2024-04-29T20:51:31.171-04:00 DEBUG 12448 --- [atenciones_medicas] [           main] o.h.v.i.e.resolver.TraversableResolvers  : Found jakarta.persistence.Persistence on classpath containing 'getPersistenceUtil'. Assuming JPA 2 environment. Trying to instantiate JPA aware TraversableResolver
2024-04-29T20:51:31.171-04:00 DEBUG 12448 --- [atenciones_medicas] [           main] o.h.v.i.e.resolver.TraversableResolvers  : Instantiated JPA aware TraversableResolver of type org.hibernate.validator.internal.engine.resolver.JPATraversableResolver.
2024-04-29T20:51:31.172-04:00 DEBUG 12448 --- [atenciones_medicas] [           main] .h.v.m.ResourceBundleMessageInterpolator : Loaded expression factory via original TCCL
2024-04-29T20:51:31.174-04:00 DEBUG 12448 --- [atenciones_medicas] [           main] .i.e.ValidatorFactoryConfigurationHelper : HV000252: Using org.hibernate.validator.internal.engine.DefaultPropertyNodeNameProvider as property node name provider.
2024-04-29T20:51:31.174-04:00 DEBUG 12448 --- [atenciones_medicas] [           main] .i.e.ValidatorFactoryConfigurationHelper : HV000234: Using org.hibernate.validator.messageinterpolation.ResourceBundleMessageInterpolator as ValidatorFactory-scoped message interpolator.
2024-04-29T20:51:31.174-04:00 DEBUG 12448 --- [atenciones_medicas] [           main] .i.e.ValidatorFactoryConfigurationHelper : HV000234: Using org.hibernate.validator.internal.engine.resolver.JPATraversableResolver as ValidatorFactory-scoped traversable resolver.
2024-04-29T20:51:31.175-04:00 DEBUG 12448 --- [atenciones_medicas] [           main] .i.e.ValidatorFactoryConfigurationHelper : HV000234: Using org.hibernate.validator.internal.util.ExecutableParameterNameProvider as ValidatorFactory-scoped parameter name provider.
2024-04-29T20:51:31.175-04:00 DEBUG 12448 --- [atenciones_medicas] [           main] .i.e.ValidatorFactoryConfigurationHelper : HV000234: Using org.hibernate.validator.internal.engine.DefaultClockProvider as ValidatorFactory-scoped clock provider.
2024-04-29T20:51:31.175-04:00 DEBUG 12448 --- [atenciones_medicas] [           main] .i.e.ValidatorFactoryConfigurationHelper : HV000234: Using org.hibernate.validator.internal.engine.scripting.DefaultScriptEvaluatorFactory as ValidatorFactory-scoped script evaluator factory.
2024-04-29T20:51:31.177-04:00 DEBUG 12448 --- [atenciones_medicas] [           main] o.h.boot.internal.ClassLoaderAccessImpl  : Not known whether passed class name [com.example.atenciones_medicas.model.Paciente] is safe
2024-04-29T20:51:31.177-04:00 DEBUG 12448 --- [atenciones_medicas] [           main] o.h.boot.internal.ClassLoaderAccessImpl  : No temp ClassLoader provided; using live ClassLoader for loading potentially unsafe class : com.example.atenciones_medicas.model.Paciente
2024-04-29T20:51:31.234-04:00 DEBUG 12448 --- [atenciones_medicas] [           main] o.h.boot.internal.ClassLoaderAccessImpl  : Not known whether passed class name [com.example.atenciones_medicas.model.AtencionMedica] is safe
2024-04-29T20:51:31.234-04:00 DEBUG 12448 --- [atenciones_medicas] [           main] o.h.boot.internal.ClassLoaderAccessImpl  : No temp ClassLoader provided; using live ClassLoader for loading potentially unsafe class : com.example.atenciones_medicas.model.AtencionMedica
2024-04-29T20:51:31.239-04:00 DEBUG 12448 --- [atenciones_medicas] [           main] .h.s.i.SessionFactoryServiceRegistryImpl : EventListenerRegistry access via ServiceRegistry is deprecated.  Use `sessionFactory.getEventEngine().getListenerRegistry()` instead
2024-04-29T20:51:31.247-04:00 DEBUG 12448 --- [atenciones_medicas] [           main] .h.t.s.s.SchemaManagementToolCoordinator : No schema actions specified for contributor `orm`; doing nothing
2024-04-29T20:51:31.317-04:00 DEBUG 12448 --- [atenciones_medicas] [           main] o.h.q.sqm.function.SqmFunctionRegistry   : Registered SqmFunctionTemplate [NamedSqmFunctionTemplate(max)] under max; prior registration was null
2024-04-29T20:51:31.318-04:00 DEBUG 12448 --- [atenciones_medicas] [           main] o.h.q.sqm.function.SqmFunctionRegistry   : Registered SqmFunctionTemplate [NamedSqmFunctionTemplate(min)] under min; prior registration was null
2024-04-29T20:51:31.319-04:00 DEBUG 12448 --- [atenciones_medicas] [           main] o.h.q.sqm.function.SqmFunctionRegistry   : Registered SqmFunctionTemplate [NamedSqmFunctionTemplate(sum)] under sum; prior registration was null
2024-04-29T20:51:31.321-04:00 DEBUG 12448 --- [atenciones_medicas] [           main] o.h.q.sqm.function.SqmFunctionRegistry   : Registered SqmFunctionTemplate [NamedSqmFunctionTemplate(avg)] under avg; prior registration was null
2024-04-29T20:51:31.324-04:00 DEBUG 12448 --- [atenciones_medicas] [           main] o.h.q.sqm.function.SqmFunctionRegistry   : Registered SqmFunctionTemplate [org.hibernate.dialect.function.CountFunction@9825465] under count; prior registration was null
2024-04-29T20:51:31.326-04:00 DEBUG 12448 --- [atenciones_medicas] [           main] o.h.q.sqm.function.SqmFunctionRegistry   : Registered SqmFunctionTemplate [org.hibernate.dialect.function.EveryAnyEmulation@78ea700f] under every; prior registration was null
2024-04-29T20:51:31.327-04:00 DEBUG 12448 --- [atenciones_medicas] [           main] o.h.q.sqm.function.SqmFunctionRegistry   : Registered SqmFunctionTemplate [org.hibernate.dialect.function.EveryAnyEmulation@cd93621] under any; prior registration was null
2024-04-29T20:51:31.327-04:00 DEBUG 12448 --- [atenciones_medicas] [           main] o.h.q.sqm.function.SqmFunctionRegistry   : Registered SqmFunctionTemplate [NamedSqmFunctionTemplate(floor)] under floor; prior registration was null
2024-04-29T20:51:31.327-04:00 DEBUG 12448 --- [atenciones_medicas] [           main] o.h.q.sqm.function.SqmFunctionRegistry   : Registered SqmFunctionTemplate [NamedSqmFunctionTemplate(ceiling)] under ceiling; prior registration was null
2024-04-29T20:51:31.328-04:00 DEBUG 12448 --- [atenciones_medicas] [           main] o.h.q.sqm.function.SqmFunctionRegistry   : Registered SqmFunctionTemplate [NamedSqmFunctionTemplate(mod)] under mod; prior registration was null
2024-04-29T20:51:31.328-04:00 DEBUG 12448 --- [atenciones_medicas] [           main] o.h.q.sqm.function.SqmFunctionRegistry   : Registered SqmFunctionTemplate [NamedSqmFunctionTemplate(abs)] under abs; prior registration was null
2024-04-29T20:51:31.328-04:00 DEBUG 12448 --- [atenciones_medicas] [           main] o.h.q.sqm.function.SqmFunctionRegistry   : Registered SqmFunctionTemplate [NamedSqmFunctionTemplate(sign)] under sign; prior registration was null
2024-04-29T20:51:31.328-04:00 DEBUG 12448 --- [atenciones_medicas] [           main] o.h.q.sqm.function.SqmFunctionRegistry   : Registered SqmFunctionTemplate [NamedSqmFunctionTemplate(sqrt)] under sqrt; prior registration was null
2024-04-29T20:51:31.328-04:00 DEBUG 12448 --- [atenciones_medicas] [           main] o.h.q.sqm.function.SqmFunctionRegistry   : Registered SqmFunctionTemplate [NamedSqmFunctionTemplate(ln)] under ln; prior registration was null
2024-04-29T20:51:31.328-04:00 DEBUG 12448 --- [atenciones_medicas] [           main] o.h.q.sqm.function.SqmFunctionRegistry   : Registered SqmFunctionTemplate [NamedSqmFunctionTemplate(exp)] under exp; prior registration was null
2024-04-29T20:51:31.328-04:00 DEBUG 12448 --- [atenciones_medicas] [           main] o.h.q.sqm.function.SqmFunctionRegistry   : Registered SqmFunctionTemplate [NamedSqmFunctionTemplate(power)] under power; prior registration was null
2024-04-29T20:51:31.329-04:00 DEBUG 12448 --- [atenciones_medicas] [           main] o.h.q.sqm.function.SqmFunctionRegistry   : Registered SqmFunctionTemplate [NamedSqmFunctionTemplate(round)] under round; prior registration was null
2024-04-29T20:51:31.329-04:00 DEBUG 12448 --- [atenciones_medicas] [           main] o.h.q.sqm.function.SqmFunctionRegistry   : Registered SqmFunctionTemplate [NamedSqmFunctionTemplate(sin)] under sin; prior registration was null
2024-04-29T20:51:31.329-04:00 DEBUG 12448 --- [atenciones_medicas] [           main] o.h.q.sqm.function.SqmFunctionRegistry   : Registered SqmFunctionTemplate [NamedSqmFunctionTemplate(cos)] under cos; prior registration was null
2024-04-29T20:51:31.330-04:00 DEBUG 12448 --- [atenciones_medicas] [           main] o.h.q.sqm.function.SqmFunctionRegistry   : Registered SqmFunctionTemplate [NamedSqmFunctionTemplate(tan)] under tan; prior registration was null
2024-04-29T20:51:31.330-04:00 DEBUG 12448 --- [atenciones_medicas] [           main] o.h.q.sqm.function.SqmFunctionRegistry   : Registered SqmFunctionTemplate [NamedSqmFunctionTemplate(asin)] under asin; prior registration was null
2024-04-29T20:51:31.330-04:00 DEBUG 12448 --- [atenciones_medicas] [           main] o.h.q.sqm.function.SqmFunctionRegistry   : Registered SqmFunctionTemplate [NamedSqmFunctionTemplate(acos)] under acos; prior registration was null
2024-04-29T20:51:31.330-04:00 DEBUG 12448 --- [atenciones_medicas] [           main] o.h.q.sqm.function.SqmFunctionRegistry   : Registered SqmFunctionTemplate [NamedSqmFunctionTemplate(atan)] under atan; prior registration was null
2024-04-29T20:51:31.330-04:00 DEBUG 12448 --- [atenciones_medicas] [           main] o.h.q.sqm.function.SqmFunctionRegistry   : Registered SqmFunctionTemplate [NamedSqmFunctionTemplate(atan2)] under atan2; prior registration was null
2024-04-29T20:51:31.343-04:00 DEBUG 12448 --- [atenciones_medicas] [           main] o.h.q.sqm.function.SqmFunctionRegistry   : Registered SqmFunctionTemplate [org.hibernate.query.sqm.function.PatternBasedSqmFunctionDescriptor@2435c6ae] under sinh; prior registration was null
2024-04-29T20:51:31.344-04:00 DEBUG 12448 --- [atenciones_medicas] [           main] o.h.q.sqm.function.SqmFunctionRegistry   : Registered SqmFunctionTemplate [org.hibernate.query.sqm.function.PatternBasedSqmFunctionDescriptor@574f9e36] under cosh; prior registration was null
2024-04-29T20:51:31.344-04:00 DEBUG 12448 --- [atenciones_medicas] [           main] o.h.q.sqm.function.SqmFunctionRegistry   : Registered SqmFunctionTemplate [org.hibernate.query.sqm.function.PatternBasedSqmFunctionDescriptor@77db231c] under tanh; prior registration was null
2024-04-29T20:51:31.344-04:00 DEBUG 12448 --- [atenciones_medicas] [           main] o.h.q.sqm.function.SqmFunctionRegistry   : Registered SqmFunctionTemplate [org.hibernate.query.sqm.function.PatternBasedSqmFunctionDescriptor@60b4d934] under pi; prior registration was null
2024-04-29T20:51:31.344-04:00 DEBUG 12448 --- [atenciones_medicas] [           main] o.h.q.sqm.function.SqmFunctionRegistry   : Registered SqmFunctionTemplate [org.hibernate.query.sqm.function.PatternBasedSqmFunctionDescriptor@6a3e633a] under log; prior registration was null
2024-04-29T20:51:31.345-04:00 DEBUG 12448 --- [atenciones_medicas] [           main] o.h.q.sqm.function.SqmFunctionRegistry   : Registered SqmFunctionTemplate [NamedSqmFunctionTemplate(coalesce)] under coalesce; prior registration was null
2024-04-29T20:51:31.345-04:00 DEBUG 12448 --- [atenciones_medicas] [           main] o.h.q.sqm.function.SqmFunctionRegistry   : Registered SqmFunctionTemplate [NamedSqmFunctionTemplate(nullif)] under nullif; prior registration was null
2024-04-29T20:51:31.345-04:00 DEBUG 12448 --- [atenciones_medicas] [           main] o.h.q.sqm.function.SqmFunctionRegistry   : Registered SqmFunctionTemplate [NamedSqmFunctionTemplate(left)] under left; prior registration was null
2024-04-29T20:51:31.345-04:00 DEBUG 12448 --- [atenciones_medicas] [           main] o.h.q.sqm.function.SqmFunctionRegistry   : Registered SqmFunctionTemplate [NamedSqmFunctionTemplate(right)] under right; prior registration was null
2024-04-29T20:51:31.345-04:00 DEBUG 12448 --- [atenciones_medicas] [           main] o.h.q.sqm.function.SqmFunctionRegistry   : Registered SqmFunctionTemplate [NamedSqmFunctionTemplate(replace)] under replace; prior registration was null
2024-04-29T20:51:31.346-04:00 DEBUG 12448 --- [atenciones_medicas] [           main] o.h.q.sqm.function.SqmFunctionRegistry   : Registered SqmFunctionTemplate [NamedSqmFunctionTemplate(concat)] under concat; prior registration was null
2024-04-29T20:51:31.346-04:00 DEBUG 12448 --- [atenciones_medicas] [           main] o.h.q.sqm.function.SqmFunctionRegistry   : Registered SqmFunctionTemplate [NamedSqmFunctionTemplate(lower)] under lower; prior registration was null
2024-04-29T20:51:31.346-04:00 DEBUG 12448 --- [atenciones_medicas] [           main] o.h.q.sqm.function.SqmFunctionRegistry   : Registered SqmFunctionTemplate [NamedSqmFunctionTemplate(upper)] under upper; prior registration was null
2024-04-29T20:51:31.346-04:00 DEBUG 12448 --- [atenciones_medicas] [           main] o.h.q.sqm.function.SqmFunctionRegistry   : Registered SqmFunctionTemplate [NamedSqmFunctionTemplate(substring)] under substring; prior registration was null
2024-04-29T20:51:31.346-04:00 DEBUG 12448 --- [atenciones_medicas] [           main] o.h.q.sqm.function.SqmFunctionRegistry   : Registered SqmFunctionTemplate [NamedSqmFunctionTemplate(locate)] under locate; prior registration was null
2024-04-29T20:51:31.346-04:00 DEBUG 12448 --- [atenciones_medicas] [           main] o.h.q.sqm.function.SqmFunctionRegistry   : Registered SqmFunctionTemplate [NamedSqmFunctionTemplate(character_length)] under character_length; prior registration was null
2024-04-29T20:51:31.346-04:00 DEBUG 12448 --- [atenciones_medicas] [           main] o.h.q.sqm.function.SqmFunctionRegistry   : Registering alternate key : length -> character_length
2024-04-29T20:51:31.347-04:00 DEBUG 12448 --- [atenciones_medicas] [           main] o.h.q.sqm.function.SqmFunctionRegistry   : Registered SqmFunctionTemplate [org.hibernate.dialect.function.LocatePositionEmulation@141a10bf] under position; prior registration was null
2024-04-29T20:51:31.350-04:00 DEBUG 12448 --- [atenciones_medicas] [           main] o.h.q.sqm.function.SqmFunctionRegistry   : Registered SqmFunctionTemplate [org.hibernate.dialect.function.InsertSubstringOverlayEmulation@441016d6] under overlay; prior registration was null
2024-04-29T20:51:31.351-04:00 DEBUG 12448 --- [atenciones_medicas] [           main] o.h.q.sqm.function.SqmFunctionRegistry   : Registered SqmFunctionTemplate [org.hibernate.dialect.function.TrimFunction@2ed84be9] under trim; prior registration was null
2024-04-29T20:51:31.353-04:00 DEBUG 12448 --- [atenciones_medicas] [           main] o.h.q.sqm.function.SqmFunctionRegistry   : Registered SqmFunctionTemplate [org.hibernate.dialect.function.CastFunction@75c0cd39] under cast; prior registration was null
2024-04-29T20:51:31.354-04:00 DEBUG 12448 --- [atenciones_medicas] [           main] o.h.q.sqm.function.SqmFunctionRegistry   : Registered SqmFunctionTemplate [org.hibernate.query.sqm.function.PatternBasedSqmFunctionDescriptor@7cf66cf9] under collate; prior registration was null
2024-04-29T20:51:31.357-04:00 DEBUG 12448 --- [atenciones_medicas] [           main] o.h.q.sqm.function.SqmFunctionRegistry   : Registered SqmFunctionTemplate [org.hibernate.dialect.function.ExtractFunction@1782896] under extract; prior registration was null
2024-04-29T20:51:31.358-04:00 DEBUG 12448 --- [atenciones_medicas] [           main] o.h.q.sqm.function.SqmFunctionRegistry   : Registered SqmFunctionTemplate [NamedSqmFunctionTemplate(least)] under least; prior registration was null
2024-04-29T20:51:31.358-04:00 DEBUG 12448 --- [atenciones_medicas] [           main] o.h.q.sqm.function.SqmFunctionRegistry   : Registered SqmFunctionTemplate [NamedSqmFunctionTemplate(greatest)] under greatest; prior registration was null
2024-04-29T20:51:31.363-04:00 DEBUG 12448 --- [atenciones_medicas] [           main] o.h.q.sqm.function.SqmFunctionRegistry   : Registered SqmFunctionTemplate [org.hibernate.dialect.function.CoalesceIfnullEmulation@6e617c0e] under ifnull; prior registration was null
2024-04-29T20:51:31.363-04:00 DEBUG 12448 --- [atenciones_medicas] [           main] o.h.q.sqm.function.SqmFunctionRegistry   : Registered SqmFunctionTemplate [NamedSqmFunctionTemplate(lpad)] under lpad; prior registration was null
2024-04-29T20:51:31.364-04:00 DEBUG 12448 --- [atenciones_medicas] [           main] o.h.q.sqm.function.SqmFunctionRegistry   : Registered SqmFunctionTemplate [NamedSqmFunctionTemplate(rpad)] under rpad; prior registration was null
2024-04-29T20:51:31.365-04:00 DEBUG 12448 --- [atenciones_medicas] [           main] o.h.q.sqm.function.SqmFunctionRegistry   : Registered SqmFunctionTemplate [org.hibernate.dialect.function.LpadRpadPadEmulation@510203de] under pad; prior registration was null
2024-04-29T20:51:31.368-04:00 DEBUG 12448 --- [atenciones_medicas] [           main] o.h.q.sqm.function.SqmFunctionRegistry   : Registered SqmFunctionTemplate [org.hibernate.dialect.function.CastStrEmulation@477bea57] under str; prior registration was null
2024-04-29T20:51:31.371-04:00 DEBUG 12448 --- [atenciones_medicas] [           main] o.h.q.sqm.function.SqmFunctionRegistry   : Registered SqmFunctionTemplate [org.hibernate.dialect.function.FormatFunction@35f22eef] under format; prior registration was null
2024-04-29T20:51:31.371-04:00 DEBUG 12448 --- [atenciones_medicas] [           main] o.h.q.sqm.function.SqmFunctionRegistry   : Registered SqmFunctionTemplate [org.hibernate.dialect.function.TimestampaddFunction@430212cb] under timestampadd; prior registration was null
2024-04-29T20:51:31.374-04:00 DEBUG 12448 --- [atenciones_medicas] [           main] o.h.q.sqm.function.SqmFunctionRegistry   : Registered SqmFunctionTemplate [org.hibernate.dialect.function.TimestampdiffFunction@4f98ac31] under timestampdiff; prior registration was null
2024-04-29T20:51:31.374-04:00 DEBUG 12448 --- [atenciones_medicas] [           main] o.h.q.sqm.function.SqmFunctionRegistry   : Registering alternate key : dateadd -> timestampadd
2024-04-29T20:51:31.374-04:00 DEBUG 12448 --- [atenciones_medicas] [           main] o.h.q.sqm.function.SqmFunctionRegistry   : Registering alternate key : datediff -> timestampdiff
2024-04-29T20:51:31.375-04:00 DEBUG 12448 --- [atenciones_medicas] [           main] o.h.q.sqm.function.SqmFunctionRegistry   : Registered SqmFunctionTemplate [org.hibernate.dialect.function.CurrentFunction@6705b763] under current_date; prior registration was null
2024-04-29T20:51:31.375-04:00 DEBUG 12448 --- [atenciones_medicas] [           main] o.h.q.sqm.function.SqmFunctionRegistry   : Registered SqmFunctionTemplate [org.hibernate.dialect.function.CurrentFunction@e04b8a0] under current_time; prior registration was null
2024-04-29T20:51:31.375-04:00 DEBUG 12448 --- [atenciones_medicas] [           main] o.h.q.sqm.function.SqmFunctionRegistry   : Registered SqmFunctionTemplate [org.hibernate.dialect.function.CurrentFunction@a97a895] under current_timestamp; prior registration was null
2024-04-29T20:51:31.375-04:00 DEBUG 12448 --- [atenciones_medicas] [           main] o.h.q.sqm.function.SqmFunctionRegistry   : Registering alternate key : current date -> current_date
2024-04-29T20:51:31.376-04:00 DEBUG 12448 --- [atenciones_medicas] [           main] o.h.q.sqm.function.SqmFunctionRegistry   : Registering alternate key : current time -> current_time
2024-04-29T20:51:31.376-04:00 DEBUG 12448 --- [atenciones_medicas] [           main] o.h.q.sqm.function.SqmFunctionRegistry   : Registering alternate key : current timestamp -> current_timestamp
2024-04-29T20:51:31.376-04:00 DEBUG 12448 --- [atenciones_medicas] [           main] o.h.q.sqm.function.SqmFunctionRegistry   : Registered SqmFunctionTemplate [org.hibernate.dialect.function.CurrentFunction@5401c6a8] under local_date; prior registration was null
2024-04-29T20:51:31.376-04:00 DEBUG 12448 --- [atenciones_medicas] [           main] o.h.q.sqm.function.SqmFunctionRegistry   : Registered SqmFunctionTemplate [org.hibernate.dialect.function.CurrentFunction@1ef5cde4] under local_time; prior registration was null
2024-04-29T20:51:31.376-04:00 DEBUG 12448 --- [atenciones_medicas] [           main] o.h.q.sqm.function.SqmFunctionRegistry   : Registered SqmFunctionTemplate [org.hibernate.dialect.function.CurrentFunction@359fa722] under local_datetime; prior registration was null
2024-04-29T20:51:31.376-04:00 DEBUG 12448 --- [atenciones_medicas] [           main] o.h.q.sqm.function.SqmFunctionRegistry   : Registered SqmFunctionTemplate [org.hibernate.dialect.function.CurrentFunction@27b7204] under offset_datetime; prior registration was null
2024-04-29T20:51:31.376-04:00 DEBUG 12448 --- [atenciones_medicas] [           main] o.h.q.sqm.function.SqmFunctionRegistry   : Registering alternate key : local date -> local_date
2024-04-29T20:51:31.376-04:00 DEBUG 12448 --- [atenciones_medicas] [           main] o.h.q.sqm.function.SqmFunctionRegistry   : Registering alternate key : local time -> local_time
2024-04-29T20:51:31.376-04:00 DEBUG 12448 --- [atenciones_medicas] [           main] o.h.q.sqm.function.SqmFunctionRegistry   : Registering alternate key : local datetime -> local_datetime
2024-04-29T20:51:31.376-04:00 DEBUG 12448 --- [atenciones_medicas] [           main] o.h.q.sqm.function.SqmFunctionRegistry   : Registering alternate key : offset datetime -> offset_datetime
2024-04-29T20:51:31.376-04:00 DEBUG 12448 --- [atenciones_medicas] [           main] o.h.q.sqm.function.SqmFunctionRegistry   : Registered SqmFunctionTemplate [org.hibernate.dialect.function.CurrentFunction@5895c065] under instant; prior registration was null
2024-04-29T20:51:31.376-04:00 DEBUG 12448 --- [atenciones_medicas] [           main] o.h.q.sqm.function.SqmFunctionRegistry   : Registering alternate key : current_instant -> instant
2024-04-29T20:51:31.378-04:00 DEBUG 12448 --- [atenciones_medicas] [           main] o.h.q.sqm.function.SqmFunctionRegistry   : Registered SqmFunctionTemplate [org.hibernate.dialect.function.SqlFunction@f837c11] under sql; prior registration was null
2024-04-29T20:51:31.378-04:00 DEBUG 12448 --- [atenciones_medicas] [           main] o.h.q.sqm.function.SqmFunctionRegistry   : Registered SqmFunctionTemplate [NamedSqmFunctionTemplate(ascii)] under ascii; prior registration was null
2024-04-29T20:51:31.378-04:00 DEBUG 12448 --- [atenciones_medicas] [           main] o.h.q.sqm.function.SqmFunctionRegistry   : Registered SqmFunctionTemplate [NamedSqmFunctionTemplate(chr)] under chr; prior registration was null
2024-04-29T20:51:31.379-04:00 DEBUG 12448 --- [atenciones_medicas] [           main] o.h.q.sqm.function.SqmFunctionRegistry   : Registering alternate key : char -> chr
2024-04-29T20:51:31.381-04:00 DEBUG 12448 --- [atenciones_medicas] [           main] o.h.q.sqm.function.SqmFunctionRegistry   : Registered SqmFunctionTemplate [NamedSqmFunctionTemplate(cosh)] under cosh; prior registration was org.hibernate.query.sqm.function.PatternBasedSqmFunctionDescriptor@574f9e36
2024-04-29T20:51:31.381-04:00 DEBUG 12448 --- [atenciones_medicas] [           main] o.h.q.sqm.function.SqmFunctionRegistry   : Registered SqmFunctionTemplate [NamedSqmFunctionTemplate(sinh)] under sinh; prior registration was org.hibernate.query.sqm.function.PatternBasedSqmFunctionDescriptor@2435c6ae
2024-04-29T20:51:31.381-04:00 DEBUG 12448 --- [atenciones_medicas] [           main] o.h.q.sqm.function.SqmFunctionRegistry   : Registered SqmFunctionTemplate [NamedSqmFunctionTemplate(tanh)] under tanh; prior registration was org.hibernate.query.sqm.function.PatternBasedSqmFunctionDescriptor@77db231c
2024-04-29T20:51:31.382-04:00 DEBUG 12448 --- [atenciones_medicas] [           main] o.h.q.sqm.function.SqmFunctionRegistry   : Registered SqmFunctionTemplate [NamedSqmFunctionTemplate(log)] under log; prior registration was org.hibernate.query.sqm.function.PatternBasedSqmFunctionDescriptor@6a3e633a
2024-04-29T20:51:31.382-04:00 DEBUG 12448 --- [atenciones_medicas] [           main] o.h.q.sqm.function.SqmFunctionRegistry   : Registered SqmFunctionTemplate [org.hibernate.query.sqm.function.PatternBasedSqmFunctionDescriptor@1aca6dc3] under log10; prior registration was null
2024-04-29T20:51:31.382-04:00 DEBUG 12448 --- [atenciones_medicas] [           main] o.h.q.sqm.function.SqmFunctionRegistry   : Registered SqmFunctionTemplate [NamedSqmFunctionTemplate(soundex)] under soundex; prior registration was null
2024-04-29T20:51:31.382-04:00 DEBUG 12448 --- [atenciones_medicas] [           main] o.h.q.sqm.function.SqmFunctionRegistry   : Registered SqmFunctionTemplate [NamedSqmFunctionTemplate(ltrim)] under ltrim; prior registration was null
2024-04-29T20:51:31.382-04:00 DEBUG 12448 --- [atenciones_medicas] [           main] o.h.q.sqm.function.SqmFunctionRegistry   : Registered SqmFunctionTemplate [NamedSqmFunctionTemplate(rtrim)] under rtrim; prior registration was null
2024-04-29T20:51:31.382-04:00 DEBUG 12448 --- [atenciones_medicas] [           main] o.h.q.sqm.function.SqmFunctionRegistry   : Registered SqmFunctionTemplate [NamedSqmFunctionTemplate(initcap)] under initcap; prior registration was null
2024-04-29T20:51:31.382-04:00 DEBUG 12448 --- [atenciones_medicas] [           main] o.h.q.sqm.function.SqmFunctionRegistry   : Registered SqmFunctionTemplate [NamedSqmFunctionTemplate(instr)] under instr; prior registration was null
2024-04-29T20:51:31.382-04:00 DEBUG 12448 --- [atenciones_medicas] [           main] o.h.q.sqm.function.SqmFunctionRegistry   : Registered SqmFunctionTemplate [NamedSqmFunctionTemplate(substr)] under substr; prior registration was null
2024-04-29T20:51:31.382-04:00 DEBUG 12448 --- [atenciones_medicas] [           main] o.h.q.sqm.function.SqmFunctionRegistry   : Registered SqmFunctionTemplate [NamedSqmFunctionTemplate(substr)] under substring; prior registration was NamedSqmFunctionTemplate(substring)
2024-04-29T20:51:31.382-04:00 DEBUG 12448 --- [atenciones_medicas] [           main] o.h.q.sqm.function.SqmFunctionRegistry   : Registered SqmFunctionTemplate [org.hibernate.query.sqm.function.PatternBasedSqmFunctionDescriptor@3731e8b6] under left; prior registration was NamedSqmFunctionTemplate(left)
2024-04-29T20:51:31.382-04:00 DEBUG 12448 --- [atenciones_medicas] [           main] o.h.q.sqm.function.SqmFunctionRegistry   : Registered SqmFunctionTemplate [org.hibernate.query.sqm.function.PatternBasedSqmFunctionDescriptor@565efd7d] under right; prior registration was NamedSqmFunctionTemplate(right)
2024-04-29T20:51:31.382-04:00 DEBUG 12448 --- [atenciones_medicas] [           main] o.h.q.sqm.function.SqmFunctionRegistry   : Registered SqmFunctionTemplate [NamedSqmFunctionTemplate(translate)] under translate; prior registration was null
2024-04-29T20:51:31.382-04:00 DEBUG 12448 --- [atenciones_medicas] [           main] o.h.q.sqm.function.SqmFunctionRegistry   : Registered SqmFunctionTemplate [NamedSqmFunctionTemplate(bitand)] under bitand; prior registration was null
2024-04-29T20:51:31.382-04:00 DEBUG 12448 --- [atenciones_medicas] [           main] o.h.q.sqm.function.SqmFunctionRegistry   : Registered SqmFunctionTemplate [NamedSqmFunctionTemplate(last_day)] under last_day; prior registration was null
2024-04-29T20:51:31.382-04:00 DEBUG 12448 --- [atenciones_medicas] [           main] o.h.q.sqm.function.SqmFunctionRegistry   : Registered SqmFunctionTemplate [NamedSqmFunctionTemplate(to_number)] under to_number; prior registration was null
2024-04-29T20:51:31.382-04:00 DEBUG 12448 --- [atenciones_medicas] [           main] o.h.q.sqm.function.SqmFunctionRegistry   : Registered SqmFunctionTemplate [NamedSqmFunctionTemplate(to_char)] under to_char; prior registration was null
2024-04-29T20:51:31.382-04:00 DEBUG 12448 --- [atenciones_medicas] [           main] o.h.q.sqm.function.SqmFunctionRegistry   : Registered SqmFunctionTemplate [NamedSqmFunctionTemplate(to_date)] under to_date; prior registration was null
2024-04-29T20:51:31.382-04:00 DEBUG 12448 --- [atenciones_medicas] [           main] o.h.q.sqm.function.SqmFunctionRegistry   : Registered SqmFunctionTemplate [NamedSqmFunctionTemplate(to_timestamp)] under to_timestamp; prior registration was null
2024-04-29T20:51:31.383-04:00 DEBUG 12448 --- [atenciones_medicas] [           main] o.h.q.sqm.function.SqmFunctionRegistry   : Registered SqmFunctionTemplate [NamedSqmFunctionTemplate(ceil)] under ceil; prior registration was null
2024-04-29T20:51:31.383-04:00 DEBUG 12448 --- [atenciones_medicas] [           main] o.h.q.sqm.function.SqmFunctionRegistry   : Registering alternate key : ceiling -> ceil
2024-04-29T20:51:31.383-04:00 DEBUG 12448 --- [atenciones_medicas] [           main] o.h.q.sqm.function.SqmFunctionRegistry   : Registered SqmFunctionTemplate [org.hibernate.query.sqm.function.PatternBasedSqmFunctionDescriptor@42a97053] under concat; prior registration was NamedSqmFunctionTemplate(concat)
2024-04-29T20:51:31.383-04:00 DEBUG 12448 --- [atenciones_medicas] [           main] o.h.q.sqm.function.SqmFunctionRegistry   : Registered SqmFunctionTemplate [NamedSqmFunctionTemplate(rowid)] under rowid; prior registration was null
2024-04-29T20:51:31.383-04:00 DEBUG 12448 --- [atenciones_medicas] [           main] o.h.q.sqm.function.SqmFunctionRegistry   : Registered SqmFunctionTemplate [NamedSqmFunctionTemplate(rownum)] under rownum; prior registration was null
2024-04-29T20:51:31.383-04:00 DEBUG 12448 --- [atenciones_medicas] [           main] o.h.q.sqm.function.SqmFunctionRegistry   : Registered SqmFunctionTemplate [NamedSqmFunctionTemplate(sysdate)] under sysdate; prior registration was null
2024-04-29T20:51:31.383-04:00 DEBUG 12448 --- [atenciones_medicas] [           main] o.h.q.sqm.function.SqmFunctionRegistry   : Registered SqmFunctionTemplate [NamedSqmFunctionTemplate(systimestamp)] under systimestamp; prior registration was null
2024-04-29T20:51:31.383-04:00 DEBUG 12448 --- [atenciones_medicas] [           main] o.h.q.sqm.function.SqmFunctionRegistry   : Registered SqmFunctionTemplate [NamedSqmFunctionTemplate(add_months)] under add_months; prior registration was null
2024-04-29T20:51:31.383-04:00 DEBUG 12448 --- [atenciones_medicas] [           main] o.h.q.sqm.function.SqmFunctionRegistry   : Registered SqmFunctionTemplate [NamedSqmFunctionTemplate(months_between)] under months_between; prior registration was null
2024-04-29T20:51:31.385-04:00 DEBUG 12448 --- [atenciones_medicas] [           main] o.h.q.sqm.function.SqmFunctionRegistry   : Registered SqmFunctionTemplate [org.hibernate.dialect.function.MinMaxCaseEveryAnyEmulation@1bbef3c7] under every; prior registration was org.hibernate.dialect.function.EveryAnyEmulation@78ea700f
2024-04-29T20:51:31.385-04:00 DEBUG 12448 --- [atenciones_medicas] [           main] o.h.q.sqm.function.SqmFunctionRegistry   : Registered SqmFunctionTemplate [org.hibernate.dialect.function.MinMaxCaseEveryAnyEmulation@35995029] under any; prior registration was org.hibernate.dialect.function.EveryAnyEmulation@cd93621
2024-04-29T20:51:31.386-04:00 DEBUG 12448 --- [atenciones_medicas] [           main] o.h.q.sqm.function.SqmFunctionRegistry   : Registered SqmFunctionTemplate [org.hibernate.query.sqm.function.PatternBasedSqmFunctionDescriptor@42474b18] under repeat; prior registration was null
2024-04-29T20:51:31.386-04:00 DEBUG 12448 --- [atenciones_medicas] [           main] o.h.q.sqm.function.SqmFunctionRegistry   : Registered SqmFunctionTemplate [org.hibernate.query.sqm.function.PatternBasedSqmFunctionDescriptor@31b91435] under radians; prior registration was null
2024-04-29T20:51:31.386-04:00 DEBUG 12448 --- [atenciones_medicas] [           main] o.h.q.sqm.function.SqmFunctionRegistry   : Registered SqmFunctionTemplate [org.hibernate.query.sqm.function.PatternBasedSqmFunctionDescriptor@5d75f90e] under degrees; prior registration was null
2024-04-29T20:51:31.386-04:00 DEBUG 12448 --- [atenciones_medicas] [           main] o.h.q.sqm.function.SqmFunctionRegistry   : Registered SqmFunctionTemplate [NamedSqmFunctionTemplate(median)] under median; prior registration was null
2024-04-29T20:51:31.386-04:00 DEBUG 12448 --- [atenciones_medicas] [           main] o.h.q.sqm.function.SqmFunctionRegistry   : Registered SqmFunctionTemplate [NamedSqmFunctionTemplate(stddev)] under stddev; prior registration was null
2024-04-29T20:51:31.386-04:00 DEBUG 12448 --- [atenciones_medicas] [           main] o.h.q.sqm.function.SqmFunctionRegistry   : Registered SqmFunctionTemplate [NamedSqmFunctionTemplate(stddev_pop)] under stddev_pop; prior registration was null
2024-04-29T20:51:31.386-04:00 DEBUG 12448 --- [atenciones_medicas] [           main] o.h.q.sqm.function.SqmFunctionRegistry   : Registered SqmFunctionTemplate [NamedSqmFunctionTemplate(stddev_samp)] under stddev_samp; prior registration was null
2024-04-29T20:51:31.386-04:00 DEBUG 12448 --- [atenciones_medicas] [           main] o.h.q.sqm.function.SqmFunctionRegistry   : Registered SqmFunctionTemplate [NamedSqmFunctionTemplate(variance)] under variance; prior registration was null
2024-04-29T20:51:31.386-04:00 DEBUG 12448 --- [atenciones_medicas] [           main] o.h.q.sqm.function.SqmFunctionRegistry   : Registered SqmFunctionTemplate [NamedSqmFunctionTemplate(var_pop)] under var_pop; prior registration was null
2024-04-29T20:51:31.386-04:00 DEBUG 12448 --- [atenciones_medicas] [           main] o.h.q.sqm.function.SqmFunctionRegistry   : Registered SqmFunctionTemplate [NamedSqmFunctionTemplate(var_samp)] under var_samp; prior registration was null
2024-04-29T20:51:31.386-04:00 DEBUG 12448 --- [atenciones_medicas] [           main] o.h.q.sqm.function.SqmFunctionRegistry   : Registered SqmFunctionTemplate [NamedSqmFunctionTemplate(covar_pop)] under covar_pop; prior registration was null
2024-04-29T20:51:31.386-04:00 DEBUG 12448 --- [atenciones_medicas] [           main] o.h.q.sqm.function.SqmFunctionRegistry   : Registered SqmFunctionTemplate [NamedSqmFunctionTemplate(covar_samp)] under covar_samp; prior registration was null
2024-04-29T20:51:31.386-04:00 DEBUG 12448 --- [atenciones_medicas] [           main] o.h.q.sqm.function.SqmFunctionRegistry   : Registered SqmFunctionTemplate [NamedSqmFunctionTemplate(corr)] under corr; prior registration was null
2024-04-29T20:51:31.387-04:00 DEBUG 12448 --- [atenciones_medicas] [           main] o.h.q.sqm.function.SqmFunctionRegistry   : Registered SqmFunctionTemplate [NamedSqmFunctionTemplate(regr_avgx)] under regr_avgx; prior registration was null
2024-04-29T20:51:31.388-04:00 DEBUG 12448 --- [atenciones_medicas] [           main] o.h.q.sqm.function.SqmFunctionRegistry   : Registered SqmFunctionTemplate [NamedSqmFunctionTemplate(regr_avgy)] under regr_avgy; prior registration was null
2024-04-29T20:51:31.388-04:00 DEBUG 12448 --- [atenciones_medicas] [           main] o.h.q.sqm.function.SqmFunctionRegistry   : Registered SqmFunctionTemplate [NamedSqmFunctionTemplate(regr_count)] under regr_count; prior registration was null
2024-04-29T20:51:31.388-04:00 DEBUG 12448 --- [atenciones_medicas] [           main] o.h.q.sqm.function.SqmFunctionRegistry   : Registered SqmFunctionTemplate [NamedSqmFunctionTemplate(regr_intercept)] under regr_intercept; prior registration was null
2024-04-29T20:51:31.388-04:00 DEBUG 12448 --- [atenciones_medicas] [           main] o.h.q.sqm.function.SqmFunctionRegistry   : Registered SqmFunctionTemplate [NamedSqmFunctionTemplate(regr_r2)] under regr_r2; prior registration was null
2024-04-29T20:51:31.388-04:00 DEBUG 12448 --- [atenciones_medicas] [           main] o.h.q.sqm.function.SqmFunctionRegistry   : Registered SqmFunctionTemplate [NamedSqmFunctionTemplate(regr_slope)] under regr_slope; prior registration was null
2024-04-29T20:51:31.388-04:00 DEBUG 12448 --- [atenciones_medicas] [           main] o.h.q.sqm.function.SqmFunctionRegistry   : Registered SqmFunctionTemplate [NamedSqmFunctionTemplate(regr_sxx)] under regr_sxx; prior registration was null
2024-04-29T20:51:31.388-04:00 DEBUG 12448 --- [atenciones_medicas] [           main] o.h.q.sqm.function.SqmFunctionRegistry   : Registered SqmFunctionTemplate [NamedSqmFunctionTemplate(regr_sxy)] under regr_sxy; prior registration was null
2024-04-29T20:51:31.389-04:00 DEBUG 12448 --- [atenciones_medicas] [           main] o.h.q.sqm.function.SqmFunctionRegistry   : Registered SqmFunctionTemplate [NamedSqmFunctionTemplate(regr_syy)] under regr_syy; prior registration was null
2024-04-29T20:51:31.391-04:00 DEBUG 12448 --- [atenciones_medicas] [           main] o.h.q.sqm.function.SqmFunctionRegistry   : Registered SqmFunctionTemplate [org.hibernate.dialect.function.LengthFunction@64e89bb2] under length; prior registration was null
2024-04-29T20:51:31.391-04:00 DEBUG 12448 --- [atenciones_medicas] [           main] o.h.q.sqm.function.SqmFunctionRegistry   : Registering alternate key : character_length -> length
2024-04-29T20:51:31.391-04:00 DEBUG 12448 --- [atenciones_medicas] [           main] o.h.q.sqm.function.SqmFunctionRegistry   : Registered SqmFunctionTemplate [org.hibernate.dialect.function.LengthFunction@15fe020d] under octet_length; prior registration was null
2024-04-29T20:51:31.391-04:00 DEBUG 12448 --- [atenciones_medicas] [           main] o.h.q.sqm.function.SqmFunctionRegistry   : Registered SqmFunctionTemplate [org.hibernate.dialect.function.LengthFunction@10830d50] under bit_length; prior registration was null
2024-04-29T20:51:31.391-04:00 DEBUG 12448 --- [atenciones_medicas] [           main] o.h.q.sqm.function.SqmFunctionRegistry   : Registered SqmFunctionTemplate [NamedSqmFunctionTemplate(coalesce)] under coalesce; prior registration was NamedSqmFunctionTemplate(coalesce)
2024-04-29T20:51:31.393-04:00 DEBUG 12448 --- [atenciones_medicas] [           main] o.h.q.sqm.function.SqmFunctionRegistry   : Registered SqmFunctionTemplate [org.hibernate.query.sqm.function.MultipatternSqmFunctionDescriptor@5342032a] under locate; prior registration was NamedSqmFunctionTemplate(locate)
2024-04-29T20:51:31.394-04:00 DEBUG 12448 --- [atenciones_medicas] [           main] o.h.q.sqm.function.SqmFunctionRegistry   : Registered SqmFunctionTemplate [org.hibernate.dialect.function.ListaggFunction@59aa1d1c] under listagg; prior registration was null
2024-04-29T20:51:31.395-04:00 DEBUG 12448 --- [atenciones_medicas] [           main] o.h.q.sqm.function.SqmFunctionRegistry   : Registered SqmFunctionTemplate [NamedSqmFunctionTemplate(row_number)] under row_number; prior registration was null
2024-04-29T20:51:31.395-04:00 DEBUG 12448 --- [atenciones_medicas] [           main] o.h.q.sqm.function.SqmFunctionRegistry   : Registered SqmFunctionTemplate [NamedSqmFunctionTemplate(lag)] under lag; prior registration was null
2024-04-29T20:51:31.396-04:00 DEBUG 12448 --- [atenciones_medicas] [           main] o.h.q.sqm.function.SqmFunctionRegistry   : Registered SqmFunctionTemplate [NamedSqmFunctionTemplate(lead)] under lead; prior registration was null
2024-04-29T20:51:31.396-04:00 DEBUG 12448 --- [atenciones_medicas] [           main] o.h.q.sqm.function.SqmFunctionRegistry   : Registered SqmFunctionTemplate [NamedSqmFunctionTemplate(first_value)] under first_value; prior registration was null
2024-04-29T20:51:31.396-04:00 DEBUG 12448 --- [atenciones_medicas] [           main] o.h.q.sqm.function.SqmFunctionRegistry   : Registered SqmFunctionTemplate [NamedSqmFunctionTemplate(last_value)] under last_value; prior registration was null
2024-04-29T20:51:31.396-04:00 DEBUG 12448 --- [atenciones_medicas] [           main] o.h.q.sqm.function.SqmFunctionRegistry   : Registered SqmFunctionTemplate [NamedSqmFunctionTemplate(nth_value)] under nth_value; prior registration was null
2024-04-29T20:51:31.397-04:00 DEBUG 12448 --- [atenciones_medicas] [           main] o.h.q.sqm.function.SqmFunctionRegistry   : Registered SqmFunctionTemplate [org.hibernate.dialect.function.HypotheticalSetFunction@581e8969] under rank; prior registration was null
2024-04-29T20:51:31.398-04:00 DEBUG 12448 --- [atenciones_medicas] [           main] o.h.q.sqm.function.SqmFunctionRegistry   : Registered SqmFunctionTemplate [org.hibernate.dialect.function.HypotheticalSetFunction@767b9d66] under dense_rank; prior registration was null
2024-04-29T20:51:31.398-04:00 DEBUG 12448 --- [atenciones_medicas] [           main] o.h.q.sqm.function.SqmFunctionRegistry   : Registered SqmFunctionTemplate [org.hibernate.dialect.function.HypotheticalSetFunction@687fd6e] under percent_rank; prior registration was null
2024-04-29T20:51:31.399-04:00 DEBUG 12448 --- [atenciones_medicas] [           main] o.h.q.sqm.function.SqmFunctionRegistry   : Registered SqmFunctionTemplate [org.hibernate.dialect.function.HypotheticalSetFunction@266a47fd] under cume_dist; prior registration was null
2024-04-29T20:51:31.424-04:00 DEBUG 12448 --- [atenciones_medicas] [           main] o.h.q.sqm.function.SqmFunctionRegistry   : Registered SqmFunctionTemplate [org.hibernate.dialect.function.InverseDistributionFunction@16f8df70] under mode; prior registration was null
2024-04-29T20:51:31.424-04:00 DEBUG 12448 --- [atenciones_medicas] [           main] o.h.q.sqm.function.SqmFunctionRegistry   : Registered SqmFunctionTemplate [org.hibernate.dialect.function.InverseDistributionFunction@6f0ae0ee] under percentile_cont; prior registration was null
2024-04-29T20:51:31.424-04:00 DEBUG 12448 --- [atenciones_medicas] [           main] o.h.q.sqm.function.SqmFunctionRegistry   : Registered SqmFunctionTemplate [org.hibernate.dialect.function.InverseDistributionFunction@6de9bba2] under percentile_disc; prior registration was null
2024-04-29T20:51:31.426-04:00 DEBUG 12448 --- [atenciones_medicas] [           main] o.h.q.sqm.function.SqmFunctionRegistry   : Registered SqmFunctionTemplate [org.hibernate.dialect.function.ModeStatsModeEmulation@6e23ba17] under mode; prior registration was org.hibernate.dialect.function.InverseDistributionFunction@16f8df70
2024-04-29T20:51:31.486-04:00 DEBUG 12448 --- [atenciones_medicas] [           main] o.h.q.sqm.function.SqmFunctionRegistry   : Registered SqmFunctionTemplate [org.hibernate.dialect.function.OracleTruncFunction@48751d8a] under trunc; prior registration was null
2024-04-29T20:51:31.487-04:00 DEBUG 12448 --- [atenciones_medicas] [           main] o.h.q.sqm.function.SqmFunctionRegistry   : Registering alternate key : truncate -> trunc
2024-04-29T20:51:31.492-04:00 DEBUG 12448 --- [atenciones_medicas] [           main] o.h.q.sqm.function.SqmFunctionRegistry   : Registered SqmFunctionTemplate [org.hibernate.dialect.function.array.OracleArrayConstructorFunction@3f1fb139] under array; prior registration was null
2024-04-29T20:51:31.492-04:00 DEBUG 12448 --- [atenciones_medicas] [           main] o.h.q.sqm.function.SqmFunctionRegistry   : Registered SqmFunctionTemplate [org.hibernate.dialect.function.array.OracleArrayConstructorFunction@7057dbda] under array_list; prior registration was null
2024-04-29T20:51:31.496-04:00 DEBUG 12448 --- [atenciones_medicas] [           main] o.h.q.sqm.function.SqmFunctionRegistry   : Registered SqmFunctionTemplate [org.hibernate.dialect.function.array.OracleArrayAggEmulation@495bc9e7] under array_agg; prior registration was null
2024-04-29T20:51:31.500-04:00 DEBUG 12448 --- [atenciones_medicas] [           main] o.h.q.sqm.function.SqmFunctionRegistry   : Registered SqmFunctionTemplate [org.hibernate.dialect.function.array.OracleArrayPositionFunction@67823972] under array_position; prior registration was null
2024-04-29T20:51:31.525-04:00 DEBUG 12448 --- [atenciones_medicas] [           main] o.h.q.sqm.function.SqmFunctionRegistry   : Registered SqmFunctionTemplate [org.hibernate.dialect.function.array.OracleArrayPositionsFunction@34626d4] under array_positions; prior registration was null
2024-04-29T20:51:31.532-04:00 DEBUG 12448 --- [atenciones_medicas] [           main] o.h.q.sqm.function.SqmFunctionRegistry   : Registered SqmFunctionTemplate [org.hibernate.dialect.function.array.OracleArrayPositionsFunction@225ac5e7] under array_positions_list; prior registration was null
2024-04-29T20:51:31.535-04:00 DEBUG 12448 --- [atenciones_medicas] [           main] o.h.q.sqm.function.SqmFunctionRegistry   : Registered SqmFunctionTemplate [org.hibernate.dialect.function.array.OracleArrayLengthFunction@3bc3d70e] under array_length; prior registration was null
2024-04-29T20:51:31.545-04:00 DEBUG 12448 --- [atenciones_medicas] [           main] o.h.q.sqm.function.SqmFunctionRegistry   : Registered SqmFunctionTemplate [org.hibernate.dialect.function.array.OracleArrayConcatFunction@126ff1a1] under array_concat; prior registration was null
2024-04-29T20:51:31.547-04:00 DEBUG 12448 --- [atenciones_medicas] [           main] o.h.q.sqm.function.SqmFunctionRegistry   : Registered SqmFunctionTemplate [org.hibernate.dialect.function.array.OracleArrayConcatElementFunction@624494d4] under array_prepend; prior registration was null
2024-04-29T20:51:31.548-04:00 DEBUG 12448 --- [atenciones_medicas] [           main] o.h.q.sqm.function.SqmFunctionRegistry   : Registered SqmFunctionTemplate [org.hibernate.dialect.function.array.OracleArrayConcatElementFunction@654c2f81] under array_append; prior registration was null
2024-04-29T20:51:31.551-04:00 DEBUG 12448 --- [atenciones_medicas] [           main] o.h.q.sqm.function.SqmFunctionRegistry   : Registered SqmFunctionTemplate [org.hibernate.dialect.function.array.OracleArrayContainsFunction@1c7744c1] under array_contains; prior registration was null
2024-04-29T20:51:31.552-04:00 DEBUG 12448 --- [atenciones_medicas] [           main] o.h.q.sqm.function.SqmFunctionRegistry   : Registered SqmFunctionTemplate [org.hibernate.dialect.function.array.OracleArrayContainsFunction@320e179f] under array_contains_nullable; prior registration was null
2024-04-29T20:51:31.553-04:00 DEBUG 12448 --- [atenciones_medicas] [           main] o.h.q.sqm.function.SqmFunctionRegistry   : Registered SqmFunctionTemplate [org.hibernate.dialect.function.array.OracleArrayOverlapsFunction@285c63cf] under array_overlaps; prior registration was null
2024-04-29T20:51:31.553-04:00 DEBUG 12448 --- [atenciones_medicas] [           main] o.h.q.sqm.function.SqmFunctionRegistry   : Registered SqmFunctionTemplate [org.hibernate.dialect.function.array.OracleArrayOverlapsFunction@4e343265] under array_overlaps_nullable; prior registration was null
2024-04-29T20:51:31.558-04:00 DEBUG 12448 --- [atenciones_medicas] [           main] o.h.q.sqm.function.SqmFunctionRegistry   : Registered SqmFunctionTemplate [org.hibernate.dialect.function.array.OracleArrayGetFunction@4cd51e4e] under array_get; prior registration was null
2024-04-29T20:51:31.560-04:00 DEBUG 12448 --- [atenciones_medicas] [           main] o.h.q.sqm.function.SqmFunctionRegistry   : Registered SqmFunctionTemplate [org.hibernate.dialect.function.array.OracleArraySetFunction@6f1163f7] under array_set; prior registration was null
2024-04-29T20:51:31.561-04:00 DEBUG 12448 --- [atenciones_medicas] [           main] o.h.q.sqm.function.SqmFunctionRegistry   : Registered SqmFunctionTemplate [org.hibernate.dialect.function.array.OracleArrayRemoveFunction@687f62a5] under array_remove; prior registration was null
2024-04-29T20:51:31.566-04:00 DEBUG 12448 --- [atenciones_medicas] [           main] o.h.q.sqm.function.SqmFunctionRegistry   : Registered SqmFunctionTemplate [org.hibernate.dialect.function.array.OracleArrayRemoveIndexFunction@30a20fb3] under array_remove_index; prior registration was null
2024-04-29T20:51:31.567-04:00 DEBUG 12448 --- [atenciones_medicas] [           main] o.h.q.sqm.function.SqmFunctionRegistry   : Registered SqmFunctionTemplate [org.hibernate.dialect.function.array.OracleArraySliceFunction@632dc41] under array_slice; prior registration was null
2024-04-29T20:51:31.569-04:00 DEBUG 12448 --- [atenciones_medicas] [           main] o.h.q.sqm.function.SqmFunctionRegistry   : Registered SqmFunctionTemplate [org.hibernate.dialect.function.array.OracleArrayReplaceFunction@63ed5dae] under array_replace; prior registration was null
2024-04-29T20:51:31.571-04:00 DEBUG 12448 --- [atenciones_medicas] [           main] o.h.q.sqm.function.SqmFunctionRegistry   : Registered SqmFunctionTemplate [org.hibernate.dialect.function.array.OracleArrayTrimFunction@f9cd1e6] under array_trim; prior registration was null
2024-04-29T20:51:31.578-04:00 DEBUG 12448 --- [atenciones_medicas] [           main] o.h.q.sqm.function.SqmFunctionRegistry   : Registered SqmFunctionTemplate [org.hibernate.dialect.function.array.OracleArrayFillFunction@3d01ea33] under array_fill; prior registration was null
2024-04-29T20:51:31.579-04:00 DEBUG 12448 --- [atenciones_medicas] [           main] o.h.q.sqm.function.SqmFunctionRegistry   : Registered SqmFunctionTemplate [org.hibernate.dialect.function.array.OracleArrayFillFunction@73b3ce31] under array_fill_list; prior registration was null
2024-04-29T20:51:31.580-04:00 DEBUG 12448 --- [atenciones_medicas] [           main] o.h.q.sqm.function.SqmFunctionRegistry   : Registered SqmFunctionTemplate [org.hibernate.dialect.function.array.OracleArrayToStringFunction@39f8adc0] under array_to_string; prior registration was null
2024-04-29T20:51:31.584-04:00 DEBUG 12448 --- [atenciones_medicas] [           main] org.hibernate.HQL_FUNCTIONS              : abs(NUMERIC arg)
2024-04-29T20:51:31.584-04:00 DEBUG 12448 --- [atenciones_medicas] [           main] org.hibernate.HQL_FUNCTIONS              : Double acos(NUMERIC arg)
2024-04-29T20:51:31.584-04:00 DEBUG 12448 --- [atenciones_medicas] [           main] org.hibernate.HQL_FUNCTIONS              : add_months(DATE datetime, INTEGER months)
2024-04-29T20:51:31.584-04:00 DEBUG 12448 --- [atenciones_medicas] [           main] org.hibernate.HQL_FUNCTIONS              : Boolean any(BOOLEAN arg)
2024-04-29T20:51:31.584-04:00 DEBUG 12448 --- [atenciones_medicas] [           main] org.hibernate.HQL_FUNCTIONS              : array( ... )
2024-04-29T20:51:31.584-04:00 DEBUG 12448 --- [atenciones_medicas] [           main] org.hibernate.HQL_FUNCTIONS              : array_agg(arg)
2024-04-29T20:51:31.584-04:00 DEBUG 12448 --- [atenciones_medicas] [           main] org.hibernate.HQL_FUNCTIONS              : array_append( ... )
2024-04-29T20:51:31.584-04:00 DEBUG 12448 --- [atenciones_medicas] [           main] org.hibernate.HQL_FUNCTIONS              : array_concat( ... )
2024-04-29T20:51:31.584-04:00 DEBUG 12448 --- [atenciones_medicas] [           main] org.hibernate.HQL_FUNCTIONS              : Boolean array_contains(ARRAY haystackArray, OBJECT needleElementOrArray)
2024-04-29T20:51:31.584-04:00 DEBUG 12448 --- [atenciones_medicas] [           main] org.hibernate.HQL_FUNCTIONS              : Boolean array_contains_nullable(ARRAY haystackArray, OBJECT needleElementOrArray)
2024-04-29T20:51:31.584-04:00 DEBUG 12448 --- [atenciones_medicas] [           main] org.hibernate.HQL_FUNCTIONS              : array_fill(OBJECT element, INTEGER elementCount)
2024-04-29T20:51:31.584-04:00 DEBUG 12448 --- [atenciones_medicas] [           main] org.hibernate.HQL_FUNCTIONS              : array_fill_list(OBJECT element, INTEGER elementCount)
2024-04-29T20:51:31.584-04:00 DEBUG 12448 --- [atenciones_medicas] [           main] org.hibernate.HQL_FUNCTIONS              : array_get( ... )
2024-04-29T20:51:31.584-04:00 DEBUG 12448 --- [atenciones_medicas] [           main] org.hibernate.HQL_FUNCTIONS              : Integer array_length(ARRAY array)
2024-04-29T20:51:31.584-04:00 DEBUG 12448 --- [atenciones_medicas] [           main] org.hibernate.HQL_FUNCTIONS              : array_list( ... )
2024-04-29T20:51:31.584-04:00 DEBUG 12448 --- [atenciones_medicas] [           main] org.hibernate.HQL_FUNCTIONS              : Boolean array_overlaps(ARRAY array0, OBJECT array1)
2024-04-29T20:51:31.584-04:00 DEBUG 12448 --- [atenciones_medicas] [           main] org.hibernate.HQL_FUNCTIONS              : Boolean array_overlaps_nullable(ARRAY array0, OBJECT array1)
2024-04-29T20:51:31.584-04:00 DEBUG 12448 --- [atenciones_medicas] [           main] org.hibernate.HQL_FUNCTIONS              : Integer array_position(ARRAY array, OBJECT element[, INTEGER startPosition])
2024-04-29T20:51:31.584-04:00 DEBUG 12448 --- [atenciones_medicas] [           main] org.hibernate.HQL_FUNCTIONS              : int[] array_positions(ARRAY array, OBJECT element)
2024-04-29T20:51:31.584-04:00 DEBUG 12448 --- [atenciones_medicas] [           main] org.hibernate.HQL_FUNCTIONS              : List array_positions_list(ARRAY array, OBJECT element)
2024-04-29T20:51:31.584-04:00 DEBUG 12448 --- [atenciones_medicas] [           main] org.hibernate.HQL_FUNCTIONS              : array_prepend( ... )
2024-04-29T20:51:31.585-04:00 DEBUG 12448 --- [atenciones_medicas] [           main] org.hibernate.HQL_FUNCTIONS              : array_remove( ... )
2024-04-29T20:51:31.585-04:00 DEBUG 12448 --- [atenciones_medicas] [           main] org.hibernate.HQL_FUNCTIONS              : array_remove_index( ... )
2024-04-29T20:51:31.585-04:00 DEBUG 12448 --- [atenciones_medicas] [           main] org.hibernate.HQL_FUNCTIONS              : array_replace( ... )
2024-04-29T20:51:31.585-04:00 DEBUG 12448 --- [atenciones_medicas] [           main] org.hibernate.HQL_FUNCTIONS              : array_set( ... )
2024-04-29T20:51:31.585-04:00 DEBUG 12448 --- [atenciones_medicas] [           main] org.hibernate.HQL_FUNCTIONS              : array_slice( ... )
2024-04-29T20:51:31.585-04:00 DEBUG 12448 --- [atenciones_medicas] [           main] org.hibernate.HQL_FUNCTIONS              : String array_to_string( ... )
2024-04-29T20:51:31.585-04:00 DEBUG 12448 --- [atenciones_medicas] [           main] org.hibernate.HQL_FUNCTIONS              : array_trim( ... )
2024-04-29T20:51:31.585-04:00 DEBUG 12448 --- [atenciones_medicas] [           main] org.hibernate.HQL_FUNCTIONS              : Integer ascii(STRING arg)
2024-04-29T20:51:31.585-04:00 DEBUG 12448 --- [atenciones_medicas] [           main] org.hibernate.HQL_FUNCTIONS              : Double asin(NUMERIC arg)
2024-04-29T20:51:31.585-04:00 DEBUG 12448 --- [atenciones_medicas] [           main] org.hibernate.HQL_FUNCTIONS              : Double atan(NUMERIC arg)
2024-04-29T20:51:31.585-04:00 DEBUG 12448 --- [atenciones_medicas] [           main] org.hibernate.HQL_FUNCTIONS              : Double atan2(NUMERIC arg0, NUMERIC arg1)
2024-04-29T20:51:31.585-04:00 DEBUG 12448 --- [atenciones_medicas] [           main] org.hibernate.HQL_FUNCTIONS              : avg(arg)
2024-04-29T20:51:31.586-04:00 DEBUG 12448 --- [atenciones_medicas] [           main] org.hibernate.HQL_FUNCTIONS              : Integer bit_length(STRING_OR_CLOB arg)
2024-04-29T20:51:31.586-04:00 DEBUG 12448 --- [atenciones_medicas] [           main] org.hibernate.HQL_FUNCTIONS              : bitand(arg0, arg1)
2024-04-29T20:51:31.586-04:00 DEBUG 12448 --- [atenciones_medicas] [           main] org.hibernate.HQL_FUNCTIONS              : cast(arg as Type)
2024-04-29T20:51:31.586-04:00 DEBUG 12448 --- [atenciones_medicas] [           main] org.hibernate.HQL_FUNCTIONS              : ceil(NUMERIC arg)
2024-04-29T20:51:31.586-04:00 DEBUG 12448 --- [atenciones_medicas] [           main] org.hibernate.HQL_FUNCTIONS              : ceiling(NUMERIC arg)
2024-04-29T20:51:31.586-04:00 DEBUG 12448 --- [atenciones_medicas] [           main] org.hibernate.HQL_FUNCTIONS              : Character char(INTEGER arg)
2024-04-29T20:51:31.586-04:00 DEBUG 12448 --- [atenciones_medicas] [           main] org.hibernate.HQL_FUNCTIONS              : Integer character_length(STRING_OR_CLOB arg)
2024-04-29T20:51:31.586-04:00 DEBUG 12448 --- [atenciones_medicas] [           main] org.hibernate.HQL_FUNCTIONS              : Character chr(INTEGER arg)
2024-04-29T20:51:31.586-04:00 DEBUG 12448 --- [atenciones_medicas] [           main] org.hibernate.HQL_FUNCTIONS              : coalesce(arg0[, arg1[, ...]])
2024-04-29T20:51:31.586-04:00 DEBUG 12448 --- [atenciones_medicas] [           main] org.hibernate.HQL_FUNCTIONS              : String collate(STRING string as COLLATION collation)
2024-04-29T20:51:31.586-04:00 DEBUG 12448 --- [atenciones_medicas] [           main] org.hibernate.HQL_FUNCTIONS              : String concat(STRING string0[, STRING string1[, ...]])
2024-04-29T20:51:31.586-04:00 DEBUG 12448 --- [atenciones_medicas] [           main] org.hibernate.HQL_FUNCTIONS              : Double corr(NUMERIC arg0, NUMERIC arg1)
2024-04-29T20:51:31.586-04:00 DEBUG 12448 --- [atenciones_medicas] [           main] org.hibernate.HQL_FUNCTIONS              : Double cos(NUMERIC arg)
2024-04-29T20:51:31.586-04:00 DEBUG 12448 --- [atenciones_medicas] [           main] org.hibernate.HQL_FUNCTIONS              : Double cosh(NUMERIC arg)
2024-04-29T20:51:31.586-04:00 DEBUG 12448 --- [atenciones_medicas] [           main] org.hibernate.HQL_FUNCTIONS              : Long count([distinct ]{arg|*})
2024-04-29T20:51:31.586-04:00 DEBUG 12448 --- [atenciones_medicas] [           main] org.hibernate.HQL_FUNCTIONS              : Double covar_pop(NUMERIC arg0, NUMERIC arg1)
2024-04-29T20:51:31.586-04:00 DEBUG 12448 --- [atenciones_medicas] [           main] org.hibernate.HQL_FUNCTIONS              : Double covar_samp(NUMERIC arg0, NUMERIC arg1)
2024-04-29T20:51:31.586-04:00 DEBUG 12448 --- [atenciones_medicas] [           main] org.hibernate.HQL_FUNCTIONS              : Double cume_dist([arg0[, ...]])
2024-04-29T20:51:31.586-04:00 DEBUG 12448 --- [atenciones_medicas] [           main] org.hibernate.HQL_FUNCTIONS              : Date current date
2024-04-29T20:51:31.586-04:00 DEBUG 12448 --- [atenciones_medicas] [           main] org.hibernate.HQL_FUNCTIONS              : Time current time
2024-04-29T20:51:31.586-04:00 DEBUG 12448 --- [atenciones_medicas] [           main] org.hibernate.HQL_FUNCTIONS              : Timestamp current timestamp
2024-04-29T20:51:31.586-04:00 DEBUG 12448 --- [atenciones_medicas] [           main] org.hibernate.HQL_FUNCTIONS              : Date current_date
2024-04-29T20:51:31.586-04:00 DEBUG 12448 --- [atenciones_medicas] [           main] org.hibernate.HQL_FUNCTIONS              : Instant current_instant
2024-04-29T20:51:31.586-04:00 DEBUG 12448 --- [atenciones_medicas] [           main] org.hibernate.HQL_FUNCTIONS              : Time current_time
2024-04-29T20:51:31.586-04:00 DEBUG 12448 --- [atenciones_medicas] [           main] org.hibernate.HQL_FUNCTIONS              : Timestamp current_timestamp
2024-04-29T20:51:31.586-04:00 DEBUG 12448 --- [atenciones_medicas] [           main] org.hibernate.HQL_FUNCTIONS              : dateadd(TEMPORAL_UNIT field, INTEGER magnitude, TEMPORAL datetime)
2024-04-29T20:51:31.586-04:00 DEBUG 12448 --- [atenciones_medicas] [           main] org.hibernate.HQL_FUNCTIONS              : basicType@12(java.lang.Long,-5)|basicType@15(java.lang.Double,8) datediff(TEMPORAL_UNIT field, TEMPORAL start, TEMPORAL end)
2024-04-29T20:51:31.586-04:00 DEBUG 12448 --- [atenciones_medicas] [           main] org.hibernate.HQL_FUNCTIONS              : Double degrees(NUMERIC arg)
2024-04-29T20:51:31.587-04:00 DEBUG 12448 --- [atenciones_medicas] [           main] org.hibernate.HQL_FUNCTIONS              : Long dense_rank([arg0[, ...]])
2024-04-29T20:51:31.587-04:00 DEBUG 12448 --- [atenciones_medicas] [           main] org.hibernate.HQL_FUNCTIONS              : Boolean every(BOOLEAN arg)
2024-04-29T20:51:31.587-04:00 DEBUG 12448 --- [atenciones_medicas] [           main] org.hibernate.HQL_FUNCTIONS              : Double exp(NUMERIC arg)
2024-04-29T20:51:31.587-04:00 DEBUG 12448 --- [atenciones_medicas] [           main] org.hibernate.HQL_FUNCTIONS              : extract(TEMPORAL_UNIT field from TEMPORAL arg)
2024-04-29T20:51:31.587-04:00 DEBUG 12448 --- [atenciones_medicas] [           main] org.hibernate.HQL_FUNCTIONS              : first_valueANY value
2024-04-29T20:51:31.587-04:00 DEBUG 12448 --- [atenciones_medicas] [           main] org.hibernate.HQL_FUNCTIONS              : floor(NUMERIC arg)
2024-04-29T20:51:31.587-04:00 DEBUG 12448 --- [atenciones_medicas] [           main] org.hibernate.HQL_FUNCTIONS              : String format(TEMPORAL datetime as STRING pattern)
2024-04-29T20:51:31.587-04:00 DEBUG 12448 --- [atenciones_medicas] [           main] org.hibernate.HQL_FUNCTIONS              : greatest(COMPARABLE arg0, COMPARABLE arg1[, arg2[, ...]])
2024-04-29T20:51:31.587-04:00 DEBUG 12448 --- [atenciones_medicas] [           main] org.hibernate.HQL_FUNCTIONS              : ifnull(arg0, arg1)
2024-04-29T20:51:31.587-04:00 DEBUG 12448 --- [atenciones_medicas] [           main] org.hibernate.HQL_FUNCTIONS              : String initcap(arg)
2024-04-29T20:51:31.587-04:00 DEBUG 12448 --- [atenciones_medicas] [           main] org.hibernate.HQL_FUNCTIONS              : Instant instant
2024-04-29T20:51:31.587-04:00 DEBUG 12448 --- [atenciones_medicas] [           main] org.hibernate.HQL_FUNCTIONS              : Integer instr(STRING string, STRING pattern[, INTEGER start[, INTEGER occurrence]])
2024-04-29T20:51:31.587-04:00 DEBUG 12448 --- [atenciones_medicas] [           main] org.hibernate.HQL_FUNCTIONS              : lagANY value[, INTEGER offset[, ANY default]]
2024-04-29T20:51:31.587-04:00 DEBUG 12448 --- [atenciones_medicas] [           main] org.hibernate.HQL_FUNCTIONS              : Date last_day(DATE arg)
2024-04-29T20:51:31.587-04:00 DEBUG 12448 --- [atenciones_medicas] [           main] org.hibernate.HQL_FUNCTIONS              : last_valueANY value
2024-04-29T20:51:31.587-04:00 DEBUG 12448 --- [atenciones_medicas] [           main] org.hibernate.HQL_FUNCTIONS              : leadANY value[, INTEGER offset[, ANY default]]
2024-04-29T20:51:31.587-04:00 DEBUG 12448 --- [atenciones_medicas] [           main] org.hibernate.HQL_FUNCTIONS              : least(COMPARABLE arg0, COMPARABLE arg1[, arg2[, ...]])
2024-04-29T20:51:31.587-04:00 DEBUG 12448 --- [atenciones_medicas] [           main] org.hibernate.HQL_FUNCTIONS              : String left(STRING string, INTEGER length)
2024-04-29T20:51:31.587-04:00 DEBUG 12448 --- [atenciones_medicas] [           main] org.hibernate.HQL_FUNCTIONS              : Integer length(STRING_OR_CLOB arg)
2024-04-29T20:51:31.587-04:00 DEBUG 12448 --- [atenciones_medicas] [           main] org.hibernate.HQL_FUNCTIONS              : String listagg(STRING arg0, STRING arg1)
2024-04-29T20:51:31.587-04:00 DEBUG 12448 --- [atenciones_medicas] [           main] org.hibernate.HQL_FUNCTIONS              : Double ln(NUMERIC arg)
2024-04-29T20:51:31.587-04:00 DEBUG 12448 --- [atenciones_medicas] [           main] org.hibernate.HQL_FUNCTIONS              : LocalDate local date
2024-04-29T20:51:31.587-04:00 DEBUG 12448 --- [atenciones_medicas] [           main] org.hibernate.HQL_FUNCTIONS              : LocalDateTime local datetime
2024-04-29T20:51:31.590-04:00 DEBUG 12448 --- [atenciones_medicas] [           main] org.hibernate.HQL_FUNCTIONS              : LocalTime local time
2024-04-29T20:51:31.592-04:00 DEBUG 12448 --- [atenciones_medicas] [           main] org.hibernate.HQL_FUNCTIONS              : LocalDate local_date
2024-04-29T20:51:31.592-04:00 DEBUG 12448 --- [atenciones_medicas] [           main] org.hibernate.HQL_FUNCTIONS              : LocalDateTime local_datetime
2024-04-29T20:51:31.592-04:00 DEBUG 12448 --- [atenciones_medicas] [           main] org.hibernate.HQL_FUNCTIONS              : LocalTime local_time
2024-04-29T20:51:31.592-04:00 DEBUG 12448 --- [atenciones_medicas] [           main] org.hibernate.HQL_FUNCTIONS              : Integer locate(pattern, string[, start])
2024-04-29T20:51:31.592-04:00 DEBUG 12448 --- [atenciones_medicas] [           main] org.hibernate.HQL_FUNCTIONS              : Double log(NUMERIC arg0[, NUMERIC arg1])
2024-04-29T20:51:31.592-04:00 DEBUG 12448 --- [atenciones_medicas] [           main] org.hibernate.HQL_FUNCTIONS              : Double log10(NUMERIC arg)
2024-04-29T20:51:31.592-04:00 DEBUG 12448 --- [atenciones_medicas] [           main] org.hibernate.HQL_FUNCTIONS              : String lower(STRING string)
2024-04-29T20:51:31.592-04:00 DEBUG 12448 --- [atenciones_medicas] [           main] org.hibernate.HQL_FUNCTIONS              : String lpad(STRING string, INTEGER length[, STRING padding])
2024-04-29T20:51:31.592-04:00 DEBUG 12448 --- [atenciones_medicas] [           main] org.hibernate.HQL_FUNCTIONS              : String ltrim(STRING string[, STRING characters])
2024-04-29T20:51:31.592-04:00 DEBUG 12448 --- [atenciones_medicas] [           main] org.hibernate.HQL_FUNCTIONS              : max(COMPARABLE arg)
2024-04-29T20:51:31.592-04:00 DEBUG 12448 --- [atenciones_medicas] [           main] org.hibernate.HQL_FUNCTIONS              : Double median(NUMERIC arg)
2024-04-29T20:51:31.592-04:00 DEBUG 12448 --- [atenciones_medicas] [           main] org.hibernate.HQL_FUNCTIONS              : min(COMPARABLE arg)
2024-04-29T20:51:31.592-04:00 DEBUG 12448 --- [atenciones_medicas] [           main] org.hibernate.HQL_FUNCTIONS              : Integer mod(INTEGER arg0, INTEGER arg1)
2024-04-29T20:51:31.592-04:00 DEBUG 12448 --- [atenciones_medicas] [           main] org.hibernate.HQL_FUNCTIONS              : mode()
2024-04-29T20:51:31.592-04:00 DEBUG 12448 --- [atenciones_medicas] [           main] org.hibernate.HQL_FUNCTIONS              : Integer months_between(DATE end, DATE start)
2024-04-29T20:51:31.592-04:00 DEBUG 12448 --- [atenciones_medicas] [           main] org.hibernate.HQL_FUNCTIONS              : nth_valueANY value, INTEGER nth
2024-04-29T20:51:31.593-04:00 DEBUG 12448 --- [atenciones_medicas] [           main] org.hibernate.HQL_FUNCTIONS              : nullif(arg0, arg1)
2024-04-29T20:51:31.593-04:00 DEBUG 12448 --- [atenciones_medicas] [           main] org.hibernate.HQL_FUNCTIONS              : Integer octet_length(STRING_OR_CLOB arg)
2024-04-29T20:51:31.593-04:00 DEBUG 12448 --- [atenciones_medicas] [           main] org.hibernate.HQL_FUNCTIONS              : OffsetDateTime offset datetime
2024-04-29T20:51:31.593-04:00 DEBUG 12448 --- [atenciones_medicas] [           main] org.hibernate.HQL_FUNCTIONS              : OffsetDateTime offset_datetime
2024-04-29T20:51:31.593-04:00 DEBUG 12448 --- [atenciones_medicas] [           main] org.hibernate.HQL_FUNCTIONS              : String overlay(STRING string placing STRING replacement from INTEGER start[ for INTEGER length])
2024-04-29T20:51:31.593-04:00 DEBUG 12448 --- [atenciones_medicas] [           main] org.hibernate.HQL_FUNCTIONS              : String pad(STRING string with INTEGER length {leading|trailing}[ STRING character])
2024-04-29T20:51:31.593-04:00 DEBUG 12448 --- [atenciones_medicas] [           main] org.hibernate.HQL_FUNCTIONS              : Double percent_rank([arg0[, ...]])
2024-04-29T20:51:31.593-04:00 DEBUG 12448 --- [atenciones_medicas] [           main] org.hibernate.HQL_FUNCTIONS              : percentile_cont(NUMERIC arg)
2024-04-29T20:51:31.593-04:00 DEBUG 12448 --- [atenciones_medicas] [           main] org.hibernate.HQL_FUNCTIONS              : percentile_disc(NUMERIC arg)
2024-04-29T20:51:31.593-04:00 DEBUG 12448 --- [atenciones_medicas] [           main] org.hibernate.HQL_FUNCTIONS              : Double pi
2024-04-29T20:51:31.593-04:00 DEBUG 12448 --- [atenciones_medicas] [           main] org.hibernate.HQL_FUNCTIONS              : Integer position(STRING pattern in STRING string)
2024-04-29T20:51:31.593-04:00 DEBUG 12448 --- [atenciones_medicas] [           main] org.hibernate.HQL_FUNCTIONS              : Double power(NUMERIC arg0, NUMERIC arg1)
2024-04-29T20:51:31.593-04:00 DEBUG 12448 --- [atenciones_medicas] [           main] org.hibernate.HQL_FUNCTIONS              : Double radians(NUMERIC arg)
2024-04-29T20:51:31.593-04:00 DEBUG 12448 --- [atenciones_medicas] [           main] org.hibernate.HQL_FUNCTIONS              : Long rank([arg0[, ...]])
2024-04-29T20:51:31.593-04:00 DEBUG 12448 --- [atenciones_medicas] [           main] org.hibernate.HQL_FUNCTIONS              : Double regr_avgx(NUMERIC arg0, NUMERIC arg1)
2024-04-29T20:51:31.593-04:00 DEBUG 12448 --- [atenciones_medicas] [           main] org.hibernate.HQL_FUNCTIONS              : Double regr_avgy(NUMERIC arg0, NUMERIC arg1)
2024-04-29T20:51:31.593-04:00 DEBUG 12448 --- [atenciones_medicas] [           main] org.hibernate.HQL_FUNCTIONS              : Double regr_count(NUMERIC arg0, NUMERIC arg1)
2024-04-29T20:51:31.593-04:00 DEBUG 12448 --- [atenciones_medicas] [           main] org.hibernate.HQL_FUNCTIONS              : Double regr_intercept(NUMERIC arg0, NUMERIC arg1)
2024-04-29T20:51:31.593-04:00 DEBUG 12448 --- [atenciones_medicas] [           main] org.hibernate.HQL_FUNCTIONS              : Double regr_r2(NUMERIC arg0, NUMERIC arg1)
2024-04-29T20:51:31.593-04:00 DEBUG 12448 --- [atenciones_medicas] [           main] org.hibernate.HQL_FUNCTIONS              : Double regr_slope(NUMERIC arg0, NUMERIC arg1)
2024-04-29T20:51:31.593-04:00 DEBUG 12448 --- [atenciones_medicas] [           main] org.hibernate.HQL_FUNCTIONS              : Double regr_sxx(NUMERIC arg0, NUMERIC arg1)
2024-04-29T20:51:31.593-04:00 DEBUG 12448 --- [atenciones_medicas] [           main] org.hibernate.HQL_FUNCTIONS              : Double regr_sxy(NUMERIC arg0, NUMERIC arg1)
2024-04-29T20:51:31.593-04:00 DEBUG 12448 --- [atenciones_medicas] [           main] org.hibernate.HQL_FUNCTIONS              : Double regr_syy(NUMERIC arg0, NUMERIC arg1)
2024-04-29T20:51:31.593-04:00 DEBUG 12448 --- [atenciones_medicas] [           main] org.hibernate.HQL_FUNCTIONS              : String repeat(STRING string, INTEGER times)
2024-04-29T20:51:31.593-04:00 DEBUG 12448 --- [atenciones_medicas] [           main] org.hibernate.HQL_FUNCTIONS              : String replace(STRING string, STRING pattern, STRING replacement)
2024-04-29T20:51:31.593-04:00 DEBUG 12448 --- [atenciones_medicas] [           main] org.hibernate.HQL_FUNCTIONS              : String right(STRING string, INTEGER length)
2024-04-29T20:51:31.594-04:00 DEBUG 12448 --- [atenciones_medicas] [           main] org.hibernate.HQL_FUNCTIONS              : round(NUMERIC number[, INTEGER places])
2024-04-29T20:51:31.594-04:00 DEBUG 12448 --- [atenciones_medicas] [           main] org.hibernate.HQL_FUNCTIONS              : Long row_number()
2024-04-29T20:51:31.594-04:00 DEBUG 12448 --- [atenciones_medicas] [           main] org.hibernate.HQL_FUNCTIONS              : Long rowid
2024-04-29T20:51:31.594-04:00 DEBUG 12448 --- [atenciones_medicas] [           main] org.hibernate.HQL_FUNCTIONS              : Long rownum
2024-04-29T20:51:31.594-04:00 DEBUG 12448 --- [atenciones_medicas] [           main] org.hibernate.HQL_FUNCTIONS              : String rpad(STRING string, INTEGER length[, STRING padding])
2024-04-29T20:51:31.594-04:00 DEBUG 12448 --- [atenciones_medicas] [           main] org.hibernate.HQL_FUNCTIONS              : String rtrim(STRING string[, STRING characters])
2024-04-29T20:51:31.594-04:00 DEBUG 12448 --- [atenciones_medicas] [           main] org.hibernate.HQL_FUNCTIONS              : Integer sign(NUMERIC arg)
2024-04-29T20:51:31.594-04:00 DEBUG 12448 --- [atenciones_medicas] [           main] org.hibernate.HQL_FUNCTIONS              : Double sin(NUMERIC arg)
2024-04-29T20:51:31.594-04:00 DEBUG 12448 --- [atenciones_medicas] [           main] org.hibernate.HQL_FUNCTIONS              : Double sinh(NUMERIC arg)
2024-04-29T20:51:31.594-04:00 DEBUG 12448 --- [atenciones_medicas] [           main] org.hibernate.HQL_FUNCTIONS              : String soundex(arg)
2024-04-29T20:51:31.594-04:00 DEBUG 12448 --- [atenciones_medicas] [           main] org.hibernate.HQL_FUNCTIONS              : Object sql
2024-04-29T20:51:31.594-04:00 DEBUG 12448 --- [atenciones_medicas] [           main] org.hibernate.HQL_FUNCTIONS              : Double sqrt(NUMERIC arg)
2024-04-29T20:51:31.594-04:00 DEBUG 12448 --- [atenciones_medicas] [           main] org.hibernate.HQL_FUNCTIONS              : Double stddev(NUMERIC arg)
2024-04-29T20:51:31.594-04:00 DEBUG 12448 --- [atenciones_medicas] [           main] org.hibernate.HQL_FUNCTIONS              : Double stddev_pop(NUMERIC arg)
2024-04-29T20:51:31.594-04:00 DEBUG 12448 --- [atenciones_medicas] [           main] org.hibernate.HQL_FUNCTIONS              : Double stddev_samp(NUMERIC arg)
2024-04-29T20:51:31.594-04:00 DEBUG 12448 --- [atenciones_medicas] [           main] org.hibernate.HQL_FUNCTIONS              : String str(arg)
2024-04-29T20:51:31.594-04:00 DEBUG 12448 --- [atenciones_medicas] [           main] org.hibernate.HQL_FUNCTIONS              : String substr(STRING string, INTEGER start[, INTEGER length])
2024-04-29T20:51:31.594-04:00 DEBUG 12448 --- [atenciones_medicas] [           main] org.hibernate.HQL_FUNCTIONS              : String substring(STRING string{ from|,} INTEGER start[{ for|,} INTEGER length])
2024-04-29T20:51:31.594-04:00 DEBUG 12448 --- [atenciones_medicas] [           main] org.hibernate.HQL_FUNCTIONS              : sum(arg)
2024-04-29T20:51:31.594-04:00 DEBUG 12448 --- [atenciones_medicas] [           main] org.hibernate.HQL_FUNCTIONS              : Timestamp sysdate
2024-04-29T20:51:31.594-04:00 DEBUG 12448 --- [atenciones_medicas] [           main] org.hibernate.HQL_FUNCTIONS              : Timestamp systimestamp
2024-04-29T20:51:31.594-04:00 DEBUG 12448 --- [atenciones_medicas] [           main] org.hibernate.HQL_FUNCTIONS              : Double tan(NUMERIC arg)
2024-04-29T20:51:31.594-04:00 DEBUG 12448 --- [atenciones_medicas] [           main] org.hibernate.HQL_FUNCTIONS              : Double tanh(NUMERIC arg)
2024-04-29T20:51:31.594-04:00 DEBUG 12448 --- [atenciones_medicas] [           main] org.hibernate.HQL_FUNCTIONS              : timestampadd(TEMPORAL_UNIT field, INTEGER magnitude, TEMPORAL datetime)
2024-04-29T20:51:31.594-04:00 DEBUG 12448 --- [atenciones_medicas] [           main] org.hibernate.HQL_FUNCTIONS              : basicType@12(java.lang.Long,-5)|basicType@15(java.lang.Double,8) timestampdiff(TEMPORAL_UNIT field, TEMPORAL start, TEMPORAL end)
2024-04-29T20:51:31.594-04:00 DEBUG 12448 --- [atenciones_medicas] [           main] org.hibernate.HQL_FUNCTIONS              : String to_char(ANY arg0[, STRING arg1, STRING arg2])
2024-04-29T20:51:31.594-04:00 DEBUG 12448 --- [atenciones_medicas] [           main] org.hibernate.HQL_FUNCTIONS              : Date to_date(STRING arg0[, STRING arg1, STRING arg2])
2024-04-29T20:51:31.594-04:00 DEBUG 12448 --- [atenciones_medicas] [           main] org.hibernate.HQL_FUNCTIONS              : Double to_number(STRING arg0[, STRING arg1, STRING arg2])
2024-04-29T20:51:31.594-04:00 DEBUG 12448 --- [atenciones_medicas] [           main] org.hibernate.HQL_FUNCTIONS              : Timestamp to_timestamp(STRING arg0[, STRING arg1, STRING arg2])
2024-04-29T20:51:31.595-04:00 DEBUG 12448 --- [atenciones_medicas] [           main] org.hibernate.HQL_FUNCTIONS              : String translate(STRING arg0, STRING arg1, STRING arg2)
2024-04-29T20:51:31.595-04:00 DEBUG 12448 --- [atenciones_medicas] [           main] org.hibernate.HQL_FUNCTIONS              : String trim([[{leading|trailing|both} ][STRING arg0 ]from] STRING arg1)
2024-04-29T20:51:31.595-04:00 DEBUG 12448 --- [atenciones_medicas] [           main] org.hibernate.HQL_FUNCTIONS              : trunc( ... )
2024-04-29T20:51:31.595-04:00 DEBUG 12448 --- [atenciones_medicas] [           main] org.hibernate.HQL_FUNCTIONS              : truncate( ... )
2024-04-29T20:51:31.595-04:00 DEBUG 12448 --- [atenciones_medicas] [           main] org.hibernate.HQL_FUNCTIONS              : String upper(STRING string)
2024-04-29T20:51:31.595-04:00 DEBUG 12448 --- [atenciones_medicas] [           main] org.hibernate.HQL_FUNCTIONS              : Double var_pop(NUMERIC arg)
2024-04-29T20:51:31.595-04:00 DEBUG 12448 --- [atenciones_medicas] [           main] org.hibernate.HQL_FUNCTIONS              : Double var_samp(NUMERIC arg)
2024-04-29T20:51:31.595-04:00 DEBUG 12448 --- [atenciones_medicas] [           main] org.hibernate.HQL_FUNCTIONS              : Double variance(NUMERIC arg)
2024-04-29T20:51:31.621-04:00 DEBUG 12448 --- [atenciones_medicas] [           main] org.hibernate.orm.query.plan.cache       : Starting QueryInterpretationCache(2048)
2024-04-29T20:51:31.825-04:00 DEBUG 12448 --- [atenciones_medicas] [           main] .h.s.i.SessionFactoryServiceRegistryImpl : EventListenerRegistry access via ServiceRegistry is deprecated.  Use `sessionFactory.getEventEngine().getListenerRegistry()` instead
2024-04-29T20:51:31.829-04:00 DEBUG 12448 --- [atenciones_medicas] [           main] h.e.i.EntityCopyObserverFactoryInitiator : Configured EntityCopyObserver strategy: disallow
2024-04-29T20:51:31.969-04:00 DEBUG 12448 --- [atenciones_medicas] [           main] o.h.boot.internal.ClassLoaderAccessImpl  : Not known whether passed class name [com.example.atenciones_medicas.model.Paciente] is safe
2024-04-29T20:51:31.969-04:00 DEBUG 12448 --- [atenciones_medicas] [           main] o.h.boot.internal.ClassLoaderAccessImpl  : No temp ClassLoader provided; using live ClassLoader for loading potentially unsafe class : com.example.atenciones_medicas.model.Paciente
2024-04-29T20:51:32.294-04:00 DEBUG 12448 --- [atenciones_medicas] [           main] o.h.b.i.bytebuddy.BytecodeProviderImpl   : HHH000513: Unable to create the ReflectionOptimizer for [com.example.atenciones_medicas.model.Paciente]: private accessor [apellidospa]
2024-04-29T20:51:32.328-04:00 DEBUG 12448 --- [atenciones_medicas] [           main] o.h.boot.internal.ClassLoaderAccessImpl  : Not known whether passed class name [com.example.atenciones_medicas.model.AtencionMedica] is safe
2024-04-29T20:51:32.329-04:00 DEBUG 12448 --- [atenciones_medicas] [           main] o.h.boot.internal.ClassLoaderAccessImpl  : No temp ClassLoader provided; using live ClassLoader for loading potentially unsafe class : com.example.atenciones_medicas.model.AtencionMedica
2024-04-29T20:51:32.345-04:00 DEBUG 12448 --- [atenciones_medicas] [           main] o.h.b.i.bytebuddy.BytecodeProviderImpl   : HHH000513: Unable to create the ReflectionOptimizer for [com.example.atenciones_medicas.model.AtencionMedica]: private accessor [diasnostcoam]
2024-04-29T20:51:32.370-04:00 DEBUG 12448 --- [atenciones_medicas] [           main] o.hibernate.orm.model.mapping.creation   : Starting post-init callbacks
2024-04-29T20:51:32.370-04:00 DEBUG 12448 --- [atenciones_medicas] [           main] o.hibernate.orm.model.mapping.creation   : Starting PostInitCallbackEntry : Entity(com.example.atenciones_medicas.model.Paciente) `staticFetchableList` generator
2024-04-29T20:51:32.370-04:00 DEBUG 12448 --- [atenciones_medicas] [           main] o.hibernate.orm.model.mapping.creation   : Starting PostInitCallbackEntry : Entity(com.example.atenciones_medicas.model.AtencionMedica) `staticFetchableList` generator
2024-04-29T20:51:32.492-04:00 DEBUG 12448 --- [atenciones_medicas] [           main] org.hibernate.orm.sql.ast.create         : Created new SQL alias : p1_0
2024-04-29T20:51:32.497-04:00 DEBUG 12448 --- [atenciones_medicas] [           main] org.hibernate.orm.sql.ast.create         : Registration of TableGroup [StandardTableGroup(com.example.atenciones_medicas.model.Paciente)] with identifierForTableGroup [com.example.atenciones_medicas.model.Paciente] for NavigablePath [com.example.atenciones_medicas.model.Paciente] 
2024-04-29T20:51:32.520-04:00 DEBUG 12448 --- [atenciones_medicas] [           main] org.hibernate.orm.results.graph.AST      : DomainResult Graph:
 \-EntityResultImpl [com.example.atenciones_medicas.model.Paciente]
 |  +-BasicFetch [com.example.atenciones_medicas.model.Paciente.apellidospa]
 |  +-BasicFetch [com.example.atenciones_medicas.model.Paciente.ciudadpa]
 |  +-BasicFetch [com.example.atenciones_medicas.model.Paciente.comunapa]
 |  +-BasicFetch [com.example.atenciones_medicas.model.Paciente.correopa]
 |  +-BasicFetch [com.example.atenciones_medicas.model.Paciente.direccionpa]
 |  +-BasicFetch [com.example.atenciones_medicas.model.Paciente.fechaNacimientopa]
 |  +-BasicFetch [com.example.atenciones_medicas.model.Paciente.nombrespa]
 |  +-BasicFetch [com.example.atenciones_medicas.model.Paciente.rutpa]
 |  \-BasicFetch [com.example.atenciones_medicas.model.Paciente.telpa]

2024-04-29T20:51:32.523-04:00 DEBUG 12448 --- [atenciones_medicas] [           main] org.hibernate.orm.sql.ast.tree           : SQL AST Tree:
    SelectStatement {
      FromClause {
        StandardTableGroup (p1 : com.example.atenciones_medicas.model.Paciente) {
          primaryTableReference : paciente as p1_0
        }
      }
    }

2024-04-29T20:51:32.535-04:00 DEBUG 12448 --- [atenciones_medicas] [           main] o.h.p.entity.AbstractEntityPersister     : Static SQL for entity: com.example.atenciones_medicas.model.Paciente
2024-04-29T20:51:32.535-04:00 DEBUG 12448 --- [atenciones_medicas] [           main] o.h.p.entity.AbstractEntityPersister     :  Version select: select idpa from paciente where idpa=?
2024-04-29T20:51:32.536-04:00 DEBUG 12448 --- [atenciones_medicas] [           main] o.h.p.entity.AbstractEntityPersister     :  Insert (0): insert into paciente (apellidospa,ciudadpa,comunapa,correopa,direccionpa,fechanacimientopa,nombrespa,rutpa,telpa,idpa) values (?,?,?,?,?,?,?,?,?,default)
2024-04-29T20:51:32.536-04:00 DEBUG 12448 --- [atenciones_medicas] [           main] o.h.p.entity.AbstractEntityPersister     :  Update (0): update paciente set apellidospa=?,ciudadpa=?,comunapa=?,correopa=?,direccionpa=?,fechanacimientopa=?,nombrespa=?,rutpa=?,telpa=? where idpa=?
2024-04-29T20:51:32.536-04:00 DEBUG 12448 --- [atenciones_medicas] [           main] o.h.p.entity.AbstractEntityPersister     :  Delete (0): delete from paciente where idpa=?
2024-04-29T20:51:32.536-04:00 DEBUG 12448 --- [atenciones_medicas] [           main] org.hibernate.orm.sql.ast.create         : Created new SQL alias : am1_0
2024-04-29T20:51:32.536-04:00 DEBUG 12448 --- [atenciones_medicas] [           main] org.hibernate.orm.sql.ast.create         : Registration of TableGroup [StandardTableGroup(com.example.atenciones_medicas.model.AtencionMedica)] with identifierForTableGroup [com.example.atenciones_medicas.model.AtencionMedica] for NavigablePath [com.example.atenciones_medicas.model.AtencionMedica] 
2024-04-29T20:51:32.536-04:00 DEBUG 12448 --- [atenciones_medicas] [           main] org.hibernate.orm.results.graph.AST      : DomainResult Graph:
 \-EntityResultImpl [com.example.atenciones_medicas.model.AtencionMedica]
 |  +-BasicFetch [com.example.atenciones_medicas.model.AtencionMedica.diasnostcoam]
 |  +-BasicFetch [com.example.atenciones_medicas.model.AtencionMedica.diasreposoam]
 |  +-BasicFetch [com.example.atenciones_medicas.model.AtencionMedica.fechaAtencionam]
 |  +-BasicFetch [com.example.atenciones_medicas.model.AtencionMedica.idpa]
 |  \-BasicFetch [com.example.atenciones_medicas.model.AtencionMedica.reposoam]

2024-04-29T20:51:32.537-04:00 DEBUG 12448 --- [atenciones_medicas] [           main] org.hibernate.orm.sql.ast.tree           : SQL AST Tree:
    SelectStatement {
      FromClause {
        StandardTableGroup (am1 : com.example.atenciones_medicas.model.AtencionMedica) {
          primaryTableReference : atencion_medica as am1_0
        }
      }
    }

2024-04-29T20:51:32.537-04:00 DEBUG 12448 --- [atenciones_medicas] [           main] o.h.p.entity.AbstractEntityPersister     : Static SQL for entity: com.example.atenciones_medicas.model.AtencionMedica
2024-04-29T20:51:32.537-04:00 DEBUG 12448 --- [atenciones_medicas] [           main] o.h.p.entity.AbstractEntityPersister     :  Version select: select idam from atencion_medica where idam=?
2024-04-29T20:51:32.537-04:00 DEBUG 12448 --- [atenciones_medicas] [           main] o.h.p.entity.AbstractEntityPersister     :  Insert (0): insert into atencion_medica (diasnostcoam,diasreposoam,fechaatencionam,idpa,reposoam,idam) values (?,?,?,?,?,default)
2024-04-29T20:51:32.537-04:00 DEBUG 12448 --- [atenciones_medicas] [           main] o.h.p.entity.AbstractEntityPersister     :  Update (0): update atencion_medica set diasnostcoam=?,diasreposoam=?,fechaatencionam=?,idpa=?,reposoam=? where idam=?
2024-04-29T20:51:32.537-04:00 DEBUG 12448 --- [atenciones_medicas] [           main] o.h.p.entity.AbstractEntityPersister     :  Delete (0): delete from atencion_medica where idam=?
2024-04-29T20:51:32.581-04:00  INFO 12448 --- [atenciones_medicas] [           main] o.h.e.t.j.p.i.JtaPlatformInitiator       : HHH000489: No JTA platform available (set 'hibernate.transaction.jta.platform' to enable JTA platform integration)
2024-04-29T20:51:32.582-04:00 DEBUG 12448 --- [atenciones_medicas] [           main] o.h.type.spi.TypeConfiguration$Scope     : Scoping TypeConfiguration [org.hibernate.type.spi.TypeConfiguration@5814b4fb] to SessionFactoryImplementor [org.hibernate.internal.SessionFactoryImpl@362e709e]
2024-04-29T20:51:32.584-04:00 DEBUG 12448 --- [atenciones_medicas] [           main] o.h.query.named.NamedObjectRepository    : Checking 0 named HQL queries
2024-04-29T20:51:32.584-04:00 DEBUG 12448 --- [atenciones_medicas] [           main] o.h.query.named.NamedObjectRepository    : Checking 0 named SQL queries
2024-04-29T20:51:32.585-04:00 DEBUG 12448 --- [atenciones_medicas] [           main] .h.t.s.s.SchemaManagementToolCoordinator : No schema actions specified for contributor `orm`; doing nothing
2024-04-29T20:51:32.585-04:00 DEBUG 12448 --- [atenciones_medicas] [           main] .h.t.s.s.SchemaManagementToolCoordinator : No actions found; doing nothing
2024-04-29T20:51:32.587-04:00 DEBUG 12448 --- [atenciones_medicas] [           main] o.h.internal.SessionFactoryRegistry      : Initializing SessionFactoryRegistry : org.hibernate.internal.SessionFactoryRegistry@3e7ddb7e
2024-04-29T20:51:32.587-04:00 DEBUG 12448 --- [atenciones_medicas] [           main] o.h.internal.SessionFactoryRegistry      : Registering SessionFactory: 52e1f473-3f0c-4666-8718-a78f4820bd8f (<unnamed>)
2024-04-29T20:51:32.587-04:00 DEBUG 12448 --- [atenciones_medicas] [           main] o.h.internal.SessionFactoryRegistry      : Not binding SessionFactory to JNDI, no JNDI name configured
2024-04-29T20:51:32.587-04:00 DEBUG 12448 --- [atenciones_medicas] [           main] o.hibernate.internal.SessionFactoryImpl  : Instantiated SessionFactory
2024-04-29T20:51:32.588-04:00  INFO 12448 --- [atenciones_medicas] [           main] j.LocalContainerEntityManagerFactoryBean : Initialized JPA EntityManagerFactory for persistence unit 'default'
2024-04-29T20:51:32.593-04:00 DEBUG 12448 --- [atenciones_medicas] [           main] o.s.b.f.s.DefaultListableBeanFactory     : Creating shared instance of singleton bean 'atencionesMedicasApplication'
2024-04-29T20:51:32.596-04:00 DEBUG 12448 --- [atenciones_medicas] [           main] o.s.b.f.s.DefaultListableBeanFactory     : Creating shared instance of singleton bean 'atencionMedicaController'
2024-04-29T20:51:32.603-04:00 DEBUG 12448 --- [atenciones_medicas] [           main] o.s.b.f.s.DefaultListableBeanFactory     : Creating shared instance of singleton bean 'atencionMedicaImpl'
2024-04-29T20:51:32.604-04:00 DEBUG 12448 --- [atenciones_medicas] [           main] o.s.b.f.s.DefaultListableBeanFactory     : Creating shared instance of singleton bean 'atencionMedicaRepository'
2024-04-29T20:51:32.614-04:00 DEBUG 12448 --- [atenciones_medicas] [           main] o.s.b.f.s.DefaultListableBeanFactory     : Creating shared instance of singleton bean 'jpa.named-queries#0'
2024-04-29T20:51:32.619-04:00 DEBUG 12448 --- [atenciones_medicas] [           main] o.s.b.f.s.DefaultListableBeanFactory     : Creating shared instance of singleton bean 'jpa.AtencionMedicaRepository.fragments#0'
2024-04-29T20:51:32.626-04:00 DEBUG 12448 --- [atenciones_medicas] [           main] o.s.b.f.s.DefaultListableBeanFactory     : Creating shared instance of singleton bean 'jpaSharedEM_entityManagerFactory'
2024-04-29T20:51:32.719-04:00 DEBUG 12448 --- [atenciones_medicas] [           main] o.s.b.f.s.DefaultListableBeanFactory     : Creating shared instance of singleton bean 'jpaMappingContext'
2024-04-29T20:51:32.720-04:00 DEBUG 12448 --- [atenciones_medicas] [           main] .c.JpaMetamodelMappingContextFactoryBean : Initializing JpaMetamodelMappingContext…
2024-04-29T20:51:32.743-04:00 DEBUG 12448 --- [atenciones_medicas] [           main] .c.JpaMetamodelMappingContextFactoryBean : Finished initializing JpaMetamodelMappingContext
2024-04-29T20:51:32.783-04:00 DEBUG 12448 --- [atenciones_medicas] [           main] tor$SharedEntityManagerInvocationHandler : Creating new EntityManager for shared EntityManager invocation
2024-04-29T20:51:32.832-04:00 DEBUG 12448 --- [atenciones_medicas] [           main] o.h.stat.internal.StatisticsInitiator    : Statistics initialized [enabled=false]
2024-04-29T20:51:32.846-04:00 DEBUG 12448 --- [atenciones_medicas] [           main] tor$SharedEntityManagerInvocationHandler : Creating new EntityManager for shared EntityManager invocation
2024-04-29T20:51:32.905-04:00 DEBUG 12448 --- [atenciones_medicas] [           main] o.s.d.r.c.s.RepositoryFactorySupport     : Initializing repository instance for com.example.atenciones_medicas.repository.AtencionMedicaRepository…
2024-04-29T20:51:32.934-04:00 DEBUG 12448 --- [atenciones_medicas] [           main] tor$SharedEntityManagerInvocationHandler : Creating new EntityManager for shared EntityManager invocation
2024-04-29T20:51:32.975-04:00 DEBUG 12448 --- [atenciones_medicas] [           main] o.s.d.r.c.s.RepositoryFactorySupport     : Finished creation of repository instance for com.example.atenciones_medicas.repository.AtencionMedicaRepository.
2024-04-29T20:51:32.981-04:00 DEBUG 12448 --- [atenciones_medicas] [           main] o.s.b.f.s.DefaultListableBeanFactory     : Creating shared instance of singleton bean 'pacienteController'
2024-04-29T20:51:32.989-04:00 DEBUG 12448 --- [atenciones_medicas] [           main] o.s.b.f.s.DefaultListableBeanFactory     : Creating shared instance of singleton bean 'pacienteServiceImpl'
2024-04-29T20:51:32.990-04:00 DEBUG 12448 --- [atenciones_medicas] [           main] o.s.b.f.s.DefaultListableBeanFactory     : Creating shared instance of singleton bean 'pacienteRepository'
2024-04-29T20:51:32.992-04:00 DEBUG 12448 --- [atenciones_medicas] [           main] o.s.b.f.s.DefaultListableBeanFactory     : Creating shared instance of singleton bean 'jpa.named-queries#1'
2024-04-29T20:51:32.993-04:00 DEBUG 12448 --- [atenciones_medicas] [           main] o.s.b.f.s.DefaultListableBeanFactory     : Creating shared instance of singleton bean 'jpa.PacienteRepository.fragments#0'
2024-04-29T20:51:32.994-04:00 DEBUG 12448 --- [atenciones_medicas] [           main] tor$SharedEntityManagerInvocationHandler : Creating new EntityManager for shared EntityManager invocation
2024-04-29T20:51:33.004-04:00 DEBUG 12448 --- [atenciones_medicas] [           main] o.s.d.r.c.s.RepositoryFactorySupport     : Initializing repository instance for com.example.atenciones_medicas.repository.PacienteRepository…
2024-04-29T20:51:33.004-04:00 DEBUG 12448 --- [atenciones_medicas] [           main] tor$SharedEntityManagerInvocationHandler : Creating new EntityManager for shared EntityManager invocation
2024-04-29T20:51:33.011-04:00 DEBUG 12448 --- [atenciones_medicas] [           main] o.s.d.r.c.s.RepositoryFactorySupport     : Finished creation of repository instance for com.example.atenciones_medicas.repository.PacienteRepository.
2024-04-29T20:51:33.015-04:00 DEBUG 12448 --- [atenciones_medicas] [           main] o.s.b.f.s.DefaultListableBeanFactory     : Creating shared instance of singleton bean 'org.springframework.boot.autoconfigure.context.PropertyPlaceholderAutoConfiguration'
2024-04-29T20:51:33.016-04:00 DEBUG 12448 --- [atenciones_medicas] [           main] o.s.b.f.s.DefaultListableBeanFactory     : Creating shared instance of singleton bean 'org.springframework.boot.autoconfigure.ssl.SslAutoConfiguration'
2024-04-29T20:51:33.017-04:00 DEBUG 12448 --- [atenciones_medicas] [           main] o.s.b.f.s.DefaultListableBeanFactory     : Creating shared instance of singleton bean 'spring.ssl-org.springframework.boot.autoconfigure.ssl.SslProperties'
2024-04-29T20:51:33.023-04:00 DEBUG 12448 --- [atenciones_medicas] [           main] o.s.b.f.s.DefaultListableBeanFactory     : Autowiring by type from bean name 'org.springframework.boot.autoconfigure.ssl.SslAutoConfiguration' via constructor to bean named 'spring.ssl-org.springframework.boot.autoconfigure.ssl.SslProperties'
2024-04-29T20:51:33.023-04:00 DEBUG 12448 --- [atenciones_medicas] [           main] o.s.b.f.s.DefaultListableBeanFactory     : Creating shared instance of singleton bean 'fileWatcher'
2024-04-29T20:51:33.025-04:00 DEBUG 12448 --- [atenciones_medicas] [           main] o.s.b.f.s.DefaultListableBeanFactory     : Creating shared instance of singleton bean 'sslPropertiesSslBundleRegistrar'
2024-04-29T20:51:33.026-04:00 DEBUG 12448 --- [atenciones_medicas] [           main] o.s.b.f.s.DefaultListableBeanFactory     : Autowiring by type from bean name 'sslPropertiesSslBundleRegistrar' via factory method to bean named 'fileWatcher'
2024-04-29T20:51:33.029-04:00 DEBUG 12448 --- [atenciones_medicas] [           main] o.s.b.f.s.DefaultListableBeanFactory     : Creating shared instance of singleton bean 'sslBundleRegistry'
2024-04-29T20:51:33.034-04:00 DEBUG 12448 --- [atenciones_medicas] [           main] o.s.b.f.s.DefaultListableBeanFactory     : Creating shared instance of singleton bean 'org.springframework.boot.autoconfigure.websocket.servlet.WebSocketServletAutoConfiguration$TomcatWebSocketConfiguration'
2024-04-29T20:51:33.035-04:00 DEBUG 12448 --- [atenciones_medicas] [           main] o.s.b.f.s.DefaultListableBeanFactory     : Creating shared instance of singleton bean 'websocketServletWebServerCustomizer'
2024-04-29T20:51:33.057-04:00 DEBUG 12448 --- [atenciones_medicas] [           main] o.s.b.f.s.DefaultListableBeanFactory     : Creating shared instance of singleton bean 'org.springframework.boot.autoconfigure.websocket.servlet.WebSocketServletAutoConfiguration'
2024-04-29T20:51:33.058-04:00 DEBUG 12448 --- [atenciones_medicas] [           main] o.s.b.f.s.DefaultListableBeanFactory     : Creating shared instance of singleton bean 'org.springframework.boot.autoconfigure.web.servlet.ServletWebServerFactoryConfiguration$EmbeddedTomcat'
2024-04-29T20:51:33.059-04:00 DEBUG 12448 --- [atenciones_medicas] [           main] o.s.b.f.s.DefaultListableBeanFactory     : Creating shared instance of singleton bean 'tomcatServletWebServerFactory'
2024-04-29T20:51:33.141-04:00 DEBUG 12448 --- [atenciones_medicas] [           main] o.s.b.f.s.DefaultListableBeanFactory     : Creating shared instance of singleton bean 'servletWebServerFactoryCustomizer'
2024-04-29T20:51:33.142-04:00 DEBUG 12448 --- [atenciones_medicas] [           main] o.s.b.f.s.DefaultListableBeanFactory     : Creating shared instance of singleton bean 'org.springframework.boot.autoconfigure.web.servlet.ServletWebServerFactoryAutoConfiguration'
2024-04-29T20:51:33.145-04:00 DEBUG 12448 --- [atenciones_medicas] [           main] o.s.b.f.s.DefaultListableBeanFactory     : Creating shared instance of singleton bean 'server-org.springframework.boot.autoconfigure.web.ServerProperties'
2024-04-29T20:51:33.161-04:00 DEBUG 12448 --- [atenciones_medicas] [           main] o.s.b.f.s.DefaultListableBeanFactory     : Autowiring by type from bean name 'servletWebServerFactoryCustomizer' via factory method to bean named 'server-org.springframework.boot.autoconfigure.web.ServerProperties'
2024-04-29T20:51:33.166-04:00 DEBUG 12448 --- [atenciones_medicas] [           main] o.s.b.f.s.DefaultListableBeanFactory     : Creating shared instance of singleton bean 'tomcatServletWebServerFactoryCustomizer'
2024-04-29T20:51:33.166-04:00 DEBUG 12448 --- [atenciones_medicas] [           main] o.s.b.f.s.DefaultListableBeanFactory     : Autowiring by type from bean name 'tomcatServletWebServerFactoryCustomizer' via factory method to bean named 'server-org.springframework.boot.autoconfigure.web.ServerProperties'
2024-04-29T20:51:33.167-04:00 DEBUG 12448 --- [atenciones_medicas] [           main] o.s.b.f.s.DefaultListableBeanFactory     : Creating shared instance of singleton bean 'localeCharsetMappingsCustomizer'
2024-04-29T20:51:33.167-04:00 DEBUG 12448 --- [atenciones_medicas] [           main] o.s.b.f.s.DefaultListableBeanFactory     : Creating shared instance of singleton bean 'org.springframework.boot.autoconfigure.web.servlet.HttpEncodingAutoConfiguration'
2024-04-29T20:51:33.167-04:00 DEBUG 12448 --- [atenciones_medicas] [           main] o.s.b.f.s.DefaultListableBeanFactory     : Autowiring by type from bean name 'org.springframework.boot.autoconfigure.web.servlet.HttpEncodingAutoConfiguration' via constructor to bean named 'server-org.springframework.boot.autoconfigure.web.ServerProperties'
2024-04-29T20:51:33.187-04:00 DEBUG 12448 --- [atenciones_medicas] [           main] o.s.b.f.s.DefaultListableBeanFactory     : Creating shared instance of singleton bean 'errorPageCustomizer'
2024-04-29T20:51:33.187-04:00 DEBUG 12448 --- [atenciones_medicas] [           main] o.s.b.f.s.DefaultListableBeanFactory     : Creating shared instance of singleton bean 'org.springframework.boot.autoconfigure.web.servlet.error.ErrorMvcAutoConfiguration'
2024-04-29T20:51:33.188-04:00 DEBUG 12448 --- [atenciones_medicas] [           main] o.s.b.f.s.DefaultListableBeanFactory     : Autowiring by type from bean name 'org.springframework.boot.autoconfigure.web.servlet.error.ErrorMvcAutoConfiguration' via constructor to bean named 'server-org.springframework.boot.autoconfigure.web.ServerProperties'
2024-04-29T20:51:33.190-04:00 DEBUG 12448 --- [atenciones_medicas] [           main] o.s.b.f.s.DefaultListableBeanFactory     : Creating shared instance of singleton bean 'dispatcherServletRegistration'
2024-04-29T20:51:33.190-04:00 DEBUG 12448 --- [atenciones_medicas] [           main] o.s.b.f.s.DefaultListableBeanFactory     : Creating shared instance of singleton bean 'org.springframework.boot.autoconfigure.web.servlet.DispatcherServletAutoConfiguration$DispatcherServletRegistrationConfiguration'
2024-04-29T20:51:33.193-04:00 DEBUG 12448 --- [atenciones_medicas] [           main] o.s.b.f.s.DefaultListableBeanFactory     : Creating shared instance of singleton bean 'dispatcherServlet'
2024-04-29T20:51:33.193-04:00 DEBUG 12448 --- [atenciones_medicas] [           main] o.s.b.f.s.DefaultListableBeanFactory     : Creating shared instance of singleton bean 'org.springframework.boot.autoconfigure.web.servlet.DispatcherServletAutoConfiguration$DispatcherServletConfiguration'
2024-04-29T20:51:33.195-04:00 DEBUG 12448 --- [atenciones_medicas] [           main] o.s.b.f.s.DefaultListableBeanFactory     : Creating shared instance of singleton bean 'spring.mvc-org.springframework.boot.autoconfigure.web.servlet.WebMvcProperties'
2024-04-29T20:51:33.200-04:00 DEBUG 12448 --- [atenciones_medicas] [           main] o.s.b.f.s.DefaultListableBeanFactory     : Autowiring by type from bean name 'dispatcherServlet' via factory method to bean named 'spring.mvc-org.springframework.boot.autoconfigure.web.servlet.WebMvcProperties'
2024-04-29T20:51:33.219-04:00 DEBUG 12448 --- [atenciones_medicas] [           main] o.s.b.f.s.DefaultListableBeanFactory     : Autowiring by type from bean name 'dispatcherServletRegistration' via factory method to bean named 'dispatcherServlet'
2024-04-29T20:51:33.219-04:00 DEBUG 12448 --- [atenciones_medicas] [           main] o.s.b.f.s.DefaultListableBeanFactory     : Autowiring by type from bean name 'dispatcherServletRegistration' via factory method to bean named 'spring.mvc-org.springframework.boot.autoconfigure.web.servlet.WebMvcProperties'
2024-04-29T20:51:33.222-04:00 DEBUG 12448 --- [atenciones_medicas] [           main] o.s.b.f.s.DefaultListableBeanFactory     : Creating shared instance of singleton bean 'multipartConfigElement'
2024-04-29T20:51:33.222-04:00 DEBUG 12448 --- [atenciones_medicas] [           main] o.s.b.f.s.DefaultListableBeanFactory     : Creating shared instance of singleton bean 'org.springframework.boot.autoconfigure.web.servlet.MultipartAutoConfiguration'
2024-04-29T20:51:33.222-04:00 DEBUG 12448 --- [atenciones_medicas] [           main] o.s.b.f.s.DefaultListableBeanFactory     : Creating shared instance of singleton bean 'spring.servlet.multipart-org.springframework.boot.autoconfigure.web.servlet.MultipartProperties'
2024-04-29T20:51:33.229-04:00 DEBUG 12448 --- [atenciones_medicas] [           main] o.s.b.f.s.DefaultListableBeanFactory     : Autowiring by type from bean name 'org.springframework.boot.autoconfigure.web.servlet.MultipartAutoConfiguration' via constructor to bean named 'spring.servlet.multipart-org.springframework.boot.autoconfigure.web.servlet.MultipartProperties'
2024-04-29T20:51:33.236-04:00 DEBUG 12448 --- [atenciones_medicas] [           main] o.s.b.f.s.DefaultListableBeanFactory     : Autowiring by type from bean name 'errorPageCustomizer' via factory method to bean named 'dispatcherServletRegistration'
2024-04-29T20:51:33.241-04:00 DEBUG 12448 --- [atenciones_medicas] [           main] o.s.b.f.s.DefaultListableBeanFactory     : Creating shared instance of singleton bean 'org.springframework.boot.autoconfigure.web.servlet.DispatcherServletAutoConfiguration'
2024-04-29T20:51:33.242-04:00 DEBUG 12448 --- [atenciones_medicas] [           main] o.s.b.f.s.DefaultListableBeanFactory     : Creating shared instance of singleton bean 'org.springframework.boot.autoconfigure.task.TaskExecutorConfigurations$ThreadPoolTaskExecutorBuilderConfiguration'
2024-04-29T20:51:33.243-04:00 DEBUG 12448 --- [atenciones_medicas] [           main] o.s.b.f.s.DefaultListableBeanFactory     : Creating shared instance of singleton bean 'threadPoolTaskExecutorBuilder'
2024-04-29T20:51:33.244-04:00 DEBUG 12448 --- [atenciones_medicas] [           main] o.s.b.f.s.DefaultListableBeanFactory     : Creating shared instance of singleton bean 'spring.task.execution-org.springframework.boot.autoconfigure.task.TaskExecutionProperties'
2024-04-29T20:51:33.247-04:00 DEBUG 12448 --- [atenciones_medicas] [           main] o.s.b.f.s.DefaultListableBeanFactory     : Autowiring by type from bean name 'threadPoolTaskExecutorBuilder' via factory method to bean named 'spring.task.execution-org.springframework.boot.autoconfigure.task.TaskExecutionProperties'
2024-04-29T20:51:33.252-04:00 DEBUG 12448 --- [atenciones_medicas] [           main] o.s.b.f.s.DefaultListableBeanFactory     : Creating shared instance of singleton bean 'org.springframework.boot.autoconfigure.task.TaskExecutorConfigurations$TaskExecutorBuilderConfiguration'
2024-04-29T20:51:33.253-04:00 DEBUG 12448 --- [atenciones_medicas] [           main] o.s.b.f.s.DefaultListableBeanFactory     : Creating shared instance of singleton bean 'taskExecutorBuilder'
2024-04-29T20:51:33.255-04:00 DEBUG 12448 --- [atenciones_medicas] [           main] o.s.b.f.s.DefaultListableBeanFactory     : Autowiring by type from bean name 'taskExecutorBuilder' via factory method to bean named 'spring.task.execution-org.springframework.boot.autoconfigure.task.TaskExecutionProperties'
2024-04-29T20:51:33.257-04:00 DEBUG 12448 --- [atenciones_medicas] [           main] o.s.b.f.s.DefaultListableBeanFactory     : Creating shared instance of singleton bean 'org.springframework.boot.autoconfigure.task.TaskExecutorConfigurations$SimpleAsyncTaskExecutorBuilderConfiguration'
2024-04-29T20:51:33.259-04:00 DEBUG 12448 --- [atenciones_medicas] [           main] o.s.b.f.s.DefaultListableBeanFactory     : Autowiring by type from bean name 'org.springframework.boot.autoconfigure.task.TaskExecutorConfigurations$SimpleAsyncTaskExecutorBuilderConfiguration' via constructor to bean named 'spring.task.execution-org.springframework.boot.autoconfigure.task.TaskExecutionProperties'
2024-04-29T20:51:33.261-04:00 DEBUG 12448 --- [atenciones_medicas] [           main] o.s.b.f.s.DefaultListableBeanFactory     : Creating shared instance of singleton bean 'simpleAsyncTaskExecutorBuilder'
2024-04-29T20:51:33.263-04:00 DEBUG 12448 --- [atenciones_medicas] [           main] o.s.b.f.s.DefaultListableBeanFactory     : Creating shared instance of singleton bean 'org.springframework.boot.autoconfigure.task.TaskExecutorConfigurations$TaskExecutorConfiguration'
2024-04-29T20:51:33.264-04:00 DEBUG 12448 --- [atenciones_medicas] [           main] o.s.b.f.s.DefaultListableBeanFactory     : Creating shared instance of singleton bean 'org.springframework.boot.autoconfigure.task.TaskExecutionAutoConfiguration'
2024-04-29T20:51:33.264-04:00 DEBUG 12448 --- [atenciones_medicas] [           main] o.s.b.f.s.DefaultListableBeanFactory     : Creating shared instance of singleton bean 'org.springframework.boot.autoconfigure.validation.ValidationAutoConfiguration'
2024-04-29T20:51:33.264-04:00 DEBUG 12448 --- [atenciones_medicas] [           main] o.s.b.f.s.DefaultListableBeanFactory     : Creating shared instance of singleton bean 'defaultValidator'
2024-04-29T20:51:33.265-04:00 DEBUG 12448 --- [atenciones_medicas] [           main] o.s.b.f.s.DefaultListableBeanFactory     : Autowiring by type from bean name 'defaultValidator' via factory method to bean named 'org.springframework.web.context.support.GenericWebApplicationContext@1bc53649'
2024-04-29T20:51:33.270-04:00 DEBUG 12448 --- [atenciones_medicas] [           main] .h.v.m.ResourceBundleMessageInterpolator : Loaded expression factory via original TCCL
2024-04-29T20:51:33.274-04:00 DEBUG 12448 --- [atenciones_medicas] [           main] o.h.v.i.e.AbstractConfigurationImpl      : Setting custom MessageInterpolator of type org.springframework.validation.beanvalidation.LocaleContextMessageInterpolator
2024-04-29T20:51:33.275-04:00 DEBUG 12448 --- [atenciones_medicas] [           main] o.h.v.i.e.AbstractConfigurationImpl      : Setting custom ConstraintValidatorFactory of type org.springframework.validation.beanvalidation.SpringConstraintValidatorFactory
2024-04-29T20:51:33.277-04:00 DEBUG 12448 --- [atenciones_medicas] [           main] o.h.v.i.xml.config.ValidationXmlParser   : Trying to load META-INF/validation.xml for XML based Validator configuration.
2024-04-29T20:51:33.278-04:00 DEBUG 12448 --- [atenciones_medicas] [           main] o.h.v.i.xml.config.ResourceLoaderHelper  : Trying to load META-INF/validation.xml via user class loader
2024-04-29T20:51:33.278-04:00 DEBUG 12448 --- [atenciones_medicas] [           main] o.h.v.i.xml.config.ResourceLoaderHelper  : Trying to load META-INF/validation.xml via TCCL
2024-04-29T20:51:33.278-04:00 DEBUG 12448 --- [atenciones_medicas] [           main] o.h.v.i.xml.config.ResourceLoaderHelper  : Trying to load META-INF/validation.xml via Hibernate Validator's class loader
2024-04-29T20:51:33.278-04:00 DEBUG 12448 --- [atenciones_medicas] [           main] o.h.v.i.xml.config.ValidationXmlParser   : No META-INF/validation.xml found. Using annotation based configuration only.
2024-04-29T20:51:33.278-04:00 DEBUG 12448 --- [atenciones_medicas] [           main] o.h.v.i.e.resolver.TraversableResolvers  : Found jakarta.persistence.Persistence on classpath containing 'getPersistenceUtil'. Assuming JPA 2 environment. Trying to instantiate JPA aware TraversableResolver
2024-04-29T20:51:33.278-04:00 DEBUG 12448 --- [atenciones_medicas] [           main] o.h.v.i.e.resolver.TraversableResolvers  : Instantiated JPA aware TraversableResolver of type org.hibernate.validator.internal.engine.resolver.JPATraversableResolver.
2024-04-29T20:51:33.280-04:00 DEBUG 12448 --- [atenciones_medicas] [           main] .i.e.ValidatorFactoryConfigurationHelper : HV000252: Using org.hibernate.validator.internal.engine.DefaultPropertyNodeNameProvider as property node name provider.
2024-04-29T20:51:33.281-04:00 DEBUG 12448 --- [atenciones_medicas] [           main] .i.e.ValidatorFactoryConfigurationHelper : HV000234: Using org.springframework.validation.beanvalidation.LocaleContextMessageInterpolator as ValidatorFactory-scoped message interpolator.
2024-04-29T20:51:33.281-04:00 DEBUG 12448 --- [atenciones_medicas] [           main] .i.e.ValidatorFactoryConfigurationHelper : HV000234: Using org.hibernate.validator.internal.engine.resolver.JPATraversableResolver as ValidatorFactory-scoped traversable resolver.
2024-04-29T20:51:33.281-04:00 DEBUG 12448 --- [atenciones_medicas] [           main] .i.e.ValidatorFactoryConfigurationHelper : HV000234: Using org.hibernate.validator.internal.util.ExecutableParameterNameProvider as ValidatorFactory-scoped parameter name provider.
2024-04-29T20:51:33.281-04:00 DEBUG 12448 --- [atenciones_medicas] [           main] .i.e.ValidatorFactoryConfigurationHelper : HV000234: Using org.hibernate.validator.internal.engine.DefaultClockProvider as ValidatorFactory-scoped clock provider.
2024-04-29T20:51:33.281-04:00 DEBUG 12448 --- [atenciones_medicas] [           main] .i.e.ValidatorFactoryConfigurationHelper : HV000234: Using org.hibernate.validator.internal.engine.scripting.DefaultScriptEvaluatorFactory as ValidatorFactory-scoped script evaluator factory.
2024-04-29T20:51:33.284-04:00 DEBUG 12448 --- [atenciones_medicas] [           main] o.s.b.f.s.DefaultListableBeanFactory     : Creating shared instance of singleton bean 'org.springframework.boot.autoconfigure.web.servlet.error.ErrorMvcAutoConfiguration$WhitelabelErrorViewConfiguration'
2024-04-29T20:51:33.285-04:00 DEBUG 12448 --- [atenciones_medicas] [           main] o.s.b.f.s.DefaultListableBeanFactory     : Creating shared instance of singleton bean 'error'
2024-04-29T20:51:33.286-04:00 DEBUG 12448 --- [atenciones_medicas] [           main] o.s.b.f.s.DefaultListableBeanFactory     : Creating shared instance of singleton bean 'beanNameViewResolver'
2024-04-29T20:51:33.290-04:00 DEBUG 12448 --- [atenciones_medicas] [           main] o.s.b.f.s.DefaultListableBeanFactory     : Creating shared instance of singleton bean 'org.springframework.boot.autoconfigure.web.servlet.error.ErrorMvcAutoConfiguration$DefaultErrorViewResolverConfiguration'
2024-04-29T20:51:33.291-04:00 DEBUG 12448 --- [atenciones_medicas] [           main] o.s.b.f.s.DefaultListableBeanFactory     : Creating shared instance of singleton bean 'spring.web-org.springframework.boot.autoconfigure.web.WebProperties'
2024-04-29T20:51:33.299-04:00 DEBUG 12448 --- [atenciones_medicas] [           main] o.s.b.f.s.DefaultListableBeanFactory     : Autowiring by type from bean name 'org.springframework.boot.autoconfigure.web.servlet.error.ErrorMvcAutoConfiguration$DefaultErrorViewResolverConfiguration' via constructor to bean named 'org.springframework.web.context.support.GenericWebApplicationContext@1bc53649'
2024-04-29T20:51:33.299-04:00 DEBUG 12448 --- [atenciones_medicas] [           main] o.s.b.f.s.DefaultListableBeanFactory     : Autowiring by type from bean name 'org.springframework.boot.autoconfigure.web.servlet.error.ErrorMvcAutoConfiguration$DefaultErrorViewResolverConfiguration' via constructor to bean named 'spring.web-org.springframework.boot.autoconfigure.web.WebProperties'
2024-04-29T20:51:33.299-04:00 DEBUG 12448 --- [atenciones_medicas] [           main] o.s.b.f.s.DefaultListableBeanFactory     : Creating shared instance of singleton bean 'conventionErrorViewResolver'
2024-04-29T20:51:33.301-04:00 DEBUG 12448 --- [atenciones_medicas] [           main] o.s.b.f.s.DefaultListableBeanFactory     : Creating shared instance of singleton bean 'errorAttributes'
2024-04-29T20:51:33.304-04:00 DEBUG 12448 --- [atenciones_medicas] [           main] o.s.b.f.s.DefaultListableBeanFactory     : Creating shared instance of singleton bean 'basicErrorController'
2024-04-29T20:51:33.305-04:00 DEBUG 12448 --- [atenciones_medicas] [           main] o.s.b.f.s.DefaultListableBeanFactory     : Autowiring by type from bean name 'basicErrorController' via factory method to bean named 'errorAttributes'
2024-04-29T20:51:33.312-04:00 DEBUG 12448 --- [atenciones_medicas] [           main] o.s.b.f.s.DefaultListableBeanFactory     : Creating shared instance of singleton bean 'org.springframework.boot.autoconfigure.web.servlet.WebMvcAutoConfiguration$EnableWebMvcConfiguration'
2024-04-29T20:51:33.314-04:00 DEBUG 12448 --- [atenciones_medicas] [           main] o.s.b.f.s.DefaultListableBeanFactory     : Autowiring by type from bean name 'org.springframework.boot.autoconfigure.web.servlet.WebMvcAutoConfiguration$EnableWebMvcConfiguration' via constructor to bean named 'spring.mvc-org.springframework.boot.autoconfigure.web.servlet.WebMvcProperties'
2024-04-29T20:51:33.314-04:00 DEBUG 12448 --- [atenciones_medicas] [           main] o.s.b.f.s.DefaultListableBeanFactory     : Autowiring by type from bean name 'org.springframework.boot.autoconfigure.web.servlet.WebMvcAutoConfiguration$EnableWebMvcConfiguration' via constructor to bean named 'spring.web-org.springframework.boot.autoconfigure.web.WebProperties'
2024-04-29T20:51:33.314-04:00 DEBUG 12448 --- [atenciones_medicas] [           main] o.s.b.f.s.DefaultListableBeanFactory     : Autowiring by type from bean name 'org.springframework.boot.autoconfigure.web.servlet.WebMvcAutoConfiguration$EnableWebMvcConfiguration' via constructor to bean named 'org.springframework.beans.factory.support.DefaultListableBeanFactory@502f8b57'
2024-04-29T20:51:33.319-04:00 DEBUG 12448 --- [atenciones_medicas] [           main] o.s.b.f.s.DefaultListableBeanFactory     : Creating shared instance of singleton bean 'org.springframework.boot.autoconfigure.web.servlet.WebMvcAutoConfiguration$WebMvcAutoConfigurationAdapter'
2024-04-29T20:51:33.320-04:00 DEBUG 12448 --- [atenciones_medicas] [           main] o.s.b.f.s.DefaultListableBeanFactory     : Autowiring by type from bean name 'org.springframework.boot.autoconfigure.web.servlet.WebMvcAutoConfiguration$WebMvcAutoConfigurationAdapter' via constructor to bean named 'spring.web-org.springframework.boot.autoconfigure.web.WebProperties'
2024-04-29T20:51:33.320-04:00 DEBUG 12448 --- [atenciones_medicas] [           main] o.s.b.f.s.DefaultListableBeanFactory     : Autowiring by type from bean name 'org.springframework.boot.autoconfigure.web.servlet.WebMvcAutoConfiguration$WebMvcAutoConfigurationAdapter' via constructor to bean named 'spring.mvc-org.springframework.boot.autoconfigure.web.servlet.WebMvcProperties'
2024-04-29T20:51:33.321-04:00 DEBUG 12448 --- [atenciones_medicas] [           main] o.s.b.f.s.DefaultListableBeanFactory     : Autowiring by type from bean name 'org.springframework.boot.autoconfigure.web.servlet.WebMvcAutoConfiguration$WebMvcAutoConfigurationAdapter' via constructor to bean named 'org.springframework.beans.factory.support.DefaultListableBeanFactory@502f8b57'
2024-04-29T20:51:33.325-04:00 DEBUG 12448 --- [atenciones_medicas] [           main] o.s.b.f.s.DefaultListableBeanFactory     : Creating shared instance of singleton bean 'openEntityManagerInViewInterceptorConfigurer'
2024-04-29T20:51:33.325-04:00 DEBUG 12448 --- [atenciones_medicas] [           main] o.s.b.f.s.DefaultListableBeanFactory     : Creating shared instance of singleton bean 'org.springframework.boot.autoconfigure.orm.jpa.JpaBaseConfiguration$JpaWebConfiguration'
2024-04-29T20:51:33.326-04:00 DEBUG 12448 --- [atenciones_medicas] [           main] o.s.b.f.s.DefaultListableBeanFactory     : Autowiring by type from bean name 'org.springframework.boot.autoconfigure.orm.jpa.JpaBaseConfiguration$JpaWebConfiguration' via constructor to bean named 'spring.jpa-org.springframework.boot.autoconfigure.orm.jpa.JpaProperties'
2024-04-29T20:51:33.327-04:00 DEBUG 12448 --- [atenciones_medicas] [           main] o.s.b.f.s.DefaultListableBeanFactory     : Creating shared instance of singleton bean 'openEntityManagerInViewInterceptor'
2024-04-29T20:51:33.328-04:00  WARN 12448 --- [atenciones_medicas] [           main] JpaBaseConfiguration$JpaWebConfiguration : spring.jpa.open-in-view is enabled by default. Therefore, database queries may be performed during view rendering. Explicitly configure spring.jpa.open-in-view to disable this warning
2024-04-29T20:51:33.333-04:00 DEBUG 12448 --- [atenciones_medicas] [           main] o.s.b.f.s.DefaultListableBeanFactory     : Autowiring by type from bean name 'openEntityManagerInViewInterceptorConfigurer' via factory method to bean named 'openEntityManagerInViewInterceptor'
2024-04-29T20:51:33.334-04:00 DEBUG 12448 --- [atenciones_medicas] [           main] o.s.b.f.s.DefaultListableBeanFactory     : Creating shared instance of singleton bean 'org.springframework.data.web.config.HateoasAwareSpringDataWebConfiguration'
2024-04-29T20:51:33.334-04:00 DEBUG 12448 --- [atenciones_medicas] [           main] o.s.b.f.s.DefaultListableBeanFactory     : Autowiring by type from bean name 'org.springframework.data.web.config.HateoasAwareSpringDataWebConfiguration' via constructor to bean named 'org.springframework.web.context.support.GenericWebApplicationContext@1bc53649'
2024-04-29T20:51:33.338-04:00 DEBUG 12448 --- [atenciones_medicas] [           main] o.s.b.f.s.DefaultListableBeanFactory     : Creating shared instance of singleton bean 'hypermediaWebMvcConfigurer'
2024-04-29T20:51:33.338-04:00 DEBUG 12448 --- [atenciones_medicas] [           main] o.s.b.f.s.DefaultListableBeanFactory     : Creating shared instance of singleton bean 'org.springframework.hateoas.config.WebMvcHateoasConfiguration'
2024-04-29T20:51:33.340-04:00 DEBUG 12448 --- [atenciones_medicas] [           main] o.s.b.f.s.DefaultListableBeanFactory     : Creating shared instance of singleton bean 'hypermediaWebMvcConverters'
2024-04-29T20:51:33.340-04:00 DEBUG 12448 --- [atenciones_medicas] [           main] o.s.b.f.s.DefaultListableBeanFactory     : Creating shared instance of singleton bean 'org.springframework.hateoas.config.HateoasConfiguration'
2024-04-29T20:51:33.343-04:00 DEBUG 12448 --- [atenciones_medicas] [           main] o.s.b.f.s.DefaultListableBeanFactory     : Creating shared instance of singleton bean 'org.springframework.hateoas.mediatype.hal.HalMediaTypeConfiguration'
2024-04-29T20:51:33.345-04:00 DEBUG 12448 --- [atenciones_medicas] [           main] o.s.b.f.s.DefaultListableBeanFactory     : Creating shared instance of singleton bean '_relProvider'
2024-04-29T20:51:33.347-04:00 DEBUG 12448 --- [atenciones_medicas] [           main] o.s.b.f.s.DefaultListableBeanFactory     : Creating shared instance of singleton bean 'relProviderPluginRegistry'
2024-04-29T20:51:33.348-04:00 DEBUG 12448 --- [atenciones_medicas] [           main] o.s.b.f.s.DefaultListableBeanFactory     : Autowiring by type from bean name 'relProviderPluginRegistry' via factory method to bean named 'org.springframework.web.context.support.GenericWebApplicationContext@1bc53649'
2024-04-29T20:51:33.362-04:00 DEBUG 12448 --- [atenciones_medicas] [           main] o.s.b.f.s.DefaultListableBeanFactory     : Autowiring by type from bean name '_relProvider' via factory method to bean named 'relProviderPluginRegistry'
2024-04-29T20:51:33.366-04:00 DEBUG 12448 --- [atenciones_medicas] [           main] o.s.b.f.s.DefaultListableBeanFactory     : Creating shared instance of singleton bean 'messageResolver'
2024-04-29T20:51:33.379-04:00 DEBUG 12448 --- [atenciones_medicas] [           main] o.s.b.f.s.DefaultListableBeanFactory     : Autowiring by type from bean name 'org.springframework.hateoas.mediatype.hal.HalMediaTypeConfiguration' via constructor to bean named '_relProvider'
2024-04-29T20:51:33.380-04:00 DEBUG 12448 --- [atenciones_medicas] [           main] o.s.b.f.s.DefaultListableBeanFactory     : Autowiring by type from bean name 'org.springframework.hateoas.mediatype.hal.HalMediaTypeConfiguration' via constructor to bean named 'messageResolver'
2024-04-29T20:51:33.380-04:00 DEBUG 12448 --- [atenciones_medicas] [           main] o.s.b.f.s.DefaultListableBeanFactory     : Autowiring by type from bean name 'org.springframework.hateoas.mediatype.hal.HalMediaTypeConfiguration' via constructor to bean named 'org.springframework.beans.factory.support.DefaultListableBeanFactory@502f8b57'
2024-04-29T20:51:33.385-04:00 DEBUG 12448 --- [atenciones_medicas] [           main] o.s.b.f.s.DefaultListableBeanFactory     : Autowiring by type from bean name 'hypermediaWebMvcConverters' via factory method to bean named 'org.springframework.hateoas.mediatype.hal.HalMediaTypeConfiguration'
2024-04-29T20:51:33.387-04:00 DEBUG 12448 --- [atenciones_medicas] [           main] o.s.b.f.s.DefaultListableBeanFactory     : Creating shared instance of singleton bean 'jacksonObjectMapper'
2024-04-29T20:51:33.387-04:00 DEBUG 12448 --- [atenciones_medicas] [           main] o.s.b.f.s.DefaultListableBeanFactory     : Creating shared instance of singleton bean 'org.springframework.boot.autoconfigure.jackson.JacksonAutoConfiguration$JacksonObjectMapperConfiguration'
2024-04-29T20:51:33.390-04:00 DEBUG 12448 --- [atenciones_medicas] [           main] o.s.b.f.s.DefaultListableBeanFactory     : Creating shared instance of singleton bean 'org.springframework.boot.autoconfigure.jackson.JacksonAutoConfiguration$JacksonObjectMapperBuilderConfiguration'
2024-04-29T20:51:33.392-04:00 DEBUG 12448 --- [atenciones_medicas] [           main] o.s.b.f.s.DefaultListableBeanFactory     : Creating shared instance of singleton bean 'standardJacksonObjectMapperBuilderCustomizer'
2024-04-29T20:51:33.392-04:00 DEBUG 12448 --- [atenciones_medicas] [           main] o.s.b.f.s.DefaultListableBeanFactory     : Creating shared instance of singleton bean 'org.springframework.boot.autoconfigure.jackson.JacksonAutoConfiguration$Jackson2ObjectMapperBuilderCustomizerConfiguration'
2024-04-29T20:51:33.393-04:00 DEBUG 12448 --- [atenciones_medicas] [           main] o.s.b.f.s.DefaultListableBeanFactory     : Creating shared instance of singleton bean 'spring.jackson-org.springframework.boot.autoconfigure.jackson.JacksonProperties'
2024-04-29T20:51:33.400-04:00 DEBUG 12448 --- [atenciones_medicas] [           main] o.s.b.f.s.DefaultListableBeanFactory     : Autowiring by type from bean name 'standardJacksonObjectMapperBuilderCustomizer' via factory method to bean named 'spring.jackson-org.springframework.boot.autoconfigure.jackson.JacksonProperties'
2024-04-29T20:51:33.402-04:00 DEBUG 12448 --- [atenciones_medicas] [           main] o.s.b.f.s.DefaultListableBeanFactory     : Creating shared instance of singleton bean 'parameterNamesModule'
2024-04-29T20:51:33.402-04:00 DEBUG 12448 --- [atenciones_medicas] [           main] o.s.b.f.s.DefaultListableBeanFactory     : Creating shared instance of singleton bean 'org.springframework.boot.autoconfigure.jackson.JacksonAutoConfiguration$ParameterNamesModuleConfiguration'
2024-04-29T20:51:33.412-04:00 DEBUG 12448 --- [atenciones_medicas] [           main] o.s.b.f.s.DefaultListableBeanFactory     : Creating shared instance of singleton bean 'jsonMixinModule'
2024-04-29T20:51:33.412-04:00 DEBUG 12448 --- [atenciones_medicas] [           main] o.s.b.f.s.DefaultListableBeanFactory     : Creating shared instance of singleton bean 'org.springframework.boot.autoconfigure.jackson.JacksonAutoConfiguration$JacksonMixinConfiguration'
2024-04-29T20:51:33.413-04:00 DEBUG 12448 --- [atenciones_medicas] [           main] o.s.b.f.s.DefaultListableBeanFactory     : Creating shared instance of singleton bean 'jsonMixinModuleEntries'
2024-04-29T20:51:33.414-04:00 DEBUG 12448 --- [atenciones_medicas] [           main] o.s.b.f.s.DefaultListableBeanFactory     : Autowiring by type from bean name 'jsonMixinModuleEntries' via factory method to bean named 'org.springframework.web.context.support.GenericWebApplicationContext@1bc53649'
2024-04-29T20:51:33.425-04:00 DEBUG 12448 --- [atenciones_medicas] [           main] o.s.b.f.s.DefaultListableBeanFactory     : Autowiring by type from bean name 'jsonMixinModule' via factory method to bean named 'org.springframework.web.context.support.GenericWebApplicationContext@1bc53649'
2024-04-29T20:51:33.425-04:00 DEBUG 12448 --- [atenciones_medicas] [           main] o.s.b.f.s.DefaultListableBeanFactory     : Autowiring by type from bean name 'jsonMixinModule' via factory method to bean named 'jsonMixinModuleEntries'
2024-04-29T20:51:33.428-04:00 DEBUG 12448 --- [atenciones_medicas] [           main] o.s.b.f.s.DefaultListableBeanFactory     : Creating shared instance of singleton bean 'jsonComponentModule'
2024-04-29T20:51:33.428-04:00 DEBUG 12448 --- [atenciones_medicas] [           main] o.s.b.f.s.DefaultListableBeanFactory     : Creating shared instance of singleton bean 'org.springframework.boot.autoconfigure.jackson.JacksonAutoConfiguration'
2024-04-29T20:51:33.436-04:00 DEBUG 12448 --- [atenciones_medicas] [           main] o.s.b.f.s.DefaultListableBeanFactory     : Creating shared instance of singleton bean 'jacksonGeoModule'
2024-04-29T20:51:33.436-04:00 DEBUG 12448 --- [atenciones_medicas] [           main] o.s.b.f.s.DefaultListableBeanFactory     : Creating shared instance of singleton bean 'org.springframework.data.web.config.SpringDataJacksonConfiguration'
2024-04-29T20:51:33.441-04:00 DEBUG 12448 --- [atenciones_medicas] [           main] o.s.b.f.s.DefaultListableBeanFactory     : Creating shared instance of singleton bean 'pageModule'
2024-04-29T20:51:33.444-04:00 DEBUG 12448 --- [atenciones_medicas] [           main] o.s.b.f.s.DefaultListableBeanFactory     : Autowiring by type from bean name 'jacksonObjectMapperBuilder' via factory method to bean named 'org.springframework.web.context.support.GenericWebApplicationContext@1bc53649'
2024-04-29T20:51:33.445-04:00 DEBUG 12448 --- [atenciones_medicas] [           main] o.s.b.f.s.DefaultListableBeanFactory     : Autowiring by type from bean name 'jacksonObjectMapperBuilder' via factory method to bean named 'standardJacksonObjectMapperBuilderCustomizer'
2024-04-29T20:51:33.450-04:00 DEBUG 12448 --- [atenciones_medicas] [           main] o.s.b.f.s.DefaultListableBeanFactory     : Autowiring by type from bean name 'jacksonObjectMapper' via factory method to bean named 'jacksonObjectMapperBuilder'
2024-04-29T20:51:33.484-04:00 DEBUG 12448 --- [atenciones_medicas] [           main] o.s.b.f.s.DefaultListableBeanFactory     : Autowiring by type from bean name 'hypermediaWebMvcConfigurer' via factory method to bean named 'hypermediaWebMvcConverters'
2024-04-29T20:51:33.489-04:00 DEBUG 12448 --- [atenciones_medicas] [           main] o.s.b.f.s.DefaultListableBeanFactory     : Creating shared instance of singleton bean 'welcomePageHandlerMapping'
2024-04-29T20:51:33.491-04:00 DEBUG 12448 --- [atenciones_medicas] [           main] o.s.b.f.s.DefaultListableBeanFactory     : Creating shared instance of singleton bean 'mvcConversionService'
2024-04-29T20:51:33.508-04:00 DEBUG 12448 --- [atenciones_medicas] [           main] o.s.b.f.s.DefaultListableBeanFactory     : Creating shared instance of singleton bean 'mvcResourceUrlProvider'
2024-04-29T20:51:33.511-04:00 DEBUG 12448 --- [atenciones_medicas] [           main] o.s.b.f.s.DefaultListableBeanFactory     : Autowiring by type from bean name 'welcomePageHandlerMapping' via factory method to bean named 'org.springframework.web.context.support.GenericWebApplicationContext@1bc53649'
2024-04-29T20:51:33.511-04:00 DEBUG 12448 --- [atenciones_medicas] [           main] o.s.b.f.s.DefaultListableBeanFactory     : Autowiring by type from bean name 'welcomePageHandlerMapping' via factory method to bean named 'mvcConversionService'
2024-04-29T20:51:33.512-04:00 DEBUG 12448 --- [atenciones_medicas] [           main] o.s.b.f.s.DefaultListableBeanFactory     : Autowiring by type from bean name 'welcomePageHandlerMapping' via factory method to bean named 'mvcResourceUrlProvider'
2024-04-29T20:51:33.536-04:00 DEBUG 12448 --- [atenciones_medicas] [           main] o.s.b.f.s.DefaultListableBeanFactory     : Creating shared instance of singleton bean 'welcomePageNotAcceptableHandlerMapping'
2024-04-29T20:51:33.537-04:00 DEBUG 12448 --- [atenciones_medicas] [           main] o.s.b.f.s.DefaultListableBeanFactory     : Autowiring by type from bean name 'welcomePageNotAcceptableHandlerMapping' via factory method to bean named 'org.springframework.web.context.support.GenericWebApplicationContext@1bc53649'
2024-04-29T20:51:33.537-04:00 DEBUG 12448 --- [atenciones_medicas] [           main] o.s.b.f.s.DefaultListableBeanFactory     : Autowiring by type from bean name 'welcomePageNotAcceptableHandlerMapping' via factory method to bean named 'mvcConversionService'
2024-04-29T20:51:33.537-04:00 DEBUG 12448 --- [atenciones_medicas] [           main] o.s.b.f.s.DefaultListableBeanFactory     : Autowiring by type from bean name 'welcomePageNotAcceptableHandlerMapping' via factory method to bean named 'mvcResourceUrlProvider'
2024-04-29T20:51:33.544-04:00 DEBUG 12448 --- [atenciones_medicas] [           main] o.s.b.f.s.DefaultListableBeanFactory     : Creating shared instance of singleton bean 'localeResolver'
2024-04-29T20:51:33.547-04:00 DEBUG 12448 --- [atenciones_medicas] [           main] o.s.b.f.s.DefaultListableBeanFactory     : Creating shared instance of singleton bean 'themeResolver'
2024-04-29T20:51:33.549-04:00 DEBUG 12448 --- [atenciones_medicas] [           main] o.s.b.f.s.DefaultListableBeanFactory     : Creating shared instance of singleton bean 'flashMapManager'
2024-04-29T20:51:33.554-04:00 DEBUG 12448 --- [atenciones_medicas] [           main] o.s.b.f.s.DefaultListableBeanFactory     : Creating shared instance of singleton bean 'mvcValidator'
2024-04-29T20:51:33.556-04:00 DEBUG 12448 --- [atenciones_medicas] [           main] o.s.b.f.s.DefaultListableBeanFactory     : Creating shared instance of singleton bean 'mvcContentNegotiationManager'
2024-04-29T20:51:33.566-04:00 DEBUG 12448 --- [atenciones_medicas] [           main] o.s.b.f.s.DefaultListableBeanFactory     : Creating shared instance of singleton bean 'requestMappingHandlerMapping'
2024-04-29T20:51:33.573-04:00 DEBUG 12448 --- [atenciones_medicas] [           main] o.s.b.f.s.DefaultListableBeanFactory     : Autowiring by type from bean name 'requestMappingHandlerMapping' via factory method to bean named 'mvcContentNegotiationManager'
2024-04-29T20:51:33.573-04:00 DEBUG 12448 --- [atenciones_medicas] [           main] o.s.b.f.s.DefaultListableBeanFactory     : Autowiring by type from bean name 'requestMappingHandlerMapping' via factory method to bean named 'mvcConversionService'
2024-04-29T20:51:33.573-04:00 DEBUG 12448 --- [atenciones_medicas] [           main] o.s.b.f.s.DefaultListableBeanFactory     : Autowiring by type from bean name 'requestMappingHandlerMapping' via factory method to bean named 'mvcResourceUrlProvider'
2024-04-29T20:51:33.663-04:00 DEBUG 12448 --- [atenciones_medicas] [           main] s.w.s.m.m.a.RequestMappingHandlerMapping : 8 mappings in 'requestMappingHandlerMapping'
2024-04-29T20:51:33.667-04:00 DEBUG 12448 --- [atenciones_medicas] [           main] o.s.b.f.s.DefaultListableBeanFactory     : Creating shared instance of singleton bean 'mvcPatternParser'
2024-04-29T20:51:33.668-04:00 DEBUG 12448 --- [atenciones_medicas] [           main] o.s.b.f.s.DefaultListableBeanFactory     : Creating shared instance of singleton bean 'mvcUrlPathHelper'
2024-04-29T20:51:33.670-04:00 DEBUG 12448 --- [atenciones_medicas] [           main] o.s.b.f.s.DefaultListableBeanFactory     : Creating shared instance of singleton bean 'mvcPathMatcher'
2024-04-29T20:51:33.674-04:00 DEBUG 12448 --- [atenciones_medicas] [           main] o.s.b.f.s.DefaultListableBeanFactory     : Creating shared instance of singleton bean 'viewControllerHandlerMapping'
2024-04-29T20:51:33.675-04:00 DEBUG 12448 --- [atenciones_medicas] [           main] o.s.b.f.s.DefaultListableBeanFactory     : Autowiring by type from bean name 'viewControllerHandlerMapping' via factory method to bean named 'mvcConversionService'
2024-04-29T20:51:33.675-04:00 DEBUG 12448 --- [atenciones_medicas] [           main] o.s.b.f.s.DefaultListableBeanFactory     : Autowiring by type from bean name 'viewControllerHandlerMapping' via factory method to bean named 'mvcResourceUrlProvider'
2024-04-29T20:51:33.676-04:00 DEBUG 12448 --- [atenciones_medicas] [           main] o.s.b.f.s.DefaultListableBeanFactory     : Creating shared instance of singleton bean 'beanNameHandlerMapping'
2024-04-29T20:51:33.676-04:00 DEBUG 12448 --- [atenciones_medicas] [           main] o.s.b.f.s.DefaultListableBeanFactory     : Autowiring by type from bean name 'beanNameHandlerMapping' via factory method to bean named 'mvcConversionService'
2024-04-29T20:51:33.676-04:00 DEBUG 12448 --- [atenciones_medicas] [           main] o.s.b.f.s.DefaultListableBeanFactory     : Autowiring by type from bean name 'beanNameHandlerMapping' via factory method to bean named 'mvcResourceUrlProvider'
2024-04-29T20:51:33.680-04:00 DEBUG 12448 --- [atenciones_medicas] [           main] o.s.b.f.s.DefaultListableBeanFactory     : Creating shared instance of singleton bean 'routerFunctionMapping'
2024-04-29T20:51:33.681-04:00 DEBUG 12448 --- [atenciones_medicas] [           main] o.s.b.f.s.DefaultListableBeanFactory     : Autowiring by type from bean name 'routerFunctionMapping' via factory method to bean named 'mvcConversionService'
2024-04-29T20:51:33.681-04:00 DEBUG 12448 --- [atenciones_medicas] [           main] o.s.b.f.s.DefaultListableBeanFactory     : Autowiring by type from bean name 'routerFunctionMapping' via factory method to bean named 'mvcResourceUrlProvider'
2024-04-29T20:51:33.683-04:00 DEBUG 12448 --- [atenciones_medicas] [           main] o.s.b.f.s.DefaultListableBeanFactory     : Creating shared instance of singleton bean 'messageConverters'
2024-04-29T20:51:33.684-04:00 DEBUG 12448 --- [atenciones_medicas] [           main] o.s.b.f.s.DefaultListableBeanFactory     : Creating shared instance of singleton bean 'org.springframework.boot.autoconfigure.http.HttpMessageConvertersAutoConfiguration'
2024-04-29T20:51:33.689-04:00 DEBUG 12448 --- [atenciones_medicas] [           main] o.s.b.f.s.DefaultListableBeanFactory     : Creating shared instance of singleton bean 'stringHttpMessageConverter'
2024-04-29T20:51:33.690-04:00 DEBUG 12448 --- [atenciones_medicas] [           main] o.s.b.f.s.DefaultListableBeanFactory     : Creating shared instance of singleton bean 'org.springframework.boot.autoconfigure.http.HttpMessageConvertersAutoConfiguration$StringHttpMessageConverterConfiguration'
2024-04-29T20:51:33.692-04:00 DEBUG 12448 --- [atenciones_medicas] [           main] o.s.b.f.s.DefaultListableBeanFactory     : Autowiring by type from bean name 'stringHttpMessageConverter' via factory method to bean named 'environment'
2024-04-29T20:51:33.698-04:00 DEBUG 12448 --- [atenciones_medicas] [           main] o.s.b.f.s.DefaultListableBeanFactory     : Creating shared instance of singleton bean 'mappingJackson2HttpMessageConverter'
2024-04-29T20:51:33.698-04:00 DEBUG 12448 --- [atenciones_medicas] [           main] o.s.b.f.s.DefaultListableBeanFactory     : Creating shared instance of singleton bean 'org.springframework.boot.autoconfigure.http.JacksonHttpMessageConvertersConfiguration$MappingJackson2HttpMessageConverterConfiguration'
2024-04-29T20:51:33.698-04:00 DEBUG 12448 --- [atenciones_medicas] [           main] o.s.b.f.s.DefaultListableBeanFactory     : Autowiring by type from bean name 'mappingJackson2HttpMessageConverter' via factory method to bean named 'jacksonObjectMapper'
2024-04-29T20:51:33.756-04:00 DEBUG 12448 --- [atenciones_medicas] [           main] o.s.b.f.s.DefaultListableBeanFactory     : Creating shared instance of singleton bean 'applicationJsonHalConfiguration'
2024-04-29T20:51:33.756-04:00 DEBUG 12448 --- [atenciones_medicas] [           main] o.s.b.f.s.DefaultListableBeanFactory     : Creating shared instance of singleton bean 'org.springframework.boot.autoconfigure.hateoas.HypermediaAutoConfiguration'
2024-04-29T20:51:33.777-04:00 DEBUG 12448 --- [atenciones_medicas] [           main] o.s.b.f.s.DefaultListableBeanFactory     : Creating shared instance of singleton bean 'resourceHandlerMapping'
2024-04-29T20:51:33.777-04:00 DEBUG 12448 --- [atenciones_medicas] [           main] o.s.b.f.s.DefaultListableBeanFactory     : Autowiring by type from bean name 'resourceHandlerMapping' via factory method to bean named 'mvcContentNegotiationManager'
2024-04-29T20:51:33.777-04:00 DEBUG 12448 --- [atenciones_medicas] [           main] o.s.b.f.s.DefaultListableBeanFactory     : Autowiring by type from bean name 'resourceHandlerMapping' via factory method to bean named 'mvcConversionService'
2024-04-29T20:51:33.777-04:00 DEBUG 12448 --- [atenciones_medicas] [           main] o.s.b.f.s.DefaultListableBeanFactory     : Autowiring by type from bean name 'resourceHandlerMapping' via factory method to bean named 'mvcResourceUrlProvider'
2024-04-29T20:51:33.795-04:00 DEBUG 12448 --- [atenciones_medicas] [           main] o.s.w.s.handler.SimpleUrlHandlerMapping  : Patterns [/webjars/**, /**] in 'resourceHandlerMapping'
2024-04-29T20:51:33.796-04:00 DEBUG 12448 --- [atenciones_medicas] [           main] o.s.b.f.s.DefaultListableBeanFactory     : Creating shared instance of singleton bean 'defaultServletHandlerMapping'
2024-04-29T20:51:33.796-04:00 DEBUG 12448 --- [atenciones_medicas] [           main] o.s.b.f.s.DefaultListableBeanFactory     : Creating shared instance of singleton bean 'requestMappingHandlerAdapter'
2024-04-29T20:51:33.797-04:00 DEBUG 12448 --- [atenciones_medicas] [           main] o.s.b.f.s.DefaultListableBeanFactory     : Autowiring by type from bean name 'requestMappingHandlerAdapter' via factory method to bean named 'mvcContentNegotiationManager'
2024-04-29T20:51:33.798-04:00 DEBUG 12448 --- [atenciones_medicas] [           main] o.s.b.f.s.DefaultListableBeanFactory     : Autowiring by type from bean name 'requestMappingHandlerAdapter' via factory method to bean named 'mvcConversionService'
2024-04-29T20:51:33.798-04:00 DEBUG 12448 --- [atenciones_medicas] [           main] o.s.b.f.s.DefaultListableBeanFactory     : Autowiring by type from bean name 'requestMappingHandlerAdapter' via factory method to bean named 'mvcValidator'
2024-04-29T20:51:33.814-04:00 DEBUG 12448 --- [atenciones_medicas] [           main] o.s.b.f.s.DefaultListableBeanFactory     : Creating shared instance of singleton bean 'sortResolver'
2024-04-29T20:51:33.817-04:00 DEBUG 12448 --- [atenciones_medicas] [           main] o.s.b.f.s.DefaultListableBeanFactory     : Creating shared instance of singleton bean 'sortCustomizer'
2024-04-29T20:51:33.817-04:00 DEBUG 12448 --- [atenciones_medicas] [           main] o.s.b.f.s.DefaultListableBeanFactory     : Creating shared instance of singleton bean 'org.springframework.boot.autoconfigure.data.web.SpringDataWebAutoConfiguration'
2024-04-29T20:51:33.818-04:00 DEBUG 12448 --- [atenciones_medicas] [           main] o.s.b.f.s.DefaultListableBeanFactory     : Creating shared instance of singleton bean 'spring.data.web-org.springframework.boot.autoconfigure.data.web.SpringDataWebProperties'
2024-04-29T20:51:33.821-04:00 DEBUG 12448 --- [atenciones_medicas] [           main] o.s.b.f.s.DefaultListableBeanFactory     : Autowiring by type from bean name 'org.springframework.boot.autoconfigure.data.web.SpringDataWebAutoConfiguration' via constructor to bean named 'spring.data.web-org.springframework.boot.autoconfigure.data.web.SpringDataWebProperties'
2024-04-29T20:51:33.829-04:00 DEBUG 12448 --- [atenciones_medicas] [           main] o.s.b.f.s.DefaultListableBeanFactory     : Creating shared instance of singleton bean 'pageableResolver'
2024-04-29T20:51:33.831-04:00 DEBUG 12448 --- [atenciones_medicas] [           main] o.s.b.f.s.DefaultListableBeanFactory     : Creating shared instance of singleton bean 'pageableCustomizer'
2024-04-29T20:51:33.835-04:00 DEBUG 12448 --- [atenciones_medicas] [           main] o.s.b.f.s.DefaultListableBeanFactory     : Creating shared instance of singleton bean 'pagedResourcesAssemblerArgumentResolver'
2024-04-29T20:51:33.836-04:00 DEBUG 12448 --- [atenciones_medicas] [           main] o.s.b.f.s.DefaultListableBeanFactory     : Creating shared instance of singleton bean 'slicedResourcesAssemblerArgumentResolver'
2024-04-29T20:51:33.841-04:00 DEBUG 12448 --- [atenciones_medicas] [           main] o.s.b.f.s.DefaultListableBeanFactory     : Creating shared instance of singleton bean 'applicationTaskExecutor'
2024-04-29T20:51:33.843-04:00 DEBUG 12448 --- [atenciones_medicas] [           main] o.s.b.f.s.DefaultListableBeanFactory     : Autowiring by type from bean name 'applicationTaskExecutor' via factory method to bean named 'taskExecutorBuilder'
2024-04-29T20:51:33.852-04:00 DEBUG 12448 --- [atenciones_medicas] [           main] o.s.s.concurrent.ThreadPoolTaskExecutor  : Initializing ExecutorService 'applicationTaskExecutor'
2024-04-29T20:51:33.881-04:00 DEBUG 12448 --- [atenciones_medicas] [           main] s.w.s.m.m.a.RequestMappingHandlerAdapter : ControllerAdvice beans: 0 @ModelAttribute, 0 @InitBinder, 1 RequestBodyAdvice, 1 ResponseBodyAdvice
2024-04-29T20:51:33.932-04:00 DEBUG 12448 --- [atenciones_medicas] [           main] o.s.b.f.s.DefaultListableBeanFactory     : Creating shared instance of singleton bean 'handlerFunctionAdapter'
2024-04-29T20:51:33.934-04:00 DEBUG 12448 --- [atenciones_medicas] [           main] o.s.b.f.s.DefaultListableBeanFactory     : Creating shared instance of singleton bean 'mvcUriComponentsContributor'
2024-04-29T20:51:33.935-04:00 DEBUG 12448 --- [atenciones_medicas] [           main] o.s.b.f.s.DefaultListableBeanFactory     : Autowiring by type from bean name 'mvcUriComponentsContributor' via factory method to bean named 'mvcConversionService'
2024-04-29T20:51:33.935-04:00 DEBUG 12448 --- [atenciones_medicas] [           main] o.s.b.f.s.DefaultListableBeanFactory     : Autowiring by type from bean name 'mvcUriComponentsContributor' via factory method to bean named 'requestMappingHandlerAdapter'
2024-04-29T20:51:33.936-04:00 DEBUG 12448 --- [atenciones_medicas] [           main] o.s.b.f.s.DefaultListableBeanFactory     : Creating shared instance of singleton bean 'httpRequestHandlerAdapter'
2024-04-29T20:51:33.936-04:00 DEBUG 12448 --- [atenciones_medicas] [           main] o.s.b.f.s.DefaultListableBeanFactory     : Creating shared instance of singleton bean 'simpleControllerHandlerAdapter'
2024-04-29T20:51:33.937-04:00 DEBUG 12448 --- [atenciones_medicas] [           main] o.s.b.f.s.DefaultListableBeanFactory     : Creating shared instance of singleton bean 'handlerExceptionResolver'
2024-04-29T20:51:33.938-04:00 DEBUG 12448 --- [atenciones_medicas] [           main] o.s.b.f.s.DefaultListableBeanFactory     : Autowiring by type from bean name 'handlerExceptionResolver' via factory method to bean named 'mvcContentNegotiationManager'
2024-04-29T20:51:33.941-04:00 DEBUG 12448 --- [atenciones_medicas] [           main] .m.m.a.ExceptionHandlerExceptionResolver : ControllerAdvice beans: 0 @ExceptionHandler, 1 ResponseBodyAdvice
2024-04-29T20:51:33.947-04:00 DEBUG 12448 --- [atenciones_medicas] [           main] o.s.b.f.s.DefaultListableBeanFactory     : Creating shared instance of singleton bean 'mvcViewResolver'
2024-04-29T20:51:33.948-04:00 DEBUG 12448 --- [atenciones_medicas] [           main] o.s.b.f.s.DefaultListableBeanFactory     : Autowiring by type from bean name 'mvcViewResolver' via factory method to bean named 'mvcContentNegotiationManager'
2024-04-29T20:51:33.952-04:00 DEBUG 12448 --- [atenciones_medicas] [           main] o.s.b.f.s.DefaultListableBeanFactory     : Creating shared instance of singleton bean 'viewNameTranslator'
2024-04-29T20:51:33.954-04:00 DEBUG 12448 --- [atenciones_medicas] [           main] o.s.b.f.s.DefaultListableBeanFactory     : Creating shared instance of singleton bean 'defaultViewResolver'
2024-04-29T20:51:33.962-04:00 DEBUG 12448 --- [atenciones_medicas] [           main] o.s.b.f.s.DefaultListableBeanFactory     : Creating shared instance of singleton bean 'viewResolver'
2024-04-29T20:51:33.963-04:00 DEBUG 12448 --- [atenciones_medicas] [           main] o.s.b.f.s.DefaultListableBeanFactory     : Autowiring by type from bean name 'viewResolver' via factory method to bean named 'org.springframework.beans.factory.support.DefaultListableBeanFactory@502f8b57'
2024-04-29T20:51:33.965-04:00 DEBUG 12448 --- [atenciones_medicas] [           main] o.s.b.f.s.DefaultListableBeanFactory     : Creating shared instance of singleton bean 'viewResolver'
2024-04-29T20:51:33.967-04:00 DEBUG 12448 --- [atenciones_medicas] [           main] o.s.b.f.s.DefaultListableBeanFactory     : Creating shared instance of singleton bean 'requestContextFilter'
2024-04-29T20:51:33.970-04:00 DEBUG 12448 --- [atenciones_medicas] [           main] o.s.b.f.s.DefaultListableBeanFactory     : Creating shared instance of singleton bean 'org.springframework.boot.autoconfigure.web.servlet.WebMvcAutoConfiguration'
2024-04-29T20:51:33.971-04:00 DEBUG 12448 --- [atenciones_medicas] [           main] o.s.b.f.s.DefaultListableBeanFactory     : Creating shared instance of singleton bean 'formContentFilter'
2024-04-29T20:51:33.973-04:00 DEBUG 12448 --- [atenciones_medicas] [           main] o.s.b.f.s.DefaultListableBeanFactory     : Creating shared instance of singleton bean 'org.springframework.boot.autoconfigure.aop.AopAutoConfiguration$AspectJAutoProxyingConfiguration$CglibAutoProxyConfiguration'
2024-04-29T20:51:33.974-04:00 DEBUG 12448 --- [atenciones_medicas] [           main] o.s.b.f.s.DefaultListableBeanFactory     : Creating shared instance of singleton bean 'org.springframework.boot.autoconfigure.aop.AopAutoConfiguration$AspectJAutoProxyingConfiguration'
2024-04-29T20:51:33.974-04:00 DEBUG 12448 --- [atenciones_medicas] [           main] o.s.b.f.s.DefaultListableBeanFactory     : Creating shared instance of singleton bean 'org.springframework.boot.autoconfigure.aop.AopAutoConfiguration'
2024-04-29T20:51:33.975-04:00 DEBUG 12448 --- [atenciones_medicas] [           main] o.s.b.f.s.DefaultListableBeanFactory     : Creating shared instance of singleton bean 'org.springframework.boot.autoconfigure.availability.ApplicationAvailabilityAutoConfiguration'
2024-04-29T20:51:33.975-04:00 DEBUG 12448 --- [atenciones_medicas] [           main] o.s.b.f.s.DefaultListableBeanFactory     : Creating shared instance of singleton bean 'applicationAvailability'
2024-04-29T20:51:33.977-04:00 DEBUG 12448 --- [atenciones_medicas] [           main] o.s.b.f.s.DefaultListableBeanFactory     : Creating shared instance of singleton bean 'org.springframework.boot.autoconfigure.transaction.jta.JtaAutoConfiguration'
2024-04-29T20:51:33.978-04:00 DEBUG 12448 --- [atenciones_medicas] [           main] o.s.b.f.s.DefaultListableBeanFactory     : Creating shared instance of singleton bean 'org.springframework.boot.autoconfigure.jdbc.metadata.DataSourcePoolMetadataProvidersConfiguration'
2024-04-29T20:51:33.980-04:00 DEBUG 12448 --- [atenciones_medicas] [           main] o.s.b.f.s.DefaultListableBeanFactory     : Creating shared instance of singleton bean 'org.springframework.boot.autoconfigure.jdbc.DataSourceAutoConfiguration'
2024-04-29T20:51:33.981-04:00 DEBUG 12448 --- [atenciones_medicas] [           main] o.s.b.f.s.DefaultListableBeanFactory     : Creating shared instance of singleton bean 'org.springframework.boot.autoconfigure.transaction.TransactionManagerCustomizationAutoConfiguration'
2024-04-29T20:51:33.982-04:00 DEBUG 12448 --- [atenciones_medicas] [           main] o.s.b.f.s.DefaultListableBeanFactory     : Creating shared instance of singleton bean 'platformTransactionManagerCustomizers'
2024-04-29T20:51:33.983-04:00 DEBUG 12448 --- [atenciones_medicas] [           main] o.s.b.f.s.DefaultListableBeanFactory     : Creating shared instance of singleton bean 'transactionExecutionListeners'
2024-04-29T20:51:33.987-04:00 DEBUG 12448 --- [atenciones_medicas] [           main] o.s.b.f.s.DefaultListableBeanFactory     : Creating shared instance of singleton bean 'spring.transaction-org.springframework.boot.autoconfigure.transaction.TransactionProperties'
2024-04-29T20:51:33.994-04:00 DEBUG 12448 --- [atenciones_medicas] [           main] o.s.b.f.s.DefaultListableBeanFactory     : Creating shared instance of singleton bean 'org.springframework.boot.autoconfigure.orm.jpa.JpaBaseConfiguration$PersistenceManagedTypesConfiguration'
2024-04-29T20:51:33.995-04:00 DEBUG 12448 --- [atenciones_medicas] [           main] o.s.b.f.s.DefaultListableBeanFactory     : Creating shared instance of singleton bean 'transactionManager'
2024-04-29T20:51:34.010-04:00 DEBUG 12448 --- [atenciones_medicas] [           main] o.s.b.f.s.DefaultListableBeanFactory     : Creating shared instance of singleton bean 'org.springframework.boot.autoconfigure.orm.jpa.HibernateJpaAutoConfiguration'
2024-04-29T20:51:34.011-04:00 DEBUG 12448 --- [atenciones_medicas] [           main] o.s.b.f.s.DefaultListableBeanFactory     : Creating shared instance of singleton bean 'org.springframework.boot.autoconfigure.context.ConfigurationPropertiesAutoConfiguration'
2024-04-29T20:51:34.012-04:00 DEBUG 12448 --- [atenciones_medicas] [           main] o.s.b.f.s.DefaultListableBeanFactory     : Creating shared instance of singleton bean 'org.springframework.boot.autoconfigure.context.LifecycleAutoConfiguration'
2024-04-29T20:51:34.012-04:00 DEBUG 12448 --- [atenciones_medicas] [           main] o.s.b.f.s.DefaultListableBeanFactory     : Creating shared instance of singleton bean 'lifecycleProcessor'
2024-04-29T20:51:34.013-04:00 DEBUG 12448 --- [atenciones_medicas] [           main] o.s.b.f.s.DefaultListableBeanFactory     : Creating shared instance of singleton bean 'spring.lifecycle-org.springframework.boot.autoconfigure.context.LifecycleProperties'
2024-04-29T20:51:34.015-04:00 DEBUG 12448 --- [atenciones_medicas] [           main] o.s.b.f.s.DefaultListableBeanFactory     : Autowiring by type from bean name 'lifecycleProcessor' via factory method to bean named 'spring.lifecycle-org.springframework.boot.autoconfigure.context.LifecycleProperties'
2024-04-29T20:51:34.017-04:00 DEBUG 12448 --- [atenciones_medicas] [           main] o.s.b.f.s.DefaultListableBeanFactory     : Creating shared instance of singleton bean 'org.springframework.boot.autoconfigure.dao.PersistenceExceptionTranslationAutoConfiguration'
2024-04-29T20:51:34.018-04:00 DEBUG 12448 --- [atenciones_medicas] [           main] o.s.b.f.s.DefaultListableBeanFactory     : Creating shared instance of singleton bean 'org.springframework.boot.autoconfigure.data.jpa.JpaRepositoriesAutoConfiguration'
2024-04-29T20:51:34.019-04:00 DEBUG 12448 --- [atenciones_medicas] [           main] o.s.b.f.s.DefaultListableBeanFactory     : Creating shared instance of singleton bean 'org.springframework.data.jpa.util.JpaMetamodelCacheCleanup'
2024-04-29T20:51:34.021-04:00 DEBUG 12448 --- [atenciones_medicas] [           main] o.s.b.f.s.DefaultListableBeanFactory     : Creating shared instance of singleton bean 'org.springframework.data.jpa.repository.support.JpaEvaluationContextExtension'
2024-04-29T20:51:34.024-04:00 DEBUG 12448 --- [atenciones_medicas] [           main] o.s.b.f.s.DefaultListableBeanFactory     : Creating shared instance of singleton bean 'data-jpa.repository-aot-processor#0'
2024-04-29T20:51:34.030-04:00 DEBUG 12448 --- [atenciones_medicas] [           main] o.s.b.f.s.DefaultListableBeanFactory     : Creating shared instance of singleton bean 'org.springframework.boot.autoconfigure.http.JacksonHttpMessageConvertersConfiguration'
2024-04-29T20:51:34.031-04:00 DEBUG 12448 --- [atenciones_medicas] [           main] o.s.b.f.s.DefaultListableBeanFactory     : Creating shared instance of singleton bean 'org.springframework.data.web.config.ProjectingArgumentResolverRegistrar'
2024-04-29T20:51:34.031-04:00 DEBUG 12448 --- [atenciones_medicas] [           main] o.s.b.f.s.DefaultListableBeanFactory     : Creating shared instance of singleton bean 'pagedResourcesAssembler'
2024-04-29T20:51:34.036-04:00 DEBUG 12448 --- [atenciones_medicas] [           main] o.s.b.f.s.DefaultListableBeanFactory     : Creating shared instance of singleton bean 'slicedResourcesAssembler'
2024-04-29T20:51:34.040-04:00 DEBUG 12448 --- [atenciones_medicas] [           main] o.s.b.f.s.DefaultListableBeanFactory     : Creating shared instance of singleton bean 'offsetResolver'
2024-04-29T20:51:34.045-04:00 DEBUG 12448 --- [atenciones_medicas] [           main] o.s.b.f.s.DefaultListableBeanFactory     : Creating shared instance of singleton bean 'halLinkDisocoverer'
2024-04-29T20:51:34.048-04:00 DEBUG 12448 --- [atenciones_medicas] [           main] o.s.b.f.s.DefaultListableBeanFactory     : Creating shared instance of singleton bean 'org.springframework.hateoas.config.WebTestHateoasConfiguration'
2024-04-29T20:51:34.049-04:00 DEBUG 12448 --- [atenciones_medicas] [           main] o.s.b.f.s.DefaultListableBeanFactory     : Creating shared instance of singleton bean 'defaultRelProvider'
2024-04-29T20:51:34.051-04:00 DEBUG 12448 --- [atenciones_medicas] [           main] o.s.b.f.s.DefaultListableBeanFactory     : Creating shared instance of singleton bean 'annotationRelProvider'
2024-04-29T20:51:34.053-04:00 DEBUG 12448 --- [atenciones_medicas] [           main] o.s.b.f.s.DefaultListableBeanFactory     : Creating shared instance of singleton bean 'linkDiscoverers'
2024-04-29T20:51:34.054-04:00 DEBUG 12448 --- [atenciones_medicas] [           main] o.s.b.f.s.DefaultListableBeanFactory     : Creating shared instance of singleton bean 'linkDiscovererRegistry'
2024-04-29T20:51:34.056-04:00 DEBUG 12448 --- [atenciones_medicas] [           main] o.s.b.f.s.DefaultListableBeanFactory     : Autowiring by type from bean name 'linkDiscoverers' via factory method to bean named 'linkDiscovererRegistry'
2024-04-29T20:51:34.058-04:00 DEBUG 12448 --- [atenciones_medicas] [           main] o.s.b.f.s.DefaultListableBeanFactory     : Creating shared instance of singleton bean 'org.springframework.hateoas.config.WebMvcEntityLinksConfiguration'
2024-04-29T20:51:34.059-04:00 DEBUG 12448 --- [atenciones_medicas] [           main] o.s.b.f.s.DefaultListableBeanFactory     : Creating shared instance of singleton bean 'webMvcEntityLinks'
2024-04-29T20:51:34.062-04:00 DEBUG 12448 --- [atenciones_medicas] [           main] o.s.b.f.s.DefaultListableBeanFactory     : Creating shared instance of singleton bean 'webMvcLinkBuilderFactory'
2024-04-29T20:51:34.073-04:00 DEBUG 12448 --- [atenciones_medicas] [           main] o.s.b.f.s.DefaultListableBeanFactory     : Creating shared instance of singleton bean 'entityLinksPluginRegistry'
2024-04-29T20:51:34.073-04:00 DEBUG 12448 --- [atenciones_medicas] [           main] o.s.b.f.s.DefaultListableBeanFactory     : Autowiring by type from bean name 'entityLinksPluginRegistry' via factory method to bean named 'org.springframework.web.context.support.GenericWebApplicationContext@1bc53649'
2024-04-29T20:51:34.074-04:00 DEBUG 12448 --- [atenciones_medicas] [           main] o.s.b.f.s.DefaultListableBeanFactory     : Creating shared instance of singleton bean 'delegatingEntityLinks'
2024-04-29T20:51:34.075-04:00 DEBUG 12448 --- [atenciones_medicas] [           main] o.s.b.f.s.DefaultListableBeanFactory     : Autowiring by type from bean name 'delegatingEntityLinks' via factory method to bean named 'entityLinksPluginRegistry'
2024-04-29T20:51:34.078-04:00 DEBUG 12448 --- [atenciones_medicas] [           main] o.s.b.f.s.DefaultListableBeanFactory     : Creating shared instance of singleton bean 'representationModelProcessorInvoker'
2024-04-29T20:51:34.081-04:00 DEBUG 12448 --- [atenciones_medicas] [           main] o.s.b.f.s.DefaultListableBeanFactory     : Creating shared instance of singleton bean 'org.springframework.hateoas.config.RestTemplateHateoasConfiguration'
2024-04-29T20:51:34.081-04:00 DEBUG 12448 --- [atenciones_medicas] [           main] o.s.b.f.s.DefaultListableBeanFactory     : Creating shared instance of singleton bean 'org.springframework.boot.autoconfigure.hateoas.HypermediaAutoConfiguration$HypermediaConfiguration'
2024-04-29T20:51:34.083-04:00 DEBUG 12448 --- [atenciones_medicas] [           main] o.s.b.f.s.DefaultListableBeanFactory     : Creating shared instance of singleton bean 'spring.hateoas-org.springframework.boot.autoconfigure.hateoas.HateoasProperties'
2024-04-29T20:51:34.085-04:00 DEBUG 12448 --- [atenciones_medicas] [           main] o.s.b.f.s.DefaultListableBeanFactory     : Creating shared instance of singleton bean 'org.springframework.boot.autoconfigure.info.ProjectInfoAutoConfiguration'
2024-04-29T20:51:34.089-04:00 DEBUG 12448 --- [atenciones_medicas] [           main] o.s.b.f.s.DefaultListableBeanFactory     : Creating shared instance of singleton bean 'spring.info-org.springframework.boot.autoconfigure.info.ProjectInfoProperties'
2024-04-29T20:51:34.092-04:00 DEBUG 12448 --- [atenciones_medicas] [           main] o.s.b.f.s.DefaultListableBeanFactory     : Autowiring by type from bean name 'org.springframework.boot.autoconfigure.info.ProjectInfoAutoConfiguration' via constructor to bean named 'spring.info-org.springframework.boot.autoconfigure.info.ProjectInfoProperties'
2024-04-29T20:51:34.093-04:00 DEBUG 12448 --- [atenciones_medicas] [           main] o.s.b.f.s.DefaultListableBeanFactory     : Creating shared instance of singleton bean 'org.springframework.boot.autoconfigure.jdbc.JdbcTemplateConfiguration'
2024-04-29T20:51:34.094-04:00 DEBUG 12448 --- [atenciones_medicas] [           main] o.s.b.f.s.DefaultListableBeanFactory     : Creating shared instance of singleton bean 'jdbcTemplate'
2024-04-29T20:51:34.095-04:00 DEBUG 12448 --- [atenciones_medicas] [           main] o.s.b.f.s.DefaultListableBeanFactory     : Creating shared instance of singleton bean 'spring.jdbc-org.springframework.boot.autoconfigure.jdbc.JdbcProperties'
2024-04-29T20:51:34.097-04:00 DEBUG 12448 --- [atenciones_medicas] [           main] o.s.b.f.s.DefaultListableBeanFactory     : Autowiring by type from bean name 'jdbcTemplate' via factory method to bean named 'dataSource'
2024-04-29T20:51:34.097-04:00 DEBUG 12448 --- [atenciones_medicas] [           main] o.s.b.f.s.DefaultListableBeanFactory     : Autowiring by type from bean name 'jdbcTemplate' via factory method to bean named 'spring.jdbc-org.springframework.boot.autoconfigure.jdbc.JdbcProperties'
2024-04-29T20:51:34.109-04:00 DEBUG 12448 --- [atenciones_medicas] [           main] o.s.b.f.s.DefaultListableBeanFactory     : Creating shared instance of singleton bean 'org.springframework.boot.autoconfigure.jdbc.NamedParameterJdbcTemplateConfiguration'
2024-04-29T20:51:34.110-04:00 DEBUG 12448 --- [atenciones_medicas] [           main] o.s.b.f.s.DefaultListableBeanFactory     : Creating shared instance of singleton bean 'namedParameterJdbcTemplate'
2024-04-29T20:51:34.111-04:00 DEBUG 12448 --- [atenciones_medicas] [           main] o.s.b.f.s.DefaultListableBeanFactory     : Autowiring by type from bean name 'namedParameterJdbcTemplate' via factory method to bean named 'jdbcTemplate'
2024-04-29T20:51:34.118-04:00 DEBUG 12448 --- [atenciones_medicas] [           main] o.s.b.f.s.DefaultListableBeanFactory     : Creating shared instance of singleton bean 'org.springframework.boot.autoconfigure.jdbc.JdbcTemplateAutoConfiguration'
2024-04-29T20:51:34.119-04:00 DEBUG 12448 --- [atenciones_medicas] [           main] o.s.b.f.s.DefaultListableBeanFactory     : Creating shared instance of singleton bean 'org.springframework.boot.autoconfigure.jdbc.JdbcClientAutoConfiguration'
2024-04-29T20:51:34.120-04:00 DEBUG 12448 --- [atenciones_medicas] [           main] o.s.b.f.s.DefaultListableBeanFactory     : Creating shared instance of singleton bean 'jdbcClient'
2024-04-29T20:51:34.120-04:00 DEBUG 12448 --- [atenciones_medicas] [           main] o.s.b.f.s.DefaultListableBeanFactory     : Autowiring by type from bean name 'jdbcClient' via factory method to bean named 'namedParameterJdbcTemplate'
2024-04-29T20:51:34.123-04:00 DEBUG 12448 --- [atenciones_medicas] [           main] o.s.b.f.s.DefaultListableBeanFactory     : Creating shared instance of singleton bean 'org.springframework.boot.autoconfigure.sql.init.SqlInitializationAutoConfiguration'
2024-04-29T20:51:34.124-04:00 DEBUG 12448 --- [atenciones_medicas] [           main] o.s.b.f.s.DefaultListableBeanFactory     : Creating shared instance of singleton bean 'org.springframework.boot.autoconfigure.task.TaskSchedulingConfigurations$ThreadPoolTaskSchedulerBuilderConfiguration'
2024-04-29T20:51:34.125-04:00 DEBUG 12448 --- [atenciones_medicas] [           main] o.s.b.f.s.DefaultListableBeanFactory     : Creating shared instance of singleton bean 'threadPoolTaskSchedulerBuilder'
2024-04-29T20:51:34.126-04:00 DEBUG 12448 --- [atenciones_medicas] [           main] o.s.b.f.s.DefaultListableBeanFactory     : Creating shared instance of singleton bean 'spring.task.scheduling-org.springframework.boot.autoconfigure.task.TaskSchedulingProperties'
2024-04-29T20:51:34.129-04:00 DEBUG 12448 --- [atenciones_medicas] [           main] o.s.b.f.s.DefaultListableBeanFactory     : Autowiring by type from bean name 'threadPoolTaskSchedulerBuilder' via factory method to bean named 'spring.task.scheduling-org.springframework.boot.autoconfigure.task.TaskSchedulingProperties'
2024-04-29T20:51:34.134-04:00 DEBUG 12448 --- [atenciones_medicas] [           main] o.s.b.f.s.DefaultListableBeanFactory     : Creating shared instance of singleton bean 'org.springframework.boot.autoconfigure.task.TaskSchedulingConfigurations$TaskSchedulerBuilderConfiguration'
2024-04-29T20:51:34.134-04:00 DEBUG 12448 --- [atenciones_medicas] [           main] o.s.b.f.s.DefaultListableBeanFactory     : Creating shared instance of singleton bean 'taskSchedulerBuilder'
2024-04-29T20:51:34.134-04:00 DEBUG 12448 --- [atenciones_medicas] [           main] o.s.b.f.s.DefaultListableBeanFactory     : Autowiring by type from bean name 'taskSchedulerBuilder' via factory method to bean named 'spring.task.scheduling-org.springframework.boot.autoconfigure.task.TaskSchedulingProperties'
2024-04-29T20:51:34.136-04:00 DEBUG 12448 --- [atenciones_medicas] [           main] o.s.b.f.s.DefaultListableBeanFactory     : Creating shared instance of singleton bean 'org.springframework.boot.autoconfigure.task.TaskSchedulingConfigurations$SimpleAsyncTaskSchedulerBuilderConfiguration'
2024-04-29T20:51:34.138-04:00 DEBUG 12448 --- [atenciones_medicas] [           main] o.s.b.f.s.DefaultListableBeanFactory     : Autowiring by type from bean name 'org.springframework.boot.autoconfigure.task.TaskSchedulingConfigurations$SimpleAsyncTaskSchedulerBuilderConfiguration' via constructor to bean named 'spring.task.scheduling-org.springframework.boot.autoconfigure.task.TaskSchedulingProperties'
2024-04-29T20:51:34.139-04:00 DEBUG 12448 --- [atenciones_medicas] [           main] o.s.b.f.s.DefaultListableBeanFactory     : Creating shared instance of singleton bean 'simpleAsyncTaskSchedulerBuilder'
2024-04-29T20:51:34.144-04:00 DEBUG 12448 --- [atenciones_medicas] [           main] o.s.b.f.s.DefaultListableBeanFactory     : Creating shared instance of singleton bean 'org.springframework.boot.autoconfigure.task.TaskSchedulingAutoConfiguration'
2024-04-29T20:51:34.144-04:00 DEBUG 12448 --- [atenciones_medicas] [           main] o.s.b.f.s.DefaultListableBeanFactory     : Creating shared instance of singleton bean 'org.springframework.boot.autoconfigure.jdbc.DataSourceTransactionManagerAutoConfiguration$JdbcTransactionManagerConfiguration'
2024-04-29T20:51:34.145-04:00 DEBUG 12448 --- [atenciones_medicas] [           main] o.s.b.f.s.DefaultListableBeanFactory     : Creating shared instance of singleton bean 'org.springframework.boot.autoconfigure.jdbc.DataSourceTransactionManagerAutoConfiguration'
2024-04-29T20:51:34.146-04:00 DEBUG 12448 --- [atenciones_medicas] [           main] o.s.b.f.s.DefaultListableBeanFactory     : Creating shared instance of singleton bean 'org.springframework.boot.autoconfigure.transaction.TransactionAutoConfiguration$EnableTransactionManagementConfiguration$CglibAutoProxyConfiguration'
2024-04-29T20:51:34.146-04:00 DEBUG 12448 --- [atenciones_medicas] [           main] o.s.b.f.s.DefaultListableBeanFactory     : Creating shared instance of singleton bean 'org.springframework.boot.autoconfigure.transaction.TransactionAutoConfiguration$EnableTransactionManagementConfiguration'
2024-04-29T20:51:34.146-04:00 DEBUG 12448 --- [atenciones_medicas] [           main] o.s.b.f.s.DefaultListableBeanFactory     : Creating shared instance of singleton bean 'org.springframework.boot.autoconfigure.transaction.TransactionAutoConfiguration$TransactionTemplateConfiguration'
2024-04-29T20:51:34.147-04:00 DEBUG 12448 --- [atenciones_medicas] [           main] o.s.b.f.s.DefaultListableBeanFactory     : Creating shared instance of singleton bean 'transactionTemplate'
2024-04-29T20:51:34.147-04:00 DEBUG 12448 --- [atenciones_medicas] [           main] o.s.b.f.s.DefaultListableBeanFactory     : Autowiring by type from bean name 'transactionTemplate' via factory method to bean named 'transactionManager'
2024-04-29T20:51:34.150-04:00 DEBUG 12448 --- [atenciones_medicas] [           main] o.s.b.f.s.DefaultListableBeanFactory     : Creating shared instance of singleton bean 'org.springframework.boot.autoconfigure.transaction.TransactionAutoConfiguration'
2024-04-29T20:51:34.152-04:00 DEBUG 12448 --- [atenciones_medicas] [           main] o.s.b.f.s.DefaultListableBeanFactory     : Creating shared instance of singleton bean 'org.springframework.boot.autoconfigure.web.client.RestClientAutoConfiguration'
2024-04-29T20:51:34.153-04:00 DEBUG 12448 --- [atenciones_medicas] [           main] o.s.b.f.s.DefaultListableBeanFactory     : Creating shared instance of singleton bean 'httpMessageConvertersRestClientCustomizer'
2024-04-29T20:51:34.156-04:00 DEBUG 12448 --- [atenciones_medicas] [           main] o.s.b.f.s.DefaultListableBeanFactory     : Creating shared instance of singleton bean 'restClientSsl'
2024-04-29T20:51:34.157-04:00 DEBUG 12448 --- [atenciones_medicas] [           main] o.s.b.f.s.DefaultListableBeanFactory     : Autowiring by type from bean name 'restClientSsl' via factory method to bean named 'sslBundleRegistry'
2024-04-29T20:51:34.159-04:00 DEBUG 12448 --- [atenciones_medicas] [           main] o.s.b.f.s.DefaultListableBeanFactory     : Creating shared instance of singleton bean 'restClientBuilderConfigurer'
2024-04-29T20:51:34.160-04:00 DEBUG 12448 --- [atenciones_medicas] [           main] o.s.b.f.s.DefaultListableBeanFactory     : Creating shared instance of singleton bean 'org.springframework.boot.autoconfigure.web.client.RestTemplateAutoConfiguration'
2024-04-29T20:51:34.161-04:00 DEBUG 12448 --- [atenciones_medicas] [           main] o.s.b.f.s.DefaultListableBeanFactory     : Creating shared instance of singleton bean 'characterEncodingFilter'
2024-04-29T20:51:34.162-04:00 DEBUG 12448 --- [atenciones_medicas] [           main] o.s.b.f.s.DefaultListableBeanFactory     : Creating shared instance of singleton bean 'multipartResolver'
2024-04-29T20:51:34.176-04:00 DEBUG 12448 --- [atenciones_medicas] [           main] o.s.c.support.DefaultLifecycleProcessor  : Starting beans in phase -2147483647
2024-04-29T20:51:34.176-04:00 DEBUG 12448 --- [atenciones_medicas] [           main] o.s.c.support.DefaultLifecycleProcessor  : Successfully started bean 'springBootLoggingLifecycle'
2024-04-29T20:51:34.176-04:00 DEBUG 12448 --- [atenciones_medicas] [           main] o.s.c.support.DefaultLifecycleProcessor  : Starting beans in phase 2147483647
2024-04-29T20:51:34.195-04:00 DEBUG 12448 --- [atenciones_medicas] [           main] .s.b.a.l.ConditionEvaluationReportLogger : 


============================
CONDITIONS EVALUATION REPORT
============================


Positive matches:
-----------------

   AopAutoConfiguration matched:
      - @ConditionalOnProperty (spring.aop.auto=true) matched (OnPropertyCondition)

   AopAutoConfiguration.AspectJAutoProxyingConfiguration matched:
      - @ConditionalOnClass found required class 'org.aspectj.weaver.Advice' (OnClassCondition)

   AopAutoConfiguration.AspectJAutoProxyingConfiguration.CglibAutoProxyConfiguration matched:
      - @ConditionalOnProperty (spring.aop.proxy-target-class=true) matched (OnPropertyCondition)

   ApplicationAvailabilityAutoConfiguration#applicationAvailability matched:
      - @ConditionalOnMissingBean (types: org.springframework.boot.availability.ApplicationAvailability; SearchStrategy: all) did not find any beans (OnBeanCondition)

   DataSourceAutoConfiguration matched:
      - @ConditionalOnClass found required classes 'javax.sql.DataSource', 'org.springframework.jdbc.datasource.embedded.EmbeddedDatabaseType' (OnClassCondition)
      - @ConditionalOnMissingBean (types: io.r2dbc.spi.ConnectionFactory; SearchStrategy: all) did not find any beans (OnBeanCondition)

   DataSourceAutoConfiguration.PooledDataSourceConfiguration matched:
      - AnyNestedCondition 1 matched 1 did not; NestedCondition on DataSourceAutoConfiguration.PooledDataSourceCondition.PooledDataSourceAvailable PooledDataSource found supported DataSource; NestedCondition on DataSourceAutoConfiguration.PooledDataSourceCondition.ExplicitType @ConditionalOnProperty (spring.datasource.type) did not find property 'type' (DataSourceAutoConfiguration.PooledDataSourceCondition)
      - @ConditionalOnMissingBean (types: javax.sql.DataSource,javax.sql.XADataSource; SearchStrategy: all) did not find any beans (OnBeanCondition)

   DataSourceAutoConfiguration.PooledDataSourceConfiguration#jdbcConnectionDetails matched:
      - @ConditionalOnMissingBean (types: org.springframework.boot.autoconfigure.jdbc.JdbcConnectionDetails; SearchStrategy: all) did not find any beans (OnBeanCondition)

   DataSourceConfiguration.Hikari matched:
      - @ConditionalOnClass found required class 'com.zaxxer.hikari.HikariDataSource' (OnClassCondition)
      - @ConditionalOnProperty (spring.datasource.type=com.zaxxer.hikari.HikariDataSource) matched (OnPropertyCondition)
      - @ConditionalOnMissingBean (types: javax.sql.DataSource; SearchStrategy: all) did not find any beans (OnBeanCondition)

   DataSourceInitializationConfiguration matched:
      - @ConditionalOnClass found required class 'org.springframework.jdbc.datasource.init.DatabasePopulator' (OnClassCondition)
      - @ConditionalOnSingleCandidate (types: javax.sql.DataSource; SearchStrategy: all) found a single bean 'dataSource'; @ConditionalOnMissingBean (types: org.springframework.boot.autoconfigure.sql.init.SqlDataSourceScriptDatabaseInitializer,org.springframework.boot.autoconfigure.sql.init.SqlR2dbcScriptDatabaseInitializer; SearchStrategy: all) did not find any beans (OnBeanCondition)

   DataSourcePoolMetadataProvidersConfiguration.HikariPoolDataSourceMetadataProviderConfiguration matched:
      - @ConditionalOnClass found required class 'com.zaxxer.hikari.HikariDataSource' (OnClassCondition)

   DataSourceTransactionManagerAutoConfiguration matched:
      - @ConditionalOnClass found required classes 'org.springframework.jdbc.core.JdbcTemplate', 'org.springframework.transaction.TransactionManager' (OnClassCondition)

   DataSourceTransactionManagerAutoConfiguration.JdbcTransactionManagerConfiguration matched:
      - @ConditionalOnSingleCandidate (types: javax.sql.DataSource; SearchStrategy: all) found a single bean 'dataSource' (OnBeanCondition)

   DispatcherServletAutoConfiguration matched:
      - @ConditionalOnClass found required class 'org.springframework.web.servlet.DispatcherServlet' (OnClassCondition)
      - found 'session' scope (OnWebApplicationCondition)

   DispatcherServletAutoConfiguration.DispatcherServletConfiguration matched:
      - @ConditionalOnClass found required class 'jakarta.servlet.ServletRegistration' (OnClassCondition)
      - Default DispatcherServlet did not find dispatcher servlet beans (DispatcherServletAutoConfiguration.DefaultDispatcherServletCondition)

   DispatcherServletAutoConfiguration.DispatcherServletRegistrationConfiguration matched:
      - @ConditionalOnClass found required class 'jakarta.servlet.ServletRegistration' (OnClassCondition)
      - DispatcherServlet Registration did not find servlet registration bean (DispatcherServletAutoConfiguration.DispatcherServletRegistrationCondition)

   DispatcherServletAutoConfiguration.DispatcherServletRegistrationConfiguration#dispatcherServletRegistration matched:
      - @ConditionalOnBean (names: dispatcherServlet types: org.springframework.web.servlet.DispatcherServlet; SearchStrategy: all) found bean 'dispatcherServlet' (OnBeanCondition)

   ErrorMvcAutoConfiguration matched:
      - @ConditionalOnClass found required classes 'jakarta.servlet.Servlet', 'org.springframework.web.servlet.DispatcherServlet' (OnClassCondition)
      - found 'session' scope (OnWebApplicationCondition)

   ErrorMvcAutoConfiguration#basicErrorController matched:
      - @ConditionalOnMissingBean (types: org.springframework.boot.web.servlet.error.ErrorController; SearchStrategy: current) did not find any beans (OnBeanCondition)

   ErrorMvcAutoConfiguration#errorAttributes matched:
      - @ConditionalOnMissingBean (types: org.springframework.boot.web.servlet.error.ErrorAttributes; SearchStrategy: current) did not find any beans (OnBeanCondition)

   ErrorMvcAutoConfiguration.DefaultErrorViewResolverConfiguration#conventionErrorViewResolver matched:
      - @ConditionalOnBean (types: org.springframework.web.servlet.DispatcherServlet; SearchStrategy: all) found bean 'dispatcherServlet'; @ConditionalOnMissingBean (types: org.springframework.boot.autoconfigure.web.servlet.error.ErrorViewResolver; SearchStrategy: all) did not find any beans (OnBeanCondition)

   ErrorMvcAutoConfiguration.WhitelabelErrorViewConfiguration matched:
      - @ConditionalOnProperty (server.error.whitelabel.enabled) matched (OnPropertyCondition)
      - ErrorTemplate Missing did not find error template view (ErrorMvcAutoConfiguration.ErrorTemplateMissingCondition)

   ErrorMvcAutoConfiguration.WhitelabelErrorViewConfiguration#beanNameViewResolver matched:
      - @ConditionalOnMissingBean (types: org.springframework.web.servlet.view.BeanNameViewResolver; SearchStrategy: all) did not find any beans (OnBeanCondition)

   ErrorMvcAutoConfiguration.WhitelabelErrorViewConfiguration#defaultErrorView matched:
      - @ConditionalOnMissingBean (names: error; SearchStrategy: all) did not find any beans (OnBeanCondition)

   GenericCacheConfiguration matched:
      - Cache org.springframework.boot.autoconfigure.cache.GenericCacheConfiguration automatic cache type (CacheCondition)

   HibernateJpaAutoConfiguration matched:
      - @ConditionalOnClass found required classes 'org.springframework.orm.jpa.LocalContainerEntityManagerFactoryBean', 'jakarta.persistence.EntityManager', 'org.hibernate.engine.spi.SessionImplementor' (OnClassCondition)

   HibernateJpaConfiguration matched:
      - @ConditionalOnSingleCandidate (types: javax.sql.DataSource; SearchStrategy: all) found a single bean 'dataSource' (OnBeanCondition)

   HttpEncodingAutoConfiguration matched:
      - @ConditionalOnClass found required class 'org.springframework.web.filter.CharacterEncodingFilter' (OnClassCondition)
      - found 'session' scope (OnWebApplicationCondition)
      - @ConditionalOnProperty (server.servlet.encoding.enabled) matched (OnPropertyCondition)

   HttpEncodingAutoConfiguration#characterEncodingFilter matched:
      - @ConditionalOnMissingBean (types: org.springframework.web.filter.CharacterEncodingFilter; SearchStrategy: all) did not find any beans (OnBeanCondition)

   HttpMessageConvertersAutoConfiguration matched:
      - @ConditionalOnClass found required class 'org.springframework.http.converter.HttpMessageConverter' (OnClassCondition)
      - NoneNestedConditions 0 matched 1 did not; NestedCondition on HttpMessageConvertersAutoConfiguration.NotReactiveWebApplicationCondition.ReactiveWebApplication did not find reactive web application classes (HttpMessageConvertersAutoConfiguration.NotReactiveWebApplicationCondition)

   HttpMessageConvertersAutoConfiguration#messageConverters matched:
      - @ConditionalOnMissingBean (types: org.springframework.boot.autoconfigure.http.HttpMessageConverters; SearchStrategy: all) did not find any beans (OnBeanCondition)

   HttpMessageConvertersAutoConfiguration.StringHttpMessageConverterConfiguration matched:
      - @ConditionalOnClass found required class 'org.springframework.http.converter.StringHttpMessageConverter' (OnClassCondition)

   HttpMessageConvertersAutoConfiguration.StringHttpMessageConverterConfiguration#stringHttpMessageConverter matched:
      - @ConditionalOnMissingBean (types: org.springframework.http.converter.StringHttpMessageConverter; SearchStrategy: all) did not find any beans (OnBeanCondition)

   HypermediaAutoConfiguration matched:
      - @ConditionalOnClass found required classes 'org.springframework.hateoas.EntityModel', 'org.springframework.web.bind.annotation.RequestMapping', 'org.springframework.web.servlet.mvc.method.annotation.RequestMappingHandlerAdapter', 'org.springframework.plugin.core.Plugin' (OnClassCondition)
      - @ConditionalOnWebApplication (required) found 'session' scope (OnWebApplicationCondition)

   HypermediaAutoConfiguration#applicationJsonHalConfiguration matched:
      - @ConditionalOnClass found required class 'com.fasterxml.jackson.databind.ObjectMapper' (OnClassCondition)
      - @ConditionalOnProperty (spring.hateoas.use-hal-as-default-json-media-type) matched (OnPropertyCondition)
      - @ConditionalOnMissingBean (types: org.springframework.hateoas.mediatype.hal.HalConfiguration; SearchStrategy: all) did not find any beans (OnBeanCondition)

   HypermediaAutoConfiguration.HypermediaConfiguration matched:
      - @ConditionalOnClass found required class 'com.fasterxml.jackson.databind.ObjectMapper' (OnClassCondition)
      - @ConditionalOnMissingBean (types: org.springframework.hateoas.client.LinkDiscoverers; SearchStrategy: all) did not find any beans (OnBeanCondition)

   JacksonAutoConfiguration matched:
      - @ConditionalOnClass found required class 'com.fasterxml.jackson.databind.ObjectMapper' (OnClassCondition)

   JacksonAutoConfiguration.Jackson2ObjectMapperBuilderCustomizerConfiguration matched:
      - @ConditionalOnClass found required class 'org.springframework.http.converter.json.Jackson2ObjectMapperBuilder' (OnClassCondition)

   JacksonAutoConfiguration.JacksonObjectMapperBuilderConfiguration matched:
      - @ConditionalOnClass found required class 'org.springframework.http.converter.json.Jackson2ObjectMapperBuilder' (OnClassCondition)

   JacksonAutoConfiguration.JacksonObjectMapperBuilderConfiguration#jacksonObjectMapperBuilder matched:
      - @ConditionalOnMissingBean (types: org.springframework.http.converter.json.Jackson2ObjectMapperBuilder; SearchStrategy: all) did not find any beans (OnBeanCondition)

   JacksonAutoConfiguration.JacksonObjectMapperConfiguration matched:
      - @ConditionalOnClass found required class 'org.springframework.http.converter.json.Jackson2ObjectMapperBuilder' (OnClassCondition)

   JacksonAutoConfiguration.JacksonObjectMapperConfiguration#jacksonObjectMapper matched:
      - @ConditionalOnMissingBean (types: com.fasterxml.jackson.databind.ObjectMapper; SearchStrategy: all) did not find any beans (OnBeanCondition)

   JacksonAutoConfiguration.ParameterNamesModuleConfiguration matched:
      - @ConditionalOnClass found required class 'com.fasterxml.jackson.module.paramnames.ParameterNamesModule' (OnClassCondition)

   JacksonAutoConfiguration.ParameterNamesModuleConfiguration#parameterNamesModule matched:
      - @ConditionalOnMissingBean (types: com.fasterxml.jackson.module.paramnames.ParameterNamesModule; SearchStrategy: all) did not find any beans (OnBeanCondition)

   JacksonHttpMessageConvertersConfiguration.MappingJackson2HttpMessageConverterConfiguration matched:
      - @ConditionalOnClass found required class 'com.fasterxml.jackson.databind.ObjectMapper' (OnClassCondition)
      - @ConditionalOnProperty (spring.mvc.converters.preferred-json-mapper=jackson) matched (OnPropertyCondition)
      - @ConditionalOnBean (types: com.fasterxml.jackson.databind.ObjectMapper; SearchStrategy: all) found bean 'jacksonObjectMapper' (OnBeanCondition)

   JacksonHttpMessageConvertersConfiguration.MappingJackson2HttpMessageConverterConfiguration#mappingJackson2HttpMessageConverter matched:
      - @ConditionalOnMissingBean (types: org.springframework.http.converter.json.MappingJackson2HttpMessageConverter ignored: org.springframework.hateoas.server.mvc.TypeConstrainedMappingJackson2HttpMessageConverter,org.springframework.data.rest.webmvc.alps.AlpsJsonHttpMessageConverter; SearchStrategy: all) did not find any beans (OnBeanCondition)

   JdbcClientAutoConfiguration matched:
      - @ConditionalOnSingleCandidate (types: org.springframework.jdbc.core.namedparam.NamedParameterJdbcTemplate; SearchStrategy: all) found a single bean 'namedParameterJdbcTemplate'; @ConditionalOnMissingBean (types: org.springframework.jdbc.core.simple.JdbcClient; SearchStrategy: all) did not find any beans (OnBeanCondition)

   JdbcTemplateAutoConfiguration matched:
      - @ConditionalOnClass found required classes 'javax.sql.DataSource', 'org.springframework.jdbc.core.JdbcTemplate' (OnClassCondition)
      - @ConditionalOnSingleCandidate (types: javax.sql.DataSource; SearchStrategy: all) found a single bean 'dataSource' (OnBeanCondition)

   JdbcTemplateConfiguration matched:
      - @ConditionalOnMissingBean (types: org.springframework.jdbc.core.JdbcOperations; SearchStrategy: all) did not find any beans (OnBeanCondition)

   JpaBaseConfiguration#entityManagerFactory matched:
      - @ConditionalOnMissingBean (types: org.springframework.orm.jpa.LocalContainerEntityManagerFactoryBean,jakarta.persistence.EntityManagerFactory; SearchStrategy: all) did not find any beans (OnBeanCondition)

   JpaBaseConfiguration#entityManagerFactoryBuilder matched:
      - @ConditionalOnMissingBean (types: org.springframework.boot.orm.jpa.EntityManagerFactoryBuilder; SearchStrategy: all) did not find any beans (OnBeanCondition)

   JpaBaseConfiguration#jpaVendorAdapter matched:
      - @ConditionalOnMissingBean (types: org.springframework.orm.jpa.JpaVendorAdapter; SearchStrategy: all) did not find any beans (OnBeanCondition)

   JpaBaseConfiguration#transactionManager matched:
      - @ConditionalOnMissingBean (types: org.springframework.transaction.TransactionManager; SearchStrategy: all) did not find any beans (OnBeanCondition)

   JpaBaseConfiguration.JpaWebConfiguration matched:
      - @ConditionalOnClass found required class 'org.springframework.web.servlet.config.annotation.WebMvcConfigurer' (OnClassCondition)
      - found 'session' scope (OnWebApplicationCondition)
      - @ConditionalOnProperty (spring.jpa.open-in-view=true) matched (OnPropertyCondition)
      - @ConditionalOnMissingBean (types: org.springframework.orm.jpa.support.OpenEntityManagerInViewInterceptor,org.springframework.orm.jpa.support.OpenEntityManagerInViewFilter; SearchStrategy: all) did not find any beans (OnBeanCondition)

   JpaBaseConfiguration.PersistenceManagedTypesConfiguration matched:
      - @ConditionalOnMissingBean (types: org.springframework.orm.jpa.LocalContainerEntityManagerFactoryBean,jakarta.persistence.EntityManagerFactory; SearchStrategy: all) did not find any beans (OnBeanCondition)

   JpaBaseConfiguration.PersistenceManagedTypesConfiguration#persistenceManagedTypes matched:
      - @ConditionalOnMissingBean (types: org.springframework.orm.jpa.persistenceunit.PersistenceManagedTypes; SearchStrategy: all) did not find any beans (OnBeanCondition)

   JpaRepositoriesAutoConfiguration matched:
      - @ConditionalOnClass found required class 'org.springframework.data.jpa.repository.JpaRepository' (OnClassCondition)
      - @ConditionalOnProperty (spring.data.jpa.repositories.enabled=true) matched (OnPropertyCondition)
      - @ConditionalOnBean (types: javax.sql.DataSource; SearchStrategy: all) found bean 'dataSource'; @ConditionalOnMissingBean (types: org.springframework.data.jpa.repository.support.JpaRepositoryFactoryBean,org.springframework.data.jpa.repository.config.JpaRepositoryConfigExtension; SearchStrategy: all) did not find any beans (OnBeanCondition)

   JtaAutoConfiguration matched:
      - @ConditionalOnClass found required class 'jakarta.transaction.Transaction' (OnClassCondition)
      - @ConditionalOnProperty (spring.jta.enabled) matched (OnPropertyCondition)

   LifecycleAutoConfiguration#defaultLifecycleProcessor matched:
      - @ConditionalOnMissingBean (names: lifecycleProcessor; SearchStrategy: current) did not find any beans (OnBeanCondition)

   MultipartAutoConfiguration matched:
      - @ConditionalOnClass found required classes 'jakarta.servlet.Servlet', 'org.springframework.web.multipart.support.StandardServletMultipartResolver', 'jakarta.servlet.MultipartConfigElement' (OnClassCondition)
      - found 'session' scope (OnWebApplicationCondition)
      - @ConditionalOnProperty (spring.servlet.multipart.enabled) matched (OnPropertyCondition)

   MultipartAutoConfiguration#multipartConfigElement matched:
      - @ConditionalOnMissingBean (types: jakarta.servlet.MultipartConfigElement; SearchStrategy: all) did not find any beans (OnBeanCondition)

   MultipartAutoConfiguration#multipartResolver matched:
      - @ConditionalOnMissingBean (types: org.springframework.web.multipart.MultipartResolver; SearchStrategy: all) did not find any beans (OnBeanCondition)

   NamedParameterJdbcTemplateConfiguration matched:
      - @ConditionalOnSingleCandidate (types: org.springframework.jdbc.core.JdbcTemplate; SearchStrategy: all) found a single bean 'jdbcTemplate'; @ConditionalOnMissingBean (types: org.springframework.jdbc.core.namedparam.NamedParameterJdbcOperations; SearchStrategy: all) did not find any beans (OnBeanCondition)

   NoOpCacheConfiguration matched:
      - Cache org.springframework.boot.autoconfigure.cache.NoOpCacheConfiguration automatic cache type (CacheCondition)

   PersistenceExceptionTranslationAutoConfiguration matched:
      - @ConditionalOnClass found required class 'org.springframework.dao.annotation.PersistenceExceptionTranslationPostProcessor' (OnClassCondition)

   PersistenceExceptionTranslationAutoConfiguration#persistenceExceptionTranslationPostProcessor matched:
      - @ConditionalOnProperty (spring.dao.exceptiontranslation.enabled) matched (OnPropertyCondition)
      - @ConditionalOnMissingBean (types: org.springframework.dao.annotation.PersistenceExceptionTranslationPostProcessor; SearchStrategy: all) did not find any beans (OnBeanCondition)

   PropertyPlaceholderAutoConfiguration#propertySourcesPlaceholderConfigurer matched:
      - @ConditionalOnMissingBean (types: org.springframework.context.support.PropertySourcesPlaceholderConfigurer; SearchStrategy: current) did not find any beans (OnBeanCondition)

   RestClientAutoConfiguration matched:
      - @ConditionalOnClass found required class 'org.springframework.web.client.RestClient' (OnClassCondition)
      - NoneNestedConditions 0 matched 1 did not; NestedCondition on NotReactiveWebApplicationCondition.ReactiveWebApplication did not find reactive web application classes (NotReactiveWebApplicationCondition)

   RestClientAutoConfiguration#httpMessageConvertersRestClientCustomizer matched:
      - @ConditionalOnMissingBean (types: org.springframework.boot.autoconfigure.web.client.HttpMessageConvertersRestClientCustomizer; SearchStrategy: all) did not find any beans (OnBeanCondition)

   RestClientAutoConfiguration#restClientBuilder matched:
      - @ConditionalOnMissingBean (types: org.springframework.web.client.RestClient$Builder; SearchStrategy: all) did not find any beans (OnBeanCondition)

   RestClientAutoConfiguration#restClientBuilderConfigurer matched:
      - @ConditionalOnMissingBean (types: org.springframework.boot.autoconfigure.web.client.RestClientBuilderConfigurer; SearchStrategy: all) did not find any beans (OnBeanCondition)

   RestClientAutoConfiguration#restClientSsl matched:
      - @ConditionalOnBean (types: org.springframework.boot.ssl.SslBundles; SearchStrategy: all) found bean 'sslBundleRegistry'; @ConditionalOnMissingBean (types: org.springframework.boot.autoconfigure.web.client.RestClientSsl; SearchStrategy: all) did not find any beans (OnBeanCondition)

   RestTemplateAutoConfiguration matched:
      - @ConditionalOnClass found required class 'org.springframework.web.client.RestTemplate' (OnClassCondition)
      - NoneNestedConditions 0 matched 1 did not; NestedCondition on NotReactiveWebApplicationCondition.ReactiveWebApplication did not find reactive web application classes (NotReactiveWebApplicationCondition)

   RestTemplateAutoConfiguration#restTemplateBuilder matched:
      - @ConditionalOnMissingBean (types: org.springframework.boot.web.client.RestTemplateBuilder; SearchStrategy: all) did not find any beans (OnBeanCondition)

   ServletWebServerFactoryAutoConfiguration matched:
      - @ConditionalOnClass found required class 'jakarta.servlet.ServletRequest' (OnClassCondition)
      - found 'session' scope (OnWebApplicationCondition)

   ServletWebServerFactoryAutoConfiguration#tomcatServletWebServerFactoryCustomizer matched:
      - @ConditionalOnClass found required class 'org.apache.catalina.startup.Tomcat' (OnClassCondition)

   ServletWebServerFactoryConfiguration.EmbeddedTomcat matched:
      - @ConditionalOnClass found required classes 'jakarta.servlet.Servlet', 'org.apache.catalina.startup.Tomcat', 'org.apache.coyote.UpgradeProtocol' (OnClassCondition)
      - @ConditionalOnMissingBean (types: org.springframework.boot.web.servlet.server.ServletWebServerFactory; SearchStrategy: current) did not find any beans (OnBeanCondition)

   SimpleCacheConfiguration matched:
      - Cache org.springframework.boot.autoconfigure.cache.SimpleCacheConfiguration automatic cache type (CacheCondition)

   SpringDataWebAutoConfiguration matched:
      - @ConditionalOnClass found required classes 'org.springframework.data.web.PageableHandlerMethodArgumentResolver', 'org.springframework.web.servlet.config.annotation.WebMvcConfigurer' (OnClassCondition)
      - found 'session' scope (OnWebApplicationCondition)
      - @ConditionalOnMissingBean (types: org.springframework.data.web.PageableHandlerMethodArgumentResolver; SearchStrategy: all) did not find any beans (OnBeanCondition)

   SpringDataWebAutoConfiguration#pageableCustomizer matched:
      - @ConditionalOnMissingBean (types: org.springframework.data.web.config.PageableHandlerMethodArgumentResolverCustomizer; SearchStrategy: all) did not find any beans (OnBeanCondition)

   SpringDataWebAutoConfiguration#sortCustomizer matched:
      - @ConditionalOnMissingBean (types: org.springframework.data.web.config.SortHandlerMethodArgumentResolverCustomizer; SearchStrategy: all) did not find any beans (OnBeanCondition)

   SqlInitializationAutoConfiguration matched:
      - @ConditionalOnProperty (spring.sql.init.enabled) matched (OnPropertyCondition)
      - NoneNestedConditions 0 matched 1 did not; NestedCondition on SqlInitializationAutoConfiguration.SqlInitializationModeCondition.ModeIsNever @ConditionalOnProperty (spring.sql.init.mode=never) did not find property 'mode' (SqlInitializationAutoConfiguration.SqlInitializationModeCondition)

   SslAutoConfiguration#sslBundleRegistry matched:
      - @ConditionalOnMissingBean (types: org.springframework.boot.ssl.SslBundleRegistry,org.springframework.boot.ssl.SslBundles; SearchStrategy: all) did not find any beans (OnBeanCondition)

   TaskExecutionAutoConfiguration matched:
      - @ConditionalOnClass found required class 'org.springframework.scheduling.concurrent.ThreadPoolTaskExecutor' (OnClassCondition)

   TaskExecutorConfigurations.SimpleAsyncTaskExecutorBuilderConfiguration#simpleAsyncTaskExecutorBuilder matched:
      - @ConditionalOnMissingBean (types: org.springframework.boot.task.SimpleAsyncTaskExecutorBuilder; SearchStrategy: all) did not find any beans (OnBeanCondition)
      - @ConditionalOnThreading found PLATFORM (OnThreadingCondition)

   TaskExecutorConfigurations.TaskExecutorBuilderConfiguration#taskExecutorBuilder matched:
      - @ConditionalOnMissingBean (types: org.springframework.boot.task.TaskExecutorBuilder; SearchStrategy: all) did not find any beans (OnBeanCondition)

   TaskExecutorConfigurations.TaskExecutorConfiguration matched:
      - @ConditionalOnMissingBean (types: java.util.concurrent.Executor; SearchStrategy: all) did not find any beans (OnBeanCondition)

   TaskExecutorConfigurations.TaskExecutorConfiguration#applicationTaskExecutor matched:
      - @ConditionalOnThreading found PLATFORM (OnThreadingCondition)

   TaskExecutorConfigurations.ThreadPoolTaskExecutorBuilderConfiguration#threadPoolTaskExecutorBuilder matched:
      - @ConditionalOnMissingBean (types: org.springframework.boot.task.TaskExecutorBuilder,org.springframework.boot.task.ThreadPoolTaskExecutorBuilder; SearchStrategy: all) did not find any beans (OnBeanCondition)

   TaskSchedulingAutoConfiguration matched:
      - @ConditionalOnClass found required class 'org.springframework.scheduling.concurrent.ThreadPoolTaskScheduler' (OnClassCondition)

   TaskSchedulingConfigurations.SimpleAsyncTaskSchedulerBuilderConfiguration#simpleAsyncTaskSchedulerBuilder matched:
      - @ConditionalOnMissingBean (types: org.springframework.boot.task.SimpleAsyncTaskSchedulerBuilder; SearchStrategy: all) did not find any beans (OnBeanCondition)
      - @ConditionalOnThreading found PLATFORM (OnThreadingCondition)

   TaskSchedulingConfigurations.TaskSchedulerBuilderConfiguration#taskSchedulerBuilder matched:
      - @ConditionalOnMissingBean (types: org.springframework.boot.task.TaskSchedulerBuilder; SearchStrategy: all) did not find any beans (OnBeanCondition)

   TaskSchedulingConfigurations.ThreadPoolTaskSchedulerBuilderConfiguration#threadPoolTaskSchedulerBuilder matched:
      - @ConditionalOnMissingBean (types: org.springframework.boot.task.TaskSchedulerBuilder,org.springframework.boot.task.ThreadPoolTaskSchedulerBuilder; SearchStrategy: all) did not find any beans (OnBeanCondition)

   TransactionAutoConfiguration matched:
      - @ConditionalOnClass found required class 'org.springframework.transaction.PlatformTransactionManager' (OnClassCondition)

   TransactionAutoConfiguration.EnableTransactionManagementConfiguration matched:
      - @ConditionalOnBean (types: org.springframework.transaction.TransactionManager; SearchStrategy: all) found bean 'transactionManager'; @ConditionalOnMissingBean (types: org.springframework.transaction.annotation.AbstractTransactionManagementConfiguration; SearchStrategy: all) did not find any beans (OnBeanCondition)

   TransactionAutoConfiguration.EnableTransactionManagementConfiguration.CglibAutoProxyConfiguration matched:
      - @ConditionalOnProperty (spring.aop.proxy-target-class=true) matched (OnPropertyCondition)

   TransactionAutoConfiguration.TransactionTemplateConfiguration matched:
      - @ConditionalOnSingleCandidate (types: org.springframework.transaction.PlatformTransactionManager; SearchStrategy: all) found a single bean 'transactionManager' (OnBeanCondition)

   TransactionAutoConfiguration.TransactionTemplateConfiguration#transactionTemplate matched:
      - @ConditionalOnMissingBean (types: org.springframework.transaction.support.TransactionOperations; SearchStrategy: all) did not find any beans (OnBeanCondition)

   TransactionManagerCustomizationAutoConfiguration matched:
      - @ConditionalOnClass found required class 'org.springframework.transaction.PlatformTransactionManager' (OnClassCondition)

   TransactionManagerCustomizationAutoConfiguration#platformTransactionManagerCustomizers matched:
      - @ConditionalOnMissingBean (types: org.springframework.boot.autoconfigure.transaction.TransactionManagerCustomizers; SearchStrategy: all) did not find any beans (OnBeanCondition)

   ValidationAutoConfiguration matched:
      - @ConditionalOnClass found required class 'jakarta.validation.executable.ExecutableValidator' (OnClassCondition)
      - @ConditionalOnResource found location classpath:META-INF/services/jakarta.validation.spi.ValidationProvider (OnResourceCondition)

   ValidationAutoConfiguration#defaultValidator matched:
      - @ConditionalOnMissingBean (types: jakarta.validation.Validator; SearchStrategy: all) did not find any beans (OnBeanCondition)

   ValidationAutoConfiguration#methodValidationPostProcessor matched:
      - @ConditionalOnMissingBean (types: org.springframework.validation.beanvalidation.MethodValidationPostProcessor; SearchStrategy: current) did not find any beans (OnBeanCondition)

   WebMvcAutoConfiguration matched:
      - @ConditionalOnClass found required classes 'jakarta.servlet.Servlet', 'org.springframework.web.servlet.DispatcherServlet', 'org.springframework.web.servlet.config.annotation.WebMvcConfigurer' (OnClassCondition)
      - found 'session' scope (OnWebApplicationCondition)
      - @ConditionalOnMissingBean (types: org.springframework.web.servlet.config.annotation.WebMvcConfigurationSupport; SearchStrategy: all) did not find any beans (OnBeanCondition)

   WebMvcAutoConfiguration#formContentFilter matched:
      - @ConditionalOnProperty (spring.mvc.formcontent.filter.enabled) matched (OnPropertyCondition)
      - @ConditionalOnMissingBean (types: org.springframework.web.filter.FormContentFilter; SearchStrategy: all) did not find any beans (OnBeanCondition)

   WebMvcAutoConfiguration.EnableWebMvcConfiguration#flashMapManager matched:
      - @ConditionalOnMissingBean (names: flashMapManager; SearchStrategy: all) did not find any beans (OnBeanCondition)

   WebMvcAutoConfiguration.EnableWebMvcConfiguration#localeResolver matched:
      - @ConditionalOnMissingBean (names: localeResolver; SearchStrategy: all) did not find any beans (OnBeanCondition)

   WebMvcAutoConfiguration.EnableWebMvcConfiguration#themeResolver matched:
      - @ConditionalOnMissingBean (names: themeResolver; SearchStrategy: all) did not find any beans (OnBeanCondition)

   WebMvcAutoConfiguration.WebMvcAutoConfigurationAdapter#defaultViewResolver matched:
      - @ConditionalOnMissingBean (types: org.springframework.web.servlet.view.InternalResourceViewResolver; SearchStrategy: all) did not find any beans (OnBeanCondition)

   WebMvcAutoConfiguration.WebMvcAutoConfigurationAdapter#requestContextFilter matched:
      - @ConditionalOnMissingBean (types: org.springframework.web.context.request.RequestContextListener,org.springframework.web.filter.RequestContextFilter; SearchStrategy: all) did not find any beans (OnBeanCondition)

   WebMvcAutoConfiguration.WebMvcAutoConfigurationAdapter#viewResolver matched:
      - @ConditionalOnBean (types: org.springframework.web.servlet.ViewResolver; SearchStrategy: all) found beans 'defaultViewResolver', 'beanNameViewResolver', 'mvcViewResolver'; @ConditionalOnMissingBean (names: viewResolver types: org.springframework.web.servlet.view.ContentNegotiatingViewResolver; SearchStrategy: all) did not find any beans (OnBeanCondition)

   WebSocketServletAutoConfiguration matched:
      - @ConditionalOnClass found required classes 'jakarta.servlet.Servlet', 'jakarta.websocket.server.ServerContainer' (OnClassCondition)
      - found 'session' scope (OnWebApplicationCondition)

   WebSocketServletAutoConfiguration.TomcatWebSocketConfiguration matched:
      - @ConditionalOnClass found required classes 'org.apache.catalina.startup.Tomcat', 'org.apache.tomcat.websocket.server.WsSci' (OnClassCondition)

   WebSocketServletAutoConfiguration.TomcatWebSocketConfiguration#websocketServletWebServerCustomizer matched:
      - @ConditionalOnMissingBean (names: websocketServletWebServerCustomizer; SearchStrategy: all) did not find any beans (OnBeanCondition)


Negative matches:
-----------------

   ActiveMQAutoConfiguration:
      Did not match:
         - @ConditionalOnClass did not find required class 'jakarta.jms.ConnectionFactory' (OnClassCondition)

   AopAutoConfiguration.AspectJAutoProxyingConfiguration.JdkDynamicAutoProxyConfiguration:
      Did not match:
         - @ConditionalOnProperty (spring.aop.proxy-target-class=false) did not find property 'proxy-target-class' (OnPropertyCondition)

   AopAutoConfiguration.ClassProxyingConfiguration:
      Did not match:
         - @ConditionalOnMissingClass found unwanted class 'org.aspectj.weaver.Advice' (OnClassCondition)

   ArtemisAutoConfiguration:
      Did not match:
         - @ConditionalOnClass did not find required class 'jakarta.jms.ConnectionFactory' (OnClassCondition)

   BatchAutoConfiguration:
      Did not match:
         - @ConditionalOnClass did not find required class 'org.springframework.batch.core.launch.JobLauncher' (OnClassCondition)

   Cache2kCacheConfiguration:
      Did not match:
         - @ConditionalOnClass did not find required class 'org.cache2k.Cache2kBuilder' (OnClassCondition)

   CacheAutoConfiguration:
      Did not match:
         - @ConditionalOnBean (types: org.springframework.cache.interceptor.CacheAspectSupport; SearchStrategy: all) did not find any beans of type org.springframework.cache.interceptor.CacheAspectSupport (OnBeanCondition)
      Matched:
         - @ConditionalOnClass found required class 'org.springframework.cache.CacheManager' (OnClassCondition)

   CacheAutoConfiguration.CacheManagerEntityManagerFactoryDependsOnPostProcessor:
      Did not match:
         - Ancestor org.springframework.boot.autoconfigure.cache.CacheAutoConfiguration did not match (ConditionEvaluationReport.AncestorsMatchedCondition)
      Matched:
         - @ConditionalOnClass found required class 'org.springframework.orm.jpa.LocalContainerEntityManagerFactoryBean' (OnClassCondition)

   CaffeineCacheConfiguration:
      Did not match:
         - @ConditionalOnClass did not find required class 'com.github.benmanes.caffeine.cache.Caffeine' (OnClassCondition)

   CassandraAutoConfiguration:
      Did not match:
         - @ConditionalOnClass did not find required class 'com.datastax.oss.driver.api.core.CqlSession' (OnClassCondition)

   CassandraDataAutoConfiguration:
      Did not match:
         - @ConditionalOnClass did not find required class 'com.datastax.oss.driver.api.core.CqlSession' (OnClassCondition)

   CassandraReactiveDataAutoConfiguration:
      Did not match:
         - @ConditionalOnClass did not find required class 'com.datastax.oss.driver.api.core.CqlSession' (OnClassCondition)

   CassandraReactiveRepositoriesAutoConfiguration:
      Did not match:
         - @ConditionalOnClass did not find required class 'org.springframework.data.cassandra.ReactiveSession' (OnClassCondition)

   CassandraRepositoriesAutoConfiguration:
      Did not match:
         - @ConditionalOnClass did not find required class 'com.datastax.oss.driver.api.core.CqlSession' (OnClassCondition)

   ClientHttpConnectorAutoConfiguration:
      Did not match:
         - @ConditionalOnClass did not find required class 'org.springframework.web.reactive.function.client.WebClient' (OnClassCondition)

   CodecsAutoConfiguration:
      Did not match:
         - @ConditionalOnClass did not find required class 'org.springframework.web.reactive.function.client.WebClient' (OnClassCondition)

   CouchbaseAutoConfiguration:
      Did not match:
         - @ConditionalOnClass did not find required class 'com.couchbase.client.java.Cluster' (OnClassCondition)

   CouchbaseCacheConfiguration:
      Did not match:
         - @ConditionalOnClass did not find required class 'com.couchbase.client.java.Cluster' (OnClassCondition)

   CouchbaseDataAutoConfiguration:
      Did not match:
         - @ConditionalOnClass did not find required class 'com.couchbase.client.java.Bucket' (OnClassCondition)

   CouchbaseReactiveDataAutoConfiguration:
      Did not match:
         - @ConditionalOnClass did not find required class 'com.couchbase.client.java.Cluster' (OnClassCondition)

   CouchbaseReactiveRepositoriesAutoConfiguration:
      Did not match:
         - @ConditionalOnClass did not find required class 'com.couchbase.client.java.Cluster' (OnClassCondition)

   CouchbaseRepositoriesAutoConfiguration:
      Did not match:
         - @ConditionalOnClass did not find required class 'com.couchbase.client.java.Bucket' (OnClassCondition)

   DataSourceAutoConfiguration.EmbeddedDatabaseConfiguration:
      Did not match:
         - EmbeddedDataSource spring.datasource.url is set (DataSourceAutoConfiguration.EmbeddedDatabaseCondition)

   DataSourceCheckpointRestoreConfiguration:
      Did not match:
         - @ConditionalOnClass did not find required class 'org.crac.Resource' (OnClassCondition)

   DataSourceConfiguration.Dbcp2:
      Did not match:
         - @ConditionalOnClass did not find required class 'org.apache.commons.dbcp2.BasicDataSource' (OnClassCondition)

   DataSourceConfiguration.Generic:
      Did not match:
         - @ConditionalOnProperty (spring.datasource.type) did not find property 'spring.datasource.type' (OnPropertyCondition)

   DataSourceConfiguration.OracleUcp:
      Did not match:
         - @ConditionalOnClass did not find required class 'oracle.ucp.jdbc.PoolDataSourceImpl' (OnClassCondition)

   DataSourceConfiguration.Tomcat:
      Did not match:
         - @ConditionalOnClass did not find required class 'org.apache.tomcat.jdbc.pool.DataSource' (OnClassCondition)

   DataSourceJmxConfiguration:
      Did not match:
         - @ConditionalOnProperty (spring.jmx.enabled=true) found different value in property 'enabled' (OnPropertyCondition)

   DataSourcePoolMetadataProvidersConfiguration.CommonsDbcp2PoolDataSourceMetadataProviderConfiguration:
      Did not match:
         - @ConditionalOnClass did not find required class 'org.apache.commons.dbcp2.BasicDataSource' (OnClassCondition)

   DataSourcePoolMetadataProvidersConfiguration.OracleUcpPoolDataSourceMetadataProviderConfiguration:
      Did not match:
         - @ConditionalOnClass did not find required class 'oracle.ucp.jdbc.PoolDataSource' (OnClassCondition)

   DataSourcePoolMetadataProvidersConfiguration.TomcatDataSourcePoolMetadataProviderConfiguration:
      Did not match:
         - @ConditionalOnClass did not find required class 'org.apache.tomcat.jdbc.pool.DataSource' (OnClassCondition)

   DataSourceTransactionManagerAutoConfiguration.JdbcTransactionManagerConfiguration#transactionManager:
      Did not match:
         - @ConditionalOnMissingBean (types: org.springframework.transaction.TransactionManager; SearchStrategy: all) found beans of type 'org.springframework.transaction.TransactionManager' transactionManager (OnBeanCondition)

   DevToolsDataSourceAutoConfiguration:
      Did not match:
         - Devtools devtools is disabled for current context. (OnEnabledDevToolsCondition)

   DevToolsR2dbcAutoConfiguration:
      Did not match:
         - @ConditionalOnClass did not find required class 'io.r2dbc.spi.ConnectionFactory' (OnClassCondition)

   DispatcherServletAutoConfiguration.DispatcherServletConfiguration#multipartResolver:
      Did not match:
         - @ConditionalOnBean (types: org.springframework.web.multipart.MultipartResolver; SearchStrategy: all) did not find any beans of type org.springframework.web.multipart.MultipartResolver (OnBeanCondition)

   ElasticsearchClientAutoConfiguration:
      Did not match:
         - @ConditionalOnClass did not find required class 'co.elastic.clients.elasticsearch.ElasticsearchClient' (OnClassCondition)

   ElasticsearchDataAutoConfiguration:
      Did not match:
         - @ConditionalOnClass did not find required class 'org.springframework.data.elasticsearch.client.elc.ElasticsearchTemplate' (OnClassCondition)

   ElasticsearchRepositoriesAutoConfiguration:
      Did not match:
         - @ConditionalOnClass did not find required class 'org.springframework.data.elasticsearch.repository.ElasticsearchRepository' (OnClassCondition)

   ElasticsearchRestClientAutoConfiguration:
      Did not match:
         - @ConditionalOnClass did not find required class 'org.elasticsearch.client.RestClientBuilder' (OnClassCondition)

   EmbeddedLdapAutoConfiguration:
      Did not match:
         - @ConditionalOnClass did not find required class 'com.unboundid.ldap.listener.InMemoryDirectoryServer' (OnClassCondition)

   EmbeddedWebServerFactoryCustomizerAutoConfiguration:
      Did not match:
         - Application is deployed as a WAR file. (OnWarDeploymentCondition)
      Matched:
         - @ConditionalOnWebApplication (required) found 'session' scope (OnWebApplicationCondition)

   ErrorWebFluxAutoConfiguration:
      Did not match:
         - @ConditionalOnClass did not find required class 'org.springframework.web.reactive.config.WebFluxConfigurer' (OnClassCondition)

   FlywayAutoConfiguration:
      Did not match:
         - @ConditionalOnClass did not find required class 'org.flywaydb.core.Flyway' (OnClassCondition)

   FreeMarkerAutoConfiguration:
      Did not match:
         - @ConditionalOnClass did not find required class 'freemarker.template.Configuration' (OnClassCondition)

   GraphQlAutoConfiguration:
      Did not match:
         - @ConditionalOnClass did not find required class 'graphql.GraphQL' (OnClassCondition)

   GraphQlQueryByExampleAutoConfiguration:
      Did not match:
         - @ConditionalOnClass did not find required class 'graphql.GraphQL' (OnClassCondition)

   GraphQlQuerydslAutoConfiguration:
      Did not match:
         - @ConditionalOnClass did not find required class 'com.querydsl.core.Query' (OnClassCondition)

   GraphQlRSocketAutoConfiguration:
      Did not match:
         - @ConditionalOnClass did not find required class 'graphql.GraphQL' (OnClassCondition)

   GraphQlReactiveQueryByExampleAutoConfiguration:
      Did not match:
         - @ConditionalOnClass did not find required class 'graphql.GraphQL' (OnClassCondition)

   GraphQlReactiveQuerydslAutoConfiguration:
      Did not match:
         - @ConditionalOnClass did not find required class 'com.querydsl.core.Query' (OnClassCondition)

   GraphQlWebFluxAutoConfiguration:
      Did not match:
         - @ConditionalOnClass did not find required class 'graphql.GraphQL' (OnClassCondition)

   GraphQlWebFluxSecurityAutoConfiguration:
      Did not match:
         - @ConditionalOnClass did not find required class 'graphql.GraphQL' (OnClassCondition)

   GraphQlWebMvcAutoConfiguration:
      Did not match:
         - @ConditionalOnClass did not find required class 'graphql.GraphQL' (OnClassCondition)

   GraphQlWebMvcSecurityAutoConfiguration:
      Did not match:
         - @ConditionalOnClass did not find required class 'graphql.GraphQL' (OnClassCondition)

   GroovyTemplateAutoConfiguration:
      Did not match:
         - @ConditionalOnClass did not find required class 'groovy.text.markup.MarkupTemplateEngine' (OnClassCondition)

   GsonAutoConfiguration:
      Did not match:
         - @ConditionalOnClass did not find required class 'com.google.gson.Gson' (OnClassCondition)

   GsonHttpMessageConvertersConfiguration:
      Did not match:
         - @ConditionalOnClass did not find required class 'com.google.gson.Gson' (OnClassCondition)

   H2ConsoleAutoConfiguration:
      Did not match:
         - @ConditionalOnClass did not find required class 'org.h2.server.web.JakartaWebServlet' (OnClassCondition)

   HazelcastAutoConfiguration:
      Did not match:
         - @ConditionalOnClass did not find required class 'com.hazelcast.core.HazelcastInstance' (OnClassCondition)

   HazelcastCacheConfiguration:
      Did not match:
         - @ConditionalOnClass did not find required class 'com.hazelcast.core.HazelcastInstance' (OnClassCondition)

   HazelcastJpaDependencyAutoConfiguration:
      Did not match:
         - @ConditionalOnClass did not find required class 'com.hazelcast.core.HazelcastInstance' (OnClassCondition)

   HttpHandlerAutoConfiguration:
      Did not match:
         - @ConditionalOnClass did not find required class 'org.springframework.web.reactive.DispatcherHandler' (OnClassCondition)

   InfinispanCacheConfiguration:
      Did not match:
         - @ConditionalOnClass did not find required class 'org.infinispan.spring.embedded.provider.SpringEmbeddedCacheManager' (OnClassCondition)

   InfluxDbAutoConfiguration:
      Did not match:
         - @ConditionalOnClass did not find required class 'org.influxdb.InfluxDB' (OnClassCondition)

   IntegrationAutoConfiguration:
      Did not match:
         - @ConditionalOnClass did not find required class 'org.springframework.integration.config.EnableIntegration' (OnClassCondition)

   JCacheCacheConfiguration:
      Did not match:
         - @ConditionalOnClass did not find required class 'javax.cache.Caching' (OnClassCondition)

   JacksonHttpMessageConvertersConfiguration.MappingJackson2XmlHttpMessageConverterConfiguration:
      Did not match:
         - @ConditionalOnClass did not find required class 'com.fasterxml.jackson.dataformat.xml.XmlMapper' (OnClassCondition)

   JdbcRepositoriesAutoConfiguration:
      Did not match:
         - @ConditionalOnClass did not find required class 'org.springframework.data.jdbc.repository.config.AbstractJdbcConfiguration' (OnClassCondition)

   JerseyAutoConfiguration:
      Did not match:
         - @ConditionalOnClass did not find required class 'org.glassfish.jersey.server.spring.SpringComponentProvider' (OnClassCondition)

   JmsAutoConfiguration:
      Did not match:
         - @ConditionalOnClass did not find required class 'jakarta.jms.Message' (OnClassCondition)

   JmxAutoConfiguration:
      Did not match:
         - @ConditionalOnProperty (spring.jmx.enabled=true) found different value in property 'enabled' (OnPropertyCondition)
      Matched:
         - @ConditionalOnClass found required class 'org.springframework.jmx.export.MBeanExporter' (OnClassCondition)

   JndiConnectionFactoryAutoConfiguration:
      Did not match:
         - @ConditionalOnClass did not find required class 'org.springframework.jms.core.JmsTemplate' (OnClassCondition)

   JndiDataSourceAutoConfiguration:
      Did not match:
         - @ConditionalOnProperty (spring.datasource.jndi-name) did not find property 'jndi-name' (OnPropertyCondition)
      Matched:
         - @ConditionalOnClass found required classes 'javax.sql.DataSource', 'org.springframework.jdbc.datasource.embedded.EmbeddedDatabaseType' (OnClassCondition)

   JndiJtaConfiguration:
      Did not match:
         - @ConditionalOnJndi JNDI environment is not available (OnJndiCondition)
      Matched:
         - @ConditionalOnClass found required class 'org.springframework.transaction.jta.JtaTransactionManager' (OnClassCondition)

   JooqAutoConfiguration:
      Did not match:
         - @ConditionalOnClass did not find required class 'org.jooq.DSLContext' (OnClassCondition)

   JpaRepositoriesAutoConfiguration#entityManagerFactoryBootstrapExecutorCustomizer:
      Did not match:
         - AnyNestedCondition 0 matched 2 did not; NestedCondition on JpaRepositoriesAutoConfiguration.BootstrapExecutorCondition.LazyBootstrapMode @ConditionalOnProperty (spring.data.jpa.repositories.bootstrap-mode=lazy) did not find property 'bootstrap-mode'; NestedCondition on JpaRepositoriesAutoConfiguration.BootstrapExecutorCondition.DeferredBootstrapMode @ConditionalOnProperty (spring.data.jpa.repositories.bootstrap-mode=deferred) did not find property 'bootstrap-mode' (JpaRepositoriesAutoConfiguration.BootstrapExecutorCondition)

   JsonbAutoConfiguration:
      Did not match:
         - @ConditionalOnClass did not find required class 'jakarta.json.bind.Jsonb' (OnClassCondition)

   JsonbHttpMessageConvertersConfiguration:
      Did not match:
         - @ConditionalOnClass did not find required class 'jakarta.json.bind.Jsonb' (OnClassCondition)

   KafkaAutoConfiguration:
      Did not match:
         - @ConditionalOnClass did not find required class 'org.springframework.kafka.core.KafkaTemplate' (OnClassCondition)

   LdapAutoConfiguration:
      Did not match:
         - @ConditionalOnClass did not find required class 'org.springframework.ldap.core.ContextSource' (OnClassCondition)

   LdapRepositoriesAutoConfiguration:
      Did not match:
         - @ConditionalOnClass did not find required class 'org.springframework.data.ldap.repository.LdapRepository' (OnClassCondition)

   LiquibaseAutoConfiguration:
      Did not match:
         - @ConditionalOnClass did not find required class 'liquibase.change.DatabaseChange' (OnClassCondition)

   LocalDevToolsAutoConfiguration:
      Did not match:
         - Initialized Restarter Condition initialized without URLs (OnInitializedRestarterCondition)

   MailSenderAutoConfiguration:
      Did not match:
         - @ConditionalOnClass did not find required class 'jakarta.mail.internet.MimeMessage' (OnClassCondition)

   MailSenderValidatorAutoConfiguration:
      Did not match:
         - @ConditionalOnSingleCandidate did not find required type 'org.springframework.mail.javamail.JavaMailSenderImpl' (OnBeanCondition)

   MessageSourceAutoConfiguration:
      Did not match:
         - ResourceBundle did not find bundle with basename messages (MessageSourceAutoConfiguration.ResourceBundleCondition)

   MongoAutoConfiguration:
      Did not match:
         - @ConditionalOnClass did not find required class 'com.mongodb.client.MongoClient' (OnClassCondition)

   MongoDataAutoConfiguration:
      Did not match:
         - @ConditionalOnClass did not find required class 'com.mongodb.client.MongoClient' (OnClassCondition)

   MongoReactiveAutoConfiguration:
      Did not match:
         - @ConditionalOnClass did not find required class 'com.mongodb.reactivestreams.client.MongoClient' (OnClassCondition)

   MongoReactiveDataAutoConfiguration:
      Did not match:
         - @ConditionalOnClass did not find required class 'com.mongodb.reactivestreams.client.MongoClient' (OnClassCondition)

   MongoReactiveRepositoriesAutoConfiguration:
      Did not match:
         - @ConditionalOnClass did not find required class 'com.mongodb.reactivestreams.client.MongoClient' (OnClassCondition)

   MongoRepositoriesAutoConfiguration:
      Did not match:
         - @ConditionalOnClass did not find required class 'com.mongodb.client.MongoClient' (OnClassCondition)

   MustacheAutoConfiguration:
      Did not match:
         - @ConditionalOnClass did not find required class 'com.samskivert.mustache.Mustache' (OnClassCondition)

   Neo4jAutoConfiguration:
      Did not match:
         - @ConditionalOnClass did not find required class 'org.neo4j.driver.Driver' (OnClassCondition)

   Neo4jDataAutoConfiguration:
      Did not match:
         - @ConditionalOnClass did not find required class 'org.neo4j.driver.Driver' (OnClassCondition)

   Neo4jReactiveDataAutoConfiguration:
      Did not match:
         - @ConditionalOnClass did not find required class 'org.neo4j.driver.Driver' (OnClassCondition)

   Neo4jReactiveRepositoriesAutoConfiguration:
      Did not match:
         - @ConditionalOnClass did not find required class 'org.neo4j.driver.Driver' (OnClassCondition)

   Neo4jRepositoriesAutoConfiguration:
      Did not match:
         - @ConditionalOnClass did not find required class 'org.neo4j.driver.Driver' (OnClassCondition)

   NettyAutoConfiguration:
      Did not match:
         - @ConditionalOnClass did not find required class 'io.netty.util.NettyRuntime' (OnClassCondition)

   OAuth2AuthorizationServerAutoConfiguration:
      Did not match:
         - @ConditionalOnClass did not find required class 'org.springframework.security.oauth2.server.authorization.OAuth2Authorization' (OnClassCondition)

   OAuth2AuthorizationServerJwtAutoConfiguration:
      Did not match:
         - @ConditionalOnClass did not find required class 'org.springframework.security.oauth2.server.authorization.OAuth2Authorization' (OnClassCondition)

   OAuth2ClientAutoConfiguration:
      Did not match:
         - @ConditionalOnClass did not find required class 'org.springframework.security.config.annotation.web.configuration.EnableWebSecurity' (OnClassCondition)

   OAuth2ResourceServerAutoConfiguration:
      Did not match:
         - @ConditionalOnClass did not find required class 'org.springframework.security.oauth2.server.resource.authentication.BearerTokenAuthenticationToken' (OnClassCondition)

   ProjectInfoAutoConfiguration#buildProperties:
      Did not match:
         - @ConditionalOnResource did not find resource '${spring.info.build.location:classpath:META-INF/build-info.properties}' (OnResourceCondition)

   ProjectInfoAutoConfiguration#gitProperties:
      Did not match:
         - GitResource did not find git info at classpath:git.properties (ProjectInfoAutoConfiguration.GitResourceAvailableCondition)

   PulsarAutoConfiguration:
      Did not match:
         - @ConditionalOnClass did not find required class 'org.apache.pulsar.client.api.PulsarClient' (OnClassCondition)

   PulsarReactiveAutoConfiguration:
      Did not match:
         - @ConditionalOnClass did not find required class 'org.apache.pulsar.client.api.PulsarClient' (OnClassCondition)

   QuartzAutoConfiguration:
      Did not match:
         - @ConditionalOnClass did not find required class 'org.quartz.Scheduler' (OnClassCondition)

   R2dbcAutoConfiguration:
      Did not match:
         - @ConditionalOnClass did not find required class 'io.r2dbc.spi.ConnectionFactory' (OnClassCondition)

   R2dbcDataAutoConfiguration:
      Did not match:
         - @ConditionalOnClass did not find required class 'org.springframework.data.r2dbc.core.R2dbcEntityTemplate' (OnClassCondition)

   R2dbcInitializationConfiguration:
      Did not match:
         - @ConditionalOnClass did not find required classes 'io.r2dbc.spi.ConnectionFactory', 'org.springframework.r2dbc.connection.init.DatabasePopulator' (OnClassCondition)

   R2dbcRepositoriesAutoConfiguration:
      Did not match:
         - @ConditionalOnClass did not find required class 'io.r2dbc.spi.ConnectionFactory' (OnClassCondition)

   R2dbcTransactionManagerAutoConfiguration:
      Did not match:
         - @ConditionalOnClass did not find required class 'org.springframework.r2dbc.connection.R2dbcTransactionManager' (OnClassCondition)

   RSocketGraphQlClientAutoConfiguration:
      Did not match:
         - @ConditionalOnClass did not find required class 'graphql.GraphQL' (OnClassCondition)

   RSocketMessagingAutoConfiguration:
      Did not match:
         - @ConditionalOnClass did not find required class 'io.rsocket.RSocket' (OnClassCondition)

   RSocketRequesterAutoConfiguration:
      Did not match:
         - @ConditionalOnClass did not find required class 'io.rsocket.RSocket' (OnClassCondition)

   RSocketSecurityAutoConfiguration:
      Did not match:
         - @ConditionalOnClass did not find required class 'org.springframework.security.rsocket.core.SecuritySocketAcceptorInterceptor' (OnClassCondition)

   RSocketServerAutoConfiguration:
      Did not match:
         - @ConditionalOnClass did not find required class 'io.rsocket.core.RSocketServer' (OnClassCondition)

   RSocketStrategiesAutoConfiguration:
      Did not match:
         - @ConditionalOnClass did not find required class 'io.netty.buffer.PooledByteBufAllocator' (OnClassCondition)

   RabbitAutoConfiguration:
      Did not match:
         - @ConditionalOnClass did not find required class 'com.rabbitmq.client.Channel' (OnClassCondition)

   ReactiveElasticsearchClientAutoConfiguration:
      Did not match:
         - @ConditionalOnClass did not find required class 'co.elastic.clients.transport.ElasticsearchTransport' (OnClassCondition)

   ReactiveElasticsearchRepositoriesAutoConfiguration:
      Did not match:
         - @ConditionalOnClass did not find required class 'org.springframework.data.elasticsearch.client.elc.ReactiveElasticsearchClient' (OnClassCondition)

   ReactiveMultipartAutoConfiguration:
      Did not match:
         - @ConditionalOnClass did not find required class 'org.springframework.web.reactive.config.WebFluxConfigurer' (OnClassCondition)

   ReactiveOAuth2ClientAutoConfiguration:
      Did not match:
         - @ConditionalOnClass did not find required class 'reactor.core.publisher.Flux' (OnClassCondition)

   ReactiveOAuth2ResourceServerAutoConfiguration:
      Did not match:
         - @ConditionalOnClass did not find required class 'org.springframework.security.config.annotation.web.reactive.EnableWebFluxSecurity' (OnClassCondition)

   ReactiveSecurityAutoConfiguration:
      Did not match:
         - @ConditionalOnClass did not find required class 'reactor.core.publisher.Flux' (OnClassCondition)

   ReactiveUserDetailsServiceAutoConfiguration:
      Did not match:
         - @ConditionalOnClass did not find required class 'org.springframework.security.authentication.ReactiveAuthenticationManager' (OnClassCondition)

   ReactiveWebServerFactoryAutoConfiguration:
      Did not match:
         - @ConditionalOnWebApplication did not find reactive web application classes (OnWebApplicationCondition)

   ReactorAutoConfiguration:
      Did not match:
         - @ConditionalOnClass did not find required class 'reactor.core.publisher.Hooks' (OnClassCondition)

   RedisAutoConfiguration:
      Did not match:
         - @ConditionalOnClass did not find required class 'org.springframework.data.redis.core.RedisOperations' (OnClassCondition)

   RedisCacheConfiguration:
      Did not match:
         - @ConditionalOnClass did not find required class 'org.springframework.data.redis.connection.RedisConnectionFactory' (OnClassCondition)

   RedisReactiveAutoConfiguration:
      Did not match:
         - @ConditionalOnClass did not find required class 'reactor.core.publisher.Flux' (OnClassCondition)

   RedisRepositoriesAutoConfiguration:
      Did not match:
         - @ConditionalOnClass did not find required class 'org.springframework.data.redis.repository.configuration.EnableRedisRepositories' (OnClassCondition)

   RemoteDevToolsAutoConfiguration:
      Did not match:
         - @ConditionalOnProperty (spring.devtools.remote.secret) did not find property 'secret' (OnPropertyCondition)
      Matched:
         - @ConditionalOnClass found required classes 'jakarta.servlet.Filter', 'org.springframework.http.server.ServerHttpRequest' (OnClassCondition)

   RepositoryRestMvcAutoConfiguration:
      Did not match:
         - @ConditionalOnClass did not find required class 'org.springframework.data.rest.webmvc.config.RepositoryRestMvcConfiguration' (OnClassCondition)

   Saml2RelyingPartyAutoConfiguration:
      Did not match:
         - @ConditionalOnClass did not find required class 'org.springframework.security.saml2.provider.service.registration.RelyingPartyRegistrationRepository' (OnClassCondition)

   SecurityAutoConfiguration:
      Did not match:
         - @ConditionalOnClass did not find required class 'org.springframework.security.authentication.DefaultAuthenticationEventPublisher' (OnClassCondition)

   SecurityFilterAutoConfiguration:
      Did not match:
         - @ConditionalOnClass did not find required class 'org.springframework.security.config.http.SessionCreationPolicy' (OnClassCondition)

   SendGridAutoConfiguration:
      Did not match:
         - @ConditionalOnClass did not find required class 'com.sendgrid.SendGrid' (OnClassCondition)

   ServletWebServerFactoryAutoConfiguration.ForwardedHeaderFilterConfiguration:
      Did not match:
         - @ConditionalOnProperty (server.forward-headers-strategy=framework) did not find property 'server.forward-headers-strategy' (OnPropertyCondition)

   ServletWebServerFactoryConfiguration.EmbeddedJetty:
      Did not match:
         - @ConditionalOnClass did not find required classes 'org.eclipse.jetty.server.Server', 'org.eclipse.jetty.util.Loader', 'org.eclipse.jetty.ee10.webapp.WebAppContext' (OnClassCondition)

   ServletWebServerFactoryConfiguration.EmbeddedUndertow:
      Did not match:
         - @ConditionalOnClass did not find required classes 'io.undertow.Undertow', 'org.xnio.SslClientAuthMode' (OnClassCondition)

   SessionAutoConfiguration:
      Did not match:
         - @ConditionalOnClass did not find required class 'org.springframework.session.Session' (OnClassCondition)

   SpringApplicationAdminJmxAutoConfiguration:
      Did not match:
         - @ConditionalOnProperty (spring.application.admin.enabled=true) did not find property 'enabled' (OnPropertyCondition)

   TaskExecutorConfigurations.SimpleAsyncTaskExecutorBuilderConfiguration#simpleAsyncTaskExecutorBuilderVirtualThreads:
      Did not match:
         - @ConditionalOnMissingBean (types: org.springframework.boot.task.SimpleAsyncTaskExecutorBuilder; SearchStrategy: all) found beans of type 'org.springframework.boot.task.SimpleAsyncTaskExecutorBuilder' simpleAsyncTaskExecutorBuilder (OnBeanCondition)

   TaskExecutorConfigurations.TaskExecutorConfiguration#applicationTaskExecutorVirtualThreads:
      Did not match:
         - @ConditionalOnThreading did not find VIRTUAL (OnThreadingCondition)

   TaskSchedulingAutoConfiguration#scheduledBeanLazyInitializationExcludeFilter:
      Did not match:
         - @ConditionalOnBean (names: org.springframework.context.annotation.internalScheduledAnnotationProcessor; SearchStrategy: all) did not find any beans named org.springframework.context.annotation.internalScheduledAnnotationProcessor (OnBeanCondition)

   TaskSchedulingConfigurations.SimpleAsyncTaskSchedulerBuilderConfiguration#simpleAsyncTaskSchedulerBuilderVirtualThreads:
      Did not match:
         - @ConditionalOnMissingBean (types: org.springframework.boot.task.SimpleAsyncTaskSchedulerBuilder; SearchStrategy: all) found beans of type 'org.springframework.boot.task.SimpleAsyncTaskSchedulerBuilder' simpleAsyncTaskSchedulerBuilder (OnBeanCondition)

   TaskSchedulingConfigurations.TaskSchedulerConfiguration:
      Did not match:
         - @ConditionalOnBean (names: org.springframework.context.annotation.internalScheduledAnnotationProcessor; SearchStrategy: all) did not find any beans named org.springframework.context.annotation.internalScheduledAnnotationProcessor (OnBeanCondition)

   ThymeleafAutoConfiguration:
      Did not match:
         - @ConditionalOnClass did not find required class 'org.thymeleaf.spring6.SpringTemplateEngine' (OnClassCondition)

   TransactionAutoConfiguration#transactionalOperator:
      Did not match:
         - @ConditionalOnSingleCandidate (types: org.springframework.transaction.ReactiveTransactionManager; SearchStrategy: all) did not find any beans (OnBeanCondition)

   TransactionAutoConfiguration.AspectJTransactionManagementConfiguration:
      Did not match:
         - @ConditionalOnBean (types: org.springframework.transaction.aspectj.AbstractTransactionAspect; SearchStrategy: all) did not find any beans of type org.springframework.transaction.aspectj.AbstractTransactionAspect (OnBeanCondition)

   TransactionAutoConfiguration.EnableTransactionManagementConfiguration.JdkDynamicAutoProxyConfiguration:
      Did not match:
         - @ConditionalOnProperty (spring.aop.proxy-target-class=false) did not find property 'proxy-target-class' (OnPropertyCondition)

   UserDetailsServiceAutoConfiguration:
      Did not match:
         - @ConditionalOnClass did not find required class 'org.springframework.security.authentication.AuthenticationManager' (OnClassCondition)

   WebClientAutoConfiguration:
      Did not match:
         - @ConditionalOnClass did not find required class 'org.springframework.web.reactive.function.client.WebClient' (OnClassCondition)

   WebFluxAutoConfiguration:
      Did not match:
         - @ConditionalOnClass did not find required class 'org.springframework.web.reactive.config.WebFluxConfigurer' (OnClassCondition)

   WebMvcAutoConfiguration#hiddenHttpMethodFilter:
      Did not match:
         - @ConditionalOnProperty (spring.mvc.hiddenmethod.filter.enabled) did not find property 'enabled' (OnPropertyCondition)

   WebMvcAutoConfiguration.ProblemDetailsErrorHandlingConfiguration:
      Did not match:
         - @ConditionalOnProperty (spring.mvc.problemdetails.enabled=true) did not find property 'enabled' (OnPropertyCondition)

   WebMvcAutoConfiguration.ResourceChainCustomizerConfiguration:
      Did not match:
         - @ConditionalOnEnabledResourceChain did not find class org.webjars.WebJarAssetLocator (OnEnabledResourceChainCondition)

   WebMvcAutoConfiguration.WebMvcAutoConfigurationAdapter#beanNameViewResolver:
      Did not match:
         - @ConditionalOnMissingBean (types: org.springframework.web.servlet.view.BeanNameViewResolver; SearchStrategy: all) found beans of type 'org.springframework.web.servlet.view.BeanNameViewResolver' beanNameViewResolver (OnBeanCondition)

   WebServiceTemplateAutoConfiguration:
      Did not match:
         - @ConditionalOnClass did not find required class 'org.springframework.oxm.Marshaller' (OnClassCondition)

   WebServicesAutoConfiguration:
      Did not match:
         - @ConditionalOnClass did not find required class 'org.springframework.ws.transport.http.MessageDispatcherServlet' (OnClassCondition)

   WebSessionIdResolverAutoConfiguration:
      Did not match:
         - @ConditionalOnClass did not find required class 'reactor.core.publisher.Mono' (OnClassCondition)

   WebSocketMessagingAutoConfiguration:
      Did not match:
         - @ConditionalOnClass did not find required class 'org.springframework.web.socket.config.annotation.WebSocketMessageBrokerConfigurer' (OnClassCondition)

   WebSocketReactiveAutoConfiguration:
      Did not match:
         - @ConditionalOnWebApplication did not find reactive web application classes (OnWebApplicationCondition)

   WebSocketServletAutoConfiguration.JettyWebSocketConfiguration:
      Did not match:
         - @ConditionalOnClass did not find required class 'org.eclipse.jetty.ee10.websocket.jakarta.server.config.JakartaWebSocketServletContainerInitializer' (OnClassCondition)

   WebSocketServletAutoConfiguration.UndertowWebSocketConfiguration:
      Did not match:
         - @ConditionalOnClass did not find required class 'io.undertow.websockets.jsr.Bootstrap' (OnClassCondition)

   XADataSourceAutoConfiguration:
      Did not match:
         - @ConditionalOnBean (types: org.springframework.boot.jdbc.XADataSourceWrapper; SearchStrategy: all) did not find any beans of type org.springframework.boot.jdbc.XADataSourceWrapper (OnBeanCondition)
      Matched:
         - @ConditionalOnClass found required classes 'javax.sql.DataSource', 'jakarta.transaction.TransactionManager', 'org.springframework.jdbc.datasource.embedded.EmbeddedDatabaseType' (OnClassCondition)


Exclusions:
-----------

    None


Unconditional classes:
----------------------

    org.springframework.boot.autoconfigure.context.ConfigurationPropertiesAutoConfiguration

    org.springframework.boot.autoconfigure.ssl.SslAutoConfiguration

    org.springframework.boot.autoconfigure.context.LifecycleAutoConfiguration

    org.springframework.boot.autoconfigure.context.PropertyPlaceholderAutoConfiguration

    org.springframework.boot.autoconfigure.availability.ApplicationAvailabilityAutoConfiguration

    org.springframework.boot.autoconfigure.info.ProjectInfoAutoConfiguration



2024-04-29T20:51:34.201-04:00  INFO 12448 --- [atenciones_medicas] [           main] c.e.a.AtencionesMedicasApplicationTests  : Started AtencionesMedicasApplicationTests in 9.02 seconds (process running for 11.842)
2024-04-29T20:51:34.205-04:00 DEBUG 12448 --- [atenciones_medicas] [           main] o.s.b.a.ApplicationAvailabilityBean      : Application availability state LivenessState changed to CORRECT
2024-04-29T20:51:34.212-04:00 DEBUG 12448 --- [atenciones_medicas] [           main] o.s.boot.devtools.restart.Restarter      : Creating new Restarter for thread Thread[#1,main,5,main]
2024-04-29T20:51:34.227-04:00 DEBUG 12448 --- [atenciones_medicas] [           main] o.s.b.a.ApplicationAvailabilityBean      : Application availability state ReadinessState changed to ACCEPTING_TRAFFIC
2024-04-29T20:51:34.234-04:00 DEBUG 12448 --- [atenciones_medicas] [           main] org.springframework.test.context.cache   : Spring test ApplicationContext cache statistics: [DefaultContextCache@73ba3c4b size = 1, maxSize = 32, parentContextCount = 0, hitCount = 0, missCount = 1, failureCount = 0]
2024-04-29T20:51:34.236-04:00 DEBUG 12448 --- [atenciones_medicas] [           main] o.s.t.c.w.ServletTestExecutionListener   : Setting up MockHttpServletRequest, MockHttpServletResponse, ServletWebRequest, and RequestContextHolder for test class com.example.atenciones_medicas.AtencionesMedicasApplicationTests
2024-04-29T20:51:34.266-04:00 DEBUG 12448 --- [atenciones_medicas] [           main] DependencyInjectionTestExecutionListener : Performing dependency injection for test class com.example.atenciones_medicas.AtencionesMedicasApplicationTests
2024-04-29T20:51:34.266-04:00 DEBUG 12448 --- [atenciones_medicas] [           main] org.springframework.test.context.cache   : Spring test ApplicationContext cache statistics: [DefaultContextCache@73ba3c4b size = 1, maxSize = 32, parentContextCount = 0, hitCount = 1, missCount = 1, failureCount = 0]
2024-04-29T20:51:34.269-04:00 DEBUG 12448 --- [atenciones_medicas] [           main] org.springframework.test.context.cache   : Spring test ApplicationContext cache statistics: [DefaultContextCache@73ba3c4b size = 1, maxSize = 32, parentContextCount = 0, hitCount = 2, missCount = 1, failureCount = 0]
2024-04-29T20:51:34.314-04:00 DEBUG 12448 --- [atenciones_medicas] [           main] sContextBeforeModesTestExecutionListener : Before test method: class [AtencionesMedicasApplicationTests], method [contextLoads], class annotated with @DirtiesContext [false] with mode [null], method annotated with @DirtiesContext [false] with mode [null]
2024-04-29T20:51:34.319-04:00 DEBUG 12448 --- [atenciones_medicas] [           main] org.springframework.test.context.cache   : Spring test ApplicationContext cache statistics: [DefaultContextCache@73ba3c4b size = 1, maxSize = 32, parentContextCount = 0, hitCount = 3, missCount = 1, failureCount = 0]
2024-04-29T20:51:34.319-04:00 DEBUG 12448 --- [atenciones_medicas] [           main] org.springframework.test.context.cache   : Spring test ApplicationContext cache statistics: [DefaultContextCache@73ba3c4b size = 1, maxSize = 32, parentContextCount = 0, hitCount = 4, missCount = 1, failureCount = 0]
2024-04-29T20:51:34.653-04:00 DEBUG 12448 --- [atenciones_medicas] [           main] org.springframework.test.context.cache   : Spring test ApplicationContext cache statistics: [DefaultContextCache@73ba3c4b size = 1, maxSize = 32, parentContextCount = 0, hitCount = 5, missCount = 1, failureCount = 0]
2024-04-29T20:51:34.662-04:00 DEBUG 12448 --- [atenciones_medicas] [           main] org.springframework.test.context.cache   : Spring test ApplicationContext cache statistics: [DefaultContextCache@73ba3c4b size = 1, maxSize = 32, parentContextCount = 0, hitCount = 6, missCount = 1, failureCount = 0]
2024-04-29T20:51:34.663-04:00 DEBUG 12448 --- [atenciones_medicas] [           main] org.springframework.test.context.cache   : Spring test ApplicationContext cache statistics: [DefaultContextCache@73ba3c4b size = 1, maxSize = 32, parentContextCount = 0, hitCount = 7, missCount = 1, failureCount = 0]
2024-04-29T20:51:34.663-04:00 DEBUG 12448 --- [atenciones_medicas] [           main] org.springframework.test.context.cache   : Spring test ApplicationContext cache statistics: [DefaultContextCache@73ba3c4b size = 1, maxSize = 32, parentContextCount = 0, hitCount = 8, missCount = 1, failureCount = 0]
2024-04-29T20:51:34.664-04:00 DEBUG 12448 --- [atenciones_medicas] [           main] org.springframework.test.context.cache   : Spring test ApplicationContext cache statistics: [DefaultContextCache@73ba3c4b size = 1, maxSize = 32, parentContextCount = 0, hitCount = 9, missCount = 1, failureCount = 0]
2024-04-29T20:51:34.665-04:00 DEBUG 12448 --- [atenciones_medicas] [           main] org.springframework.test.context.cache   : Spring test ApplicationContext cache statistics: [DefaultContextCache@73ba3c4b size = 1, maxSize = 32, parentContextCount = 0, hitCount = 10, missCount = 1, failureCount = 0]
2024-04-29T20:51:34.667-04:00 DEBUG 12448 --- [atenciones_medicas] [           main] org.springframework.test.context.cache   : Spring test ApplicationContext cache statistics: [DefaultContextCache@73ba3c4b size = 1, maxSize = 32, parentContextCount = 0, hitCount = 11, missCount = 1, failureCount = 0]
2024-04-29T20:51:34.670-04:00 DEBUG 12448 --- [atenciones_medicas] [           main] .c.s.DirtiesContextTestExecutionListener : After test method: class [AtencionesMedicasApplicationTests], method [contextLoads], class annotated with @DirtiesContext [false] with mode [null], method annotated with @DirtiesContext [false] with mode [null]
2024-04-29T20:51:34.670-04:00 DEBUG 12448 --- [atenciones_medicas] [           main] o.s.t.c.w.ServletTestExecutionListener   : Resetting RequestContextHolder for test class com.example.atenciones_medicas.AtencionesMedicasApplicationTests
]]></system-out>
  </testcase>
</testsuite>